#
# There is insufficient memory for the Java Runtime Environment to continue.
# Native memory allocation (malloc) failed to allocate 449296 bytes for Chunk::new
# Possible reasons:
#   The system is out of physical RAM or swap space
#   The process is running with CompressedOops enabled, and the Java Heap may be blocking the growth of the native heap
# Possible solutions:
#   Reduce memory load on the system
#   Increase physical memory or swap space
#   Check if swap backing store is full
#   Decrease Java heap size (-Xmx/-Xms)
#   Decrease number of Java threads
#   Decrease Java thread stack sizes (-Xss)
#   Set larger code cache with -XX:ReservedCodeCacheSize=
#   JVM is running with Unscaled Compressed Oops mode in which the Java heap is
#     placed in the first 4GB address space. The Java Heap base address is the
#     maximum limit for the native heap growth. Please use -XX:HeapBaseMinAddress
#     to set the Java Heap base and to place the Java Heap above 4GB virtual address.
# This output file may be truncated or incomplete.
#
#  Out of Memory Error (t:/workspace/open/src/hotspot/share/memory/arena.cpp:198), pid=10900, tid=492
#
# JRE version: Java(TM) SE Runtime Environment (10.0.2+13) (build 10.0.2+13)
# Java VM: Java HotSpot(TM) 64-Bit Server VM (10.0.2+13, mixed mode, tiered, compressed oops, g1 gc, windows-amd64)
# No core dump will be written. Minidumps are not enabled by default on client versions of Windows
#

---------------  S U M M A R Y ------------

Command Line: -Dfile.encoding=UTF-8 projet.MainProjet

Host: AMD A10-5745M APU with Radeon(tm) HD Graphics  , 4 cores, 5G,  Windows 10 , 64 bit Build 17134 (10.0.17134.753)
Time: Sun Jun 09 11:32:37 2019 Paris, Madrid (heure d?été) elapsed time: 2 seconds (0d 0h 0m 2s)

---------------  T H R E A D  ---------------

Current thread (0x00000135ff35a800):  JavaThread "C2 CompilerThread1" daemon [_thread_in_native, id=492, stack(0x00000027a3900000,0x00000027a3a00000)]


Current CompileTask:
C2:   2162 1021       4       java.lang.invoke.InvokerBytecodeGenerator::isStaticallyNameable (116 bytes)

Stack: [0x00000027a3900000,0x00000027a3a00000]
Native frames: (J=compiled Java code, j=interpreted, Vv=VM code, C=native code)
V  [jvm.dll+0x5a01a9]
V  [jvm.dll+0x6bcf31]
V  [jvm.dll+0x6be126]
V  [jvm.dll+0x6be7b3]
V  [jvm.dll+0x234978]
V  [jvm.dll+0xbb69c]
V  [jvm.dll+0xbbbac]
V  [jvm.dll+0x34bee1]
V  [jvm.dll+0x3110aa]
V  [jvm.dll+0x31063a]
V  [jvm.dll+0x1ffe91]
V  [jvm.dll+0x1ff116]
V  [jvm.dll+0x17c94b]
V  [jvm.dll+0x20c8dd]
V  [jvm.dll+0x20b6a6]
V  [jvm.dll+0x68b7ff]
V  [jvm.dll+0x59f4b0]
C  [msvcr120.dll+0x24f7f]
C  [msvcr120.dll+0x25126]
C  [KERNEL32.DLL+0x14034]
C  [ntdll.dll+0x73691]


---------------  P R O C E S S  ---------------

Threads class SMR info:
_java_thread_list=0x000001359cd31260, length=17, elements={
0x00000135f010c800, 0x00000135ff2e9800, 0x00000135ff2fb000, 0x00000135ff348800,
0x00000135ff34c800, 0x00000135ff34f800, 0x00000135ff35a800, 0x00000135ff35b000,
0x00000135ff364800, 0x00000135ff659800, 0x00000135ff65d800, 0x000001359c343800,
0x000001359c398800, 0x000001359d32c000, 0x000001359c466000, 0x000001359d31d000,
0x000001359c60c800
}

Java Threads: ( => current thread )
  0x00000135f010c800 JavaThread "main" [_thread_blocked, id=7556, stack(0x00000027a2700000,0x00000027a2800000)]
  0x00000135ff2e9800 JavaThread "Reference Handler" daemon [_thread_blocked, id=728, stack(0x00000027a3400000,0x00000027a3500000)]
  0x00000135ff2fb000 JavaThread "Finalizer" daemon [_thread_blocked, id=13000, stack(0x00000027a3500000,0x00000027a3600000)]
  0x00000135ff348800 JavaThread "Signal Dispatcher" daemon [_thread_blocked, id=8292, stack(0x00000027a3600000,0x00000027a3700000)]
  0x00000135ff34c800 JavaThread "Attach Listener" daemon [_thread_blocked, id=8992, stack(0x00000027a3700000,0x00000027a3800000)]
  0x00000135ff34f800 JavaThread "C2 CompilerThread0" daemon [_thread_blocked, id=12408, stack(0x00000027a3800000,0x00000027a3900000)]
=>0x00000135ff35a800 JavaThread "C2 CompilerThread1" daemon [_thread_in_native, id=492, stack(0x00000027a3900000,0x00000027a3a00000)]
  0x00000135ff35b000 JavaThread "C1 CompilerThread2" daemon [_thread_in_native, id=9860, stack(0x00000027a3a00000,0x00000027a3b00000)]
  0x00000135ff364800 JavaThread "Sweeper thread" daemon [_thread_blocked, id=7896, stack(0x00000027a3b00000,0x00000027a3c00000)]
  0x00000135ff659800 JavaThread "Service Thread" daemon [_thread_blocked, id=10128, stack(0x00000027a3c00000,0x00000027a3d00000)]
  0x00000135ff65d800 JavaThread "Common-Cleaner" daemon [_thread_blocked, id=10768, stack(0x00000027a3d00000,0x00000027a3e00000)]
  0x000001359c343800 JavaThread "JavaFX-Launcher" [_thread_blocked, id=9776, stack(0x00000027a3f00000,0x00000027a4000000)]
  0x000001359c398800 JavaThread "QuantumRenderer-0" daemon [_thread_blocked, id=9180, stack(0x00000027a4000000,0x00000027a4100000)]
  0x000001359d32c000 JavaThread "InvokeLaterDispatcher" daemon [_thread_blocked, id=6816, stack(0x00000027a4100000,0x00000027a4200000)]
  0x000001359c466000 JavaThread "JavaFX Application Thread" [_thread_in_Java, id=11660, stack(0x00000027a4200000,0x00000027a4300000)]
  0x000001359d31d000 JavaThread "Thread-2" daemon [_thread_in_native, id=5844, stack(0x00000027a4400000,0x00000027a4500000)]
  0x000001359c60c800 JavaThread "Java2D Disposer" daemon [_thread_blocked, id=6560, stack(0x00000027a4500000,0x00000027a4600000)]

Other Threads:
  0x00000135ff2e6000 VMThread "VM Thread" [stack: 0x00000027a3300000,0x00000027a3400000] [id=9556]
  0x00000135ff65e800 WatcherThread [stack: 0x00000027a3e00000,0x00000027a3f00000] [id=5112]
  0x00000135f0125800 GCTaskThread "GC Thread#0" [stack: 0x00000027a2800000,0x00000027a2900000] [id=6744]
  0x00000135f0127000 GCTaskThread "GC Thread#1" [stack: 0x00000027a2900000,0x00000027a2a00000] [id=11644]
  0x00000135f0129800 GCTaskThread "GC Thread#2" [stack: 0x00000027a2a00000,0x00000027a2b00000] [id=6092]
  0x00000135f012d000 GCTaskThread "GC Thread#3" [stack: 0x00000027a2b00000,0x00000027a2c00000] [id=7736]
  0x00000135f017f800 ConcurrentGCThread "G1 Main Marker" [stack: 0x00000027a2c00000,0x00000027a2d00000] [id=11380]
  0x00000135f0186800 ConcurrentGCThread "G1 Conc#0" [stack: 0x00000027a2d00000,0x00000027a2e00000] [id=7500]
  0x00000135f01d7800 ConcurrentGCThread "G1 Refine#0" [stack: 0x00000027a2e00000,0x00000027a2f00000] [id=2080]
  0x00000135f01d8800 ConcurrentGCThread "G1 Refine#1" [stack: 0x00000027a2f00000,0x00000027a3000000] [id=8752]
  0x00000135f01d9800 ConcurrentGCThread "G1 Refine#2" [stack: 0x00000027a3000000,0x00000027a3100000] [id=7760]
  0x00000135f01da800 ConcurrentGCThread "G1 Refine#3" [stack: 0x00000027a3100000,0x00000027a3200000] [id=6528]
  0x00000135f01dd800 ConcurrentGCThread "G1 Young RemSet Sampling" [stack: 0x00000027a3200000,0x00000027a3300000] [id=1712]

Threads with active compile tasks:
C2 CompilerThread11021       4       java.lang.invoke.InvokerBytecodeGenerator::isStaticallyNameable (116 bytes)

VM state:not at safepoint (normal execution)

VM Mutex/Monitor currently owned by a thread: None

Heap address: 0x00000000ac600000, size: 1338 MB, Compressed Oops mode: 32-bit
Narrow klass base: 0x0000000000000000, Narrow klass shift: 3
Compressed class space size: 1073741824 Address: 0x0000000100000000

Heap:
 garbage-first heap   total 86016K, used 17408K [0x00000000ac600000, 0x0000000100000000)
  region size 1024K, 14 young (14336K), 0 survivors (0K)
 Metaspace       used 16208K, capacity 16616K, committed 17024K, reserved 1064960K
  class space    used 1844K, capacity 2054K, committed 2176K, reserved 1048576K
Heap Regions: E=young(eden), S=young(survivor), O=old, HS=humongous(starts), HC=humongous(continues), CS=collection set, F=free, A=archive, TS=gc time stamp, AC=allocation context, TAMS=top-at-mark-start (previous, next)
|   0|0x00000000ac600000, 0x00000000ac700000, 0x00000000ac700000|100%|HS|  |TS  0|AC  0|TAMS 0x00000000ac600000, 0x00000000ac600000|
|   1|0x00000000ac700000, 0x00000000ac800000, 0x00000000ac800000|100%|HC|  |TS  0|AC  0|TAMS 0x00000000ac700000, 0x00000000ac700000|
|   2|0x00000000ac800000, 0x00000000ac900000, 0x00000000ac900000|100%|HS|  |TS  0|AC  0|TAMS 0x00000000ac800000, 0x00000000ac800000|
|   3|0x00000000ac900000, 0x00000000aca00000, 0x00000000aca00000|100%|HC|  |TS  0|AC  0|TAMS 0x00000000ac900000, 0x00000000ac900000|
|   4|0x00000000aca00000, 0x00000000aca00000, 0x00000000acb00000|  0%| F|  |TS  0|AC  0|TAMS 0x00000000aca00000, 0x00000000aca00000|
|   5|0x00000000acb00000, 0x00000000acb00000, 0x00000000acc00000|  0%| F|  |TS  0|AC  0|TAMS 0x00000000acb00000, 0x00000000acb00000|
|   6|0x00000000acc00000, 0x00000000acc00000, 0x00000000acd00000|  0%| F|  |TS  0|AC  0|TAMS 0x00000000acc00000, 0x00000000acc00000|
|   7|0x00000000acd00000, 0x00000000acd00000, 0x00000000ace00000|  0%| F|  |TS  0|AC  0|TAMS 0x00000000acd00000, 0x00000000acd00000|
|   8|0x00000000ace00000, 0x00000000ace00000, 0x00000000acf00000|  0%| F|  |TS  0|AC  0|TAMS 0x00000000ace00000, 0x00000000ace00000|
|   9|0x00000000acf00000, 0x00000000acf00000, 0x00000000ad000000|  0%| F|  |TS  0|AC  0|TAMS 0x00000000acf00000, 0x00000000acf00000|
|  10|0x00000000ad000000, 0x00000000ad000000, 0x00000000ad100000|  0%| F|  |TS  0|AC  0|TAMS 0x00000000ad000000, 0x00000000ad000000|
|  11|0x00000000ad100000, 0x00000000ad100000, 0x00000000ad200000|  0%| F|  |TS  0|AC  0|TAMS 0x00000000ad100000, 0x00000000ad100000|
|  12|0x00000000ad200000, 0x00000000ad200000, 0x00000000ad300000|  0%| F|  |TS  0|AC  0|TAMS 0x00000000ad200000, 0x00000000ad200000|
|  13|0x00000000ad300000, 0x00000000ad300000, 0x00000000ad400000|  0%| F|  |TS  0|AC  0|TAMS 0x00000000ad300000, 0x00000000ad300000|
|  14|0x00000000ad400000, 0x00000000ad400000, 0x00000000ad500000|  0%| F|  |TS  0|AC  0|TAMS 0x00000000ad400000, 0x00000000ad400000|
|  15|0x00000000ad500000, 0x00000000ad500000, 0x00000000ad600000|  0%| F|  |TS  0|AC  0|TAMS 0x00000000ad500000, 0x00000000ad500000|
|  16|0x00000000ad600000, 0x00000000ad600000, 0x00000000ad700000|  0%| F|  |TS  0|AC  0|TAMS 0x00000000ad600000, 0x00000000ad600000|
|  17|0x00000000ad700000, 0x00000000ad700000, 0x00000000ad800000|  0%| F|  |TS  0|AC  0|TAMS 0x00000000ad700000, 0x00000000ad700000|
|  18|0x00000000ad800000, 0x00000000ad800000, 0x00000000ad900000|  0%| F|  |TS  0|AC  0|TAMS 0x00000000ad800000, 0x00000000ad800000|
|  19|0x00000000ad900000, 0x00000000ad900000, 0x00000000ada00000|  0%| F|  |TS  0|AC  0|TAMS 0x00000000ad900000, 0x00000000ad900000|
|  20|0x00000000ada00000, 0x00000000ada00000, 0x00000000adb00000|  0%| F|  |TS  0|AC  0|TAMS 0x00000000ada00000, 0x00000000ada00000|
|  21|0x00000000adb00000, 0x00000000adb00000, 0x00000000adc00000|  0%| F|  |TS  0|AC  0|TAMS 0x00000000adb00000, 0x00000000adb00000|
|  22|0x00000000adc00000, 0x00000000adc00000, 0x00000000add00000|  0%| F|  |TS  0|AC  0|TAMS 0x00000000adc00000, 0x00000000adc00000|
|  23|0x00000000add00000, 0x00000000add00000, 0x00000000ade00000|  0%| F|  |TS  0|AC  0|TAMS 0x00000000add00000, 0x00000000add00000|
|  24|0x00000000ade00000, 0x00000000ade00000, 0x00000000adf00000|  0%| F|  |TS  0|AC  0|TAMS 0x00000000ade00000, 0x00000000ade00000|
|  25|0x00000000adf00000, 0x00000000adf00000, 0x00000000ae000000|  0%| F|  |TS  0|AC  0|TAMS 0x00000000adf00000, 0x00000000adf00000|
|  26|0x00000000ae000000, 0x00000000ae000000, 0x00000000ae100000|  0%| F|  |TS  0|AC  0|TAMS 0x00000000ae000000, 0x00000000ae000000|
|  27|0x00000000ae100000, 0x00000000ae100000, 0x00000000ae200000|  0%| F|  |TS  0|AC  0|TAMS 0x00000000ae100000, 0x00000000ae100000|
|  28|0x00000000ae200000, 0x00000000ae200000, 0x00000000ae300000|  0%| F|  |TS  0|AC  0|TAMS 0x00000000ae200000, 0x00000000ae200000|
|  29|0x00000000ae300000, 0x00000000ae300000, 0x00000000ae400000|  0%| F|  |TS  0|AC  0|TAMS 0x00000000ae300000, 0x00000000ae300000|
|  30|0x00000000ae400000, 0x00000000ae400000, 0x00000000ae500000|  0%| F|  |TS  0|AC  0|TAMS 0x00000000ae400000, 0x00000000ae400000|
|  31|0x00000000ae500000, 0x00000000ae500000, 0x00000000ae600000|  0%| F|  |TS  0|AC  0|TAMS 0x00000000ae500000, 0x00000000ae500000|
|  32|0x00000000ae600000, 0x00000000ae600000, 0x00000000ae700000|  0%| F|  |TS  0|AC  0|TAMS 0x00000000ae600000, 0x00000000ae600000|
|  33|0x00000000ae700000, 0x00000000ae700000, 0x00000000ae800000|  0%| F|  |TS  0|AC  0|TAMS 0x00000000ae700000, 0x00000000ae700000|
|  34|0x00000000ae800000, 0x00000000ae800000, 0x00000000ae900000|  0%| F|  |TS  0|AC  0|TAMS 0x00000000ae800000, 0x00000000ae800000|
|  35|0x00000000ae900000, 0x00000000ae900000, 0x00000000aea00000|  0%| F|  |TS  0|AC  0|TAMS 0x00000000ae900000, 0x00000000ae900000|
|  36|0x00000000aea00000, 0x00000000aea00000, 0x00000000aeb00000|  0%| F|  |TS  0|AC  0|TAMS 0x00000000aea00000, 0x00000000aea00000|
|  37|0x00000000aeb00000, 0x00000000aeb00000, 0x00000000aec00000|  0%| F|  |TS  0|AC  0|TAMS 0x00000000aeb00000, 0x00000000aeb00000|
|  38|0x00000000aec00000, 0x00000000aec00000, 0x00000000aed00000|  0%| F|  |TS  0|AC  0|TAMS 0x00000000aec00000, 0x00000000aec00000|
|  39|0x00000000aed00000, 0x00000000aed00000, 0x00000000aee00000|  0%| F|  |TS  0|AC  0|TAMS 0x00000000aed00000, 0x00000000aed00000|
|  40|0x00000000aee00000, 0x00000000aee00000, 0x00000000aef00000|  0%| F|  |TS  0|AC  0|TAMS 0x00000000aee00000, 0x00000000aee00000|
|  41|0x00000000aef00000, 0x00000000aef00000, 0x00000000af000000|  0%| F|  |TS  0|AC  0|TAMS 0x00000000aef00000, 0x00000000aef00000|
|  42|0x00000000af000000, 0x00000000af000000, 0x00000000af100000|  0%| F|  |TS  0|AC  0|TAMS 0x00000000af000000, 0x00000000af000000|
|  43|0x00000000af100000, 0x00000000af100000, 0x00000000af200000|  0%| F|  |TS  0|AC  0|TAMS 0x00000000af100000, 0x00000000af100000|
|  44|0x00000000af200000, 0x00000000af200000, 0x00000000af300000|  0%| F|  |TS  0|AC  0|TAMS 0x00000000af200000, 0x00000000af200000|
|  45|0x00000000af300000, 0x00000000af300000, 0x00000000af400000|  0%| F|  |TS  0|AC  0|TAMS 0x00000000af300000, 0x00000000af300000|
|  46|0x00000000af400000, 0x00000000af400000, 0x00000000af500000|  0%| F|  |TS  0|AC  0|TAMS 0x00000000af400000, 0x00000000af400000|
|  47|0x00000000af500000, 0x00000000af500000, 0x00000000af600000|  0%| F|  |TS  0|AC  0|TAMS 0x00000000af500000, 0x00000000af500000|
|  48|0x00000000af600000, 0x00000000af600000, 0x00000000af700000|  0%| F|  |TS  0|AC  0|TAMS 0x00000000af600000, 0x00000000af600000|
|  49|0x00000000af700000, 0x00000000af700000, 0x00000000af800000|  0%| F|  |TS  0|AC  0|TAMS 0x00000000af700000, 0x00000000af700000|
|  50|0x00000000af800000, 0x00000000af800000, 0x00000000af900000|  0%| F|  |TS  0|AC  0|TAMS 0x00000000af800000, 0x00000000af800000|
|  51|0x00000000af900000, 0x00000000af900000, 0x00000000afa00000|  0%| F|  |TS  0|AC  0|TAMS 0x00000000af900000, 0x00000000af900000|
|  52|0x00000000afa00000, 0x00000000afa00000, 0x00000000afb00000|  0%| F|  |TS  0|AC  0|TAMS 0x00000000afa00000, 0x00000000afa00000|
|  53|0x00000000afb00000, 0x00000000afb00000, 0x00000000afc00000|  0%| F|  |TS  0|AC  0|TAMS 0x00000000afb00000, 0x00000000afb00000|
|  54|0x00000000afc00000, 0x00000000afc00000, 0x00000000afd00000|  0%| F|  |TS  0|AC  0|TAMS 0x00000000afc00000, 0x00000000afc00000|
|  55|0x00000000afd00000, 0x00000000afd00000, 0x00000000afe00000|  0%| F|  |TS  0|AC  0|TAMS 0x00000000afd00000, 0x00000000afd00000|
|  56|0x00000000afe00000, 0x00000000afe00000, 0x00000000aff00000|  0%| F|  |TS  0|AC  0|TAMS 0x00000000afe00000, 0x00000000afe00000|
|  57|0x00000000aff00000, 0x00000000aff00000, 0x00000000b0000000|  0%| F|  |TS  0|AC  0|TAMS 0x00000000aff00000, 0x00000000aff00000|
|  58|0x00000000b0000000, 0x00000000b0000000, 0x00000000b0100000|  0%| F|  |TS  0|AC  0|TAMS 0x00000000b0000000, 0x00000000b0000000|
|  59|0x00000000b0100000, 0x00000000b0100000, 0x00000000b0200000|  0%| F|  |TS  0|AC  0|TAMS 0x00000000b0100000, 0x00000000b0100000|
|  60|0x00000000b0200000, 0x00000000b0200000, 0x00000000b0300000|  0%| F|  |TS  0|AC  0|TAMS 0x00000000b0200000, 0x00000000b0200000|
|  61|0x00000000b0300000, 0x00000000b0300000, 0x00000000b0400000|  0%| F|  |TS  0|AC  0|TAMS 0x00000000b0300000, 0x00000000b0300000|
|  62|0x00000000b0400000, 0x00000000b0400000, 0x00000000b0500000|  0%| F|  |TS  0|AC  0|TAMS 0x00000000b0400000, 0x00000000b0400000|
|  63|0x00000000b0500000, 0x00000000b0500000, 0x00000000b0600000|  0%| F|  |TS  0|AC  0|TAMS 0x00000000b0500000, 0x00000000b0500000|
|  64|0x00000000b0600000, 0x00000000b0600000, 0x00000000b0700000|  0%| F|  |TS  0|AC  0|TAMS 0x00000000b0600000, 0x00000000b0600000|
|  65|0x00000000b0700000, 0x00000000b0700000, 0x00000000b0800000|  0%| F|  |TS  0|AC  0|TAMS 0x00000000b0700000, 0x00000000b0700000|
|  66|0x00000000b0800000, 0x00000000b0800000, 0x00000000b0900000|  0%| F|  |TS  0|AC  0|TAMS 0x00000000b0800000, 0x00000000b0800000|
|  67|0x00000000b0900000, 0x00000000b0900000, 0x00000000b0a00000|  0%| F|  |TS  0|AC  0|TAMS 0x00000000b0900000, 0x00000000b0900000|
|  68|0x00000000b0a00000, 0x00000000b0a00000, 0x00000000b0b00000|  0%| F|  |TS  0|AC  0|TAMS 0x00000000b0a00000, 0x00000000b0a00000|
|  69|0x00000000b0b00000, 0x00000000b0b00000, 0x00000000b0c00000|  0%| F|  |TS  0|AC  0|TAMS 0x00000000b0b00000, 0x00000000b0b00000|
|  70|0x00000000b0c00000, 0x00000000b0cd8050, 0x00000000b0d00000| 84%| E|  |TS  0|AC  0|TAMS 0x00000000b0c00000, 0x00000000b0c00000|
|  71|0x00000000b0d00000, 0x00000000b0e00000, 0x00000000b0e00000|100%| E|CS|TS  0|AC  0|TAMS 0x00000000b0d00000, 0x00000000b0d00000|
|  72|0x00000000b0e00000, 0x00000000b0f00000, 0x00000000b0f00000|100%| E|CS|TS  0|AC  0|TAMS 0x00000000b0e00000, 0x00000000b0e00000|
|  73|0x00000000b0f00000, 0x00000000b1000000, 0x00000000b1000000|100%| E|CS|TS  0|AC  0|TAMS 0x00000000b0f00000, 0x00000000b0f00000|
|  74|0x00000000b1000000, 0x00000000b1100000, 0x00000000b1100000|100%| E|CS|TS  0|AC  0|TAMS 0x00000000b1000000, 0x00000000b1000000|
|  75|0x00000000b1100000, 0x00000000b1200000, 0x00000000b1200000|100%| E|CS|TS  0|AC  0|TAMS 0x00000000b1100000, 0x00000000b1100000|
|  76|0x00000000b1200000, 0x00000000b1300000, 0x00000000b1300000|100%| E|CS|TS  0|AC  0|TAMS 0x00000000b1200000, 0x00000000b1200000|
|  77|0x00000000b1300000, 0x00000000b1400000, 0x00000000b1400000|100%| E|CS|TS  0|AC  0|TAMS 0x00000000b1300000, 0x00000000b1300000|
|  78|0x00000000b1400000, 0x00000000b1500000, 0x00000000b1500000|100%| E|CS|TS  0|AC  0|TAMS 0x00000000b1400000, 0x00000000b1400000|
|  79|0x00000000b1500000, 0x00000000b1600000, 0x00000000b1600000|100%| E|CS|TS  0|AC  0|TAMS 0x00000000b1500000, 0x00000000b1500000|
|  80|0x00000000b1600000, 0x00000000b1700000, 0x00000000b1700000|100%| E|CS|TS  0|AC  0|TAMS 0x00000000b1600000, 0x00000000b1600000|
|  81|0x00000000b1700000, 0x00000000b1800000, 0x00000000b1800000|100%| E|CS|TS  0|AC  0|TAMS 0x00000000b1700000, 0x00000000b1700000|
|  82|0x00000000b1800000, 0x00000000b1900000, 0x00000000b1900000|100%| E|CS|TS  0|AC  0|TAMS 0x00000000b1800000, 0x00000000b1800000|
|  83|0x00000000b1900000, 0x00000000b1a00000, 0x00000000b1a00000|100%| E|CS|TS  0|AC  0|TAMS 0x00000000b1900000, 0x00000000b1900000|

Card table byte_map: [0x00000135fb740000,0x00000135fb9e0000] byte_map_base: 0x00000135fb1dd000

Marking Bits (Prev, Next): (CMBitMap*) 0x00000135f017eec0, (CMBitMap*) 0x00000135f017eef8
 Prev Bits: [0x00000135fbc80000, 0x00000135fd168000)
 Next Bits: [0x00000135fd170000, 0x00000135fe658000)

Polling page: 0x00000135ef8d0000

CodeHeap 'non-profiled nmethods': size=120064Kb used=384Kb max_used=384Kb free=119679Kb
 bounds [0x0000013587ac0000, 0x0000013587d30000, 0x000001358f000000]
CodeHeap 'profiled nmethods': size=120000Kb used=1779Kb max_used=1779Kb free=118220Kb
 bounds [0x0000013580590000, 0x0000013580800000, 0x0000013587ac0000]
CodeHeap 'non-nmethods': size=5696Kb used=1188Kb max_used=1201Kb free=4507Kb
 bounds [0x0000013580000000, 0x0000013580270000, 0x0000013580590000]
 total_blobs=1815 nmethods=1041 adapters=465
 compilation: enabled

Compilation events (10 events):
Event: 2.138 Thread 0x00000135ff35b000 1024       3       java.lang.Character::codePointAt (51 bytes)
Event: 2.138 Thread 0x00000135ff35b000 nmethod 1024 0x0000013580743c90 code [0x0000013580743ea0, 0x0000013580744550]
Event: 2.138 Thread 0x00000135ff35b000 1025       3       java.lang.Character::isHighSurrogate (18 bytes)
Event: 2.139 Thread 0x00000135ff35b000 nmethod 1025 0x0000013580744710 code [0x00000135807448c0, 0x0000013580744a98]
Event: 2.140 Thread 0x00000135ff35b000 1026       3       jdk.internal.reflect.MagicAccessorImpl::<init> (5 bytes)
Event: 2.140 Thread 0x00000135ff35b000 nmethod 1026 0x0000013580744b10 code [0x0000013580744cc0, 0x0000013580744e78]
Event: 2.153 Thread 0x00000135ff35b000 1028       3       com.sun.javafx.iio.common.ImageLoaderImpl::updateImageProgress (90 bytes)
Event: 2.154 Thread 0x00000135ff35b000 nmethod 1028 0x0000013580744f10 code [0x0000013580745160, 0x0000013580745bc0]
Event: 2.154 Thread 0x00000135ff35b000 1027       3       com.sun.javafx.iio.jpeg.JPEGImageLoader::updateImageProgress (16 bytes)
Event: 2.154 Thread 0x00000135ff35b000 nmethod 1027 0x0000013580745f10 code [0x0000013580746100, 0x0000013580746330]

GC Heap History (0 events):
No events

Deoptimization events (10 events):
Event: 0.560 Thread 0x00000135f010c800 Uncommon trap: reason=unstable_if action=reinterpret pc=0x0000013587ad9b24 method=java.lang.StringLatin1.replace([BCC)Ljava/lang/String; @ 19 c2
Event: 1.766 Thread 0x000001359c466000 Uncommon trap: reason=unstable_if action=reinterpret pc=0x0000013587ae637c method=java.lang.StringLatin1.indexOf([BI[BII)I @ 91 c2
Event: 1.902 Thread 0x000001359c466000 Uncommon trap: reason=unstable_if action=reinterpret pc=0x0000013587b04fc4 method=java.lang.String.regionMatches(ILjava/lang/String;II)Z @ 111 c2
Event: 1.938 Thread 0x000001359c466000 Uncommon trap: reason=unstable_if action=reinterpret pc=0x0000013587b11680 method=com.sun.javafx.image.impl.ByteBgra$ToByteBgraPreConv.doConvert([BII[BIIII)V @ 31 c2
Event: 1.939 Thread 0x000001359c466000 Uncommon trap: reason=unstable_if action=reinterpret pc=0x0000013587b1240c method=com.sun.javafx.image.impl.BaseByteToByteConverter$FourByteReorderer.doConvert([BII[BIIII)V @ 31 c2
Event: 2.009 Thread 0x000001359c466000 Uncommon trap: reason=bimorphic_or_optimized_type_check action=maybe_recompile pc=0x0000013587b16ab0 method=java.nio.Buffer.<init>(IIII)V @ 33 c2
Event: 2.012 Thread 0x000001359c466000 Uncommon trap: reason=bimorphic_or_optimized_type_check action=maybe_recompile pc=0x0000013587b16ab0 method=java.nio.Buffer.<init>(IIII)V @ 33 c2
Event: 2.055 Thread 0x000001359c466000 Uncommon trap: reason=unstable_if action=reinterpret pc=0x0000013587af62d4 method=jdk.internal.org.objectweb.asm.Frame.execute(IILjdk/internal/org/objectweb/asm/ClassWriter;Ljdk/internal/org/objectweb/asm/Item;)V @ 2219 c2
Event: 2.075 Thread 0x000001359c466000 Uncommon trap: reason=unstable_if action=reinterpret pc=0x0000013587b030a8 method=java.util.concurrent.ConcurrentHashMap.get(Ljava/lang/Object;)Ljava/lang/Object; @ 76 c2
Event: 2.138 Thread 0x000001359c466000 Uncommon trap: reason=bimorphic_or_optimized_type_check action=maybe_recompile pc=0x0000013587b16ab0 method=java.nio.Buffer.<init>(IIII)V @ 33 c2

Classes redefined (0 events):
No events

Internal exceptions (10 events):
Event: 1.740 Thread 0x000001359c466000 Exception <a 'java/lang/NoSuchMethodError'{0x00000000b11ef898}: java.lang.invoke.DelegatingMethodHandle$Holder.reinvoke_L(Ljava/lang/Object;IILjava/lang/Object;Ljava/lang/Object;Ljava/lang/Object;)Ljava/lang/Object;> (0x00000000b11ef898) thrown at [t:/wor
Event: 1.741 Thread 0x000001359c466000 Exception <a 'java/lang/NoSuchMethodError'{0x00000000b11f4058}: java.lang.invoke.DirectMethodHandle$Holder.invokeStatic(Ljava/lang/Object;Ljava/lang/Object;Ljava/lang/Object;Ljava/lang/Object;I)Ljava/lang/Object;> (0x00000000b11f4058) thrown at [t:/worksp
Event: 1.745 Thread 0x000001359c466000 Exception <a 'java/lang/NoSuchMethodError'{0x00000000b1009f70}: method resolution failed> (0x00000000b1009f70) thrown at [t:/workspace/open/src/hotspot/share/prims/methodHandles.cpp, line 1226]
Event: 1.748 Thread 0x000001359c466000 Exception <a 'java/lang/NoSuchMethodError'{0x00000000b1020608}: method resolution failed> (0x00000000b1020608) thrown at [t:/workspace/open/src/hotspot/share/prims/methodHandles.cpp, line 1226]
Event: 1.751 Thread 0x000001359c466000 Exception <a 'java/lang/NoSuchMethodError'{0x00000000b1038650}: method resolution failed> (0x00000000b1038650) thrown at [t:/workspace/open/src/hotspot/share/prims/methodHandles.cpp, line 1226]
Event: 1.756 Thread 0x000001359c466000 Exception <a 'java/lang/NoSuchMethodError'{0x00000000b1052898}: method resolution failed> (0x00000000b1052898) thrown at [t:/workspace/open/src/hotspot/share/prims/methodHandles.cpp, line 1226]
Event: 2.047 Thread 0x000001359c466000 Exception <a 'java/lang/NoSuchMethodError'{0x00000000b0d02338}: java.lang.invoke.DirectMethodHandle$Holder.invokeInterface(Ljava/lang/Object;Ljava/lang/Object;Ljava/lang/Object;)I> (0x00000000b0d02338) thrown at [t:/workspace/open/src/hotspot/share/interp
Event: 2.052 Thread 0x000001359c466000 Exception <a 'java/lang/NoSuchMethodError'{0x00000000b0d108a8}: java.lang.invoke.DirectMethodHandle$Holder.invokeStatic(Ljava/lang/Object;Ljava/lang/Object;)I> (0x00000000b0d108a8) thrown at [t:/workspace/open/src/hotspot/share/interpreter/linkResolver.cp
Event: 2.055 Thread 0x000001359c466000 Exception <a 'java/lang/NoSuchMethodError'{0x00000000b0d1d830}: java.lang.Object.of([Ljava/lang/Object;)Ljava/util/stream/Stream;> (0x00000000b0d1d830) thrown at [t:/workspace/open/src/hotspot/share/interpreter/linkResolver.cpp, line 741]
Event: 2.122 Thread 0x000001359c466000 Exception <a 'java/lang/NoSuchMethodError'{0x00000000b0c4a3b8}: java.lang.invoke.DelegatingMethodHandle$Holder.reinvoke_L(Ljava/lang/Object;Ljava/lang/Object;ILjava/lang/Object;)Ljava/lang/Object;> (0x00000000b0c4a3b8) thrown at [t:/workspace/open/src/hot

Events (10 events):
Event: 2.129 Executing VM operation: RevokeBias done
Event: 2.130 Executing VM operation: RevokeBias
Event: 2.130 Executing VM operation: RevokeBias done
Event: 2.131 Executing VM operation: RevokeBias
Event: 2.131 Executing VM operation: RevokeBias done
Event: 2.137 loading class java/util/LinkedList$ListItr
Event: 2.137 loading class java/util/LinkedList$ListItr done
Event: 2.138 Thread 0x000001359c466000 Uncommon trap: trap_request=0xffffffc6 fr.pc=0x0000013587b16ab0 relative=0x00000000000002d0
Event: 2.138 Thread 0x000001359c466000 DEOPT PACKING pc=0x0000013587b16ab0 sp=0x00000027a42fbd60
Event: 2.138 Thread 0x000001359c466000 DEOPT UNPACKING pc=0x000001358002852f sp=0x00000027a42fbd18 mode 2


Dynamic libraries:
0x00007ff767af0000 - 0x00007ff767b2e000 	C:\DEV\java\jdk\jdk10\bin\javaw.exe
0x00007ff9bfdc0000 - 0x00007ff9bffa1000 	C:\WINDOWS\SYSTEM32\ntdll.dll
0x00007ff9bf0e0000 - 0x00007ff9bf191000 	C:\WINDOWS\System32\KERNEL32.DLL
0x00007ff9bcce0000 - 0x00007ff9bcf53000 	C:\WINDOWS\System32\KERNELBASE.dll
0x00007ff9bd8e0000 - 0x00007ff9bd981000 	C:\WINDOWS\System32\ADVAPI32.dll
0x00007ff9beec0000 - 0x00007ff9bef5e000 	C:\WINDOWS\System32\msvcrt.dll
0x00007ff9bf280000 - 0x00007ff9bf2db000 	C:\WINDOWS\System32\sechost.dll
0x00007ff9bf310000 - 0x00007ff9bf434000 	C:\WINDOWS\System32\RPCRT4.dll
0x00007ff9bfc00000 - 0x00007ff9bfd90000 	C:\WINDOWS\System32\USER32.dll
0x00007ff9bd230000 - 0x00007ff9bd250000 	C:\WINDOWS\System32\win32u.dll
0x00007ff9bf2e0000 - 0x00007ff9bf308000 	C:\WINDOWS\System32\GDI32.dll
0x00007ff9bd090000 - 0x00007ff9bd222000 	C:\WINDOWS\System32\gdi32full.dll
0x00007ff9bcb90000 - 0x00007ff9bcc2f000 	C:\WINDOWS\System32\msvcp_win.dll
0x00007ff9bc190000 - 0x00007ff9bc288000 	C:\WINDOWS\System32\ucrtbase.dll
0x00007ff9aae60000 - 0x00007ff9ab0c9000 	C:\WINDOWS\WinSxS\amd64_microsoft.windows.common-controls_6595b64144ccf1df_6.0.17134.765_none_fb42a1a930655896\COMCTL32.dll
0x00007ff9bf600000 - 0x00007ff9bf922000 	C:\WINDOWS\System32\combase.dll
0x00007ff9b5c40000 - 0x00007ff9b5c4a000 	C:\WINDOWS\SYSTEM32\VERSION.dll
0x00007ff9bd010000 - 0x00007ff9bd08a000 	C:\WINDOWS\System32\bcryptPrimitives.dll
0x00007ff9bfbc0000 - 0x00007ff9bfbed000 	C:\WINDOWS\System32\IMM32.DLL
0x00007ff9a7bc0000 - 0x00007ff9a7caf000 	C:\DEV\java\jdk\jdk10\bin\msvcr120.dll
0x00007ff9a7b10000 - 0x00007ff9a7bb6000 	C:\DEV\java\jdk\jdk10\bin\msvcp120.dll
0x00000000714c0000 - 0x0000000071f30000 	C:\DEV\java\jdk\jdk10\bin\server\jvm.dll
0x00007ff9bfbf0000 - 0x00007ff9bfbf8000 	C:\WINDOWS\System32\PSAPI.DLL
0x00007ff998980000 - 0x00007ff998989000 	C:\WINDOWS\SYSTEM32\WSOCK32.dll
0x00007ff9bf1a0000 - 0x00007ff9bf20c000 	C:\WINDOWS\System32\WS2_32.dll
0x00007ff9b8ff0000 - 0x00007ff9b9013000 	C:\WINDOWS\SYSTEM32\WINMM.dll
0x00007ff9b8fc0000 - 0x00007ff9b8fea000 	C:\WINDOWS\SYSTEM32\WINMMBASE.dll
0x00007ff9bcfc0000 - 0x00007ff9bd009000 	C:\WINDOWS\System32\cfgmgr32.dll
0x00007ff992ea0000 - 0x00007ff992eaf000 	C:\DEV\java\jdk\jdk10\bin\verify.dll
0x00007ff9abfb0000 - 0x00007ff9ac179000 	C:\WINDOWS\SYSTEM32\DBGHELP.DLL
0x00007ff9abd10000 - 0x00007ff9abd39000 	C:\WINDOWS\SYSTEM32\dbgcore.DLL
0x00007ff990960000 - 0x00007ff990987000 	C:\DEV\java\jdk\jdk10\bin\java.dll
0x00007ff992e80000 - 0x00007ff992e96000 	C:\DEV\java\jdk\jdk10\bin\zip.dll
0x00007ff990950000 - 0x00007ff99095a000 	C:\DEV\java\jdk\jdk10\bin\jimage.dll
0x00007ff9bda60000 - 0x00007ff9beea0000 	C:\WINDOWS\System32\SHELL32.dll
0x00007ff9bd340000 - 0x00007ff9bd3e9000 	C:\WINDOWS\System32\shcore.dll
0x00007ff9bc480000 - 0x00007ff9bcb8d000 	C:\WINDOWS\System32\windows.storage.dll
0x00007ff9bf5a0000 - 0x00007ff9bf5f1000 	C:\WINDOWS\System32\shlwapi.dll
0x00007ff9bc160000 - 0x00007ff9bc171000 	C:\WINDOWS\System32\kernel.appcore.dll
0x00007ff9bc0d0000 - 0x00007ff9bc0ef000 	C:\WINDOWS\System32\profapi.dll
0x00007ff9bc0f0000 - 0x00007ff9bc13c000 	C:\WINDOWS\System32\powrprof.dll
0x00007ff9bc180000 - 0x00007ff9bc18a000 	C:\WINDOWS\System32\FLTLIB.DLL
0x00007ff98fed0000 - 0x00007ff98feea000 	C:\dev\Java\jdk\jdk10\bin\net.dll
0x00007ff9b5f90000 - 0x00007ff9b606d000 	C:\WINDOWS\SYSTEM32\WINHTTP.dll
0x00007ff9bb8f0000 - 0x00007ff9bb956000 	C:\WINDOWS\system32\mswsock.dll
0x00007ff98feb0000 - 0x00007ff98fec1000 	C:\dev\Java\jdk\jdk10\bin\nio.dll
0x00000135f00c0000 - 0x00000135f00c3000 	C:\dev\Java\jdk\jdk10\bin\api-ms-win-core-console-l1-1-0.dll
0x00000135f00d0000 - 0x00000135f00d3000 	C:\dev\Java\jdk\jdk10\bin\api-ms-win-core-datetime-l1-1-0.dll
0x00000135f00e0000 - 0x00000135f00e3000 	C:\dev\Java\jdk\jdk10\bin\api-ms-win-core-debug-l1-1-0.dll
0x00000135ff8b0000 - 0x00000135ff8b3000 	C:\dev\Java\jdk\jdk10\bin\api-ms-win-core-errorhandling-l1-1-0.dll
0x00000135ff8c0000 - 0x00000135ff8c4000 	C:\dev\Java\jdk\jdk10\bin\api-ms-win-core-file-l1-1-0.dll
0x00000135ff8d0000 - 0x00000135ff8d3000 	C:\dev\Java\jdk\jdk10\bin\api-ms-win-core-file-l1-2-0.dll
0x00000135ff8e0000 - 0x00000135ff8e3000 	C:\dev\Java\jdk\jdk10\bin\api-ms-win-core-file-l2-1-0.dll
0x00000135ff8f0000 - 0x00000135ff8f3000 	C:\dev\Java\jdk\jdk10\bin\api-ms-win-core-handle-l1-1-0.dll
0x00000135ff900000 - 0x00000135ff903000 	C:\dev\Java\jdk\jdk10\bin\api-ms-win-core-heap-l1-1-0.dll
0x00000135ff910000 - 0x00000135ff913000 	C:\dev\Java\jdk\jdk10\bin\api-ms-win-core-interlocked-l1-1-0.dll
0x00000135ff920000 - 0x00000135ff923000 	C:\dev\Java\jdk\jdk10\bin\api-ms-win-core-libraryloader-l1-1-0.dll
0x00000135ff930000 - 0x00000135ff933000 	C:\dev\Java\jdk\jdk10\bin\api-ms-win-core-localization-l1-2-0.dll
0x00000135ff940000 - 0x00000135ff943000 	C:\dev\Java\jdk\jdk10\bin\api-ms-win-core-memory-l1-1-0.dll
0x00000135ff950000 - 0x00000135ff953000 	C:\dev\Java\jdk\jdk10\bin\api-ms-win-core-namedpipe-l1-1-0.dll
0x00000135ff960000 - 0x00000135ff963000 	C:\dev\Java\jdk\jdk10\bin\api-ms-win-core-processenvironment-l1-1-0.dll
0x00000135ff970000 - 0x00000135ff973000 	C:\dev\Java\jdk\jdk10\bin\api-ms-win-core-processthreads-l1-1-0.dll
0x00000135ff980000 - 0x00000135ff983000 	C:\dev\Java\jdk\jdk10\bin\api-ms-win-core-processthreads-l1-1-1.dll
0x00000135ff990000 - 0x00000135ff993000 	C:\dev\Java\jdk\jdk10\bin\api-ms-win-core-profile-l1-1-0.dll
0x00000135ff9a0000 - 0x00000135ff9a3000 	C:\dev\Java\jdk\jdk10\bin\api-ms-win-core-rtlsupport-l1-1-0.dll
0x00000135ff9b0000 - 0x00000135ff9b3000 	C:\dev\Java\jdk\jdk10\bin\api-ms-win-core-string-l1-1-0.dll
0x00000135ff9c0000 - 0x00000135ff9c3000 	C:\dev\Java\jdk\jdk10\bin\api-ms-win-core-synch-l1-1-0.dll
0x00000135ff9d0000 - 0x00000135ff9d3000 	C:\dev\Java\jdk\jdk10\bin\api-ms-win-core-synch-l1-2-0.dll
0x00000135ff9e0000 - 0x00000135ff9e3000 	C:\dev\Java\jdk\jdk10\bin\api-ms-win-core-sysinfo-l1-1-0.dll
0x00000135ff9f0000 - 0x00000135ff9f3000 	C:\dev\Java\jdk\jdk10\bin\api-ms-win-core-timezone-l1-1-0.dll
0x00000135ffa00000 - 0x00000135ffa03000 	C:\dev\Java\jdk\jdk10\bin\api-ms-win-core-util-l1-1-0.dll
0x00000135ffa10000 - 0x00000135ffa13000 	C:\dev\Java\jdk\jdk10\bin\api-ms-win-crt-conio-l1-1-0.dll
0x00000135ffa20000 - 0x00000135ffa24000 	C:\dev\Java\jdk\jdk10\bin\api-ms-win-crt-convert-l1-1-0.dll
0x00000135ffa30000 - 0x00000135ffa33000 	C:\dev\Java\jdk\jdk10\bin\api-ms-win-crt-environment-l1-1-0.dll
0x00000135ffa40000 - 0x00000135ffa43000 	C:\dev\Java\jdk\jdk10\bin\api-ms-win-crt-filesystem-l1-1-0.dll
0x00000135ffa50000 - 0x00000135ffa53000 	C:\dev\Java\jdk\jdk10\bin\api-ms-win-crt-heap-l1-1-0.dll
0x00000135ffa60000 - 0x00000135ffa63000 	C:\dev\Java\jdk\jdk10\bin\api-ms-win-crt-locale-l1-1-0.dll
0x00000135ffa70000 - 0x00000135ffa75000 	C:\dev\Java\jdk\jdk10\bin\api-ms-win-crt-math-l1-1-0.dll
0x00000135ffa80000 - 0x00000135ffa85000 	C:\dev\Java\jdk\jdk10\bin\api-ms-win-crt-multibyte-l1-1-0.dll
0x00000135ffa90000 - 0x00000135ffaa0000 	C:\dev\Java\jdk\jdk10\bin\api-ms-win-crt-private-l1-1-0.dll
0x00000135ffaa0000 - 0x00000135ffaa3000 	C:\dev\Java\jdk\jdk10\bin\api-ms-win-crt-process-l1-1-0.dll
0x00000135ffab0000 - 0x00000135ffab4000 	C:\dev\Java\jdk\jdk10\bin\api-ms-win-crt-runtime-l1-1-0.dll
0x00000135ffac0000 - 0x00000135ffac4000 	C:\dev\Java\jdk\jdk10\bin\api-ms-win-crt-stdio-l1-1-0.dll
0x00000135ffad0000 - 0x00000135ffad4000 	C:\dev\Java\jdk\jdk10\bin\api-ms-win-crt-string-l1-1-0.dll
0x00000135ffae0000 - 0x00000135ffae3000 	C:\dev\Java\jdk\jdk10\bin\api-ms-win-crt-time-l1-1-0.dll
0x00000135ffaf0000 - 0x00000135ffaf3000 	C:\dev\Java\jdk\jdk10\bin\api-ms-win-crt-utility-l1-1-0.dll
0x00007ff9a7a10000 - 0x00007ff9a7b06000 	C:\dev\Java\jdk\jdk10\bin\ucrtbase.dll
0x00007ff9ac550000 - 0x00007ff9ac566000 	C:\dev\Java\jdk\jdk10\bin\vcruntime140.dll
0x00007ff9a7970000 - 0x00007ff9a7a0c000 	C:\dev\Java\jdk\jdk10\bin\msvcp140.dll
0x00007ff9a7910000 - 0x00007ff9a7961000 	C:\dev\Java\jdk\jdk10\bin\concrt140.dll
0x00007ff9ac4c0000 - 0x00007ff9ac4e3000 	C:\dev\Java\jdk\jdk10\bin\prism_d3d.dll
0x00007ff994760000 - 0x00007ff9948f7000 	C:\WINDOWS\system32\d3d9.dll
0x00007ff9ba870000 - 0x00007ff9ba899000 	C:\WINDOWS\SYSTEM32\dwmapi.dll
0x00007ff9ba6f0000 - 0x00007ff9ba788000 	C:\WINDOWS\system32\uxtheme.dll
0x00007ff9b5c50000 - 0x00007ff9b5db4000 	C:\WINDOWS\SYSTEM32\aticfx64.dll
0x00007ff9aba90000 - 0x00007ff9abab1000 	C:\WINDOWS\SYSTEM32\atiu9p64.dll
0x00007ff97da30000 - 0x00007ff97e289000 	C:\WINDOWS\SYSTEM32\atiumd64.dll
0x00000000701c0000 - 0x0000000070a48000 	C:\WINDOWS\SYSTEM32\atiumd6a.dll
0x00007ff9a78c0000 - 0x00007ff9a790a000 	C:\dev\Java\jdk\jdk10\bin\glass.dll
0x00007ff9bd250000 - 0x00007ff9bd33d000 	C:\WINDOWS\System32\COMDLG32.dll
0x00007ff9bf440000 - 0x00007ff9bf591000 	C:\WINDOWS\System32\ole32.dll
0x00007ff9bd990000 - 0x00007ff9bda52000 	C:\WINDOWS\System32\OLEAUT32.dll
0x00007ff9bef60000 - 0x00007ff9bf0d3000 	C:\WINDOWS\System32\MSCTF.dll
0x00007ff99aa50000 - 0x00007ff99aa69000 	C:\Program Files (x86)\Smadav\SmadHook64.dll
0x00007ff9a7880000 - 0x00007ff9a7894000 	C:\dev\Java\jdk\jdk10\bin\javafx_font.dll
0x00007ff9a7490000 - 0x00007ff9a762b000 	C:\dev\Java\jdk\jdk10\bin\awt.dll
0x00007ff9b9870000 - 0x00007ff9b9e37000 	C:\WINDOWS\SYSTEM32\d2d1.dll
0x00007ff9ba520000 - 0x00007ff9ba5ab000 	C:\WINDOWS\SYSTEM32\apphelp.dll
0x00007ff9a7810000 - 0x00007ff9a7875000 	C:\dev\Java\jdk\jdk10\bin\fontmanager.dll
0x00007ff9b48b0000 - 0x00007ff9b4bcc000 	C:\WINDOWS\SYSTEM32\dwrite.dll
0x00007ff9a77e0000 - 0x00007ff9a7803000 	C:\dev\Java\jdk\jdk10\bin\javafx_iio.dll

dbghelp: loaded successfully - version: 4.0.5 - missing functions: none
symbol engine: initialized successfully - sym options: 0x614 - pdb path: .;C:\DEV\java\jdk\jdk10\bin;C:\WINDOWS\SYSTEM32;C:\WINDOWS\WinSxS\amd64_microsoft.windows.common-controls_6595b64144ccf1df_6.0.17134.765_none_fb42a1a930655896;C:\DEV\java\jdk\jdk10\bin\server;C:\Program Files (x86)\Smadav

VM Arguments:
jvm_args: -Dfile.encoding=UTF-8 
java_command: projet.MainProjet
java_class_path (initial): C:\Users\Ce\Desktop\Java_Framework\projet\bin;C:\Users\Ce\Desktop\Java_Framework\Framework-3iL\bin;C:\Users\Ce\Desktop\Java_Framework\~libraries\JDBC Drivers\ojdbc8.jar;C:\Users\Ce\Desktop\Java_Framework\~libraries\mapstruct-1.3\mapstruct-1.3.0.Final.jar
Launcher Type: SUN_STANDARD

Logging:
Log output configuration:
#0: stdout all=warning uptime,level,tags
#1: stderr all=off uptime,level,tags

Environment Variables:
PATH=C:/dev/java/jdk/jdk10/bin/server;C:/dev/java/jdk/jdk10/bin;C:\oraclexe\app\oracle\product\11.2.0\server\bin;C:\Program Files (x86)\Common Files\Oracle\Java\javapath;C:\ProgramData\Oracle\Java\javapath;C:\WINDOWS\system32;C:\WINDOWS;C:\WINDOWS\System32\Wbem;C:\WINDOWS\System32\WindowsPowerShell\v1.0\;C:\WINDOWS\System32\OpenSSH\;C:\Program Files\dotnet\;C:\Program Files\Microsoft SQL Server\130\Tools\Binn\;C:\Program Files\nodejs\;C:\Program Files\MATLAB\R2019a\bin;C:\Users\Ce\AppData\Local\Microsoft\WindowsApps;C:\Users\Ce\AppData\Roaming\npm;C:\dev\Java\eclipse-4.10-java;
USERNAME=Ce
OS=Windows_NT
PROCESSOR_IDENTIFIER=AMD64 Family 21 Model 19 Stepping 1, AuthenticAMD



---------------  S Y S T E M  ---------------

OS: Windows 10 , 64 bit Build 17134 (10.0.17134.753)

CPU:total 4 (initial active 4) (4 cores per cpu, 1 threads per core) family 21 model 19 stepping 1, cmov, cx8, fxsr, mmx, sse, sse2, sse3, ssse3, sse4.1, sse4.2, popcnt, avx, aes, clmul, mmxext, 3dnowpref, lzcnt, sse4a, tsc, tscinvbit, tscinv, bmi1, fma

Memory: 4k page, physical 5472624k(1110616k free), swap 5996912k(12776k free)

vm_info: Java HotSpot(TM) 64-Bit Server VM (10.0.2+13) for windows-amd64 JRE (10.0.2+13), built on Jun 28 2018 01:57:56 by "mach5one" with MS VC++ 12.0 (VS2013)

END.
