#
# There is insufficient memory for the Java Runtime Environment to continue.
# Native memory allocation (mmap) failed to map 88080384 bytes for Failed to commit area from 0x00000000ac600000 to 0x00000000b1a00000 of length 88080384.
# Possible reasons:
#   The system is out of physical RAM or swap space
#   The process is running with CompressedOops enabled, and the Java Heap may be blocking the growth of the native heap
# Possible solutions:
#   Reduce memory load on the system
#   Increase physical memory or swap space
#   Check if swap backing store is full
#   Decrease Java heap size (-Xmx/-Xms)
#   Decrease number of Java threads
#   Decrease Java thread stack sizes (-Xss)
#   Set larger code cache with -XX:ReservedCodeCacheSize=
# This output file may be truncated or incomplete.
#
#  Out of Memory Error (t:/workspace/open/src/hotspot/os/windows/os_windows.cpp:3221), pid=9020, tid=10332
#
# JRE version:  (10.0.2+13) (build )
# Java VM: Java HotSpot(TM) 64-Bit Server VM (10.0.2+13, mixed mode, aot, tiered, compressed oops, g1 gc, windows-amd64)
# No core dump will be written. Minidumps are not enabled by default on client versions of Windows
#

---------------  S U M M A R Y ------------

Command Line: -Dfile.encoding=UTF-8 projet.MainProjet

Host: AMD A10-5745M APU with Radeon(tm) HD Graphics  , 4 cores, 5G,  Windows 10 , 64 bit Build 17134 (10.0.17134.753)
Time: Mon Jun 10 03:34:54 2019 Paris, Madrid (heure d?été) elapsed time: 0 seconds (0d 0h 0m 0s)

---------------  T H R E A D  ---------------

Current thread (0x0000018991ede800):  JavaThread "Unknown thread" [_thread_in_vm, id=10332, stack(0x0000006973c00000,0x0000006973d00000)]

Stack: [0x0000006973c00000,0x0000006973d00000]
Native frames: (J=compiled Java code, j=interpreted, Vv=VM code, C=native code)
V  [jvm.dll+0x5a01a9]
V  [jvm.dll+0x6bcf31]
V  [jvm.dll+0x6be126]
V  [jvm.dll+0x6be7b3]
V  [jvm.dll+0x234978]
V  [jvm.dll+0x59dac4]
V  [jvm.dll+0x592825]
V  [jvm.dll+0x2f632b]
V  [jvm.dll+0x2f6295]
V  [jvm.dll+0x2f6172]
V  [jvm.dll+0x2f8366]
V  [jvm.dll+0x344293]
V  [jvm.dll+0x3449a6]
V  [jvm.dll+0x344393]
V  [jvm.dll+0x2c4628]
V  [jvm.dll+0x2c5771]
V  [jvm.dll+0x69d1db]
V  [jvm.dll+0x69e9fc]
V  [jvm.dll+0x3519e9]
V  [jvm.dll+0x6856a2]
V  [jvm.dll+0x3ba0c3]
V  [jvm.dll+0x3bc261]
C  [javaw.exe+0x3541]
C  [javaw.exe+0xe1cf]
C  [javaw.exe+0xe376]
C  [KERNEL32.DLL+0x14034]
C  [ntdll.dll+0x73691]


---------------  P R O C E S S  ---------------

Threads class SMR info:
_java_thread_list=0x000001898fd47b70, length=0, elements={
}

Java Threads: ( => current thread )

Other Threads:
  0x0000018991ef6800 GCTaskThread "GC Thread#0" [stack: 0x0000006973d00000,0x0000006973e00000] [id=1616]
  0x0000018991efb000 GCTaskThread "GC Thread#1" [stack: 0x0000006973e00000,0x0000006973f00000] [id=8420]
  0x0000018991efc800 GCTaskThread "GC Thread#2" [stack: 0x0000006973f00000,0x0000006974000000] [id=10964]
  0x0000018991f07000 GCTaskThread "GC Thread#3" [stack: 0x0000006974000000,0x0000006974100000] [id=2296]
  0x0000018991f57000 ConcurrentGCThread "G1 Main Marker" [stack: 0x0000006974100000,0x0000006974200000] [id=1956]
  0x0000018991f58000 ConcurrentGCThread "G1 Conc#0" [stack: 0x0000006974200000,0x0000006974300000] [id=4404]

[error occurred during error reporting (printing all threads), id 0xe0000002]

VM state:not at safepoint (not fully initialized)

VM Mutex/Monitor currently owned by a thread:  ([mutex/lock_event])
[0x0000018991edd1e0] Heap_lock - owner thread: 0x0000018991ede800

Heap address: 0x00000000ac600000, size: 1338 MB, Compressed Oops mode: Non-zero based: 0x00000000ac600000
Narrow klass base: 0x0000000000000000, Narrow klass shift: 0

GC Heap History (0 events):
No events

Deoptimization events (0 events):
No events

Classes redefined (0 events):
No events

Internal exceptions (0 events):
No events

Events (0 events):
No events


Dynamic libraries:
0x00007ff6c42a0000 - 0x00007ff6c42de000 	C:\DEV\java\jdk\jdk10\bin\javaw.exe
0x00007ff800460000 - 0x00007ff800641000 	C:\WINDOWS\SYSTEM32\ntdll.dll
0x00007ff800140000 - 0x00007ff8001f1000 	C:\WINDOWS\System32\KERNEL32.DLL
0x00007ffffc9a0000 - 0x00007ffffcc13000 	C:\WINDOWS\System32\KERNELBASE.dll
0x00007ffffd8e0000 - 0x00007ffffd981000 	C:\WINDOWS\System32\ADVAPI32.dll
0x00007ff800040000 - 0x00007ff8000de000 	C:\WINDOWS\System32\msvcrt.dll
0x00007ff8000e0000 - 0x00007ff80013b000 	C:\WINDOWS\System32\sechost.dll
0x00007ffffe630000 - 0x00007ffffe754000 	C:\WINDOWS\System32\RPCRT4.dll
0x00007ffffda30000 - 0x00007ffffdbc0000 	C:\WINDOWS\System32\USER32.dll
0x00007ffffd820000 - 0x00007ffffd840000 	C:\WINDOWS\System32\win32u.dll
0x00007ffffd9a0000 - 0x00007ffffd9c8000 	C:\WINDOWS\System32\GDI32.dll
0x00007ffffd630000 - 0x00007ffffd7c2000 	C:\WINDOWS\System32\gdi32full.dll
0x00007ffffd840000 - 0x00007ffffd8df000 	C:\WINDOWS\System32\msvcp_win.dll
0x00007ffffc8a0000 - 0x00007ffffc998000 	C:\WINDOWS\System32\ucrtbase.dll
0x00007fffeb210000 - 0x00007fffeb479000 	C:\WINDOWS\WinSxS\amd64_microsoft.windows.common-controls_6595b64144ccf1df_6.0.17134.765_none_fb42a1a930655896\COMCTL32.dll
0x00007ffff5dc0000 - 0x00007ffff5dca000 	C:\WINDOWS\SYSTEM32\VERSION.dll
0x00007ffffde10000 - 0x00007ffffe132000 	C:\WINDOWS\System32\combase.dll
0x00007ffffc820000 - 0x00007ffffc89a000 	C:\WINDOWS\System32\bcryptPrimitives.dll
0x00007ff800010000 - 0x00007ff80003d000 	C:\WINDOWS\System32\IMM32.DLL
0x00007fffe6ef0000 - 0x00007fffe6fdf000 	C:\DEV\java\jdk\jdk10\bin\msvcr120.dll
0x00007fffee790000 - 0x00007fffee836000 	C:\DEV\java\jdk\jdk10\bin\msvcp120.dll
0x00000000616b0000 - 0x0000000062120000 	C:\DEV\java\jdk\jdk10\bin\server\jvm.dll
0x00007ff800000000 - 0x00007ff800008000 	C:\WINDOWS\System32\PSAPI.DLL
0x00007ffffa590000 - 0x00007ffffa5b3000 	C:\WINDOWS\SYSTEM32\WINMM.dll
0x00007ffffa560000 - 0x00007ffffa58a000 	C:\WINDOWS\SYSTEM32\WINMMBASE.dll
0x00007fffe63a0000 - 0x00007fffe63a9000 	C:\WINDOWS\SYSTEM32\WSOCK32.dll
0x00007ffffd7d0000 - 0x00007ffffd819000 	C:\WINDOWS\System32\cfgmgr32.dll
0x00007ffffdda0000 - 0x00007ffffde0c000 	C:\WINDOWS\System32\WS2_32.dll
0x00007fffe01b0000 - 0x00007fffe01bf000 	C:\DEV\java\jdk\jdk10\bin\verify.dll
0x00007fffec5c0000 - 0x00007fffec789000 	C:\WINDOWS\SYSTEM32\DBGHELP.DLL
0x00007fffebd00000 - 0x00007fffebd29000 	C:\WINDOWS\SYSTEM32\dbgcore.DLL
0x00007fffd3f90000 - 0x00007fffd3fb7000 	C:\DEV\java\jdk\jdk10\bin\java.dll
0x00007fffd3f70000 - 0x00007fffd3f86000 	C:\DEV\java\jdk\jdk10\bin\zip.dll
0x00007fffe01a0000 - 0x00007fffe01aa000 	C:\DEV\java\jdk\jdk10\bin\jimage.dll

dbghelp: loaded successfully - version: 4.0.5 - missing functions: none
symbol engine: initialized successfully - sym options: 0x614 - pdb path: .;C:\DEV\java\jdk\jdk10\bin;C:\WINDOWS\SYSTEM32;C:\WINDOWS\WinSxS\amd64_microsoft.windows.common-controls_6595b64144ccf1df_6.0.17134.765_none_fb42a1a930655896;C:\DEV\java\jdk\jdk10\bin\server

VM Arguments:
jvm_args: -Dfile.encoding=UTF-8 
java_command: projet.MainProjet
java_class_path (initial): C:\Users\Ce\Desktop\Java_Framework\projet\bin;C:\Users\Ce\Desktop\Java_Framework\Framework-3iL\bin;C:\Users\Ce\Desktop\Java_Framework\~libraries\JDBC Drivers\ojdbc8.jar;C:\Users\Ce\Desktop\Java_Framework\~libraries\mapstruct-1.3\mapstruct-1.3.0.Final.jar
Launcher Type: SUN_STANDARD

Logging:
Log output configuration:
#0: stdout all=warning uptime,level,tags
#1: stderr all=off uptime,level,tags

Environment Variables:
PATH=C:/dev/java/jdk/jdk10/bin/server;C:/dev/java/jdk/jdk10/bin;C:\oraclexe\app\oracle\product\11.2.0\server\bin;C:\Program Files (x86)\Common Files\Oracle\Java\javapath;C:\ProgramData\Oracle\Java\javapath;C:\WINDOWS\system32;C:\WINDOWS;C:\WINDOWS\System32\Wbem;C:\WINDOWS\System32\WindowsPowerShell\v1.0\;C:\WINDOWS\System32\OpenSSH\;C:\Program Files\dotnet\;C:\Program Files\Microsoft SQL Server\130\Tools\Binn\;C:\Program Files\nodejs\;C:\Program Files\MATLAB\R2019a\bin;C:\Users\Ce\AppData\Local\Microsoft\WindowsApps;C:\Users\Ce\AppData\Roaming\npm;C:\dev\Java\eclipse-4.10-java;
USERNAME=Ce
OS=Windows_NT
PROCESSOR_IDENTIFIER=AMD64 Family 21 Model 19 Stepping 1, AuthenticAMD



---------------  S Y S T E M  ---------------

OS: Windows 10 , 64 bit Build 17134 (10.0.17134.753)

CPU:total 4 (initial active 4) (4 cores per cpu, 1 threads per core) family 21 model 19 stepping 1, cmov, cx8, fxsr, mmx, sse, sse2, sse3, ssse3, sse4.1, sse4.2, popcnt, avx, aes, clmul, mmxext, 3dnowpref, lzcnt, sse4a, tsc, tscinvbit, tscinv, bmi1, fma

Memory: 4k page, physical 5472624k(1446960k free), swap 5996912k(59548k free)

vm_info: Java HotSpot(TM) 64-Bit Server VM (10.0.2+13) for windows-amd64 JRE (10.0.2+13), built on Jun 28 2018 01:57:56 by "mach5one" with MS VC++ 12.0 (VS2013)

END.
