#
# There is insufficient memory for the Java Runtime Environment to continue.
# Native memory allocation (malloc) failed to allocate 32744 bytes for ChunkPool::allocate
# Possible reasons:
#   The system is out of physical RAM or swap space
#   The process is running with CompressedOops enabled, and the Java Heap may be blocking the growth of the native heap
# Possible solutions:
#   Reduce memory load on the system
#   Increase physical memory or swap space
#   Check if swap backing store is full
#   Decrease Java heap size (-Xmx/-Xms)
#   Decrease number of Java threads
#   Decrease Java thread stack sizes (-Xss)
#   Set larger code cache with -XX:ReservedCodeCacheSize=
#   JVM is running with Unscaled Compressed Oops mode in which the Java heap is
#     placed in the first 4GB address space. The Java Heap base address is the
#     maximum limit for the native heap growth. Please use -XX:HeapBaseMinAddress
#     to set the Java Heap base and to place the Java Heap above 4GB virtual address.
# This output file may be truncated or incomplete.
#
#  Out of Memory Error (t:/workspace/open/src/hotspot/share/memory/arena.cpp:82), pid=11484, tid=12756
#
# JRE version: Java(TM) SE Runtime Environment (10.0.2+13) (build 10.0.2+13)
# Java VM: Java HotSpot(TM) 64-Bit Server VM (10.0.2+13, mixed mode, tiered, compressed oops, g1 gc, windows-amd64)
# No core dump will be written. Minidumps are not enabled by default on client versions of Windows
#

---------------  S U M M A R Y ------------

Command Line: -Dfile.encoding=UTF-8 projet.MainProjet

Host: AMD A10-5745M APU with Radeon(tm) HD Graphics  , 4 cores, 5G,  Windows 10 , 64 bit Build 17134 (10.0.17134.753)
Time: Sat Jun 08 12:26:06 2019 Paris, Madrid (heure d?été) elapsed time: 9 seconds (0d 0h 0m 9s)

---------------  T H R E A D  ---------------

Current thread (0x000001e1c79a7800):  JavaThread "C2 CompilerThread0" daemon [_thread_in_native, id=12756, stack(0x00000068b7400000,0x00000068b7500000)]


Current CompileTask:
C2:   9675 2942       4       java.lang.invoke.MethodType::makeImpl (108 bytes)

Stack: [0x00000068b7400000,0x00000068b7500000]
Native frames: (J=compiled Java code, j=interpreted, Vv=VM code, C=native code)
V  [jvm.dll+0x5a01a9]
V  [jvm.dll+0x6bcf31]
V  [jvm.dll+0x6be126]
V  [jvm.dll+0x6be7b3]
V  [jvm.dll+0x234978]
V  [jvm.dll+0xbb8fb]
V  [jvm.dll+0xbb6ea]
V  [jvm.dll+0xbbbac]
V  [jvm.dll+0x35135d]
V  [jvm.dll+0x4a8c7e]
V  [jvm.dll+0x4a805f]
V  [jvm.dll+0x4a8859]
V  [jvm.dll+0x3110d9]
V  [jvm.dll+0x31063a]
V  [jvm.dll+0x1ffe91]
V  [jvm.dll+0x1ff116]
V  [jvm.dll+0x17c94b]
V  [jvm.dll+0x20c8dd]
V  [jvm.dll+0x20b6a6]
V  [jvm.dll+0x68b7ff]
V  [jvm.dll+0x59f4b0]
C  [msvcr120.dll+0x24f7f]
C  [msvcr120.dll+0x25126]
C  [KERNEL32.DLL+0x14034]
C  [ntdll.dll+0x73691]


---------------  P R O C E S S  ---------------

Threads class SMR info:
_java_thread_list=0x000001e1d5377570, length=22, elements={
0x000001e1a57cd800, 0x000001e1c7942000, 0x000001e1c794c000, 0x000001e1c799b800,
0x000001e1c799c800, 0x000001e1c79a7800, 0x000001e1c79aa000, 0x000001e1c79b3000,
0x000001e1c79b3800, 0x000001e1c7cb0000, 0x000001e1c7cb8000, 0x000001e1c7cc3000,
0x000001e1d32b4000, 0x000001e1d337c000, 0x000001e1d337f000, 0x000001e1d4962000,
0x000001e1d33a6800, 0x000001e1d90f6000, 0x000001e1d9115000, 0x000001e1d51b8000,
0x000001e1d51bd800, 0x000001e1d51bb000
}

Java Threads: ( => current thread )
  0x000001e1a57cd800 JavaThread "main" [_thread_blocked, id=8800, stack(0x00000068b6300000,0x00000068b6400000)]
  0x000001e1c7942000 JavaThread "Reference Handler" daemon [_thread_blocked, id=10300, stack(0x00000068b7000000,0x00000068b7100000)]
  0x000001e1c794c000 JavaThread "Finalizer" daemon [_thread_blocked, id=11408, stack(0x00000068b7100000,0x00000068b7200000)]
  0x000001e1c799b800 JavaThread "Signal Dispatcher" daemon [_thread_blocked, id=6988, stack(0x00000068b7200000,0x00000068b7300000)]
  0x000001e1c799c800 JavaThread "Attach Listener" daemon [_thread_blocked, id=11632, stack(0x00000068b7300000,0x00000068b7400000)]
=>0x000001e1c79a7800 JavaThread "C2 CompilerThread0" daemon [_thread_in_native, id=12756, stack(0x00000068b7400000,0x00000068b7500000)]
  0x000001e1c79aa000 JavaThread "C2 CompilerThread1" daemon [_thread_in_native, id=7304, stack(0x00000068b7500000,0x00000068b7600000)]
  0x000001e1c79b3000 JavaThread "C1 CompilerThread2" daemon [_thread_blocked, id=4404, stack(0x00000068b7600000,0x00000068b7700000)]
  0x000001e1c79b3800 JavaThread "Sweeper thread" daemon [_thread_blocked, id=13508, stack(0x00000068b7700000,0x00000068b7800000)]
  0x000001e1c7cb0000 JavaThread "Service Thread" daemon [_thread_blocked, id=1900, stack(0x00000068b7800000,0x00000068b7900000)]
  0x000001e1c7cb8000 JavaThread "Common-Cleaner" daemon [_thread_blocked, id=10968, stack(0x00000068b7900000,0x00000068b7a00000)]
  0x000001e1c7cc3000 JavaThread "JavaFX-Launcher" [_thread_blocked, id=12524, stack(0x00000068b7b00000,0x00000068b7c00000)]
  0x000001e1d32b4000 JavaThread "QuantumRenderer-0" daemon [_thread_blocked, id=6608, stack(0x00000068b7c00000,0x00000068b7d00000)]
  0x000001e1d337c000 JavaThread "InvokeLaterDispatcher" daemon [_thread_blocked, id=8832, stack(0x00000068b7e00000,0x00000068b7f00000)]
  0x000001e1d337f000 JavaThread "JavaFX Application Thread" [_thread_in_native, id=3148, stack(0x00000068b7f00000,0x00000068b8000000)]
  0x000001e1d4962000 JavaThread "Thread-2" daemon [_thread_in_native, id=908, stack(0x00000068b8600000,0x00000068b8700000)]
  0x000001e1d33a6800 JavaThread "Java2D Disposer" daemon [_thread_blocked, id=4100, stack(0x00000068b8700000,0x00000068b8800000)]
  0x000001e1d90f6000 JavaThread "Timer-0" daemon [_thread_blocked, id=1944, stack(0x00000068b8800000,0x00000068b8900000)]
  0x000001e1d9115000 JavaThread "oracle.jdbc.driver.BlockSource.ThreadedCachingBlockSource.BlockReleaser" daemon [_thread_blocked, id=6288, stack(0x00000068b8900000,0x00000068b8a00000)]
  0x000001e1d51b8000 JavaThread "InterruptTimer" daemon [_thread_blocked, id=2352, stack(0x00000068b8a00000,0x00000068b8b00000)]
  0x000001e1d51bd800 JavaThread "Prism Font Disposer" daemon [_thread_blocked, id=8728, stack(0x00000068b8c00000,0x00000068b8d00000)]
  0x000001e1d51bb000 JavaThread "Cleaner-0" daemon [_thread_blocked, id=6684, stack(0x00000068b8d00000,0x00000068b8e00000)]

Other Threads:
  0x000001e1c793e000 VMThread "VM Thread" [stack: 0x00000068b6f00000,0x00000068b7000000] [id=11420]
  0x000001e1c7cb9000 WatcherThread [stack: 0x00000068b7a00000,0x00000068b7b00000] [id=12392]
  0x000001e1a57e6800 GCTaskThread "GC Thread#0" [stack: 0x00000068b6400000,0x00000068b6500000] [id=10944]
  0x000001e1a57e7800 GCTaskThread "GC Thread#1" [stack: 0x00000068b6500000,0x00000068b6600000] [id=5272]
  0x000001e1a57eb800 GCTaskThread "GC Thread#2" [stack: 0x00000068b6600000,0x00000068b6700000] [id=11928]
  0x000001e1a57ef000 GCTaskThread "GC Thread#3" [stack: 0x00000068b6700000,0x00000068b6800000] [id=8544]
  0x000001e1a5843800 ConcurrentGCThread "G1 Main Marker" [stack: 0x00000068b6800000,0x00000068b6900000] [id=10796]
  0x000001e1a57f1000 ConcurrentGCThread "G1 Conc#0" [stack: 0x00000068b6900000,0x00000068b6a00000] [id=8992]
  0x000001e1a5898800 ConcurrentGCThread "G1 Refine#0" [stack: 0x00000068b6a00000,0x00000068b6b00000] [id=424]
  0x000001e1a589b800 ConcurrentGCThread "G1 Refine#1" [stack: 0x00000068b6b00000,0x00000068b6c00000] [id=9180]
  0x000001e1a589e000 ConcurrentGCThread "G1 Refine#2" [stack: 0x00000068b6c00000,0x00000068b6d00000] [id=10792]
  0x000001e1a589f000 ConcurrentGCThread "G1 Refine#3" [stack: 0x00000068b6d00000,0x00000068b6e00000] [id=13672]
  0x000001e1a58a2800 ConcurrentGCThread "G1 Young RemSet Sampling" [stack: 0x00000068b6e00000,0x00000068b6f00000] [id=5652]

Threads with active compile tasks:
C2 CompilerThread02942       4       java.lang.invoke.MethodType::makeImpl (108 bytes)
C2 CompilerThread12948       4       javafx.scene.CssStyleHelper::resolveLookups (463 bytes)

VM state:not at safepoint (normal execution)

VM Mutex/Monitor currently owned by a thread: None

Heap address: 0x00000000ac600000, size: 1338 MB, Compressed Oops mode: 32-bit
Narrow klass base: 0x0000000000000000, Narrow klass shift: 3
Compressed class space size: 1073741824 Address: 0x0000000100000000

Heap:
 garbage-first heap   total 86016K, used 20884K [0x00000000ac600000, 0x0000000100000000)
  region size 1024K, 8 young (8192K), 4 survivors (4096K)
 Metaspace       used 35827K, capacity 36885K, committed 37376K, reserved 1081344K
  class space    used 4553K, capacity 5054K, committed 5120K, reserved 1048576K
Heap Regions: E=young(eden), S=young(survivor), O=old, HS=humongous(starts), HC=humongous(continues), CS=collection set, F=free, A=archive, TS=gc time stamp, AC=allocation context, TAMS=top-at-mark-start (previous, next)
|   0|0x00000000ac600000, 0x00000000ac700000, 0x00000000ac700000|100%|HS|  |TS  0|AC  0|TAMS 0x00000000ac700000, 0x00000000ac700000|
|   1|0x00000000ac700000, 0x00000000ac800000, 0x00000000ac800000|100%|HC|  |TS  0|AC  0|TAMS 0x00000000ac800000, 0x00000000ac800000|
|   2|0x00000000ac800000, 0x00000000ac900000, 0x00000000ac900000|100%| O|  |TS  0|AC  0|TAMS 0x00000000ac900000, 0x00000000ac900000|
|   3|0x00000000ac900000, 0x00000000aca00000, 0x00000000aca00000|100%| O|  |TS  0|AC  0|TAMS 0x00000000aca00000, 0x00000000aca00000|
|   4|0x00000000aca00000, 0x00000000acb00000, 0x00000000acb00000|100%| O|  |TS  0|AC  0|TAMS 0x00000000acb00000, 0x00000000acb00000|
|   5|0x00000000acb00000, 0x00000000acc00000, 0x00000000acc00000|100%|HS|  |TS  0|AC  0|TAMS 0x00000000acc00000, 0x00000000acc00000|
|   6|0x00000000acc00000, 0x00000000acd00000, 0x00000000acd00000|100%|HC|  |TS  0|AC  0|TAMS 0x00000000acd00000, 0x00000000acd00000|
|   7|0x00000000acd00000, 0x00000000ace00000, 0x00000000ace00000|100%| O|  |TS  0|AC  0|TAMS 0x00000000ace00000, 0x00000000ace00000|
|   8|0x00000000ace00000, 0x00000000acf00000, 0x00000000acf00000|100%| O|  |TS  0|AC  0|TAMS 0x00000000acf00000, 0x00000000acf00000|
|   9|0x00000000acf00000, 0x00000000ad000000, 0x00000000ad000000|100%| O|  |TS  0|AC  0|TAMS 0x00000000ad000000, 0x00000000ad000000|
|  10|0x00000000ad000000, 0x00000000ad100000, 0x00000000ad100000|100%| O|  |TS  0|AC  0|TAMS 0x00000000ad100000, 0x00000000ad100000|
|  11|0x00000000ad100000, 0x00000000ad165200, 0x00000000ad200000| 39%| O|  |TS  0|AC  0|TAMS 0x00000000ad165200, 0x00000000ad165200|
|  12|0x00000000ad200000, 0x00000000ad300000, 0x00000000ad300000|100%|HS|  |TS  0|AC  0|TAMS 0x00000000ad200000, 0x00000000ad200000|
|  13|0x00000000ad300000, 0x00000000ad400000, 0x00000000ad400000|100%|HC|  |TS  0|AC  0|TAMS 0x00000000ad300000, 0x00000000ad300000|
|  14|0x00000000ad400000, 0x00000000ad400000, 0x00000000ad500000|  0%| F|  |TS  0|AC  0|TAMS 0x00000000ad400000, 0x00000000ad400000|
|  15|0x00000000ad500000, 0x00000000ad500000, 0x00000000ad600000|  0%| F|  |TS  0|AC  0|TAMS 0x00000000ad500000, 0x00000000ad500000|
|  16|0x00000000ad600000, 0x00000000ad600000, 0x00000000ad700000|  0%| F|  |TS  0|AC  0|TAMS 0x00000000ad600000, 0x00000000ad600000|
|  17|0x00000000ad700000, 0x00000000ad700000, 0x00000000ad800000|  0%| F|  |TS  0|AC  0|TAMS 0x00000000ad700000, 0x00000000ad700000|
|  18|0x00000000ad800000, 0x00000000ad800000, 0x00000000ad900000|  0%| F|  |TS  0|AC  0|TAMS 0x00000000ad800000, 0x00000000ad800000|
|  19|0x00000000ad900000, 0x00000000ad900000, 0x00000000ada00000|  0%| F|  |TS  0|AC  0|TAMS 0x00000000ad900000, 0x00000000ad900000|
|  20|0x00000000ada00000, 0x00000000ada00000, 0x00000000adb00000|  0%| F|  |TS  0|AC  0|TAMS 0x00000000ada00000, 0x00000000ada00000|
|  21|0x00000000adb00000, 0x00000000adb00000, 0x00000000adc00000|  0%| F|  |TS  0|AC  0|TAMS 0x00000000adb00000, 0x00000000adb00000|
|  22|0x00000000adc00000, 0x00000000adc00000, 0x00000000add00000|  0%| F|  |TS  0|AC  0|TAMS 0x00000000adc00000, 0x00000000adc00000|
|  23|0x00000000add00000, 0x00000000add00000, 0x00000000ade00000|  0%| F|  |TS  0|AC  0|TAMS 0x00000000add00000, 0x00000000add00000|
|  24|0x00000000ade00000, 0x00000000ade00000, 0x00000000adf00000|  0%| F|  |TS  0|AC  0|TAMS 0x00000000ade00000, 0x00000000ade00000|
|  25|0x00000000adf00000, 0x00000000adf00000, 0x00000000ae000000|  0%| F|  |TS  0|AC  0|TAMS 0x00000000adf00000, 0x00000000adf00000|
|  26|0x00000000ae000000, 0x00000000ae000000, 0x00000000ae100000|  0%| F|  |TS  0|AC  0|TAMS 0x00000000ae000000, 0x00000000ae000000|
|  27|0x00000000ae100000, 0x00000000ae100000, 0x00000000ae200000|  0%| F|  |TS  0|AC  0|TAMS 0x00000000ae100000, 0x00000000ae100000|
|  28|0x00000000ae200000, 0x00000000ae200000, 0x00000000ae300000|  0%| F|  |TS  0|AC  0|TAMS 0x00000000ae200000, 0x00000000ae200000|
|  29|0x00000000ae300000, 0x00000000ae300000, 0x00000000ae400000|  0%| F|  |TS  0|AC  0|TAMS 0x00000000ae300000, 0x00000000ae300000|
|  30|0x00000000ae400000, 0x00000000ae400000, 0x00000000ae500000|  0%| F|  |TS  0|AC  0|TAMS 0x00000000ae400000, 0x00000000ae400000|
|  31|0x00000000ae500000, 0x00000000ae500000, 0x00000000ae600000|  0%| F|  |TS  0|AC  0|TAMS 0x00000000ae500000, 0x00000000ae500000|
|  32|0x00000000ae600000, 0x00000000ae600000, 0x00000000ae700000|  0%| F|  |TS  0|AC  0|TAMS 0x00000000ae600000, 0x00000000ae600000|
|  33|0x00000000ae700000, 0x00000000ae700000, 0x00000000ae800000|  0%| F|  |TS  0|AC  0|TAMS 0x00000000ae700000, 0x00000000ae700000|
|  34|0x00000000ae800000, 0x00000000ae800000, 0x00000000ae900000|  0%| F|  |TS  0|AC  0|TAMS 0x00000000ae800000, 0x00000000ae800000|
|  35|0x00000000ae900000, 0x00000000ae900000, 0x00000000aea00000|  0%| F|  |TS  0|AC  0|TAMS 0x00000000ae900000, 0x00000000ae900000|
|  36|0x00000000aea00000, 0x00000000aea00000, 0x00000000aeb00000|  0%| F|  |TS  0|AC  0|TAMS 0x00000000aea00000, 0x00000000aea00000|
|  37|0x00000000aeb00000, 0x00000000aeb00000, 0x00000000aec00000|  0%| F|  |TS  0|AC  0|TAMS 0x00000000aeb00000, 0x00000000aeb00000|
|  38|0x00000000aec00000, 0x00000000aec00000, 0x00000000aed00000|  0%| F|  |TS  0|AC  0|TAMS 0x00000000aec00000, 0x00000000aec00000|
|  39|0x00000000aed00000, 0x00000000aed00000, 0x00000000aee00000|  0%| F|  |TS  0|AC  0|TAMS 0x00000000aed00000, 0x00000000aed00000|
|  40|0x00000000aee00000, 0x00000000aee00000, 0x00000000aef00000|  0%| F|  |TS  0|AC  0|TAMS 0x00000000aee00000, 0x00000000aee00000|
|  41|0x00000000aef00000, 0x00000000aef00000, 0x00000000af000000|  0%| F|  |TS  0|AC  0|TAMS 0x00000000aef00000, 0x00000000aef00000|
|  42|0x00000000af000000, 0x00000000af000000, 0x00000000af100000|  0%| F|  |TS  0|AC  0|TAMS 0x00000000af000000, 0x00000000af000000|
|  43|0x00000000af100000, 0x00000000af100000, 0x00000000af200000|  0%| F|  |TS  0|AC  0|TAMS 0x00000000af100000, 0x00000000af100000|
|  44|0x00000000af200000, 0x00000000af200000, 0x00000000af300000|  0%| F|  |TS  0|AC  0|TAMS 0x00000000af200000, 0x00000000af200000|
|  45|0x00000000af300000, 0x00000000af300000, 0x00000000af400000|  0%| F|  |TS  0|AC  0|TAMS 0x00000000af300000, 0x00000000af300000|
|  46|0x00000000af400000, 0x00000000af400000, 0x00000000af500000|  0%| F|  |TS  0|AC  0|TAMS 0x00000000af400000, 0x00000000af400000|
|  47|0x00000000af500000, 0x00000000af500000, 0x00000000af600000|  0%| F|  |TS  0|AC  0|TAMS 0x00000000af500000, 0x00000000af500000|
|  48|0x00000000af600000, 0x00000000af600000, 0x00000000af700000|  0%| F|  |TS  0|AC  0|TAMS 0x00000000af600000, 0x00000000af600000|
|  49|0x00000000af700000, 0x00000000af700000, 0x00000000af800000|  0%| F|  |TS  0|AC  0|TAMS 0x00000000af700000, 0x00000000af700000|
|  50|0x00000000af800000, 0x00000000af900000, 0x00000000af900000|100%| S|CS|TS  0|AC  0|TAMS 0x00000000af800000, 0x00000000af800000|
|  51|0x00000000af900000, 0x00000000afa00000, 0x00000000afa00000|100%| S|CS|TS  0|AC  0|TAMS 0x00000000af900000, 0x00000000af900000|
|  52|0x00000000afa00000, 0x00000000afb00000, 0x00000000afb00000|100%| S|CS|TS  0|AC  0|TAMS 0x00000000afa00000, 0x00000000afa00000|
|  53|0x00000000afb00000, 0x00000000afc00000, 0x00000000afc00000|100%| S|CS|TS  0|AC  0|TAMS 0x00000000afb00000, 0x00000000afb00000|
|  54|0x00000000afc00000, 0x00000000afc00000, 0x00000000afd00000|  0%| F|  |TS  0|AC  0|TAMS 0x00000000afc00000, 0x00000000afc00000|
|  55|0x00000000afd00000, 0x00000000afd00000, 0x00000000afe00000|  0%| F|  |TS  0|AC  0|TAMS 0x00000000afd00000, 0x00000000afd00000|
|  56|0x00000000afe00000, 0x00000000afe00000, 0x00000000aff00000|  0%| F|  |TS  0|AC  0|TAMS 0x00000000afe00000, 0x00000000afe00000|
|  57|0x00000000aff00000, 0x00000000aff00000, 0x00000000b0000000|  0%| F|  |TS  0|AC  0|TAMS 0x00000000aff00000, 0x00000000aff00000|
|  58|0x00000000b0000000, 0x00000000b0000000, 0x00000000b0100000|  0%| F|  |TS  0|AC  0|TAMS 0x00000000b0000000, 0x00000000b0000000|
|  59|0x00000000b0100000, 0x00000000b0100000, 0x00000000b0200000|  0%| F|  |TS  0|AC  0|TAMS 0x00000000b0100000, 0x00000000b0100000|
|  60|0x00000000b0200000, 0x00000000b0200000, 0x00000000b0300000|  0%| F|  |TS  0|AC  0|TAMS 0x00000000b0200000, 0x00000000b0200000|
|  61|0x00000000b0300000, 0x00000000b0300000, 0x00000000b0400000|  0%| F|  |TS  0|AC  0|TAMS 0x00000000b0300000, 0x00000000b0300000|
|  62|0x00000000b0400000, 0x00000000b0400000, 0x00000000b0500000|  0%| F|  |TS  0|AC  0|TAMS 0x00000000b0400000, 0x00000000b0400000|
|  63|0x00000000b0500000, 0x00000000b0500000, 0x00000000b0600000|  0%| F|  |TS  0|AC  0|TAMS 0x00000000b0500000, 0x00000000b0500000|
|  64|0x00000000b0600000, 0x00000000b0600000, 0x00000000b0700000|  0%| F|  |TS  0|AC  0|TAMS 0x00000000b0600000, 0x00000000b0600000|
|  65|0x00000000b0700000, 0x00000000b0700000, 0x00000000b0800000|  0%| F|  |TS  0|AC  0|TAMS 0x00000000b0700000, 0x00000000b0700000|
|  66|0x00000000b0800000, 0x00000000b0800000, 0x00000000b0900000|  0%| F|  |TS  0|AC  0|TAMS 0x00000000b0800000, 0x00000000b0800000|
|  67|0x00000000b0900000, 0x00000000b0900000, 0x00000000b0a00000|  0%| F|  |TS  0|AC  0|TAMS 0x00000000b0900000, 0x00000000b0900000|
|  68|0x00000000b0a00000, 0x00000000b0a00000, 0x00000000b0b00000|  0%| F|  |TS  0|AC  0|TAMS 0x00000000b0a00000, 0x00000000b0a00000|
|  69|0x00000000b0b00000, 0x00000000b0b00000, 0x00000000b0c00000|  0%| F|  |TS  0|AC  0|TAMS 0x00000000b0b00000, 0x00000000b0b00000|
|  70|0x00000000b0c00000, 0x00000000b0c00000, 0x00000000b0d00000|  0%| F|  |TS  0|AC  0|TAMS 0x00000000b0c00000, 0x00000000b0c00000|
|  71|0x00000000b0d00000, 0x00000000b0d00000, 0x00000000b0e00000|  0%| F|  |TS  0|AC  0|TAMS 0x00000000b0d00000, 0x00000000b0d00000|
|  72|0x00000000b0e00000, 0x00000000b0e00000, 0x00000000b0f00000|  0%| F|  |TS  0|AC  0|TAMS 0x00000000b0e00000, 0x00000000b0e00000|
|  73|0x00000000b0f00000, 0x00000000b0f00000, 0x00000000b1000000|  0%| F|  |TS  0|AC  0|TAMS 0x00000000b0f00000, 0x00000000b0f00000|
|  74|0x00000000b1000000, 0x00000000b1000000, 0x00000000b1100000|  0%| F|  |TS  0|AC  0|TAMS 0x00000000b1000000, 0x00000000b1000000|
|  75|0x00000000b1100000, 0x00000000b1100000, 0x00000000b1200000|  0%| F|  |TS  0|AC  0|TAMS 0x00000000b1100000, 0x00000000b1100000|
|  76|0x00000000b1200000, 0x00000000b1200000, 0x00000000b1300000|  0%| F|  |TS  0|AC  0|TAMS 0x00000000b1200000, 0x00000000b1200000|
|  77|0x00000000b1300000, 0x00000000b1300000, 0x00000000b1400000|  0%| F|  |TS  0|AC  0|TAMS 0x00000000b1300000, 0x00000000b1300000|
|  78|0x00000000b1400000, 0x00000000b1400000, 0x00000000b1500000|  0%| F|  |TS  0|AC  0|TAMS 0x00000000b1400000, 0x00000000b1400000|
|  79|0x00000000b1500000, 0x00000000b1500000, 0x00000000b1600000|  0%| F|  |TS  0|AC  0|TAMS 0x00000000b1500000, 0x00000000b1500000|
|  80|0x00000000b1600000, 0x00000000b1700000, 0x00000000b1700000|100%| E|  |TS  0|AC  0|TAMS 0x00000000b1600000, 0x00000000b1600000|
|  81|0x00000000b1700000, 0x00000000b1800000, 0x00000000b1800000|100%| E|CS|TS  0|AC  0|TAMS 0x00000000b1700000, 0x00000000b1700000|
|  82|0x00000000b1800000, 0x00000000b1900000, 0x00000000b1900000|100%| E|CS|TS  0|AC  0|TAMS 0x00000000b1800000, 0x00000000b1800000|
|  83|0x00000000b1900000, 0x00000000b1a00000, 0x00000000b1a00000|100%| E|CS|TS  0|AC  0|TAMS 0x00000000b1900000, 0x00000000b1900000|

Card table byte_map: [0x000001e1c1c20000,0x000001e1c1ec0000] byte_map_base: 0x000001e1c16bd000

Marking Bits (Prev, Next): (CMBitMap*) 0x000001e1a5842810, (CMBitMap*) 0x000001e1a5842848
 Prev Bits: [0x000001e1c2160000, 0x000001e1c3648000)
 Next Bits: [0x000001e1c3650000, 0x000001e1c4b38000)

Polling page: 0x000001e1a5790000

CodeHeap 'non-profiled nmethods': size=120064Kb used=1372Kb max_used=1372Kb free=118691Kb
 bounds [0x000001e1b9e20000, 0x000001e1ba090000, 0x000001e1c1360000]
CodeHeap 'profiled nmethods': size=120000Kb used=5836Kb max_used=5836Kb free=114164Kb
 bounds [0x000001e1b28f0000, 0x000001e1b2eb0000, 0x000001e1b9e20000]
CodeHeap 'non-nmethods': size=5696Kb used=1413Kb max_used=1432Kb free=4282Kb
 bounds [0x000001e1b2360000, 0x000001e1b25d0000, 0x000001e1b28f0000]
 total_blobs=4423 nmethods=2972 adapters=786
 compilation: enabled

Compilation events (10 events):
Event: 9.594 Thread 0x000001e1c79b3000 2971       1       com.sun.prism.impl.ps.BaseShaderContext$State::access$1500 (5 bytes)
Event: 9.594 Thread 0x000001e1c79b3000 nmethod 2971 0x000001e1b9f76810 code [0x000001e1b9f769c0, 0x000001e1b9f76ab8]
Event: 9.650 Thread 0x000001e1c79b3000 2974       3       java.util.WeakHashMap$HashIterator::nextEntry (81 bytes)
Event: 9.650 Thread 0x000001e1c79b3000 nmethod 2974 0x000001e1b2ea1890 code [0x000001e1b2ea1aa0, 0x000001e1b2ea2070]
Event: 9.650 Thread 0x000001e1c79b3000 2975       3       java.util.WeakHashMap$Entry::getKey (8 bytes)
Event: 9.651 Thread 0x000001e1c79b3000 nmethod 2975 0x000001e1b2ea2210 code [0x000001e1b2ea23e0, 0x000001e1b2ea26b8]
Event: 9.651 Thread 0x000001e1c79b3000 2976       3       java.util.WeakHashMap::unmaskNull (13 bytes)
Event: 9.651 Thread 0x000001e1c79b3000 nmethod 2976 0x000001e1b2ea2790 code [0x000001e1b2ea2940, 0x000001e1b2ea2ad8]
Event: 9.666 Thread 0x000001e1c79b3000 2977       3       java.util.WeakHashMap::size (18 bytes)
Event: 9.666 Thread 0x000001e1c79b3000 nmethod 2977 0x000001e1b2ea2b90 code [0x000001e1b2ea2d60, 0x000001e1b2ea2f50]

GC Heap History (8 events):
Event: 1.807 GC heap before
{Heap before GC invocations=0 (full 0):
 garbage-first heap   total 86016K, used 16384K [0x00000000ac600000, 0x0000000100000000)
  region size 1024K, 14 young (14336K), 0 survivors (0K)
 Metaspace       used 15879K, capacity 16340K, committed 16640K, reserved 1064960K
  class space    used 1778K, capacity 1985K, committed 2048K, reserved 1048576K
}
Event: 1.821 GC heap after
{Heap after GC invocations=1 (full 0):
 garbage-first heap   total 86016K, used 6541K [0x00000000ac600000, 0x0000000100000000)
  region size 1024K, 2 young (2048K), 2 survivors (2048K)
 Metaspace       used 15879K, capacity 16340K, committed 16640K, reserved 1064960K
  class space    used 1778K, capacity 1985K, committed 2048K, reserved 1048576K
}
Event: 1.954 GC heap before
{Heap before GC invocations=1 (full 0):
 garbage-first heap   total 86016K, used 10637K [0x00000000ac600000, 0x0000000100000000)
  region size 1024K, 4 young (4096K), 2 survivors (2048K)
 Metaspace       used 16928K, capacity 17378K, committed 17536K, reserved 1064960K
  class space    used 1957K, capacity 2158K, committed 2176K, reserved 1048576K
}
Event: 1.964 GC heap after
{Heap after GC invocations=2 (full 0):
 garbage-first heap   total 86016K, used 9377K [0x00000000ac600000, 0x0000000100000000)
  region size 1024K, 1 young (1024K), 1 survivors (1024K)
 Metaspace       used 16928K, capacity 17378K, committed 17536K, reserved 1064960K
  class space    used 1957K, capacity 2158K, committed 2176K, reserved 1048576K
}
Event: 2.610 GC heap before
{Heap before GC invocations=2 (full 0):
 garbage-first heap   total 86016K, used 19617K [0x00000000ac600000, 0x0000000100000000)
  region size 1024K, 12 young (12288K), 1 survivors (1024K)
 Metaspace       used 20624K, capacity 21124K, committed 21248K, reserved 1067008K
  class space    used 2526K, capacity 2792K, committed 2816K, reserved 1048576K
}
Event: 2.618 GC heap after
{Heap after GC invocations=3 (full 0):
 garbage-first heap   total 86016K, used 12410K [0x00000000ac600000, 0x0000000100000000)
  region size 1024K, 3 young (3072K), 3 survivors (3072K)
 Metaspace       used 20624K, capacity 21124K, committed 21248K, reserved 1067008K
  class space    used 2526K, capacity 2792K, committed 2816K, reserved 1048576K
}
Event: 4.953 GC heap before
{Heap before GC invocations=4 (full 0):
 garbage-first heap   total 86016K, used 39034K [0x00000000ac600000, 0x0000000100000000)
  region size 1024K, 30 young (30720K), 3 survivors (3072K)
 Metaspace       used 34344K, capacity 35326K, committed 35840K, reserved 1081344K
  class space    used 4394K, capacity 4848K, committed 4864K, reserved 1048576K
}
Event: 4.977 GC heap after
{Heap after GC invocations=5 (full 0):
 garbage-first heap   total 86016K, used 15764K [0x00000000ac600000, 0x0000000100000000)
  region size 1024K, 4 young (4096K), 4 survivors (4096K)
 Metaspace       used 34344K, capacity 35326K, committed 35840K, reserved 1081344K
  class space    used 4394K, capacity 4848K, committed 4864K, reserved 1048576K
}

Deoptimization events (10 events):
Event: 4.175 Thread 0x000001e1d337f000 Uncommon trap: reason=unstable_if action=reinterpret pc=0x000001e1b9eac190 method=java.util.HashMap.hash(Ljava/lang/Object;)I @ 1 c2
Event: 4.176 Thread 0x000001e1d337f000 Uncommon trap: reason=unstable_if action=reinterpret pc=0x000001e1b9eb6eac method=java.util.HashMap.hash(Ljava/lang/Object;)I @ 1 c2
Event: 4.304 Thread 0x000001e1d337f000 Uncommon trap: reason=unstable_if action=reinterpret pc=0x000001e1b9e8e4b0 method=java.util.HashMap.hash(Ljava/lang/Object;)I @ 1 c2
Event: 4.437 Thread 0x000001e1d337f000 Uncommon trap: reason=class_check action=maybe_recompile pc=0x000001e1b9e373cc method=java.lang.String.equals(Ljava/lang/Object;)Z @ 8 c2
Event: 4.437 Thread 0x000001e1d337f000 Uncommon trap: reason=class_check action=maybe_recompile pc=0x000001e1b9e373cc method=java.lang.String.equals(Ljava/lang/Object;)Z @ 8 c2
Event: 4.437 Thread 0x000001e1d337f000 Uncommon trap: reason=class_check action=maybe_recompile pc=0x000001e1b9e373cc method=java.lang.String.equals(Ljava/lang/Object;)Z @ 8 c2
Event: 4.440 Thread 0x000001e1d337f000 Uncommon trap: reason=class_check action=maybe_recompile pc=0x000001e1b9e373cc method=java.lang.String.equals(Ljava/lang/Object;)Z @ 8 c2
Event: 4.594 Thread 0x000001e1d337f000 Uncommon trap: reason=unstable_if action=reinterpret pc=0x000001e1b9efd874 method=java.lang.ClassLoader.checkName(Ljava/lang/String;)Z @ 20 c2
Event: 4.774 Thread 0x000001e1d337f000 Uncommon trap: reason=unstable_if action=reinterpret pc=0x000001e1b9f0992c method=java.net.URL.<init>(Ljava/net/URL;Ljava/lang/String;Ljava/net/URLStreamHandler;)V @ 347 c2
Event: 9.470 Thread 0x000001e1d337f000 Uncommon trap: reason=unstable_if action=reinterpret pc=0x000001e1b9e5ed74 method=jdk.internal.org.objectweb.asm.Type.getArgumentsAndReturnSizes(Ljava/lang/String;)I @ 47 c2

Classes redefined (0 events):
No events

Internal exceptions (10 events):
Event: 4.849 Thread 0x000001e1d337f000 Exception <a 'java/lang/NoSuchMethodError'{0x00000000afdf47d8}: java.lang.invoke.DirectMethodHandle$Holder.invokeSpecial(Ljava/lang/Object;Ljava/lang/Object;Ljava/lang/Object;Ljava/lang/Object;Ljava/lang/Object;Ljava/lang/Object;)V> (0x00000000afdf47d8) t
Event: 5.097 Thread 0x000001e1d32b4000 Exception <a 'java/lang/NoSuchMethodError'{0x00000000b1851008}: java.lang.invoke.DirectMethodHandle$Holder.invokeStaticInit(Ljava/lang/Object;Ljava/lang/Object;)I> (0x00000000b1851008) thrown at [t:/workspace/open/src/hotspot/share/interpreter/linkResolve
Event: 5.152 Thread 0x000001e1d32b4000 Exception <a 'java/lang/NullPointerException'{0x00000000b1884678}> (0x00000000b1884678) thrown at [t:/workspace/open/src/hotspot/share/interpreter/linkResolver.cpp, line 1412]
Event: 5.161 Thread 0x000001e1d32b4000 Exception <a 'java/lang/NullPointerException'{0x00000000b188ec18}> (0x00000000b188ec18) thrown at [t:/workspace/open/src/hotspot/share/interpreter/linkResolver.cpp, line 1412]
Event: 5.170 Thread 0x000001e1d32b4000 Exception <a 'java/lang/NullPointerException'{0x00000000b18985b8}> (0x00000000b18985b8) thrown at [t:/workspace/open/src/hotspot/share/interpreter/linkResolver.cpp, line 1412]
Event: 9.470 Thread 0x000001e1d337f000 Exception <a 'java/lang/NoSuchMethodError'{0x00000000b16936c0}: method resolution failed> (0x00000000b16936c0) thrown at [t:/workspace/open/src/hotspot/share/prims/methodHandles.cpp, line 1226]
Event: 9.470 Thread 0x000001e1d337f000 Exception <a 'java/lang/NoSuchMethodError'{0x00000000b1696808}: java.lang.invoke.DirectMethodHandle$Holder.invokeStaticInit(Ljava/lang/Object;Ljava/lang/Object;Ljava/lang/Object;)J> (0x00000000b1696808) thrown at [t:/workspace/open/src/hotspot/share/inter
Event: 9.474 Thread 0x000001e1d337f000 Exception <a 'java/lang/NoSuchMethodError'{0x00000000b16a96b0}: method resolution failed> (0x00000000b16a96b0) thrown at [t:/workspace/open/src/hotspot/share/prims/methodHandles.cpp, line 1226]
Event: 9.474 Thread 0x000001e1d337f000 Exception <a 'java/lang/NoSuchMethodError'{0x00000000b16af560}: java.lang.invoke.DirectMethodHandle$Holder.invokeStatic(Ljava/lang/Object;Ljava/lang/Object;J)Ljava/lang/Object;> (0x00000000b16af560) thrown at [t:/workspace/open/src/hotspot/share/interpret
Event: 9.475 Thread 0x000001e1d337f000 Exception <a 'java/lang/NoSuchMethodError'{0x00000000b16b29e0}: method resolution failed> (0x00000000b16b29e0) thrown at [t:/workspace/open/src/hotspot/share/prims/methodHandles.cpp, line 1226]

Events (10 events):
Event: 9.473 loading class com/sun/scenario/animation/AnimationPulse$PulseData
Event: 9.473 loading class com/sun/scenario/animation/AnimationPulse$PulseData done
Event: 9.473 loading class com/sun/scenario/animation/AnimationPulse$PulseData$Accessor
Event: 9.473 loading class com/sun/scenario/animation/AnimationPulse$PulseData$Accessor done
Event: 9.474 loading class javafx/animation/Animation$1
Event: 9.474 loading class javafx/animation/Animation$1 done
Event: 9.589 loading class com/sun/prism/impl/ps/CachingShapeRepState$CacheEntry
Event: 9.589 loading class com/sun/prism/impl/ps/CachingShapeRepState$CacheEntry done
Event: 9.589 loading class com/sun/prism/impl/ps/CachingShapeRepState$CacheEntry
Event: 9.589 loading class com/sun/prism/impl/ps/CachingShapeRepState$CacheEntry done


Dynamic libraries:
0x00007ff6cebe0000 - 0x00007ff6cec1e000 	C:\DEV\java\jdk\jdk10\bin\javaw.exe
0x00007ffcf6480000 - 0x00007ffcf6661000 	C:\WINDOWS\SYSTEM32\ntdll.dll
0x00007ffcf5500000 - 0x00007ffcf55b1000 	C:\WINDOWS\System32\KERNEL32.DLL
0x00007ffcf2a40000 - 0x00007ffcf2cb3000 	C:\WINDOWS\System32\KERNELBASE.dll
0x00007ffcf5f10000 - 0x00007ffcf5fb1000 	C:\WINDOWS\System32\ADVAPI32.dll
0x00007ffcf3f20000 - 0x00007ffcf3fbe000 	C:\WINDOWS\System32\msvcrt.dll
0x00007ffcf5740000 - 0x00007ffcf579b000 	C:\WINDOWS\System32\sechost.dll
0x00007ffcf5920000 - 0x00007ffcf5a44000 	C:\WINDOWS\System32\RPCRT4.dll
0x00007ffcf5d80000 - 0x00007ffcf5f10000 	C:\WINDOWS\System32\USER32.dll
0x00007ffcf35c0000 - 0x00007ffcf35e0000 	C:\WINDOWS\System32\win32u.dll
0x00007ffcf57b0000 - 0x00007ffcf57d8000 	C:\WINDOWS\System32\GDI32.dll
0x00007ffcf28a0000 - 0x00007ffcf2a32000 	C:\WINDOWS\System32\gdi32full.dll
0x00007ffcf35e0000 - 0x00007ffcf367f000 	C:\WINDOWS\System32\msvcp_win.dll
0x00007ffcf36e0000 - 0x00007ffcf37d8000 	C:\WINDOWS\System32\ucrtbase.dll
0x00007ffce16d0000 - 0x00007ffce1939000 	C:\WINDOWS\WinSxS\amd64_microsoft.windows.common-controls_6595b64144ccf1df_6.0.17134.765_none_fb42a1a930655896\COMCTL32.dll
0x00007ffce79b0000 - 0x00007ffce79ba000 	C:\WINDOWS\SYSTEM32\VERSION.dll
0x00007ffcf5a50000 - 0x00007ffcf5d72000 	C:\WINDOWS\System32\combase.dll
0x00007ffcf3890000 - 0x00007ffcf390a000 	C:\WINDOWS\System32\bcryptPrimitives.dll
0x00007ffcf5400000 - 0x00007ffcf542d000 	C:\WINDOWS\System32\IMM32.DLL
0x00007ffce37a0000 - 0x00007ffce388f000 	C:\DEV\java\jdk\jdk10\bin\msvcr120.dll
0x00007ffce36f0000 - 0x00007ffce3796000 	C:\DEV\java\jdk\jdk10\bin\msvcp120.dll
0x0000000054e20000 - 0x0000000055890000 	C:\DEV\java\jdk\jdk10\bin\server\jvm.dll
0x00007ffcf5810000 - 0x00007ffcf5818000 	C:\WINDOWS\System32\PSAPI.DLL
0x00007ffce79c0000 - 0x00007ffce79c9000 	C:\WINDOWS\SYSTEM32\WSOCK32.dll
0x00007ffcf3dc0000 - 0x00007ffcf3e2c000 	C:\WINDOWS\System32\WS2_32.dll
0x00007ffcf03d0000 - 0x00007ffcf03f3000 	C:\WINDOWS\SYSTEM32\WINMM.dll
0x00007ffcf03a0000 - 0x00007ffcf03ca000 	C:\WINDOWS\SYSTEM32\WINMMBASE.dll
0x00007ffcf2850000 - 0x00007ffcf2899000 	C:\WINDOWS\System32\cfgmgr32.dll
0x00007ffce5d80000 - 0x00007ffce5d8f000 	C:\DEV\java\jdk\jdk10\bin\verify.dll
0x00007ffcde280000 - 0x00007ffcde449000 	C:\WINDOWS\SYSTEM32\DBGHELP.DLL
0x00007ffcde1a0000 - 0x00007ffcde1c9000 	C:\WINDOWS\SYSTEM32\dbgcore.DLL
0x00007ffcdd560000 - 0x00007ffcdd587000 	C:\DEV\java\jdk\jdk10\bin\java.dll
0x00007ffce5cb0000 - 0x00007ffce5cc6000 	C:\DEV\java\jdk\jdk10\bin\zip.dll
0x00007ffce4120000 - 0x00007ffce412a000 	C:\DEV\java\jdk\jdk10\bin\jimage.dll
0x00007ffcf3fc0000 - 0x00007ffcf5400000 	C:\WINDOWS\System32\SHELL32.dll
0x00007ffcf5fc0000 - 0x00007ffcf6069000 	C:\WINDOWS\System32\shcore.dll
0x00007ffcf2cc0000 - 0x00007ffcf33cd000 	C:\WINDOWS\System32\windows.storage.dll
0x00007ffcf63f0000 - 0x00007ffcf6441000 	C:\WINDOWS\System32\shlwapi.dll
0x00007ffcf27d0000 - 0x00007ffcf27e1000 	C:\WINDOWS\System32\kernel.appcore.dll
0x00007ffcf2790000 - 0x00007ffcf27af000 	C:\WINDOWS\System32\profapi.dll
0x00007ffcf2800000 - 0x00007ffcf284c000 	C:\WINDOWS\System32\powrprof.dll
0x00007ffcf27f0000 - 0x00007ffcf27fa000 	C:\WINDOWS\System32\FLTLIB.DLL
0x00007ffce3c60000 - 0x00007ffce3c7a000 	C:\dev\Java\jdk\jdk10\bin\net.dll
0x00007ffcee540000 - 0x00007ffcee61d000 	C:\WINDOWS\SYSTEM32\WINHTTP.dll
0x00007ffcf1fb0000 - 0x00007ffcf2016000 	C:\WINDOWS\system32\mswsock.dll
0x00007ffce3b60000 - 0x00007ffce3b71000 	C:\dev\Java\jdk\jdk10\bin\nio.dll
0x000001e1a58f0000 - 0x000001e1a58f3000 	C:\dev\Java\jdk\jdk10\bin\api-ms-win-core-console-l1-1-0.dll
0x000001e1d39b0000 - 0x000001e1d39b3000 	C:\dev\Java\jdk\jdk10\bin\api-ms-win-core-datetime-l1-1-0.dll
0x000001e1d39c0000 - 0x000001e1d39c3000 	C:\dev\Java\jdk\jdk10\bin\api-ms-win-core-debug-l1-1-0.dll
0x000001e1d39d0000 - 0x000001e1d39d3000 	C:\dev\Java\jdk\jdk10\bin\api-ms-win-core-errorhandling-l1-1-0.dll
0x000001e1d39e0000 - 0x000001e1d39e4000 	C:\dev\Java\jdk\jdk10\bin\api-ms-win-core-file-l1-1-0.dll
0x000001e1d39f0000 - 0x000001e1d39f3000 	C:\dev\Java\jdk\jdk10\bin\api-ms-win-core-file-l1-2-0.dll
0x000001e1d3a00000 - 0x000001e1d3a03000 	C:\dev\Java\jdk\jdk10\bin\api-ms-win-core-file-l2-1-0.dll
0x000001e1d3a10000 - 0x000001e1d3a13000 	C:\dev\Java\jdk\jdk10\bin\api-ms-win-core-handle-l1-1-0.dll
0x000001e1d3a20000 - 0x000001e1d3a23000 	C:\dev\Java\jdk\jdk10\bin\api-ms-win-core-heap-l1-1-0.dll
0x000001e1d3a30000 - 0x000001e1d3a33000 	C:\dev\Java\jdk\jdk10\bin\api-ms-win-core-interlocked-l1-1-0.dll
0x000001e1d3a40000 - 0x000001e1d3a43000 	C:\dev\Java\jdk\jdk10\bin\api-ms-win-core-libraryloader-l1-1-0.dll
0x000001e1d3a50000 - 0x000001e1d3a53000 	C:\dev\Java\jdk\jdk10\bin\api-ms-win-core-localization-l1-2-0.dll
0x000001e1d3a60000 - 0x000001e1d3a63000 	C:\dev\Java\jdk\jdk10\bin\api-ms-win-core-memory-l1-1-0.dll
0x000001e1d3a70000 - 0x000001e1d3a73000 	C:\dev\Java\jdk\jdk10\bin\api-ms-win-core-namedpipe-l1-1-0.dll
0x000001e1d3a80000 - 0x000001e1d3a83000 	C:\dev\Java\jdk\jdk10\bin\api-ms-win-core-processenvironment-l1-1-0.dll
0x000001e1d3a90000 - 0x000001e1d3a93000 	C:\dev\Java\jdk\jdk10\bin\api-ms-win-core-processthreads-l1-1-0.dll
0x000001e1d3aa0000 - 0x000001e1d3aa3000 	C:\dev\Java\jdk\jdk10\bin\api-ms-win-core-processthreads-l1-1-1.dll
0x000001e1d3ab0000 - 0x000001e1d3ab3000 	C:\dev\Java\jdk\jdk10\bin\api-ms-win-core-profile-l1-1-0.dll
0x000001e1d3ac0000 - 0x000001e1d3ac3000 	C:\dev\Java\jdk\jdk10\bin\api-ms-win-core-rtlsupport-l1-1-0.dll
0x000001e1d3ad0000 - 0x000001e1d3ad3000 	C:\dev\Java\jdk\jdk10\bin\api-ms-win-core-string-l1-1-0.dll
0x000001e1d3ae0000 - 0x000001e1d3ae3000 	C:\dev\Java\jdk\jdk10\bin\api-ms-win-core-synch-l1-1-0.dll
0x000001e1d3af0000 - 0x000001e1d3af3000 	C:\dev\Java\jdk\jdk10\bin\api-ms-win-core-synch-l1-2-0.dll
0x000001e1d3b00000 - 0x000001e1d3b03000 	C:\dev\Java\jdk\jdk10\bin\api-ms-win-core-sysinfo-l1-1-0.dll
0x000001e1d3b10000 - 0x000001e1d3b13000 	C:\dev\Java\jdk\jdk10\bin\api-ms-win-core-timezone-l1-1-0.dll
0x000001e1d3b20000 - 0x000001e1d3b23000 	C:\dev\Java\jdk\jdk10\bin\api-ms-win-core-util-l1-1-0.dll
0x000001e1d3b30000 - 0x000001e1d3b33000 	C:\dev\Java\jdk\jdk10\bin\api-ms-win-crt-conio-l1-1-0.dll
0x000001e1d3b40000 - 0x000001e1d3b44000 	C:\dev\Java\jdk\jdk10\bin\api-ms-win-crt-convert-l1-1-0.dll
0x000001e1d3b50000 - 0x000001e1d3b53000 	C:\dev\Java\jdk\jdk10\bin\api-ms-win-crt-environment-l1-1-0.dll
0x000001e1d3b60000 - 0x000001e1d3b63000 	C:\dev\Java\jdk\jdk10\bin\api-ms-win-crt-filesystem-l1-1-0.dll
0x000001e1d3b70000 - 0x000001e1d3b73000 	C:\dev\Java\jdk\jdk10\bin\api-ms-win-crt-heap-l1-1-0.dll
0x000001e1d3b80000 - 0x000001e1d3b83000 	C:\dev\Java\jdk\jdk10\bin\api-ms-win-crt-locale-l1-1-0.dll
0x000001e1d3b90000 - 0x000001e1d3b95000 	C:\dev\Java\jdk\jdk10\bin\api-ms-win-crt-math-l1-1-0.dll
0x000001e1d3ba0000 - 0x000001e1d3ba5000 	C:\dev\Java\jdk\jdk10\bin\api-ms-win-crt-multibyte-l1-1-0.dll
0x000001e1d3bb0000 - 0x000001e1d3bc0000 	C:\dev\Java\jdk\jdk10\bin\api-ms-win-crt-private-l1-1-0.dll
0x000001e1d3bc0000 - 0x000001e1d3bc3000 	C:\dev\Java\jdk\jdk10\bin\api-ms-win-crt-process-l1-1-0.dll
0x000001e1d3bd0000 - 0x000001e1d3bd4000 	C:\dev\Java\jdk\jdk10\bin\api-ms-win-crt-runtime-l1-1-0.dll
0x000001e1d3be0000 - 0x000001e1d3be4000 	C:\dev\Java\jdk\jdk10\bin\api-ms-win-crt-stdio-l1-1-0.dll
0x000001e1d3bf0000 - 0x000001e1d3bf4000 	C:\dev\Java\jdk\jdk10\bin\api-ms-win-crt-string-l1-1-0.dll
0x000001e1d3c00000 - 0x000001e1d3c03000 	C:\dev\Java\jdk\jdk10\bin\api-ms-win-crt-time-l1-1-0.dll
0x000001e1d3c10000 - 0x000001e1d3c13000 	C:\dev\Java\jdk\jdk10\bin\api-ms-win-crt-utility-l1-1-0.dll
0x00007ffcdd1e0000 - 0x00007ffcdd2d6000 	C:\dev\Java\jdk\jdk10\bin\ucrtbase.dll
0x00007ffcec3e0000 - 0x00007ffcec3f6000 	C:\dev\Java\jdk\jdk10\bin\vcruntime140.dll
0x00007ffce31e0000 - 0x00007ffce327c000 	C:\dev\Java\jdk\jdk10\bin\msvcp140.dll
0x00007ffce7a50000 - 0x00007ffce7aa1000 	C:\dev\Java\jdk\jdk10\bin\concrt140.dll
0x00007ffcec160000 - 0x00007ffcec183000 	C:\dev\Java\jdk\jdk10\bin\prism_d3d.dll
0x00007ffcc92f0000 - 0x00007ffcc9487000 	C:\WINDOWS\system32\d3d9.dll
0x00007ffcf10f0000 - 0x00007ffcf1119000 	C:\WINDOWS\SYSTEM32\dwmapi.dll
0x00007ffcf0db0000 - 0x00007ffcf0e48000 	C:\WINDOWS\system32\uxtheme.dll
0x00007ffcebce0000 - 0x00007ffcebe44000 	C:\WINDOWS\SYSTEM32\aticfx64.dll
0x00007ffceb9f0000 - 0x00007ffceba11000 	C:\WINDOWS\SYSTEM32\atiu9p64.dll
0x00007ffcccec0000 - 0x00007ffccd719000 	C:\WINDOWS\SYSTEM32\atiumd64.dll
0x0000000055bb0000 - 0x0000000056438000 	C:\WINDOWS\SYSTEM32\atiumd6a.dll
0x00007ffce4140000 - 0x00007ffce418a000 	C:\dev\Java\jdk\jdk10\bin\glass.dll
0x00007ffcf3e30000 - 0x00007ffcf3f1d000 	C:\WINDOWS\System32\COMDLG32.dll
0x00007ffcf6290000 - 0x00007ffcf63e1000 	C:\WINDOWS\System32\ole32.dll
0x00007ffcf5430000 - 0x00007ffcf54f2000 	C:\WINDOWS\System32\OLEAUT32.dll
0x00007ffcf55c0000 - 0x00007ffcf5733000 	C:\WINDOWS\System32\MSCTF.dll
0x00007ffcead20000 - 0x00007ffcead39000 	C:\Program Files (x86)\Smadav\SmadHook64.dll
0x00007ffceb990000 - 0x00007ffceb9a4000 	C:\dev\Java\jdk\jdk10\bin\javafx_font.dll
0x00007ffcdc2e0000 - 0x00007ffcdc47b000 	C:\dev\Java\jdk\jdk10\bin\awt.dll
0x00007ffcefac0000 - 0x00007ffcf0087000 	C:\WINDOWS\SYSTEM32\d2d1.dll
0x00007ffcf0bf0000 - 0x00007ffcf0c7b000 	C:\WINDOWS\SYSTEM32\apphelp.dll
0x00007ffce3610000 - 0x00007ffce3675000 	C:\dev\Java\jdk\jdk10\bin\fontmanager.dll
0x00007ffce8530000 - 0x00007ffce884c000 	C:\WINDOWS\SYSTEM32\dwrite.dll
0x00007ffce68d0000 - 0x00007ffce68f3000 	C:\dev\Java\jdk\jdk10\bin\javafx_iio.dll
0x00007ffcf0b90000 - 0x00007ffcf0b99000 	C:\dev\Java\jdk\jdk10\bin\management.dll
0x00007ffcef180000 - 0x00007ffcef18a000 	C:\dev\Java\jdk\jdk10\bin\management_ext.dll
0x00007ffcf1d80000 - 0x00007ffcf1e3e000 	C:\WINDOWS\SYSTEM32\DNSAPI.dll
0x00007ffcf5800000 - 0x00007ffcf5808000 	C:\WINDOWS\System32\NSI.dll
0x00007ffcf1d30000 - 0x00007ffcf1d68000 	C:\WINDOWS\SYSTEM32\IPHLPAPI.DLL
0x00007ffce58b0000 - 0x00007ffce58ba000 	C:\Windows\System32\rasadhlp.dll
0x00007ffce7c40000 - 0x00007ffce7cb2000 	C:\WINDOWS\System32\fwpuclnt.dll
0x00007ffcf2290000 - 0x00007ffcf22b5000 	C:\WINDOWS\SYSTEM32\bcrypt.dll
0x00007ffcec450000 - 0x00007ffcec466000 	C:\WINDOWS\system32\napinsp.dll
0x00007ffce7cc0000 - 0x00007ffce7cda000 	C:\WINDOWS\system32\pnrpnsp.dll
0x00007ffcee0e0000 - 0x00007ffcee0f9000 	C:\WINDOWS\system32\NLAapi.dll
0x00007ffcec700000 - 0x00007ffcec70e000 	C:\WINDOWS\System32\winrnr.dll
0x00007ffceaeb0000 - 0x00007ffceaec5000 	C:\WINDOWS\System32\wshbth.dll
0x00007ffcf2170000 - 0x00007ffcf2187000 	C:\WINDOWS\SYSTEM32\CRYPTSP.dll
0x00007ffcf1b90000 - 0x00007ffcf1bc3000 	C:\WINDOWS\system32\rsaenh.dll
0x00007ffcf26c0000 - 0x00007ffcf26e8000 	C:\WINDOWS\SYSTEM32\USERENV.dll
0x00007ffcf2160000 - 0x00007ffcf216b000 	C:\WINDOWS\SYSTEM32\CRYPTBASE.dll

dbghelp: loaded successfully - version: 4.0.5 - missing functions: none
symbol engine: initialized successfully - sym options: 0x614 - pdb path: .;C:\DEV\java\jdk\jdk10\bin;C:\WINDOWS\SYSTEM32;C:\WINDOWS\WinSxS\amd64_microsoft.windows.common-controls_6595b64144ccf1df_6.0.17134.765_none_fb42a1a930655896;C:\DEV\java\jdk\jdk10\bin\server;C:\Program Files (x86)\Smadav;C:\Program Files\Common Files\Microsoft Shared\Ink

VM Arguments:
jvm_args: -Dfile.encoding=UTF-8 
java_command: projet.MainProjet
java_class_path (initial): C:\Users\Ce\Desktop\Java_Framework\projet\bin;C:\Users\Ce\Desktop\Java_Framework\Framework-3iL\bin;C:\Users\Ce\Desktop\Java_Framework\~libraries\JDBC Drivers\ojdbc8.jar;C:\Users\Ce\Desktop\Java_Framework\~libraries\mapstruct-1.3\mapstruct-1.3.0.Final.jar
Launcher Type: SUN_STANDARD

Logging:
Log output configuration:
#0: stdout all=warning uptime,level,tags
#1: stderr all=off uptime,level,tags

Environment Variables:
PATH=C:/dev/java/jdk/jdk10/bin/server;C:/dev/java/jdk/jdk10/bin;C:\oraclexe\app\oracle\product\11.2.0\server\bin;C:\Program Files (x86)\Common Files\Oracle\Java\javapath;C:\ProgramData\Oracle\Java\javapath;C:\WINDOWS\system32;C:\WINDOWS;C:\WINDOWS\System32\Wbem;C:\WINDOWS\System32\WindowsPowerShell\v1.0\;C:\WINDOWS\System32\OpenSSH\;C:\Program Files\dotnet\;C:\Program Files\Microsoft SQL Server\130\Tools\Binn\;C:\Program Files\nodejs\;C:\Program Files\MATLAB\R2019a\bin;C:\Users\Ce\AppData\Local\Microsoft\WindowsApps;C:\Users\Ce\AppData\Roaming\npm;C:\dev\Java\eclipse-4.10-java;
USERNAME=Ce
OS=Windows_NT
PROCESSOR_IDENTIFIER=AMD64 Family 21 Model 19 Stepping 1, AuthenticAMD



---------------  S Y S T E M  ---------------

OS: Windows 10 , 64 bit Build 17134 (10.0.17134.753)

CPU:total 4 (initial active 4) (4 cores per cpu, 1 threads per core) family 21 model 19 stepping 1, cmov, cx8, fxsr, mmx, sse, sse2, sse3, ssse3, sse4.1, sse4.2, popcnt, avx, aes, clmul, mmxext, 3dnowpref, lzcnt, sse4a, tsc, tscinvbit, tscinv, bmi1, fma

Memory: 4k page, physical 5472624k(1578952k free), swap 5996912k(5408k free)

vm_info: Java HotSpot(TM) 64-Bit Server VM (10.0.2+13) for windows-amd64 JRE (10.0.2+13), built on Jun 28 2018 01:57:56 by "mach5one" with MS VC++ 12.0 (VS2013)

END.
