#
# There is insufficient memory for the Java Runtime Environment to continue.
# Native memory allocation (mmap) failed to map 17825792 bytes for Failed to commit area from 0x00000000b1a00000 to 0x00000000b2b00000 of length 17825792.
# Possible reasons:
#   The system is out of physical RAM or swap space
#   The process is running with CompressedOops enabled, and the Java Heap may be blocking the growth of the native heap
# Possible solutions:
#   Reduce memory load on the system
#   Increase physical memory or swap space
#   Check if swap backing store is full
#   Decrease Java heap size (-Xmx/-Xms)
#   Decrease number of Java threads
#   Decrease Java thread stack sizes (-Xss)
#   Set larger code cache with -XX:ReservedCodeCacheSize=
#   JVM is running with Unscaled Compressed Oops mode in which the Java heap is
#     placed in the first 4GB address space. The Java Heap base address is the
#     maximum limit for the native heap growth. Please use -XX:HeapBaseMinAddress
#     to set the Java Heap base and to place the Java Heap above 4GB virtual address.
# This output file may be truncated or incomplete.
#
#  Out of Memory Error (t:/workspace/open/src/hotspot/os/windows/os_windows.cpp:3221), pid=4840, tid=12976
#
# JRE version: Java(TM) SE Runtime Environment (10.0.2+13) (build 10.0.2+13)
# Java VM: Java HotSpot(TM) 64-Bit Server VM (10.0.2+13, mixed mode, tiered, compressed oops, g1 gc, windows-amd64)
# No core dump will be written. Minidumps are not enabled by default on client versions of Windows
#

---------------  S U M M A R Y ------------

Command Line: -Dfile.encoding=UTF-8 projet.MainProjet

Host: AMD A10-5745M APU with Radeon(tm) HD Graphics  , 4 cores, 5G,  Windows 10 , 64 bit Build 17134 (10.0.17134.753)
Time: Sat Jun 08 15:44:44 2019 Paris, Madrid (heure d?été) elapsed time: 4 seconds (0d 0h 0m 4s)

---------------  T H R E A D  ---------------

Current thread (0x00000169ad5f7800):  VMThread "VM Thread" [stack: 0x0000002151400000,0x0000002151500000] [id=12976]

Stack: [0x0000002151400000,0x0000002151500000]
[error occurred during error reporting (printing stack bounds), id 0xe0000002]

Native frames: (J=compiled Java code, j=interpreted, Vv=VM code, C=native code)
V  [jvm.dll+0x5a01a9]
V  [jvm.dll+0x6bcf31]
V  [jvm.dll+0x6be126]
V  [jvm.dll+0x6be715]
V  [jvm.dll+0x6be6cb]
V  [jvm.dll+0x59f993]
V  [jvm.dll+0x59fda8]
C  [ntdll.dll+0x9f7dd]
C  [ntdll.dll+0xd856]
C  [ntdll.dll+0x9e70e]
C  0x0000016998fa0ead

VM_Operation (0x00000021524fb5f0): CollectForMetadataAllocation, mode: safepoint, requested by thread 0x00000169ae190000


---------------  P R O C E S S  ---------------

Threads class SMR info:
_java_thread_list=0x00000169c0413650, length=21, elements={
0x000001698dc0e000, 0x00000169ad5fa000, 0x00000169ad604800, 0x00000169ad655800,
0x00000169ad656800, 0x00000169ad659800, 0x00000169ad65c000, 0x00000169ad65d000,
0x00000169ad67a800, 0x00000169ae18e800, 0x00000169ae18b800, 0x00000169ae18a800,
0x00000169ae18d800, 0x00000169ae18f000, 0x00000169ae190000, 0x00000169ae189000,
0x00000169ae189800, 0x00000169ae18c000, 0x00000169ae18d000, 0x00000169bb7b4000,
0x00000169bb7b5800
}

Java Threads: ( => current thread )
  0x000001698dc0e000 JavaThread "main" [_thread_blocked, id=6984, stack(0x0000002150800000,0x0000002150900000)]
  0x00000169ad5fa000 JavaThread "Reference Handler" daemon [_thread_blocked, id=8696, stack(0x0000002151500000,0x0000002151600000)]
  0x00000169ad604800 JavaThread "Finalizer" daemon [_thread_blocked, id=7960, stack(0x0000002151600000,0x0000002151700000)]
  0x00000169ad655800 JavaThread "Signal Dispatcher" daemon [_thread_blocked, id=10020, stack(0x0000002151700000,0x0000002151800000)]
  0x00000169ad656800 JavaThread "Attach Listener" daemon [_thread_blocked, id=384, stack(0x0000002151800000,0x0000002151900000)]
  0x00000169ad659800 JavaThread "C2 CompilerThread0" daemon [_thread_in_native, id=12864, stack(0x0000002151900000,0x0000002151a00000)]
  0x00000169ad65c000 JavaThread "C2 CompilerThread1" daemon [_thread_in_native, id=13720, stack(0x0000002151a00000,0x0000002151b00000)]
  0x00000169ad65d000 JavaThread "C1 CompilerThread2" daemon [_thread_blocked, id=4532, stack(0x0000002151b00000,0x0000002151c00000)]
  0x00000169ad67a800 JavaThread "Sweeper thread" daemon [_thread_blocked, id=8596, stack(0x0000002151c00000,0x0000002151d00000)]
  0x00000169ae18e800 JavaThread "Service Thread" daemon [_thread_blocked, id=11296, stack(0x0000002151d00000,0x0000002151e00000)]
  0x00000169ae18b800 JavaThread "Common-Cleaner" daemon [_thread_blocked, id=6196, stack(0x0000002151e00000,0x0000002151f00000)]
  0x00000169ae18a800 JavaThread "JavaFX-Launcher" [_thread_blocked, id=5008, stack(0x0000002152000000,0x0000002152100000)]
  0x00000169ae18d800 JavaThread "QuantumRenderer-0" daemon [_thread_blocked, id=9692, stack(0x0000002152100000,0x0000002152200000)]
  0x00000169ae18f000 JavaThread "InvokeLaterDispatcher" daemon [_thread_blocked, id=1112, stack(0x0000002152300000,0x0000002152400000)]
  0x00000169ae190000 JavaThread "JavaFX Application Thread" [_thread_blocked, id=10988, stack(0x0000002152400000,0x0000002152500000)]
  0x00000169ae189000 JavaThread "Thread-2" daemon [_thread_blocked, id=10492, stack(0x0000002152b00000,0x0000002152c00000)]
  0x00000169ae189800 JavaThread "Java2D Disposer" daemon [_thread_blocked, id=13868, stack(0x0000002152c00000,0x0000002152d00000)]
  0x00000169ae18c000 JavaThread "Timer-0" daemon [_thread_blocked, id=1060, stack(0x0000002152d00000,0x0000002152e00000)]
  0x00000169ae18d000 JavaThread "oracle.jdbc.driver.BlockSource.ThreadedCachingBlockSource.BlockReleaser" daemon [_thread_blocked, id=8188, stack(0x0000002152e00000,0x0000002152f00000)]
  0x00000169bb7b4000 JavaThread "InterruptTimer" daemon [_thread_blocked, id=8764, stack(0x0000002152f00000,0x0000002153000000)]
  0x00000169bb7b5800 JavaThread "Prism Font Disposer" daemon [_thread_blocked, id=3272, stack(0x0000002153100000,0x0000002153200000)]

Other Threads:
=>0x00000169ad5f7800 VMThread "VM Thread" [stack: 0x0000002151400000,0x0000002151500000] [id=12976]
  0x00000169ae1b7800 WatcherThread [stack: 0x0000002151f00000,0x0000002152000000] [id=9840]
  0x000001698dc26000 GCTaskThread "GC Thread#0" [stack: 0x0000002150900000,0x0000002150a00000] [id=5428]
  0x000001698dc27800 GCTaskThread "GC Thread#1" [stack: 0x0000002150a00000,0x0000002150b00000] [id=10352]
  0x000001698dc2a000 GCTaskThread "GC Thread#2" [stack: 0x0000002150b00000,0x0000002150c00000] [id=13960]
  0x000001698dc2e800 GCTaskThread "GC Thread#3" [stack: 0x0000002150c00000,0x0000002150d00000] [id=14256]
  0x000001698dc7c000 ConcurrentGCThread "G1 Main Marker" [stack: 0x0000002150d00000,0x0000002150e00000] [id=3412]
  0x000001698dc88000 ConcurrentGCThread "G1 Conc#0" [stack: 0x0000002150e00000,0x0000002150f00000] [id=11404]
  0x000001698dcdc000 ConcurrentGCThread "G1 Refine#0" [stack: 0x0000002150f00000,0x0000002151000000] [id=4728]
  0x000001698dcdd000 ConcurrentGCThread "G1 Refine#1" [stack: 0x0000002151000000,0x0000002151100000] [id=11860]
  0x000001698dcde000 ConcurrentGCThread "G1 Refine#2" [stack: 0x0000002151100000,0x0000002151200000] [id=13064]
  0x000001698dcdf000 ConcurrentGCThread "G1 Refine#3" [stack: 0x0000002151200000,0x0000002151300000] [id=13548]
  0x000001698dce3000 ConcurrentGCThread "G1 Young RemSet Sampling" [stack: 0x0000002151300000,0x0000002151400000] [id=9676]

Threads with active compile tasks:
C2 CompilerThread02445       4       javafx.css.SimpleSelector::applies (54 bytes)
C2 CompilerThread12165       4       java.lang.invoke.MemberName::getMethodOrFieldType (72 bytes)

VM state:at safepoint (normal execution)

VM Mutex/Monitor currently owned by a thread:  ([mutex/lock_event])
[0x000001698dc02a00] Threads_lock - owner thread: 0x00000169ad5f7800
[0x000001698dc0bc20] Heap_lock - owner thread: 0x00000169ae190000
[0x000001698dc0c520] MultiArray_lock - owner thread: 0x00000169ae190000
[0x000001698dc0c760] Compile_lock - owner thread: 0x00000169ae190000

Heap address: 0x00000000ac600000, size: 1338 MB, Compressed Oops mode: 32-bit
Narrow klass base: 0x0000000000000000, Narrow klass shift: 3
Compressed class space size: 1073741824 Address: 0x0000000100000000

Heap:
 garbage-first heap   total 103424K, used 16967K [0x00000000ac600000, 0x0000000100000000)
  region size 1024K, 2 young (2048K), 2 survivors (2048K)
 Metaspace       used 34349K, capacity 35391K, committed 35840K, reserved 1081344K
  class space    used 4393K, capacity 4848K, committed 4864K, reserved 1048576K
Heap Regions: E=young(eden), S=young(survivor), O=old, HS=humongous(starts), HC=humongous(continues), CS=collection set, F=free, A=archive, TS=gc time stamp, AC=allocation context, TAMS=top-at-mark-start (previous, next)
|   0|0x00000000ac600000, 0x00000000ac700000, 0x00000000ac700000|100%|HS|  |TS  0|AC  0|TAMS 0x00000000ac700000, 0x00000000ac700000|
|   1|0x00000000ac700000, 0x00000000ac800000, 0x00000000ac800000|100%|HC|  |TS  0|AC  0|TAMS 0x00000000ac800000, 0x00000000ac800000|
|   2|0x00000000ac800000, 0x00000000ac900000, 0x00000000ac900000|100%| O|  |TS  0|AC  0|TAMS 0x00000000ac900000, 0x00000000ac900000|
|   3|0x00000000ac900000, 0x00000000aca00000, 0x00000000aca00000|100%| O|  |TS  0|AC  0|TAMS 0x00000000aca00000, 0x00000000aca00000|
|   4|0x00000000aca00000, 0x00000000acb00000, 0x00000000acb00000|100%|HS|  |TS  0|AC  0|TAMS 0x00000000acb00000, 0x00000000acb00000|
|   5|0x00000000acb00000, 0x00000000acc00000, 0x00000000acc00000|100%|HC|  |TS  0|AC  0|TAMS 0x00000000acc00000, 0x00000000acc00000|
|   6|0x00000000acc00000, 0x00000000acd00000, 0x00000000acd00000|100%| O|  |TS  0|AC  0|TAMS 0x00000000acd00000, 0x00000000acd00000|
|   7|0x00000000acd00000, 0x00000000ace00000, 0x00000000ace00000|100%| O|  |TS  0|AC  0|TAMS 0x00000000ace00000, 0x00000000ace00000|
|   8|0x00000000ace00000, 0x00000000acf00000, 0x00000000acf00000|100%| O|  |TS  1|AC  0|TAMS 0x00000000ace7a800, 0x00000000acf00000|
|   9|0x00000000acf00000, 0x00000000ad000000, 0x00000000ad000000|100%| O|  |TS  1|AC  0|TAMS 0x00000000acf00000, 0x00000000ad000000|
|  10|0x00000000ad000000, 0x00000000ad100000, 0x00000000ad100000|100%| O|  |TS  1|AC  0|TAMS 0x00000000ad000000, 0x00000000ad100000|
|  11|0x00000000ad100000, 0x00000000ad200000, 0x00000000ad200000|100%| O|  |TS  2|AC  0|TAMS 0x00000000ad100000, 0x00000000ad200000|
|  12|0x00000000ad200000, 0x00000000ad300000, 0x00000000ad300000|100%| O|  |TS  2|AC  0|TAMS 0x00000000ad200000, 0x00000000ad300000|
|  13|0x00000000ad300000, 0x00000000ad400000, 0x00000000ad400000|100%| O|  |TS  2|AC  0|TAMS 0x00000000ad300000, 0x00000000ad400000|
|  14|0x00000000ad400000, 0x00000000ad500000, 0x00000000ad500000|100%| O|  |TS  2|AC  0|TAMS 0x00000000ad400000, 0x00000000ad500000|
|  15|0x00000000ad500000, 0x00000000ad515000, 0x00000000ad600000|  8%| O|  |TS  2|AC  0|TAMS 0x00000000ad500000, 0x00000000ad515000|
|  16|0x00000000ad600000, 0x00000000ad600000, 0x00000000ad700000|  0%| F|  |TS  0|AC  0|TAMS 0x00000000ad600000, 0x00000000ad600000|
|  17|0x00000000ad700000, 0x00000000ad700000, 0x00000000ad800000|  0%| F|  |TS  0|AC  0|TAMS 0x00000000ad700000, 0x00000000ad700000|
|  18|0x00000000ad800000, 0x00000000ad800000, 0x00000000ad900000|  0%| F|  |TS  0|AC  0|TAMS 0x00000000ad800000, 0x00000000ad800000|
|  19|0x00000000ad900000, 0x00000000ad900000, 0x00000000ada00000|  0%| F|  |TS  0|AC  0|TAMS 0x00000000ad900000, 0x00000000ad900000|
|  20|0x00000000ada00000, 0x00000000ada00000, 0x00000000adb00000|  0%| F|  |TS  0|AC  0|TAMS 0x00000000ada00000, 0x00000000ada00000|
|  21|0x00000000adb00000, 0x00000000adb00000, 0x00000000adc00000|  0%| F|  |TS  0|AC  0|TAMS 0x00000000adb00000, 0x00000000adb00000|
|  22|0x00000000adc00000, 0x00000000adc00000, 0x00000000add00000|  0%| F|  |TS  0|AC  0|TAMS 0x00000000adc00000, 0x00000000adc00000|
|  23|0x00000000add00000, 0x00000000add00000, 0x00000000ade00000|  0%| F|  |TS  0|AC  0|TAMS 0x00000000add00000, 0x00000000add00000|
|  24|0x00000000ade00000, 0x00000000ade00000, 0x00000000adf00000|  0%| F|  |TS  0|AC  0|TAMS 0x00000000ade00000, 0x00000000ade00000|
|  25|0x00000000adf00000, 0x00000000adf00000, 0x00000000ae000000|  0%| F|  |TS  0|AC  0|TAMS 0x00000000adf00000, 0x00000000adf00000|
|  26|0x00000000ae000000, 0x00000000ae000000, 0x00000000ae100000|  0%| F|  |TS  0|AC  0|TAMS 0x00000000ae000000, 0x00000000ae000000|
|  27|0x00000000ae100000, 0x00000000ae100000, 0x00000000ae200000|  0%| F|  |TS  0|AC  0|TAMS 0x00000000ae100000, 0x00000000ae100000|
|  28|0x00000000ae200000, 0x00000000ae200000, 0x00000000ae300000|  0%| F|  |TS  0|AC  0|TAMS 0x00000000ae200000, 0x00000000ae200000|
|  29|0x00000000ae300000, 0x00000000ae300000, 0x00000000ae400000|  0%| F|  |TS  0|AC  0|TAMS 0x00000000ae300000, 0x00000000ae300000|
|  30|0x00000000ae400000, 0x00000000ae400000, 0x00000000ae500000|  0%| F|  |TS  0|AC  0|TAMS 0x00000000ae400000, 0x00000000ae400000|
|  31|0x00000000ae500000, 0x00000000ae500000, 0x00000000ae600000|  0%| F|  |TS  0|AC  0|TAMS 0x00000000ae500000, 0x00000000ae500000|
|  32|0x00000000ae600000, 0x00000000ae600000, 0x00000000ae700000|  0%| F|  |TS  0|AC  0|TAMS 0x00000000ae600000, 0x00000000ae600000|
|  33|0x00000000ae700000, 0x00000000ae700000, 0x00000000ae800000|  0%| F|  |TS  0|AC  0|TAMS 0x00000000ae700000, 0x00000000ae700000|
|  34|0x00000000ae800000, 0x00000000ae800000, 0x00000000ae900000|  0%| F|  |TS  0|AC  0|TAMS 0x00000000ae800000, 0x00000000ae800000|
|  35|0x00000000ae900000, 0x00000000ae900000, 0x00000000aea00000|  0%| F|  |TS  0|AC  0|TAMS 0x00000000ae900000, 0x00000000ae900000|
|  36|0x00000000aea00000, 0x00000000aea00000, 0x00000000aeb00000|  0%| F|  |TS  0|AC  0|TAMS 0x00000000aea00000, 0x00000000aea00000|
|  37|0x00000000aeb00000, 0x00000000aeb00000, 0x00000000aec00000|  0%| F|  |TS  0|AC  0|TAMS 0x00000000aeb00000, 0x00000000aeb00000|
|  38|0x00000000aec00000, 0x00000000aec00000, 0x00000000aed00000|  0%| F|  |TS  0|AC  0|TAMS 0x00000000aec00000, 0x00000000aec00000|
|  39|0x00000000aed00000, 0x00000000aed00000, 0x00000000aee00000|  0%| F|  |TS  0|AC  0|TAMS 0x00000000aed00000, 0x00000000aed00000|
|  40|0x00000000aee00000, 0x00000000aee00000, 0x00000000aef00000|  0%| F|  |TS  0|AC  0|TAMS 0x00000000aee00000, 0x00000000aee00000|
|  41|0x00000000aef00000, 0x00000000aef00000, 0x00000000af000000|  0%| F|  |TS  0|AC  0|TAMS 0x00000000aef00000, 0x00000000aef00000|
|  42|0x00000000af000000, 0x00000000af000000, 0x00000000af100000|  0%| F|  |TS  0|AC  0|TAMS 0x00000000af000000, 0x00000000af000000|
|  43|0x00000000af100000, 0x00000000af100000, 0x00000000af200000|  0%| F|  |TS  0|AC  0|TAMS 0x00000000af100000, 0x00000000af100000|
|  44|0x00000000af200000, 0x00000000af200000, 0x00000000af300000|  0%| F|  |TS  0|AC  0|TAMS 0x00000000af200000, 0x00000000af200000|
|  45|0x00000000af300000, 0x00000000af300000, 0x00000000af400000|  0%| F|  |TS  0|AC  0|TAMS 0x00000000af300000, 0x00000000af300000|
|  46|0x00000000af400000, 0x00000000af400000, 0x00000000af500000|  0%| F|  |TS  0|AC  0|TAMS 0x00000000af400000, 0x00000000af400000|
|  47|0x00000000af500000, 0x00000000af500000, 0x00000000af600000|  0%| F|  |TS  0|AC  0|TAMS 0x00000000af500000, 0x00000000af500000|
|  48|0x00000000af600000, 0x00000000af600000, 0x00000000af700000|  0%| F|  |TS  0|AC  0|TAMS 0x00000000af600000, 0x00000000af600000|
|  49|0x00000000af700000, 0x00000000af700000, 0x00000000af800000|  0%| F|  |TS  0|AC  0|TAMS 0x00000000af700000, 0x00000000af700000|
|  50|0x00000000af800000, 0x00000000af800000, 0x00000000af900000|  0%| F|  |TS  0|AC  0|TAMS 0x00000000af800000, 0x00000000af800000|
|  51|0x00000000af900000, 0x00000000af900000, 0x00000000afa00000|  0%| F|  |TS  2|AC  0|TAMS 0x00000000af900000, 0x00000000af900000|
|  52|0x00000000afa00000, 0x00000000afa00000, 0x00000000afb00000|  0%| F|  |TS  2|AC  0|TAMS 0x00000000afa00000, 0x00000000afa00000|
|  53|0x00000000afb00000, 0x00000000afb00000, 0x00000000afc00000|  0%| F|  |TS  2|AC  0|TAMS 0x00000000afb00000, 0x00000000afb00000|
|  54|0x00000000afc00000, 0x00000000afc00000, 0x00000000afd00000|  0%| F|  |TS  2|AC  0|TAMS 0x00000000afc00000, 0x00000000afc00000|
|  55|0x00000000afd00000, 0x00000000afd00000, 0x00000000afe00000|  0%| F|  |TS  1|AC  0|TAMS 0x00000000afd00000, 0x00000000afd00000|
|  56|0x00000000afe00000, 0x00000000afe00000, 0x00000000aff00000|  0%| F|  |TS  1|AC  0|TAMS 0x00000000afe00000, 0x00000000afe00000|
|  57|0x00000000aff00000, 0x00000000aff00000, 0x00000000b0000000|  0%| F|  |TS  1|AC  0|TAMS 0x00000000aff00000, 0x00000000aff00000|
|  58|0x00000000b0000000, 0x00000000b0000000, 0x00000000b0100000|  0%| F|  |TS  1|AC  0|TAMS 0x00000000b0000000, 0x00000000b0000000|
|  59|0x00000000b0100000, 0x00000000b0100000, 0x00000000b0200000|  0%| F|  |TS  1|AC  0|TAMS 0x00000000b0100000, 0x00000000b0100000|
|  60|0x00000000b0200000, 0x00000000b0200000, 0x00000000b0300000|  0%| F|  |TS  1|AC  0|TAMS 0x00000000b0200000, 0x00000000b0200000|
|  61|0x00000000b0300000, 0x00000000b0300000, 0x00000000b0400000|  0%| F|  |TS  1|AC  0|TAMS 0x00000000b0300000, 0x00000000b0300000|
|  62|0x00000000b0400000, 0x00000000b0400000, 0x00000000b0500000|  0%| F|  |TS  1|AC  0|TAMS 0x00000000b0400000, 0x00000000b0400000|
|  63|0x00000000b0500000, 0x00000000b0500000, 0x00000000b0600000|  0%| F|  |TS  1|AC  0|TAMS 0x00000000b0500000, 0x00000000b0500000|
|  64|0x00000000b0600000, 0x00000000b0600000, 0x00000000b0700000|  0%| F|  |TS  1|AC  0|TAMS 0x00000000b0600000, 0x00000000b0600000|
|  65|0x00000000b0700000, 0x00000000b0700000, 0x00000000b0800000|  0%| F|  |TS  1|AC  0|TAMS 0x00000000b0700000, 0x00000000b0700000|
|  66|0x00000000b0800000, 0x00000000b0800000, 0x00000000b0900000|  0%| F|  |TS  1|AC  0|TAMS 0x00000000b0800000, 0x00000000b0800000|
|  67|0x00000000b0900000, 0x00000000b0900000, 0x00000000b0a00000|  0%| F|  |TS  1|AC  0|TAMS 0x00000000b0900000, 0x00000000b0900000|
|  68|0x00000000b0a00000, 0x00000000b0a00000, 0x00000000b0b00000|  0%| F|  |TS  1|AC  0|TAMS 0x00000000b0a00000, 0x00000000b0a00000|
|  69|0x00000000b0b00000, 0x00000000b0b00000, 0x00000000b0c00000|  0%| F|  |TS  1|AC  0|TAMS 0x00000000b0b00000, 0x00000000b0b00000|
|  70|0x00000000b0c00000, 0x00000000b0c00000, 0x00000000b0d00000|  0%| F|  |TS  1|AC  0|TAMS 0x00000000b0c00000, 0x00000000b0c00000|
|  71|0x00000000b0d00000, 0x00000000b0d00000, 0x00000000b0e00000|  0%| F|  |TS  1|AC  0|TAMS 0x00000000b0d00000, 0x00000000b0d00000|
|  72|0x00000000b0e00000, 0x00000000b0e00000, 0x00000000b0f00000|  0%| F|  |TS  1|AC  0|TAMS 0x00000000b0e00000, 0x00000000b0e00000|
|  73|0x00000000b0f00000, 0x00000000b0f00000, 0x00000000b1000000|  0%| F|  |TS  1|AC  0|TAMS 0x00000000b0f00000, 0x00000000b0f00000|
|  74|0x00000000b1000000, 0x00000000b1000000, 0x00000000b1100000|  0%| F|  |TS  1|AC  0|TAMS 0x00000000b1000000, 0x00000000b1000000|
|  75|0x00000000b1100000, 0x00000000b1100000, 0x00000000b1200000|  0%| F|  |TS  1|AC  0|TAMS 0x00000000b1100000, 0x00000000b1100000|
|  76|0x00000000b1200000, 0x00000000b1200000, 0x00000000b1300000|  0%| F|  |TS  1|AC  0|TAMS 0x00000000b1200000, 0x00000000b1200000|
|  77|0x00000000b1300000, 0x00000000b1300000, 0x00000000b1400000|  0%| F|  |TS  1|AC  0|TAMS 0x00000000b1300000, 0x00000000b1300000|
|  78|0x00000000b1400000, 0x00000000b1400000, 0x00000000b1500000|  0%| F|  |TS  1|AC  0|TAMS 0x00000000b1400000, 0x00000000b1400000|
|  79|0x00000000b1500000, 0x00000000b1500000, 0x00000000b1600000|  0%| F|  |TS  1|AC  0|TAMS 0x00000000b1500000, 0x00000000b1500000|
|  80|0x00000000b1600000, 0x00000000b167cc20, 0x00000000b1700000| 48%| S|CS|TS  2|AC  0|TAMS 0x00000000b1600000, 0x00000000b1600000|
|  81|0x00000000b1700000, 0x00000000b1800000, 0x00000000b1800000|100%| S|CS|TS  2|AC  0|TAMS 0x00000000b1700000, 0x00000000b1700000|
|  82|0x00000000b1800000, 0x00000000b1800000, 0x00000000b1900000|  0%| F|  |TS  2|AC  0|TAMS 0x00000000b1800000, 0x00000000b1800000|
|  83|0x00000000b1900000, 0x00000000b1900000, 0x00000000b1a00000|  0%| F|  |TS  2|AC  0|TAMS 0x00000000b1900000, 0x00000000b1900000|

Card table byte_map: [0x00000169a8240000,0x00000169a84e0000] byte_map_base: 0x00000169a7cdd000

Marking Bits (Prev, Next): (CMBitMap*) 0x000001698dc7b418, (CMBitMap*) 0x000001698dc7b3e0
 Prev Bits: [0x00000169a9c70000, 0x00000169ab158000)
 Next Bits: [0x00000169a8780000, 0x00000169a9c68000)

Polling page: 0x000001698b9a0000

CodeHeap 'non-profiled nmethods': size=120064Kb used=1070Kb max_used=1070Kb free=118993Kb
 bounds [0x00000169a0a60000, 0x00000169a0cd0000, 0x00000169a7fa0000]
CodeHeap 'profiled nmethods': size=120000Kb used=5110Kb max_used=5110Kb free=114889Kb
 bounds [0x0000016999530000, 0x0000016999a30000, 0x00000169a0a60000]
CodeHeap 'non-nmethods': size=5696Kb used=1371Kb max_used=1391Kb free=4324Kb
 bounds [0x0000016998fa0000, 0x0000016999210000, 0x0000016999530000]
 total_blobs=3849 nmethods=2515 adapters=721
 compilation: enabled

Compilation events (10 events):
Event: 4.644 Thread 0x00000169ad65d000 2519       3       javafx.scene.Node::getLayoutBounds (11 bytes)
Event: 4.644 Thread 0x00000169ad65d000 nmethod 2519 0x0000016999a28b10 code [0x0000016999a28ce0, 0x0000016999a28ff0]
Event: 4.644 Thread 0x00000169ad65d000 2518       1       com.sun.javafx.geom.RectBounds::getMinY (5 bytes)
Event: 4.644 Thread 0x00000169ad65d000 nmethod 2518 0x00000169a0b6b190 code [0x00000169a0b6b340, 0x00000169a0b6b458]
Event: 4.665 Thread 0x00000169ad65d000 2521 %     3       com.sun.javafx.iio.common.SmoothMinifier::putSourceScanline @ 286 (781 bytes)
Event: 4.668 Thread 0x00000169ad65d000 nmethod 2521% 0x0000016999a29110 code [0x0000016999a29440, 0x0000016999a2ab30]
Event: 4.668 Thread 0x00000169ad65d000 2522       3       com.sun.javafx.iio.common.SmoothMinifier::putSourceScanline (781 bytes)
Event: 4.671 Thread 0x00000169ad65d000 nmethod 2522 0x0000016999a2b790 code [0x0000016999a2bac0, 0x0000016999a2cf70]
Event: 4.671 Thread 0x00000169ad65d000 2523       1       com.sun.prism.Image::getScanlineStride (5 bytes)
Event: 4.671 Thread 0x00000169ad65d000 nmethod 2523 0x00000169a0b6b710 code [0x00000169a0b6b8c0, 0x00000169a0b6b9d8]

GC Heap History (9 events):
Event: 1.490 GC heap before
{Heap before GC invocations=0 (full 0):
 garbage-first heap   total 86016K, used 16384K [0x00000000ac600000, 0x0000000100000000)
  region size 1024K, 14 young (14336K), 0 survivors (0K)
 Metaspace       used 15881K, capacity 16339K, committed 16640K, reserved 1064960K
  class space    used 1781K, capacity 1985K, committed 2048K, reserved 1048576K
}
Event: 1.503 GC heap after
{Heap after GC invocations=1 (full 0):
 garbage-first heap   total 86016K, used 5908K [0x00000000ac600000, 0x0000000100000000)
  region size 1024K, 2 young (2048K), 2 survivors (2048K)
 Metaspace       used 15881K, capacity 16339K, committed 16640K, reserved 1064960K
  class space    used 1781K, capacity 1985K, committed 2048K, reserved 1048576K
}
Event: 1.636 GC heap before
{Heap before GC invocations=1 (full 0):
 garbage-first heap   total 86016K, used 10004K [0x00000000ac600000, 0x0000000100000000)
  region size 1024K, 4 young (4096K), 2 survivors (2048K)
 Metaspace       used 16925K, capacity 17378K, committed 17536K, reserved 1064960K
  class space    used 1956K, capacity 2158K, committed 2176K, reserved 1048576K
}
Event: 1.646 GC heap after
{Heap after GC invocations=2 (full 0):
 garbage-first heap   total 86016K, used 9056K [0x00000000ac600000, 0x0000000100000000)
  region size 1024K, 1 young (1024K), 1 survivors (1024K)
 Metaspace       used 16925K, capacity 17378K, committed 17536K, reserved 1064960K
  class space    used 1956K, capacity 2158K, committed 2176K, reserved 1048576K
}
Event: 2.273 GC heap before
{Heap before GC invocations=2 (full 0):
 garbage-first heap   total 86016K, used 19296K [0x00000000ac600000, 0x0000000100000000)
  region size 1024K, 12 young (12288K), 1 survivors (1024K)
 Metaspace       used 20621K, capacity 21124K, committed 21248K, reserved 1067008K
  class space    used 2526K, capacity 2792K, committed 2816K, reserved 1048576K
}
Event: 2.282 GC heap after
{Heap after GC invocations=3 (full 0):
 garbage-first heap   total 86016K, used 11754K [0x00000000ac600000, 0x0000000100000000)
  region size 1024K, 3 young (3072K), 3 survivors (3072K)
 Metaspace       used 20621K, capacity 21124K, committed 21248K, reserved 1067008K
  class space    used 2526K, capacity 2792K, committed 2816K, reserved 1048576K
}
Event: 4.521 GC heap before
{Heap before GC invocations=4 (full 0):
 garbage-first heap   total 86016K, used 38378K [0x00000000ac600000, 0x0000000100000000)
  region size 1024K, 29 young (29696K), 3 survivors (3072K)
 Metaspace       used 33729K, capacity 34696K, committed 35072K, reserved 1079296K
  class space    used 4301K, capacity 4767K, committed 4864K, reserved 1048576K
}
Event: 4.539 GC heap after
{Heap after GC invocations=5 (full 0):
 garbage-first heap   total 86016K, used 15590K [0x00000000ac600000, 0x0000000100000000)
  region size 1024K, 4 young (4096K), 4 survivors (4096K)
 Metaspace       used 33729K, capacity 34696K, committed 35072K, reserved 1079296K
  class space    used 4301K, capacity 4767K, committed 4864K, reserved 1048576K
}
Event: 4.681 GC heap before
{Heap before GC invocations=5 (full 0):
 garbage-first heap   total 86016K, used 16614K [0x00000000ac600000, 0x0000000100000000)
  region size 1024K, 6 young (6144K), 4 survivors (4096K)
 Metaspace       used 34349K, capacity 35391K, committed 35840K, reserved 1081344K
  class space    used 4393K, capacity 4848K, committed 4864K, reserved 1048576K
}

Deoptimization events (10 events):
Event: 3.621 Thread 0x00000169ae190000 Uncommon trap: reason=unstable_if action=reinterpret pc=0x00000169a0adf41c method=java.util.Arrays.equals([Ljava/lang/Object;[Ljava/lang/Object;)Z @ 23 c2
Event: 3.810 Thread 0x00000169ae190000 Uncommon trap: reason=unstable_if action=reinterpret pc=0x00000169a0ad7110 method=java.util.HashMap.hash(Ljava/lang/Object;)I @ 1 c2
Event: 3.811 Thread 0x00000169ae190000 Uncommon trap: reason=unstable_if action=reinterpret pc=0x00000169a0acd02c method=java.util.HashMap.hash(Ljava/lang/Object;)I @ 1 c2
Event: 3.954 Thread 0x00000169ae190000 Uncommon trap: reason=unstable_if action=reinterpret pc=0x00000169a0ad33f8 method=java.util.HashMap.hash(Ljava/lang/Object;)I @ 1 c2
Event: 4.095 Thread 0x00000169ae190000 Uncommon trap: reason=class_check action=maybe_recompile pc=0x00000169a0a761cc method=java.lang.String.equals(Ljava/lang/Object;)Z @ 8 c2
Event: 4.095 Thread 0x00000169ae190000 Uncommon trap: reason=class_check action=maybe_recompile pc=0x00000169a0a761cc method=java.lang.String.equals(Ljava/lang/Object;)Z @ 8 c2
Event: 4.095 Thread 0x00000169ae190000 Uncommon trap: reason=class_check action=maybe_recompile pc=0x00000169a0a761cc method=java.lang.String.equals(Ljava/lang/Object;)Z @ 8 c2
Event: 4.098 Thread 0x00000169ae190000 Uncommon trap: reason=class_check action=maybe_recompile pc=0x00000169a0a761cc method=java.lang.String.equals(Ljava/lang/Object;)Z @ 8 c2
Event: 4.253 Thread 0x00000169ae190000 Uncommon trap: reason=unstable_if action=reinterpret pc=0x00000169a0b37e74 method=java.lang.ClassLoader.checkName(Ljava/lang/String;)Z @ 20 c2
Event: 4.444 Thread 0x00000169ae190000 Uncommon trap: reason=unstable_if action=reinterpret pc=0x00000169a0b41c2c method=java.net.URL.<init>(Ljava/net/URL;Ljava/lang/String;Ljava/net/URLStreamHandler;)V @ 347 c2

Classes redefined (0 events):
No events

Internal exceptions (10 events):
Event: 3.811 Thread 0x00000169ae190000 Implicit null exception at 0x00000169a0accfaf to 0x00000169a0acd01d
Event: 3.921 Thread 0x00000169ae190000 Exception <a 'java/io/FileNotFoundException'{0x00000000b04b6e78}> (0x00000000b04b6e78) thrown at [t:/workspace/open/src/hotspot/share/prims/jni.cpp, line 611]
Event: 3.954 Thread 0x00000169ae190000 Implicit null exception at 0x00000169a0ad3215 to 0x00000169a0ad33e6
Event: 4.033 Thread 0x00000169ae190000 Exception <a 'java/lang/NoSuchMethodError'{0x00000000b03921a0}: method resolution failed> (0x00000000b03921a0) thrown at [t:/workspace/open/src/hotspot/share/prims/methodHandles.cpp, line 1226]
Event: 4.124 Thread 0x00000169ae190000 Exception <a 'java/lang/IncompatibleClassChangeError'{0x00000000b02310d8}: Found class java.lang.Object, but interface was expected> (0x00000000b02310d8) thrown at [t:/workspace/open/src/hotspot/share/interpreter/linkResolver.cpp, line 807]
Event: 4.240 Thread 0x00000169ae190000 Exception <a 'java/lang/NoSuchMethodError'{0x00000000b01d5df0}: java.lang.Object.lambda$andThen$0(Ljava/util/function/Consumer;Ljava/lang/Object;)V> (0x00000000b01d5df0) thrown at [t:/workspace/open/src/hotspot/share/interpreter/linkResolver.cpp, line 741
Event: 4.253 Thread 0x00000169ae190000 Exception <a 'java/lang/ClassNotFoundException'{0x00000000b01ee3e0}: com/sun/javafx/scene/control/skin/resources/controls> (0x00000000b01ee3e0) thrown at [t:/workspace/open/src/hotspot/share/prims/jni.cpp, line 632]
Event: 4.255 Thread 0x00000169ae190000 Exception <a 'java/lang/ClassNotFoundException'{0x00000000b01fc440}: com/sun/javafx/scene/control/skin/resources/controls_fr> (0x00000000b01fc440) thrown at [t:/workspace/open/src/hotspot/share/prims/jni.cpp, line 632]
Event: 4.257 Thread 0x00000169ae190000 Exception <a 'java/lang/ClassNotFoundException'{0x00000000b000c2b0}: com/sun/javafx/scene/control/skin/resources/controls_fr_FR> (0x00000000b000c2b0) thrown at [t:/workspace/open/src/hotspot/share/prims/jni.cpp, line 632]
Event: 4.520 Thread 0x00000169ae190000 Exception <a 'java/lang/NoSuchMethodError'{0x00000000afdfa5f8}: java.lang.invoke.DirectMethodHandle$Holder.invokeSpecial(Ljava/lang/Object;Ljava/lang/Object;Ljava/lang/Object;Ljava/lang/Object;Ljava/lang/Object;Ljava/lang/Object;)V> (0x00000000afdfa5f8) t

Events (10 events):
Event: 4.647 loading class com/sun/javafx/tk/quantum/GlassViewEventHandler$ViewEventNotification done
Event: 4.648 loading class com/sun/javafx/tk/quantum/WindowStage
Event: 4.648 loading class com/sun/javafx/tk/quantum/WindowStage done
Event: 4.655 loading class com/sun/javafx/tk/TKListener
Event: 4.655 loading class com/sun/javafx/tk/TKListener done
Event: 4.656 loading class com/sun/javafx/tk/TKListener
Event: 4.656 loading class com/sun/javafx/tk/TKListener done
Event: 4.680 loading class java/nio/HeapIntBuffer
Event: 4.681 loading class java/nio/HeapIntBuffer done
Event: 4.681 Executing VM operation: CollectForMetadataAllocation


Dynamic libraries:
0x00007ff6cebe0000 - 0x00007ff6cec1e000 	C:\DEV\java\jdk\jdk10\bin\javaw.exe
0x00007ffcf6480000 - 0x00007ffcf6661000 	C:\WINDOWS\SYSTEM32\ntdll.dll
0x00007ffcf5500000 - 0x00007ffcf55b1000 	C:\WINDOWS\System32\KERNEL32.DLL
0x00007ffcf2a40000 - 0x00007ffcf2cb3000 	C:\WINDOWS\System32\KERNELBASE.dll
0x00007ffcf5f10000 - 0x00007ffcf5fb1000 	C:\WINDOWS\System32\ADVAPI32.dll
0x00007ffcf3f20000 - 0x00007ffcf3fbe000 	C:\WINDOWS\System32\msvcrt.dll
0x00007ffcf5740000 - 0x00007ffcf579b000 	C:\WINDOWS\System32\sechost.dll
0x00007ffcf5920000 - 0x00007ffcf5a44000 	C:\WINDOWS\System32\RPCRT4.dll
0x00007ffcf5d80000 - 0x00007ffcf5f10000 	C:\WINDOWS\System32\USER32.dll
0x00007ffcf35c0000 - 0x00007ffcf35e0000 	C:\WINDOWS\System32\win32u.dll
0x00007ffcf57b0000 - 0x00007ffcf57d8000 	C:\WINDOWS\System32\GDI32.dll
0x00007ffcf28a0000 - 0x00007ffcf2a32000 	C:\WINDOWS\System32\gdi32full.dll
0x00007ffcf35e0000 - 0x00007ffcf367f000 	C:\WINDOWS\System32\msvcp_win.dll
0x00007ffcf36e0000 - 0x00007ffcf37d8000 	C:\WINDOWS\System32\ucrtbase.dll
0x00007ffce16d0000 - 0x00007ffce1939000 	C:\WINDOWS\WinSxS\amd64_microsoft.windows.common-controls_6595b64144ccf1df_6.0.17134.765_none_fb42a1a930655896\COMCTL32.dll
0x00007ffcf5a50000 - 0x00007ffcf5d72000 	C:\WINDOWS\System32\combase.dll
0x00007ffcf3890000 - 0x00007ffcf390a000 	C:\WINDOWS\System32\bcryptPrimitives.dll
0x00007ffce79b0000 - 0x00007ffce79ba000 	C:\WINDOWS\SYSTEM32\VERSION.dll
0x00007ffcf5400000 - 0x00007ffcf542d000 	C:\WINDOWS\System32\IMM32.DLL
0x00007ffcd4c60000 - 0x00007ffcd4d4f000 	C:\DEV\java\jdk\jdk10\bin\msvcr120.dll
0x00007ffce3620000 - 0x00007ffce36c6000 	C:\DEV\java\jdk\jdk10\bin\msvcp120.dll
0x0000000054e20000 - 0x0000000055890000 	C:\DEV\java\jdk\jdk10\bin\server\jvm.dll
0x00007ffcf5810000 - 0x00007ffcf5818000 	C:\WINDOWS\System32\PSAPI.DLL
0x00007ffcf03d0000 - 0x00007ffcf03f3000 	C:\WINDOWS\SYSTEM32\WINMM.dll
0x00007ffce79c0000 - 0x00007ffce79c9000 	C:\WINDOWS\SYSTEM32\WSOCK32.dll
0x000001698d380000 - 0x000001698d3ec000 	C:\WINDOWS\System32\ws2_32.DLL
0x00007ffcf03a0000 - 0x00007ffcf03ca000 	C:\WINDOWS\SYSTEM32\WINMMBASE.dll
0x00007ffcf2850000 - 0x00007ffcf2899000 	C:\WINDOWS\System32\cfgmgr32.dll
0x00007ffce5d80000 - 0x00007ffce5d8f000 	C:\DEV\java\jdk\jdk10\bin\verify.dll
0x00007ffcde280000 - 0x00007ffcde449000 	C:\WINDOWS\SYSTEM32\DBGHELP.DLL
0x00007ffcde1a0000 - 0x00007ffcde1c9000 	C:\WINDOWS\SYSTEM32\dbgcore.DLL
0x00007ffcdd560000 - 0x00007ffcdd587000 	C:\DEV\java\jdk\jdk10\bin\java.dll
0x00007ffce5cb0000 - 0x00007ffce5cc6000 	C:\DEV\java\jdk\jdk10\bin\zip.dll
0x00007ffce4120000 - 0x00007ffce412a000 	C:\DEV\java\jdk\jdk10\bin\jimage.dll
0x00007ffcf3fc0000 - 0x00007ffcf5400000 	C:\WINDOWS\System32\SHELL32.dll
0x00007ffcf5fc0000 - 0x00007ffcf6069000 	C:\WINDOWS\System32\shcore.dll
0x00007ffcf2cc0000 - 0x00007ffcf33cd000 	C:\WINDOWS\System32\windows.storage.dll
0x00007ffcf63f0000 - 0x00007ffcf6441000 	C:\WINDOWS\System32\shlwapi.dll
0x00007ffcf27d0000 - 0x00007ffcf27e1000 	C:\WINDOWS\System32\kernel.appcore.dll
0x00007ffcf2790000 - 0x00007ffcf27af000 	C:\WINDOWS\System32\profapi.dll
0x00007ffcf2800000 - 0x00007ffcf284c000 	C:\WINDOWS\System32\powrprof.dll
0x00007ffcf27f0000 - 0x00007ffcf27fa000 	C:\WINDOWS\System32\FLTLIB.DLL
0x00007ffce3c60000 - 0x00007ffce3c7a000 	C:\dev\Java\jdk\jdk10\bin\net.dll
0x00007ffcee540000 - 0x00007ffcee61d000 	C:\WINDOWS\SYSTEM32\WINHTTP.dll
0x00007ffcf1fb0000 - 0x00007ffcf2016000 	C:\WINDOWS\system32\mswsock.dll
0x00007ffce3b60000 - 0x00007ffce3b71000 	C:\dev\Java\jdk\jdk10\bin\nio.dll
0x000001698dbb0000 - 0x000001698dbb3000 	C:\dev\Java\jdk\jdk10\bin\api-ms-win-core-console-l1-1-0.dll
0x000001698dbc0000 - 0x000001698dbc3000 	C:\dev\Java\jdk\jdk10\bin\api-ms-win-core-datetime-l1-1-0.dll
0x000001698dbd0000 - 0x000001698dbd3000 	C:\dev\Java\jdk\jdk10\bin\api-ms-win-core-debug-l1-1-0.dll
0x000001698dbe0000 - 0x000001698dbe3000 	C:\dev\Java\jdk\jdk10\bin\api-ms-win-core-errorhandling-l1-1-0.dll
0x00000169b9e60000 - 0x00000169b9e64000 	C:\dev\Java\jdk\jdk10\bin\api-ms-win-core-file-l1-1-0.dll
0x00000169b9e70000 - 0x00000169b9e73000 	C:\dev\Java\jdk\jdk10\bin\api-ms-win-core-file-l1-2-0.dll
0x00000169b9e80000 - 0x00000169b9e83000 	C:\dev\Java\jdk\jdk10\bin\api-ms-win-core-file-l2-1-0.dll
0x00000169b9e90000 - 0x00000169b9e93000 	C:\dev\Java\jdk\jdk10\bin\api-ms-win-core-handle-l1-1-0.dll
0x00000169b9ea0000 - 0x00000169b9ea3000 	C:\dev\Java\jdk\jdk10\bin\api-ms-win-core-heap-l1-1-0.dll
0x00000169b9eb0000 - 0x00000169b9eb3000 	C:\dev\Java\jdk\jdk10\bin\api-ms-win-core-interlocked-l1-1-0.dll
0x00000169b9ec0000 - 0x00000169b9ec3000 	C:\dev\Java\jdk\jdk10\bin\api-ms-win-core-libraryloader-l1-1-0.dll
0x00000169b9ed0000 - 0x00000169b9ed3000 	C:\dev\Java\jdk\jdk10\bin\api-ms-win-core-localization-l1-2-0.dll
0x00000169b9ee0000 - 0x00000169b9ee3000 	C:\dev\Java\jdk\jdk10\bin\api-ms-win-core-memory-l1-1-0.dll
0x00000169b9ef0000 - 0x00000169b9ef3000 	C:\dev\Java\jdk\jdk10\bin\api-ms-win-core-namedpipe-l1-1-0.dll
0x00000169b9f00000 - 0x00000169b9f03000 	C:\dev\Java\jdk\jdk10\bin\api-ms-win-core-processenvironment-l1-1-0.dll
0x00000169b9f10000 - 0x00000169b9f13000 	C:\dev\Java\jdk\jdk10\bin\api-ms-win-core-processthreads-l1-1-0.dll
0x00000169b9f20000 - 0x00000169b9f23000 	C:\dev\Java\jdk\jdk10\bin\api-ms-win-core-processthreads-l1-1-1.dll
0x00000169b9f30000 - 0x00000169b9f33000 	C:\dev\Java\jdk\jdk10\bin\api-ms-win-core-profile-l1-1-0.dll
0x00000169b9f40000 - 0x00000169b9f43000 	C:\dev\Java\jdk\jdk10\bin\api-ms-win-core-rtlsupport-l1-1-0.dll
0x00000169b9f50000 - 0x00000169b9f53000 	C:\dev\Java\jdk\jdk10\bin\api-ms-win-core-string-l1-1-0.dll
0x00000169b9f60000 - 0x00000169b9f63000 	C:\dev\Java\jdk\jdk10\bin\api-ms-win-core-synch-l1-1-0.dll
0x00000169b9f70000 - 0x00000169b9f73000 	C:\dev\Java\jdk\jdk10\bin\api-ms-win-core-synch-l1-2-0.dll
0x00000169b9f80000 - 0x00000169b9f83000 	C:\dev\Java\jdk\jdk10\bin\api-ms-win-core-sysinfo-l1-1-0.dll
0x00000169b9f90000 - 0x00000169b9f93000 	C:\dev\Java\jdk\jdk10\bin\api-ms-win-core-timezone-l1-1-0.dll
0x00000169b9fa0000 - 0x00000169b9fa3000 	C:\dev\Java\jdk\jdk10\bin\api-ms-win-core-util-l1-1-0.dll
0x00000169b9fb0000 - 0x00000169b9fb3000 	C:\dev\Java\jdk\jdk10\bin\api-ms-win-crt-conio-l1-1-0.dll
0x00000169b9fc0000 - 0x00000169b9fc4000 	C:\dev\Java\jdk\jdk10\bin\api-ms-win-crt-convert-l1-1-0.dll
0x00000169b9fd0000 - 0x00000169b9fd3000 	C:\dev\Java\jdk\jdk10\bin\api-ms-win-crt-environment-l1-1-0.dll
0x00000169b9fe0000 - 0x00000169b9fe3000 	C:\dev\Java\jdk\jdk10\bin\api-ms-win-crt-filesystem-l1-1-0.dll
0x00000169b9ff0000 - 0x00000169b9ff3000 	C:\dev\Java\jdk\jdk10\bin\api-ms-win-crt-heap-l1-1-0.dll
0x00000169ba000000 - 0x00000169ba003000 	C:\dev\Java\jdk\jdk10\bin\api-ms-win-crt-locale-l1-1-0.dll
0x00000169ba010000 - 0x00000169ba015000 	C:\dev\Java\jdk\jdk10\bin\api-ms-win-crt-math-l1-1-0.dll
0x00000169ba020000 - 0x00000169ba025000 	C:\dev\Java\jdk\jdk10\bin\api-ms-win-crt-multibyte-l1-1-0.dll
0x00000169ba030000 - 0x00000169ba040000 	C:\dev\Java\jdk\jdk10\bin\api-ms-win-crt-private-l1-1-0.dll
0x00000169ba040000 - 0x00000169ba043000 	C:\dev\Java\jdk\jdk10\bin\api-ms-win-crt-process-l1-1-0.dll
0x00000169ba050000 - 0x00000169ba054000 	C:\dev\Java\jdk\jdk10\bin\api-ms-win-crt-runtime-l1-1-0.dll
0x00000169ba060000 - 0x00000169ba064000 	C:\dev\Java\jdk\jdk10\bin\api-ms-win-crt-stdio-l1-1-0.dll
0x00000169ba070000 - 0x00000169ba074000 	C:\dev\Java\jdk\jdk10\bin\api-ms-win-crt-string-l1-1-0.dll
0x00000169ba080000 - 0x00000169ba083000 	C:\dev\Java\jdk\jdk10\bin\api-ms-win-crt-time-l1-1-0.dll
0x00000169ba090000 - 0x00000169ba093000 	C:\dev\Java\jdk\jdk10\bin\api-ms-win-crt-utility-l1-1-0.dll
0x00007ffcd3030000 - 0x00007ffcd3126000 	C:\dev\Java\jdk\jdk10\bin\ucrtbase.dll
0x00007ffcec3d0000 - 0x00007ffcec3e6000 	C:\dev\Java\jdk\jdk10\bin\vcruntime140.dll
0x00007ffcdf710000 - 0x00007ffcdf7ac000 	C:\dev\Java\jdk\jdk10\bin\msvcp140.dll
0x00007ffce7a50000 - 0x00007ffce7aa1000 	C:\dev\Java\jdk\jdk10\bin\concrt140.dll
0x00007ffcec280000 - 0x00007ffcec2a3000 	C:\dev\Java\jdk\jdk10\bin\prism_d3d.dll
0x00007ffcc92f0000 - 0x00007ffcc9487000 	C:\WINDOWS\system32\d3d9.dll
0x00007ffcf10f0000 - 0x00007ffcf1119000 	C:\WINDOWS\SYSTEM32\dwmapi.dll
0x00007ffcf0db0000 - 0x00007ffcf0e48000 	C:\WINDOWS\system32\uxtheme.dll
0x00007ffcebce0000 - 0x00007ffcebe44000 	C:\WINDOWS\SYSTEM32\aticfx64.dll
0x00007ffce8f10000 - 0x00007ffce8f31000 	C:\WINDOWS\SYSTEM32\atiu9p64.dll
0x00007ffccc830000 - 0x00007ffccd089000 	C:\WINDOWS\SYSTEM32\atiumd64.dll
0x0000000055bb0000 - 0x0000000056438000 	C:\WINDOWS\SYSTEM32\atiumd6a.dll
0x00007ffce4140000 - 0x00007ffce418a000 	C:\dev\Java\jdk\jdk10\bin\glass.dll
0x00007ffcf3e30000 - 0x00007ffcf3f1d000 	C:\WINDOWS\System32\COMDLG32.dll
0x00007ffcf6290000 - 0x00007ffcf63e1000 	C:\WINDOWS\System32\ole32.dll
0x00007ffcf5430000 - 0x00007ffcf54f2000 	C:\WINDOWS\System32\OLEAUT32.dll
0x00007ffcf55c0000 - 0x00007ffcf5733000 	C:\WINDOWS\System32\MSCTF.dll
0x00007ffcead20000 - 0x00007ffcead39000 	C:\Program Files (x86)\Smadav\SmadHook64.dll
0x00007ffce8ec0000 - 0x00007ffce8ed4000 	C:\dev\Java\jdk\jdk10\bin\javafx_font.dll
0x00007ffccfe20000 - 0x00007ffccffbb000 	C:\dev\Java\jdk\jdk10\bin\awt.dll
0x00007ffcefac0000 - 0x00007ffcf0087000 	C:\WINDOWS\SYSTEM32\d2d1.dll
0x00007ffcf0bf0000 - 0x00007ffcf0c7b000 	C:\WINDOWS\SYSTEM32\apphelp.dll
0x00007ffcdd380000 - 0x00007ffcdd3e5000 	C:\dev\Java\jdk\jdk10\bin\fontmanager.dll
0x00007ffce8530000 - 0x00007ffce884c000 	C:\WINDOWS\SYSTEM32\dwrite.dll
0x00007ffce68d0000 - 0x00007ffce68f3000 	C:\dev\Java\jdk\jdk10\bin\javafx_iio.dll
0x00007ffcef180000 - 0x00007ffcef189000 	C:\dev\Java\jdk\jdk10\bin\management.dll
0x00007ffcef0b0000 - 0x00007ffcef0ba000 	C:\dev\Java\jdk\jdk10\bin\management_ext.dll
0x00007ffcf1d80000 - 0x00007ffcf1e3e000 	C:\WINDOWS\SYSTEM32\DNSAPI.dll
0x00007ffcf5800000 - 0x00007ffcf5808000 	C:\WINDOWS\System32\NSI.dll
0x00007ffcf1d30000 - 0x00007ffcf1d68000 	C:\WINDOWS\SYSTEM32\IPHLPAPI.DLL
0x00007ffce58b0000 - 0x00007ffce58ba000 	C:\Windows\System32\rasadhlp.dll
0x00007ffce7c40000 - 0x00007ffce7cb2000 	C:\WINDOWS\System32\fwpuclnt.dll
0x00007ffcf2290000 - 0x00007ffcf22b5000 	C:\WINDOWS\SYSTEM32\bcrypt.dll
0x00007ffcec450000 - 0x00007ffcec466000 	C:\WINDOWS\system32\napinsp.dll
0x00007ffce7cc0000 - 0x00007ffce7cda000 	C:\WINDOWS\system32\pnrpnsp.dll
0x00007ffcee0e0000 - 0x00007ffcee0f9000 	C:\WINDOWS\system32\NLAapi.dll
0x00007ffcec700000 - 0x00007ffcec70e000 	C:\WINDOWS\System32\winrnr.dll
0x00007ffceaeb0000 - 0x00007ffceaec5000 	C:\WINDOWS\System32\wshbth.dll
0x00007ffcf2170000 - 0x00007ffcf2187000 	C:\WINDOWS\SYSTEM32\CRYPTSP.dll
0x00007ffcf1b90000 - 0x00007ffcf1bc3000 	C:\WINDOWS\system32\rsaenh.dll
0x00007ffcf26c0000 - 0x00007ffcf26e8000 	C:\WINDOWS\SYSTEM32\USERENV.dll
0x00007ffcf2160000 - 0x00007ffcf216b000 	C:\WINDOWS\SYSTEM32\CRYPTBASE.dll

dbghelp: loaded successfully - version: 4.0.5 - missing functions: none
symbol engine: initialized successfully - sym options: 0x614 - pdb path: .;C:\DEV\java\jdk\jdk10\bin;C:\WINDOWS\SYSTEM32;C:\WINDOWS\WinSxS\amd64_microsoft.windows.common-controls_6595b64144ccf1df_6.0.17134.765_none_fb42a1a930655896;C:\DEV\java\jdk\jdk10\bin\server;C:\Program Files (x86)\Smadav;C:\Program Files\Common Files\Microsoft Shared\Ink

VM Arguments:
jvm_args: -Dfile.encoding=UTF-8 
java_command: projet.MainProjet
java_class_path (initial): C:\Users\Ce\Desktop\Java_Framework\projet\bin;C:\Users\Ce\Desktop\Java_Framework\Framework-3iL\bin;C:\Users\Ce\Desktop\Java_Framework\~libraries\JDBC Drivers\ojdbc8.jar;C:\Users\Ce\Desktop\Java_Framework\~libraries\mapstruct-1.3\mapstruct-1.3.0.Final.jar
Launcher Type: SUN_STANDARD

Logging:
Log output configuration:
#0: stdout all=warning uptime,level,tags
#1: stderr all=off uptime,level,tags

Environment Variables:
PATH=C:/dev/java/jdk/jdk10/bin/server;C:/dev/java/jdk/jdk10/bin;C:\oraclexe\app\oracle\product\11.2.0\server\bin;C:\Program Files (x86)\Common Files\Oracle\Java\javapath;C:\ProgramData\Oracle\Java\javapath;C:\WINDOWS\system32;C:\WINDOWS;C:\WINDOWS\System32\Wbem;C:\WINDOWS\System32\WindowsPowerShell\v1.0\;C:\WINDOWS\System32\OpenSSH\;C:\Program Files\dotnet\;C:\Program Files\Microsoft SQL Server\130\Tools\Binn\;C:\Program Files\nodejs\;C:\Program Files\MATLAB\R2019a\bin;C:\Users\Ce\AppData\Local\Microsoft\WindowsApps;C:\Users\Ce\AppData\Roaming\npm;C:\dev\Java\eclipse-4.10-java;
USERNAME=Ce
OS=Windows_NT
PROCESSOR_IDENTIFIER=AMD64 Family 21 Model 19 Stepping 1, AuthenticAMD



---------------  S Y S T E M  ---------------

OS: Windows 10 , 64 bit Build 17134 (10.0.17134.753)

CPU:total 4 (initial active 4) (4 cores per cpu, 1 threads per core) family 21 model 19 stepping 1, cmov, cx8, fxsr, mmx, sse, sse2, sse3, ssse3, sse4.1, sse4.2, popcnt, avx, aes, clmul, mmxext, 3dnowpref, lzcnt, sse4a, tsc, tscinvbit, tscinv, bmi1, fma

Memory: 4k page, physical 5472624k(1176192k free), swap 5996912k(7852k free)

vm_info: Java HotSpot(TM) 64-Bit Server VM (10.0.2+13) for windows-amd64 JRE (10.0.2+13), built on Jun 28 2018 01:57:56 by "mach5one" with MS VC++ 12.0 (VS2013)

END.
