#
# There is insufficient memory for the Java Runtime Environment to continue.
# Native memory allocation (malloc) failed to allocate 854896 bytes for Chunk::new
# Possible reasons:
#   The system is out of physical RAM or swap space
#   The process is running with CompressedOops enabled, and the Java Heap may be blocking the growth of the native heap
# Possible solutions:
#   Reduce memory load on the system
#   Increase physical memory or swap space
#   Check if swap backing store is full
#   Decrease Java heap size (-Xmx/-Xms)
#   Decrease number of Java threads
#   Decrease Java thread stack sizes (-Xss)
#   Set larger code cache with -XX:ReservedCodeCacheSize=
#   JVM is running with Unscaled Compressed Oops mode in which the Java heap is
#     placed in the first 4GB address space. The Java Heap base address is the
#     maximum limit for the native heap growth. Please use -XX:HeapBaseMinAddress
#     to set the Java Heap base and to place the Java Heap above 4GB virtual address.
# This output file may be truncated or incomplete.
#
#  Out of Memory Error (t:/workspace/open/src/hotspot/share/memory/arena.cpp:198), pid=1896, tid=8596
#
# JRE version: Java(TM) SE Runtime Environment (10.0.2+13) (build 10.0.2+13)
# Java VM: Java HotSpot(TM) 64-Bit Server VM (10.0.2+13, mixed mode, tiered, compressed oops, g1 gc, windows-amd64)
# No core dump will be written. Minidumps are not enabled by default on client versions of Windows
#

---------------  S U M M A R Y ------------

Command Line: -Dfile.encoding=UTF-8 projet.MainProjet

Host: AMD A10-5745M APU with Radeon(tm) HD Graphics  , 4 cores, 5G,  Windows 10 , 64 bit Build 17134 (10.0.17134.753)
Time: Sat Jun 08 15:35:07 2019 Paris, Madrid (heure d?été) elapsed time: 7 seconds (0d 0h 0m 7s)

---------------  T H R E A D  ---------------

Current thread (0x000001d0f3958800):  JavaThread "C2 CompilerThread1" daemon [_thread_in_native, id=8596, stack(0x0000004e0aa00000,0x0000004e0ab00000)]


Current CompileTask:
C2:   7225 2637       4       jdk.internal.org.objectweb.asm.Frame::execute (2264 bytes)

Stack: [0x0000004e0aa00000,0x0000004e0ab00000]
Native frames: (J=compiled Java code, j=interpreted, Vv=VM code, C=native code)
V  [jvm.dll+0x5a01a9]
V  [jvm.dll+0x6bcf31]
V  [jvm.dll+0x6be126]
V  [jvm.dll+0x6be7b3]
V  [jvm.dll+0x234978]
V  [jvm.dll+0xbb69c]
V  [jvm.dll+0xbbbac]
V  [jvm.dll+0x34be98]
V  [jvm.dll+0x18f02c]
V  [jvm.dll+0x1fff9d]
V  [jvm.dll+0x1ff116]
V  [jvm.dll+0x17c94b]
V  [jvm.dll+0x20c8dd]
V  [jvm.dll+0x20b6a6]
V  [jvm.dll+0x68b7ff]
V  [jvm.dll+0x59f4b0]
C  [msvcr120.dll+0x24f7f]
C  [msvcr120.dll+0x25126]
C  [KERNEL32.DLL+0x14034]
C  [ntdll.dll+0x73691]


---------------  P R O C E S S  ---------------

Threads class SMR info:
_java_thread_list=0x000001d085c1c060, length=22, elements={
0x000001d0d3eff800, 0x000001d0f38f9000, 0x000001d0f38f9800, 0x000001d0f3941800,
0x000001d0f3943000, 0x000001d0f3956000, 0x000001d0f3958800, 0x000001d0f395c800,
0x000001d0f3965800, 0x000001d0f446f800, 0x000001d0f4473800, 0x000001d0f4472000,
0x000001d0800ec000, 0x000001d080178000, 0x000001d0802f3800, 0x000001d080508800,
0x000001d082f16800, 0x000001d083bc7800, 0x000001d0860f0000, 0x000001d0831b6800,
0x000001d0806d1000, 0x000001d0806cf800
}

Java Threads: ( => current thread )
  0x000001d0d3eff800 JavaThread "main" [_thread_blocked, id=11904, stack(0x0000004e09800000,0x0000004e09900000)]
  0x000001d0f38f9000 JavaThread "Reference Handler" daemon [_thread_blocked, id=4840, stack(0x0000004e0a500000,0x0000004e0a600000)]
  0x000001d0f38f9800 JavaThread "Finalizer" daemon [_thread_blocked, id=14172, stack(0x0000004e0a600000,0x0000004e0a700000)]
  0x000001d0f3941800 JavaThread "Signal Dispatcher" daemon [_thread_blocked, id=7748, stack(0x0000004e0a700000,0x0000004e0a800000)]
  0x000001d0f3943000 JavaThread "Attach Listener" daemon [_thread_blocked, id=7152, stack(0x0000004e0a800000,0x0000004e0a900000)]
  0x000001d0f3956000 JavaThread "C2 CompilerThread0" daemon [_thread_blocked, id=2548, stack(0x0000004e0a900000,0x0000004e0aa00000)]
=>0x000001d0f3958800 JavaThread "C2 CompilerThread1" daemon [_thread_in_native, id=8596, stack(0x0000004e0aa00000,0x0000004e0ab00000)]
  0x000001d0f395c800 JavaThread "C1 CompilerThread2" daemon [_thread_blocked, id=2556, stack(0x0000004e0ab00000,0x0000004e0ac00000)]
  0x000001d0f3965800 JavaThread "Sweeper thread" daemon [_thread_blocked, id=12996, stack(0x0000004e0ac00000,0x0000004e0ad00000)]
  0x000001d0f446f800 JavaThread "Service Thread" daemon [_thread_blocked, id=1128, stack(0x0000004e0ad00000,0x0000004e0ae00000)]
  0x000001d0f4473800 JavaThread "Common-Cleaner" daemon [_thread_blocked, id=9732, stack(0x0000004e0ae00000,0x0000004e0af00000)]
  0x000001d0f4472000 JavaThread "JavaFX-Launcher" [_thread_blocked, id=6984, stack(0x0000004e0b000000,0x0000004e0b100000)]
  0x000001d0800ec000 JavaThread "QuantumRenderer-0" daemon [_thread_blocked, id=5428, stack(0x0000004e0b100000,0x0000004e0b200000)]
  0x000001d080178000 JavaThread "InvokeLaterDispatcher" daemon [_thread_blocked, id=10352, stack(0x0000004e0b300000,0x0000004e0b400000)]
  0x000001d0802f3800 JavaThread "JavaFX Application Thread" [_thread_in_native, id=10020, stack(0x0000004e0b400000,0x0000004e0b500000)]
  0x000001d080508800 JavaThread "Thread-2" daemon [_thread_in_native, id=13064, stack(0x0000004e0bb00000,0x0000004e0bc00000)]
  0x000001d082f16800 JavaThread "Java2D Disposer" daemon [_thread_blocked, id=13548, stack(0x0000004e0bc00000,0x0000004e0bd00000)]
  0x000001d083bc7800 JavaThread "Timer-0" daemon [_thread_blocked, id=9676, stack(0x0000004e0bd00000,0x0000004e0be00000)]
  0x000001d0860f0000 JavaThread "oracle.jdbc.driver.BlockSource.ThreadedCachingBlockSource.BlockReleaser" daemon [_thread_blocked, id=12976, stack(0x0000004e0be00000,0x0000004e0bf00000)]
  0x000001d0831b6800 JavaThread "InterruptTimer" daemon [_thread_blocked, id=8696, stack(0x0000004e0bf00000,0x0000004e0c000000)]
  0x000001d0806d1000 JavaThread "Prism Font Disposer" daemon [_thread_blocked, id=384, stack(0x0000004e0c100000,0x0000004e0c200000)]
  0x000001d0806cf800 JavaThread "Cleaner-0" daemon [_thread_blocked, id=12864, stack(0x0000004e0c200000,0x0000004e0c300000)]

Other Threads:
  0x000001d0f38e4800 VMThread "VM Thread" [stack: 0x0000004e0a400000,0x0000004e0a500000] [id=12364]
  0x000001d0f4475000 WatcherThread [stack: 0x0000004e0af00000,0x0000004e0b000000] [id=10560]
  0x000001d0d3f17000 GCTaskThread "GC Thread#0" [stack: 0x0000004e09900000,0x0000004e09a00000] [id=4956]
  0x000001d0d3f18800 GCTaskThread "GC Thread#1" [stack: 0x0000004e09a00000,0x0000004e09b00000] [id=2888]
  0x000001d0d3f1c000 GCTaskThread "GC Thread#2" [stack: 0x0000004e09b00000,0x0000004e09c00000] [id=3684]
  0x000001d0d3f22800 GCTaskThread "GC Thread#3" [stack: 0x0000004e09c00000,0x0000004e09d00000] [id=11620]
  0x000001d0d3f74000 ConcurrentGCThread "G1 Main Marker" [stack: 0x0000004e09d00000,0x0000004e09e00000] [id=6884]
  0x000001d0d3f7b800 ConcurrentGCThread "G1 Conc#0" [stack: 0x0000004e09e00000,0x0000004e09f00000] [id=9828]
  0x000001d0d3fcd800 ConcurrentGCThread "G1 Refine#0" [stack: 0x0000004e09f00000,0x0000004e0a000000] [id=7000]
  0x000001d0d3fce800 ConcurrentGCThread "G1 Refine#1" [stack: 0x0000004e0a000000,0x0000004e0a100000] [id=13160]
  0x000001d0d3fcf800 ConcurrentGCThread "G1 Refine#2" [stack: 0x0000004e0a100000,0x0000004e0a200000] [id=10416]
  0x000001d0d3fd1000 ConcurrentGCThread "G1 Refine#3" [stack: 0x0000004e0a200000,0x0000004e0a300000] [id=1280]
  0x000001d0d3fd5000 ConcurrentGCThread "G1 Young RemSet Sampling" [stack: 0x0000004e0a300000,0x0000004e0a400000] [id=10148]

Threads with active compile tasks:
C2 CompilerThread12637       4       jdk.internal.org.objectweb.asm.Frame::execute (2264 bytes)

VM state:not at safepoint (normal execution)

VM Mutex/Monitor currently owned by a thread: None

Heap address: 0x00000000ac600000, size: 1338 MB, Compressed Oops mode: 32-bit
Narrow klass base: 0x0000000000000000, Narrow klass shift: 3
Compressed class space size: 1073741824 Address: 0x0000000100000000

Heap:
 garbage-first heap   total 103424K, used 20646K [0x00000000ac600000, 0x0000000100000000)
  region size 1024K, 7 young (7168K), 4 survivors (4096K)
 Metaspace       used 35452K, capacity 36482K, committed 37120K, reserved 1081344K
  class space    used 4513K, capacity 5001K, committed 5120K, reserved 1048576K
Heap Regions: E=young(eden), S=young(survivor), O=old, HS=humongous(starts), HC=humongous(continues), CS=collection set, F=free, A=archive, TS=gc time stamp, AC=allocation context, TAMS=top-at-mark-start (previous, next)
|   0|0x00000000ac600000, 0x00000000ac700000, 0x00000000ac700000|100%|HS|  |TS  0|AC  0|TAMS 0x00000000ac700000, 0x00000000ac700000|
|   1|0x00000000ac700000, 0x00000000ac800000, 0x00000000ac800000|100%|HC|  |TS  0|AC  0|TAMS 0x00000000ac800000, 0x00000000ac800000|
|   2|0x00000000ac800000, 0x00000000ac900000, 0x00000000ac900000|100%| O|  |TS  0|AC  0|TAMS 0x00000000ac900000, 0x00000000ac900000|
|   3|0x00000000ac900000, 0x00000000aca00000, 0x00000000aca00000|100%| O|  |TS  0|AC  0|TAMS 0x00000000aca00000, 0x00000000aca00000|
|   4|0x00000000aca00000, 0x00000000acb00000, 0x00000000acb00000|100%|HS|  |TS  0|AC  0|TAMS 0x00000000acb00000, 0x00000000acb00000|
|   5|0x00000000acb00000, 0x00000000acc00000, 0x00000000acc00000|100%|HC|  |TS  0|AC  0|TAMS 0x00000000acc00000, 0x00000000acc00000|
|   6|0x00000000acc00000, 0x00000000acd00000, 0x00000000acd00000|100%| O|  |TS  0|AC  0|TAMS 0x00000000acd00000, 0x00000000acd00000|
|   7|0x00000000acd00000, 0x00000000ace00000, 0x00000000ace00000|100%| O|  |TS  0|AC  0|TAMS 0x00000000ace00000, 0x00000000ace00000|
|   8|0x00000000ace00000, 0x00000000acf00000, 0x00000000acf00000|100%| O|  |TS  0|AC  0|TAMS 0x00000000acf00000, 0x00000000acf00000|
|   9|0x00000000acf00000, 0x00000000ad000000, 0x00000000ad000000|100%| O|  |TS  0|AC  0|TAMS 0x00000000ad000000, 0x00000000ad000000|
|  10|0x00000000ad000000, 0x00000000ad100000, 0x00000000ad100000|100%| O|  |TS  0|AC  0|TAMS 0x00000000ad100000, 0x00000000ad100000|
|  11|0x00000000ad100000, 0x00000000ad200000, 0x00000000ad200000|100%| O|  |TS  0|AC  0|TAMS 0x00000000ad200000, 0x00000000ad200000|
|  12|0x00000000ad200000, 0x00000000ad27bc00, 0x00000000ad300000| 48%| O|  |TS  0|AC  0|TAMS 0x00000000ad27bc00, 0x00000000ad27bc00|
|  13|0x00000000ad300000, 0x00000000ad400000, 0x00000000ad400000|100%|HS|  |TS  0|AC  0|TAMS 0x00000000ad300000, 0x00000000ad300000|
|  14|0x00000000ad400000, 0x00000000ad500000, 0x00000000ad500000|100%|HC|  |TS  0|AC  0|TAMS 0x00000000ad400000, 0x00000000ad400000|
|  15|0x00000000ad500000, 0x00000000ad500000, 0x00000000ad600000|  0%| F|  |TS  0|AC  0|TAMS 0x00000000ad500000, 0x00000000ad500000|
|  16|0x00000000ad600000, 0x00000000ad600000, 0x00000000ad700000|  0%| F|  |TS  0|AC  0|TAMS 0x00000000ad600000, 0x00000000ad600000|
|  17|0x00000000ad700000, 0x00000000ad700000, 0x00000000ad800000|  0%| F|  |TS  0|AC  0|TAMS 0x00000000ad700000, 0x00000000ad700000|
|  18|0x00000000ad800000, 0x00000000ad800000, 0x00000000ad900000|  0%| F|  |TS  0|AC  0|TAMS 0x00000000ad800000, 0x00000000ad800000|
|  19|0x00000000ad900000, 0x00000000ad900000, 0x00000000ada00000|  0%| F|  |TS  0|AC  0|TAMS 0x00000000ad900000, 0x00000000ad900000|
|  20|0x00000000ada00000, 0x00000000ada00000, 0x00000000adb00000|  0%| F|  |TS  0|AC  0|TAMS 0x00000000ada00000, 0x00000000ada00000|
|  21|0x00000000adb00000, 0x00000000adb00000, 0x00000000adc00000|  0%| F|  |TS  0|AC  0|TAMS 0x00000000adb00000, 0x00000000adb00000|
|  22|0x00000000adc00000, 0x00000000adc00000, 0x00000000add00000|  0%| F|  |TS  0|AC  0|TAMS 0x00000000adc00000, 0x00000000adc00000|
|  23|0x00000000add00000, 0x00000000add00000, 0x00000000ade00000|  0%| F|  |TS  0|AC  0|TAMS 0x00000000add00000, 0x00000000add00000|
|  24|0x00000000ade00000, 0x00000000ade00000, 0x00000000adf00000|  0%| F|  |TS  0|AC  0|TAMS 0x00000000ade00000, 0x00000000ade00000|
|  25|0x00000000adf00000, 0x00000000adf00000, 0x00000000ae000000|  0%| F|  |TS  0|AC  0|TAMS 0x00000000adf00000, 0x00000000adf00000|
|  26|0x00000000ae000000, 0x00000000ae000000, 0x00000000ae100000|  0%| F|  |TS  0|AC  0|TAMS 0x00000000ae000000, 0x00000000ae000000|
|  27|0x00000000ae100000, 0x00000000ae100000, 0x00000000ae200000|  0%| F|  |TS  0|AC  0|TAMS 0x00000000ae100000, 0x00000000ae100000|
|  28|0x00000000ae200000, 0x00000000ae200000, 0x00000000ae300000|  0%| F|  |TS  0|AC  0|TAMS 0x00000000ae200000, 0x00000000ae200000|
|  29|0x00000000ae300000, 0x00000000ae300000, 0x00000000ae400000|  0%| F|  |TS  0|AC  0|TAMS 0x00000000ae300000, 0x00000000ae300000|
|  30|0x00000000ae400000, 0x00000000ae400000, 0x00000000ae500000|  0%| F|  |TS  0|AC  0|TAMS 0x00000000ae400000, 0x00000000ae400000|
|  31|0x00000000ae500000, 0x00000000ae500000, 0x00000000ae600000|  0%| F|  |TS  0|AC  0|TAMS 0x00000000ae500000, 0x00000000ae500000|
|  32|0x00000000ae600000, 0x00000000ae600000, 0x00000000ae700000|  0%| F|  |TS  0|AC  0|TAMS 0x00000000ae600000, 0x00000000ae600000|
|  33|0x00000000ae700000, 0x00000000ae700000, 0x00000000ae800000|  0%| F|  |TS  0|AC  0|TAMS 0x00000000ae700000, 0x00000000ae700000|
|  34|0x00000000ae800000, 0x00000000ae800000, 0x00000000ae900000|  0%| F|  |TS  0|AC  0|TAMS 0x00000000ae800000, 0x00000000ae800000|
|  35|0x00000000ae900000, 0x00000000ae900000, 0x00000000aea00000|  0%| F|  |TS  0|AC  0|TAMS 0x00000000ae900000, 0x00000000ae900000|
|  36|0x00000000aea00000, 0x00000000aea00000, 0x00000000aeb00000|  0%| F|  |TS  0|AC  0|TAMS 0x00000000aea00000, 0x00000000aea00000|
|  37|0x00000000aeb00000, 0x00000000aeb00000, 0x00000000aec00000|  0%| F|  |TS  0|AC  0|TAMS 0x00000000aeb00000, 0x00000000aeb00000|
|  38|0x00000000aec00000, 0x00000000aec00000, 0x00000000aed00000|  0%| F|  |TS  0|AC  0|TAMS 0x00000000aec00000, 0x00000000aec00000|
|  39|0x00000000aed00000, 0x00000000aed00000, 0x00000000aee00000|  0%| F|  |TS  0|AC  0|TAMS 0x00000000aed00000, 0x00000000aed00000|
|  40|0x00000000aee00000, 0x00000000aee00000, 0x00000000aef00000|  0%| F|  |TS  0|AC  0|TAMS 0x00000000aee00000, 0x00000000aee00000|
|  41|0x00000000aef00000, 0x00000000aef00000, 0x00000000af000000|  0%| F|  |TS  0|AC  0|TAMS 0x00000000aef00000, 0x00000000aef00000|
|  42|0x00000000af000000, 0x00000000af000000, 0x00000000af100000|  0%| F|  |TS  0|AC  0|TAMS 0x00000000af000000, 0x00000000af000000|
|  43|0x00000000af100000, 0x00000000af100000, 0x00000000af200000|  0%| F|  |TS  0|AC  0|TAMS 0x00000000af100000, 0x00000000af100000|
|  44|0x00000000af200000, 0x00000000af200000, 0x00000000af300000|  0%| F|  |TS  0|AC  0|TAMS 0x00000000af200000, 0x00000000af200000|
|  45|0x00000000af300000, 0x00000000af300000, 0x00000000af400000|  0%| F|  |TS  0|AC  0|TAMS 0x00000000af300000, 0x00000000af300000|
|  46|0x00000000af400000, 0x00000000af400000, 0x00000000af500000|  0%| F|  |TS  0|AC  0|TAMS 0x00000000af400000, 0x00000000af400000|
|  47|0x00000000af500000, 0x00000000af500000, 0x00000000af600000|  0%| F|  |TS  0|AC  0|TAMS 0x00000000af500000, 0x00000000af500000|
|  48|0x00000000af600000, 0x00000000af600000, 0x00000000af700000|  0%| F|  |TS  0|AC  0|TAMS 0x00000000af600000, 0x00000000af600000|
|  49|0x00000000af700000, 0x00000000af700000, 0x00000000af800000|  0%| F|  |TS  0|AC  0|TAMS 0x00000000af700000, 0x00000000af700000|
|  50|0x00000000af800000, 0x00000000af800000, 0x00000000af900000|  0%| F|  |TS  0|AC  0|TAMS 0x00000000af800000, 0x00000000af800000|
|  51|0x00000000af900000, 0x00000000af900000, 0x00000000afa00000|  0%| F|  |TS  0|AC  0|TAMS 0x00000000af900000, 0x00000000af900000|
|  52|0x00000000afa00000, 0x00000000afa00000, 0x00000000afb00000|  0%| F|  |TS  0|AC  0|TAMS 0x00000000afa00000, 0x00000000afa00000|
|  53|0x00000000afb00000, 0x00000000afb00000, 0x00000000afc00000|  0%| F|  |TS  0|AC  0|TAMS 0x00000000afb00000, 0x00000000afb00000|
|  54|0x00000000afc00000, 0x00000000afc00000, 0x00000000afd00000|  0%| F|  |TS  0|AC  0|TAMS 0x00000000afc00000, 0x00000000afc00000|
|  55|0x00000000afd00000, 0x00000000afd00000, 0x00000000afe00000|  0%| F|  |TS  0|AC  0|TAMS 0x00000000afd00000, 0x00000000afd00000|
|  56|0x00000000afe00000, 0x00000000afe00000, 0x00000000aff00000|  0%| F|  |TS  0|AC  0|TAMS 0x00000000afe00000, 0x00000000afe00000|
|  57|0x00000000aff00000, 0x00000000aff00000, 0x00000000b0000000|  0%| F|  |TS  0|AC  0|TAMS 0x00000000aff00000, 0x00000000aff00000|
|  58|0x00000000b0000000, 0x00000000b0000000, 0x00000000b0100000|  0%| F|  |TS  0|AC  0|TAMS 0x00000000b0000000, 0x00000000b0000000|
|  59|0x00000000b0100000, 0x00000000b0100000, 0x00000000b0200000|  0%| F|  |TS  0|AC  0|TAMS 0x00000000b0100000, 0x00000000b0100000|
|  60|0x00000000b0200000, 0x00000000b0200000, 0x00000000b0300000|  0%| F|  |TS  0|AC  0|TAMS 0x00000000b0200000, 0x00000000b0200000|
|  61|0x00000000b0300000, 0x00000000b0300000, 0x00000000b0400000|  0%| F|  |TS  0|AC  0|TAMS 0x00000000b0300000, 0x00000000b0300000|
|  62|0x00000000b0400000, 0x00000000b0400000, 0x00000000b0500000|  0%| F|  |TS  0|AC  0|TAMS 0x00000000b0400000, 0x00000000b0400000|
|  63|0x00000000b0500000, 0x00000000b0500000, 0x00000000b0600000|  0%| F|  |TS  0|AC  0|TAMS 0x00000000b0500000, 0x00000000b0500000|
|  64|0x00000000b0600000, 0x00000000b0600000, 0x00000000b0700000|  0%| F|  |TS  0|AC  0|TAMS 0x00000000b0600000, 0x00000000b0600000|
|  65|0x00000000b0700000, 0x00000000b0700000, 0x00000000b0800000|  0%| F|  |TS  0|AC  0|TAMS 0x00000000b0700000, 0x00000000b0700000|
|  66|0x00000000b0800000, 0x00000000b0800000, 0x00000000b0900000|  0%| F|  |TS  0|AC  0|TAMS 0x00000000b0800000, 0x00000000b0800000|
|  67|0x00000000b0900000, 0x00000000b0900000, 0x00000000b0a00000|  0%| F|  |TS  0|AC  0|TAMS 0x00000000b0900000, 0x00000000b0900000|
|  68|0x00000000b0a00000, 0x00000000b0a00000, 0x00000000b0b00000|  0%| F|  |TS  0|AC  0|TAMS 0x00000000b0a00000, 0x00000000b0a00000|
|  69|0x00000000b0b00000, 0x00000000b0b00000, 0x00000000b0c00000|  0%| F|  |TS  0|AC  0|TAMS 0x00000000b0b00000, 0x00000000b0b00000|
|  70|0x00000000b0c00000, 0x00000000b0c00000, 0x00000000b0d00000|  0%| F|  |TS  0|AC  0|TAMS 0x00000000b0c00000, 0x00000000b0c00000|
|  71|0x00000000b0d00000, 0x00000000b0d00000, 0x00000000b0e00000|  0%| F|  |TS  0|AC  0|TAMS 0x00000000b0d00000, 0x00000000b0d00000|
|  72|0x00000000b0e00000, 0x00000000b0e00000, 0x00000000b0f00000|  0%| F|  |TS  0|AC  0|TAMS 0x00000000b0e00000, 0x00000000b0e00000|
|  73|0x00000000b0f00000, 0x00000000b0f00000, 0x00000000b1000000|  0%| F|  |TS  0|AC  0|TAMS 0x00000000b0f00000, 0x00000000b0f00000|
|  74|0x00000000b1000000, 0x00000000b10adc10, 0x00000000b1100000| 67%| S|CS|TS  0|AC  0|TAMS 0x00000000b1000000, 0x00000000b1000000|
|  75|0x00000000b1100000, 0x00000000b1200000, 0x00000000b1200000|100%| S|CS|TS  0|AC  0|TAMS 0x00000000b1100000, 0x00000000b1100000|
|  76|0x00000000b1200000, 0x00000000b1300000, 0x00000000b1300000|100%| S|CS|TS  0|AC  0|TAMS 0x00000000b1200000, 0x00000000b1200000|
|  77|0x00000000b1300000, 0x00000000b1400000, 0x00000000b1400000|100%| S|CS|TS  0|AC  0|TAMS 0x00000000b1300000, 0x00000000b1300000|
|  78|0x00000000b1400000, 0x00000000b1400000, 0x00000000b1500000|  0%| F|  |TS  0|AC  0|TAMS 0x00000000b1400000, 0x00000000b1400000|
|  79|0x00000000b1500000, 0x00000000b1500000, 0x00000000b1600000|  0%| F|  |TS  0|AC  0|TAMS 0x00000000b1500000, 0x00000000b1500000|
|  80|0x00000000b1600000, 0x00000000b1600000, 0x00000000b1700000|  0%| F|  |TS  0|AC  0|TAMS 0x00000000b1600000, 0x00000000b1600000|
|  81|0x00000000b1700000, 0x00000000b1700000, 0x00000000b1800000|  0%| F|  |TS  0|AC  0|TAMS 0x00000000b1700000, 0x00000000b1700000|
|  82|0x00000000b1800000, 0x00000000b1800000, 0x00000000b1900000|  0%| F|  |TS  0|AC  0|TAMS 0x00000000b1800000, 0x00000000b1800000|
|  83|0x00000000b1900000, 0x00000000b1900000, 0x00000000b1a00000|  0%| F|  |TS  0|AC  0|TAMS 0x00000000b1900000, 0x00000000b1900000|
|  84|0x00000000b1a00000, 0x00000000b1a00000, 0x00000000b1b00000|  0%| F|  |TS  0|AC  0|TAMS 0x00000000b1a00000, 0x00000000b1a00000|
|  85|0x00000000b1b00000, 0x00000000b1b00000, 0x00000000b1c00000|  0%| F|  |TS  0|AC  0|TAMS 0x00000000b1b00000, 0x00000000b1b00000|
|  86|0x00000000b1c00000, 0x00000000b1c00000, 0x00000000b1d00000|  0%| F|  |TS  0|AC  0|TAMS 0x00000000b1c00000, 0x00000000b1c00000|
|  87|0x00000000b1d00000, 0x00000000b1d00000, 0x00000000b1e00000|  0%| F|  |TS  0|AC  0|TAMS 0x00000000b1d00000, 0x00000000b1d00000|
|  88|0x00000000b1e00000, 0x00000000b1e00000, 0x00000000b1f00000|  0%| F|  |TS  0|AC  0|TAMS 0x00000000b1e00000, 0x00000000b1e00000|
|  89|0x00000000b1f00000, 0x00000000b1f00000, 0x00000000b2000000|  0%| F|  |TS  0|AC  0|TAMS 0x00000000b1f00000, 0x00000000b1f00000|
|  90|0x00000000b2000000, 0x00000000b2000000, 0x00000000b2100000|  0%| F|  |TS  0|AC  0|TAMS 0x00000000b2000000, 0x00000000b2000000|
|  91|0x00000000b2100000, 0x00000000b2100000, 0x00000000b2200000|  0%| F|  |TS  0|AC  0|TAMS 0x00000000b2100000, 0x00000000b2100000|
|  92|0x00000000b2200000, 0x00000000b2200000, 0x00000000b2300000|  0%| F|  |TS  0|AC  0|TAMS 0x00000000b2200000, 0x00000000b2200000|
|  93|0x00000000b2300000, 0x00000000b2300000, 0x00000000b2400000|  0%| F|  |TS  0|AC  0|TAMS 0x00000000b2300000, 0x00000000b2300000|
|  94|0x00000000b2400000, 0x00000000b2400000, 0x00000000b2500000|  0%| F|  |TS  0|AC  0|TAMS 0x00000000b2400000, 0x00000000b2400000|
|  95|0x00000000b2500000, 0x00000000b2500000, 0x00000000b2600000|  0%| F|  |TS  0|AC  0|TAMS 0x00000000b2500000, 0x00000000b2500000|
|  96|0x00000000b2600000, 0x00000000b2600000, 0x00000000b2700000|  0%| F|  |TS  0|AC  0|TAMS 0x00000000b2600000, 0x00000000b2600000|
|  97|0x00000000b2700000, 0x00000000b2700000, 0x00000000b2800000|  0%| F|  |TS  0|AC  0|TAMS 0x00000000b2700000, 0x00000000b2700000|
|  98|0x00000000b2800000, 0x00000000b287d958, 0x00000000b2900000| 49%| E|  |TS  0|AC  0|TAMS 0x00000000b2800000, 0x00000000b2800000|
|  99|0x00000000b2900000, 0x00000000b2a00000, 0x00000000b2a00000|100%| E|CS|TS  0|AC  0|TAMS 0x00000000b2900000, 0x00000000b2900000|
| 100|0x00000000b2a00000, 0x00000000b2b00000, 0x00000000b2b00000|100%| E|CS|TS  0|AC  0|TAMS 0x00000000b2a00000, 0x00000000b2a00000|

Card table byte_map: [0x000001d0ee530000,0x000001d0ee7d0000] byte_map_base: 0x000001d0edfcd000

Marking Bits (Prev, Next): (CMBitMap*) 0x000001d0d3f73440, (CMBitMap*) 0x000001d0d3f73478
 Prev Bits: [0x000001d0eea70000, 0x000001d0eff58000)
 Next Bits: [0x000001d0eff60000, 0x000001d0f1448000)

Polling page: 0x000001d0d20a0000

CodeHeap 'non-profiled nmethods': size=120064Kb used=1254Kb max_used=1254Kb free=118809Kb
 bounds [0x000001d0e6d50000, 0x000001d0e6fc0000, 0x000001d0ee290000]
CodeHeap 'profiled nmethods': size=120000Kb used=5396Kb max_used=5396Kb free=114603Kb
 bounds [0x000001d0df820000, 0x000001d0dfd70000, 0x000001d0e6d50000]
CodeHeap 'non-nmethods': size=5696Kb used=1410Kb max_used=1424Kb free=4285Kb
 bounds [0x000001d0df290000, 0x000001d0df500000, 0x000001d0df820000]
 total_blobs=4131 nmethods=2710 adapters=782
 compilation: enabled

Compilation events (10 events):
Event: 6.990 Thread 0x000001d0f395c800 2713       1       com.sun.prism.impl.BaseTexture::getContentY (5 bytes)
Event: 6.990 Thread 0x000001d0f395c800 nmethod 2713 0x000001d0e6e88710 code [0x000001d0e6e888c0, 0x000001d0e6e889d8]
Event: 6.990 Thread 0x000001d0f395c800 2715       1       com.sun.prism.impl.BaseGraphics::getRenderTarget (5 bytes)
Event: 6.991 Thread 0x000001d0f395c800 nmethod 2715 0x000001d0e6e88a90 code [0x000001d0e6e88c40, 0x000001d0e6e88d58]
Event: 6.991 Thread 0x000001d0f395c800 2714       1       javafx.scene.layout.BackgroundFill::getFill (5 bytes)
Event: 6.991 Thread 0x000001d0f395c800 nmethod 2714 0x000001d0e6e88e10 code [0x000001d0e6e88fc0, 0x000001d0e6e890d8]
Event: 6.995 Thread 0x000001d0f395c800 2716       1       com.sun.prism.impl.ps.BaseShaderContext$State::access$1200 (5 bytes)
Event: 6.995 Thread 0x000001d0f395c800 nmethod 2716 0x000001d0e6e89190 code [0x000001d0e6e89340, 0x000001d0e6e89438]
Event: 6.996 Thread 0x000001d0f395c800 2717       1       com.sun.javafx.geom.transform.BaseTransform::getMzt (2 bytes)
Event: 6.996 Thread 0x000001d0f395c800 nmethod 2717 0x000001d0e6e89510 code [0x000001d0e6e896c0, 0x000001d0e6e897d8]

GC Heap History (10 events):
Event: 1.613 GC heap before
{Heap before GC invocations=0 (full 0):
 garbage-first heap   total 86016K, used 16384K [0x00000000ac600000, 0x0000000100000000)
  region size 1024K, 14 young (14336K), 0 survivors (0K)
 Metaspace       used 15841K, capacity 16225K, committed 16384K, reserved 1062912K
  class space    used 1768K, capacity 1946K, committed 2048K, reserved 1048576K
}
Event: 1.626 GC heap after
{Heap after GC invocations=1 (full 0):
 garbage-first heap   total 86016K, used 5886K [0x00000000ac600000, 0x0000000100000000)
  region size 1024K, 2 young (2048K), 2 survivors (2048K)
 Metaspace       used 15841K, capacity 16225K, committed 16384K, reserved 1062912K
  class space    used 1768K, capacity 1946K, committed 2048K, reserved 1048576K
}
Event: 1.946 GC heap before
{Heap before GC invocations=1 (full 0):
 garbage-first heap   total 86016K, used 13054K [0x00000000ac600000, 0x0000000100000000)
  region size 1024K, 7 young (7168K), 2 survivors (2048K)
 Metaspace       used 17271K, capacity 17692K, committed 17920K, reserved 1064960K
  class space    used 1996K, capacity 2201K, committed 2304K, reserved 1048576K
}
Event: 1.957 GC heap after
{Heap after GC invocations=2 (full 0):
 garbage-first heap   total 86016K, used 10126K [0x00000000ac600000, 0x0000000100000000)
  region size 1024K, 1 young (1024K), 1 survivors (1024K)
 Metaspace       used 17271K, capacity 17692K, committed 17920K, reserved 1064960K
  class space    used 1996K, capacity 2201K, committed 2304K, reserved 1048576K
}
Event: 2.486 GC heap before
{Heap before GC invocations=2 (full 0):
 garbage-first heap   total 86016K, used 17294K [0x00000000ac600000, 0x0000000100000000)
  region size 1024K, 9 young (9216K), 1 survivors (1024K)
 Metaspace       used 20621K, capacity 21124K, committed 21248K, reserved 1067008K
  class space    used 2526K, capacity 2792K, committed 2816K, reserved 1048576K
}
Event: 2.493 GC heap after
{Heap after GC invocations=3 (full 0):
 garbage-first heap   total 86016K, used 11768K [0x00000000ac600000, 0x0000000100000000)
  region size 1024K, 2 young (2048K), 2 survivors (2048K)
 Metaspace       used 20621K, capacity 21124K, committed 21248K, reserved 1067008K
  class space    used 2526K, capacity 2792K, committed 2816K, reserved 1048576K
}
Event: 4.502 GC heap before
{Heap before GC invocations=4 (full 0):
 garbage-first heap   total 86016K, used 34296K [0x00000000ac600000, 0x0000000100000000)
  region size 1024K, 24 young (24576K), 2 survivors (2048K)
 Metaspace       used 32292K, capacity 33115K, committed 33664K, reserved 1079296K
  class space    used 3992K, capacity 4363K, committed 4480K, reserved 1048576K
}
Event: 4.518 GC heap after
{Heap after GC invocations=5 (full 0):
 garbage-first heap   total 86016K, used 14548K [0x00000000ac600000, 0x0000000100000000)
  region size 1024K, 3 young (3072K), 3 survivors (3072K)
 Metaspace       used 32292K, capacity 33115K, committed 33664K, reserved 1079296K
  class space    used 3992K, capacity 4363K, committed 4480K, reserved 1048576K
}
Event: 4.885 GC heap before
{Heap before GC invocations=5 (full 0):
 garbage-first heap   total 86016K, used 19668K [0x00000000ac600000, 0x0000000100000000)
  region size 1024K, 9 young (9216K), 3 survivors (3072K)
 Metaspace       used 34395K, capacity 35327K, committed 35840K, reserved 1081344K
  class space    used 4393K, capacity 4848K, committed 4864K, reserved 1048576K
}
Event: 4.897 GC heap after
{Heap after GC invocations=6 (full 0):
 garbage-first heap   total 103424K, used 16550K [0x00000000ac600000, 0x0000000100000000)
  region size 1024K, 4 young (4096K), 4 survivors (4096K)
 Metaspace       used 34395K, capacity 35327K, committed 35840K, reserved 1081344K
  class space    used 4393K, capacity 4848K, committed 4864K, reserved 1048576K
}

Deoptimization events (10 events):
Event: 3.865 Thread 0x000001d0802f3800 Uncommon trap: reason=unstable_if action=reinterpret pc=0x000001d0e6dcc650 method=java.util.Arrays.equals([Ljava/lang/Object;[Ljava/lang/Object;)Z @ 23 c2
Event: 4.086 Thread 0x000001d0802f3800 Uncommon trap: reason=unstable_if action=reinterpret pc=0x000001d0e6e21d90 method=java.util.HashMap.hash(Ljava/lang/Object;)I @ 1 c2
Event: 4.086 Thread 0x000001d0802f3800 Uncommon trap: reason=unstable_if action=reinterpret pc=0x000001d0e6ddadac method=java.util.HashMap.hash(Ljava/lang/Object;)I @ 1 c2
Event: 4.214 Thread 0x000001d0802f3800 Uncommon trap: reason=unstable_if action=reinterpret pc=0x000001d0e6dbdeb0 method=java.util.HashMap.hash(Ljava/lang/Object;)I @ 1 c2
Event: 4.358 Thread 0x000001d0802f3800 Uncommon trap: reason=class_check action=maybe_recompile pc=0x000001d0e6d66bcc method=java.lang.String.equals(Ljava/lang/Object;)Z @ 8 c2
Event: 4.358 Thread 0x000001d0802f3800 Uncommon trap: reason=class_check action=maybe_recompile pc=0x000001d0e6d66bcc method=java.lang.String.equals(Ljava/lang/Object;)Z @ 8 c2
Event: 4.358 Thread 0x000001d0802f3800 Uncommon trap: reason=class_check action=maybe_recompile pc=0x000001d0e6d66bcc method=java.lang.String.equals(Ljava/lang/Object;)Z @ 8 c2
Event: 4.360 Thread 0x000001d0802f3800 Uncommon trap: reason=class_check action=maybe_recompile pc=0x000001d0e6d66bcc method=java.lang.String.equals(Ljava/lang/Object;)Z @ 8 c2
Event: 4.501 Thread 0x000001d0802f3800 Uncommon trap: reason=unstable_if action=reinterpret pc=0x000001d0e6e283f4 method=java.lang.ClassLoader.checkName(Ljava/lang/String;)Z @ 20 c2
Event: 4.696 Thread 0x000001d0802f3800 Uncommon trap: reason=unstable_if action=reinterpret pc=0x000001d0e6e35fbc method=java.net.URL.<init>(Ljava/net/URL;Ljava/lang/String;Ljava/net/URLStreamHandler;)V @ 347 c2

Classes redefined (0 events):
No events

Internal exceptions (10 events):
Event: 4.182 Thread 0x000001d0802f3800 Exception <a 'java/io/FileNotFoundException'{0x00000000b05bd2a8}> (0x00000000b05bd2a8) thrown at [t:/workspace/open/src/hotspot/share/prims/jni.cpp, line 611]
Event: 4.214 Thread 0x000001d0802f3800 Implicit null exception at 0x000001d0e6dbdcf5 to 0x000001d0e6dbde9e
Event: 4.291 Thread 0x000001d0802f3800 Exception <a 'java/lang/NoSuchMethodError'{0x00000000b0498498}: method resolution failed> (0x00000000b0498498) thrown at [t:/workspace/open/src/hotspot/share/prims/methodHandles.cpp, line 1226]
Event: 4.389 Thread 0x000001d0802f3800 Exception <a 'java/lang/IncompatibleClassChangeError'{0x00000000b0337208}: Found class java.lang.Object, but interface was expected> (0x00000000b0337208) thrown at [t:/workspace/open/src/hotspot/share/interpreter/linkResolver.cpp, line 807]
Event: 4.490 Thread 0x000001d0802f3800 Exception <a 'java/lang/NoSuchMethodError'{0x00000000b02dc120}: java.lang.Object.lambda$andThen$0(Ljava/util/function/Consumer;Ljava/lang/Object;)V> (0x00000000b02dc120) thrown at [t:/workspace/open/src/hotspot/share/interpreter/linkResolver.cpp, line 741
Event: 4.501 Thread 0x000001d0802f3800 Exception <a 'java/lang/ClassNotFoundException'{0x00000000b02f44d0}: com/sun/javafx/scene/control/skin/resources/controls> (0x00000000b02f44d0) thrown at [t:/workspace/open/src/hotspot/share/prims/jni.cpp, line 632]
Event: 4.523 Thread 0x000001d0802f3800 Exception <a 'java/lang/ClassNotFoundException'{0x00000000b19029c0}: com/sun/javafx/scene/control/skin/resources/controls_fr> (0x00000000b19029c0) thrown at [t:/workspace/open/src/hotspot/share/prims/jni.cpp, line 632]
Event: 4.524 Thread 0x000001d0802f3800 Exception <a 'java/lang/ClassNotFoundException'{0x00000000b1910d30}: com/sun/javafx/scene/control/skin/resources/controls_fr_FR> (0x00000000b1910d30) thrown at [t:/workspace/open/src/hotspot/share/prims/jni.cpp, line 632]
Event: 4.767 Thread 0x000001d0802f3800 Exception <a 'java/lang/NoSuchMethodError'{0x00000000b1513458}: java.lang.invoke.DirectMethodHandle$Holder.invokeSpecial(Ljava/lang/Object;Ljava/lang/Object;Ljava/lang/Object;Ljava/lang/Object;Ljava/lang/Object;Ljava/lang/Object;)V> (0x00000000b1513458) t
Event: 4.996 Thread 0x000001d0800ec000 Exception <a 'java/lang/NoSuchMethodError'{0x00000000b2904438}: java.lang.invoke.DirectMethodHandle$Holder.invokeStaticInit(Ljava/lang/Object;Ljava/lang/Object;)I> (0x00000000b2904438) thrown at [t:/workspace/open/src/hotspot/share/interpreter/linkResolve

Events (10 events):
Event: 6.878 loading class java/nio/DirectFloatBufferU
Event: 6.878 loading class java/nio/DirectFloatBufferU done
Event: 6.916 loading class java/util/ArrayList$ListItr
Event: 6.917 loading class java/util/ArrayList$ListItr done
Event: 6.917 Executing VM operation: Deoptimize
Event: 6.917 Executing VM operation: Deoptimize done
Event: 6.918 loading class java/util/Collections$UnmodifiableList$1
Event: 6.918 loading class java/util/Collections$UnmodifiableList$1 done
Event: 6.920 Executing VM operation: RevokeBias
Event: 6.920 Executing VM operation: RevokeBias done


Dynamic libraries:
0x00007ff6cebe0000 - 0x00007ff6cec1e000 	C:\DEV\java\jdk\jdk10\bin\javaw.exe
0x00007ffcf6480000 - 0x00007ffcf6661000 	C:\WINDOWS\SYSTEM32\ntdll.dll
0x00007ffcf5500000 - 0x00007ffcf55b1000 	C:\WINDOWS\System32\KERNEL32.DLL
0x00007ffcf2a40000 - 0x00007ffcf2cb3000 	C:\WINDOWS\System32\KERNELBASE.dll
0x00007ffcf5f10000 - 0x00007ffcf5fb1000 	C:\WINDOWS\System32\ADVAPI32.dll
0x00007ffcf3f20000 - 0x00007ffcf3fbe000 	C:\WINDOWS\System32\msvcrt.dll
0x00007ffcf5740000 - 0x00007ffcf579b000 	C:\WINDOWS\System32\sechost.dll
0x00007ffcf5920000 - 0x00007ffcf5a44000 	C:\WINDOWS\System32\RPCRT4.dll
0x00007ffcf5d80000 - 0x00007ffcf5f10000 	C:\WINDOWS\System32\USER32.dll
0x00007ffcf35c0000 - 0x00007ffcf35e0000 	C:\WINDOWS\System32\win32u.dll
0x00007ffcf57b0000 - 0x00007ffcf57d8000 	C:\WINDOWS\System32\GDI32.dll
0x00007ffcf28a0000 - 0x00007ffcf2a32000 	C:\WINDOWS\System32\gdi32full.dll
0x00007ffcf35e0000 - 0x00007ffcf367f000 	C:\WINDOWS\System32\msvcp_win.dll
0x00007ffcf36e0000 - 0x00007ffcf37d8000 	C:\WINDOWS\System32\ucrtbase.dll
0x00007ffce16d0000 - 0x00007ffce1939000 	C:\WINDOWS\WinSxS\amd64_microsoft.windows.common-controls_6595b64144ccf1df_6.0.17134.765_none_fb42a1a930655896\COMCTL32.dll
0x00007ffcf5a50000 - 0x00007ffcf5d72000 	C:\WINDOWS\System32\combase.dll
0x00007ffcf3890000 - 0x00007ffcf390a000 	C:\WINDOWS\System32\bcryptPrimitives.dll
0x00007ffce79b0000 - 0x00007ffce79ba000 	C:\WINDOWS\SYSTEM32\VERSION.dll
0x00007ffcf5400000 - 0x00007ffcf542d000 	C:\WINDOWS\System32\IMM32.DLL
0x00007ffcd4c60000 - 0x00007ffcd4d4f000 	C:\DEV\java\jdk\jdk10\bin\msvcr120.dll
0x00007ffcdf700000 - 0x00007ffcdf7a6000 	C:\DEV\java\jdk\jdk10\bin\msvcp120.dll
0x0000000054e20000 - 0x0000000055890000 	C:\DEV\java\jdk\jdk10\bin\server\jvm.dll
0x00007ffcf5810000 - 0x00007ffcf5818000 	C:\WINDOWS\System32\PSAPI.DLL
0x00007ffcf03d0000 - 0x00007ffcf03f3000 	C:\WINDOWS\SYSTEM32\WINMM.dll
0x00007ffce79c0000 - 0x00007ffce79c9000 	C:\WINDOWS\SYSTEM32\WSOCK32.dll
0x00007ffcf03a0000 - 0x00007ffcf03ca000 	C:\WINDOWS\SYSTEM32\WINMMBASE.dll
0x00007ffcf2850000 - 0x00007ffcf2899000 	C:\WINDOWS\System32\cfgmgr32.dll
0x00007ffcf3dc0000 - 0x00007ffcf3e2c000 	C:\WINDOWS\System32\WS2_32.dll
0x00007ffce5d80000 - 0x00007ffce5d8f000 	C:\DEV\java\jdk\jdk10\bin\verify.dll
0x00007ffcde280000 - 0x00007ffcde449000 	C:\WINDOWS\SYSTEM32\DBGHELP.DLL
0x00007ffcde1a0000 - 0x00007ffcde1c9000 	C:\WINDOWS\SYSTEM32\dbgcore.DLL
0x00007ffcdd560000 - 0x00007ffcdd587000 	C:\DEV\java\jdk\jdk10\bin\java.dll
0x00007ffce5cb0000 - 0x00007ffce5cc6000 	C:\DEV\java\jdk\jdk10\bin\zip.dll
0x00007ffce4120000 - 0x00007ffce412a000 	C:\DEV\java\jdk\jdk10\bin\jimage.dll
0x00007ffcf3fc0000 - 0x00007ffcf5400000 	C:\WINDOWS\System32\SHELL32.dll
0x00007ffcf5fc0000 - 0x00007ffcf6069000 	C:\WINDOWS\System32\shcore.dll
0x00007ffcf2cc0000 - 0x00007ffcf33cd000 	C:\WINDOWS\System32\windows.storage.dll
0x00007ffcf63f0000 - 0x00007ffcf6441000 	C:\WINDOWS\System32\shlwapi.dll
0x00007ffcf27d0000 - 0x00007ffcf27e1000 	C:\WINDOWS\System32\kernel.appcore.dll
0x00007ffcf2790000 - 0x00007ffcf27af000 	C:\WINDOWS\System32\profapi.dll
0x00007ffcf2800000 - 0x00007ffcf284c000 	C:\WINDOWS\System32\powrprof.dll
0x00007ffcf27f0000 - 0x00007ffcf27fa000 	C:\WINDOWS\System32\FLTLIB.DLL
0x00007ffce3c60000 - 0x00007ffce3c7a000 	C:\dev\Java\jdk\jdk10\bin\net.dll
0x00007ffcee540000 - 0x00007ffcee61d000 	C:\WINDOWS\SYSTEM32\WINHTTP.dll
0x00007ffcf1fb0000 - 0x00007ffcf2016000 	C:\WINDOWS\system32\mswsock.dll
0x00007ffce3b60000 - 0x00007ffce3b71000 	C:\dev\Java\jdk\jdk10\bin\nio.dll
0x000001d0d3eb0000 - 0x000001d0d3eb3000 	C:\dev\Java\jdk\jdk10\bin\api-ms-win-core-console-l1-1-0.dll
0x000001d0d3ec0000 - 0x000001d0d3ec3000 	C:\dev\Java\jdk\jdk10\bin\api-ms-win-core-datetime-l1-1-0.dll
0x000001d0d3ed0000 - 0x000001d0d3ed3000 	C:\dev\Java\jdk\jdk10\bin\api-ms-win-core-debug-l1-1-0.dll
0x000001d0ff950000 - 0x000001d0ff953000 	C:\dev\Java\jdk\jdk10\bin\api-ms-win-core-errorhandling-l1-1-0.dll
0x000001d0ff960000 - 0x000001d0ff964000 	C:\dev\Java\jdk\jdk10\bin\api-ms-win-core-file-l1-1-0.dll
0x000001d0ff970000 - 0x000001d0ff973000 	C:\dev\Java\jdk\jdk10\bin\api-ms-win-core-file-l1-2-0.dll
0x000001d0ff980000 - 0x000001d0ff983000 	C:\dev\Java\jdk\jdk10\bin\api-ms-win-core-file-l2-1-0.dll
0x000001d0ff990000 - 0x000001d0ff993000 	C:\dev\Java\jdk\jdk10\bin\api-ms-win-core-handle-l1-1-0.dll
0x000001d0ff9a0000 - 0x000001d0ff9a3000 	C:\dev\Java\jdk\jdk10\bin\api-ms-win-core-heap-l1-1-0.dll
0x000001d0ff9b0000 - 0x000001d0ff9b3000 	C:\dev\Java\jdk\jdk10\bin\api-ms-win-core-interlocked-l1-1-0.dll
0x000001d0ff9c0000 - 0x000001d0ff9c3000 	C:\dev\Java\jdk\jdk10\bin\api-ms-win-core-libraryloader-l1-1-0.dll
0x000001d0ff9d0000 - 0x000001d0ff9d3000 	C:\dev\Java\jdk\jdk10\bin\api-ms-win-core-localization-l1-2-0.dll
0x000001d0ff9e0000 - 0x000001d0ff9e3000 	C:\dev\Java\jdk\jdk10\bin\api-ms-win-core-memory-l1-1-0.dll
0x000001d0ff9f0000 - 0x000001d0ff9f3000 	C:\dev\Java\jdk\jdk10\bin\api-ms-win-core-namedpipe-l1-1-0.dll
0x000001d0ffa00000 - 0x000001d0ffa03000 	C:\dev\Java\jdk\jdk10\bin\api-ms-win-core-processenvironment-l1-1-0.dll
0x000001d0ffa10000 - 0x000001d0ffa13000 	C:\dev\Java\jdk\jdk10\bin\api-ms-win-core-processthreads-l1-1-0.dll
0x000001d0ffa20000 - 0x000001d0ffa23000 	C:\dev\Java\jdk\jdk10\bin\api-ms-win-core-processthreads-l1-1-1.dll
0x000001d0ffa30000 - 0x000001d0ffa33000 	C:\dev\Java\jdk\jdk10\bin\api-ms-win-core-profile-l1-1-0.dll
0x000001d0ffa40000 - 0x000001d0ffa43000 	C:\dev\Java\jdk\jdk10\bin\api-ms-win-core-rtlsupport-l1-1-0.dll
0x000001d0ffa50000 - 0x000001d0ffa53000 	C:\dev\Java\jdk\jdk10\bin\api-ms-win-core-string-l1-1-0.dll
0x000001d0ffa60000 - 0x000001d0ffa63000 	C:\dev\Java\jdk\jdk10\bin\api-ms-win-core-synch-l1-1-0.dll
0x000001d0ffa70000 - 0x000001d0ffa73000 	C:\dev\Java\jdk\jdk10\bin\api-ms-win-core-synch-l1-2-0.dll
0x000001d0ffa80000 - 0x000001d0ffa83000 	C:\dev\Java\jdk\jdk10\bin\api-ms-win-core-sysinfo-l1-1-0.dll
0x000001d0ffa90000 - 0x000001d0ffa93000 	C:\dev\Java\jdk\jdk10\bin\api-ms-win-core-timezone-l1-1-0.dll
0x000001d0ffaa0000 - 0x000001d0ffaa3000 	C:\dev\Java\jdk\jdk10\bin\api-ms-win-core-util-l1-1-0.dll
0x000001d0ffab0000 - 0x000001d0ffab3000 	C:\dev\Java\jdk\jdk10\bin\api-ms-win-crt-conio-l1-1-0.dll
0x000001d0ffac0000 - 0x000001d0ffac4000 	C:\dev\Java\jdk\jdk10\bin\api-ms-win-crt-convert-l1-1-0.dll
0x000001d0ffad0000 - 0x000001d0ffad3000 	C:\dev\Java\jdk\jdk10\bin\api-ms-win-crt-environment-l1-1-0.dll
0x000001d0ffae0000 - 0x000001d0ffae3000 	C:\dev\Java\jdk\jdk10\bin\api-ms-win-crt-filesystem-l1-1-0.dll
0x000001d0ffaf0000 - 0x000001d0ffaf3000 	C:\dev\Java\jdk\jdk10\bin\api-ms-win-crt-heap-l1-1-0.dll
0x000001d0ffb00000 - 0x000001d0ffb03000 	C:\dev\Java\jdk\jdk10\bin\api-ms-win-crt-locale-l1-1-0.dll
0x000001d0ffb10000 - 0x000001d0ffb15000 	C:\dev\Java\jdk\jdk10\bin\api-ms-win-crt-math-l1-1-0.dll
0x000001d0ffb20000 - 0x000001d0ffb25000 	C:\dev\Java\jdk\jdk10\bin\api-ms-win-crt-multibyte-l1-1-0.dll
0x000001d0ffb30000 - 0x000001d0ffb40000 	C:\dev\Java\jdk\jdk10\bin\api-ms-win-crt-private-l1-1-0.dll
0x000001d0ffb40000 - 0x000001d0ffb43000 	C:\dev\Java\jdk\jdk10\bin\api-ms-win-crt-process-l1-1-0.dll
0x000001d0ffb50000 - 0x000001d0ffb54000 	C:\dev\Java\jdk\jdk10\bin\api-ms-win-crt-runtime-l1-1-0.dll
0x000001d0ffb60000 - 0x000001d0ffb64000 	C:\dev\Java\jdk\jdk10\bin\api-ms-win-crt-stdio-l1-1-0.dll
0x000001d0ffb70000 - 0x000001d0ffb74000 	C:\dev\Java\jdk\jdk10\bin\api-ms-win-crt-string-l1-1-0.dll
0x000001d0ffb80000 - 0x000001d0ffb83000 	C:\dev\Java\jdk\jdk10\bin\api-ms-win-crt-time-l1-1-0.dll
0x000001d0ffb90000 - 0x000001d0ffb93000 	C:\dev\Java\jdk\jdk10\bin\api-ms-win-crt-utility-l1-1-0.dll
0x00007ffcd3e00000 - 0x00007ffcd3ef6000 	C:\dev\Java\jdk\jdk10\bin\ucrtbase.dll
0x00007ffcec290000 - 0x00007ffcec2a6000 	C:\dev\Java\jdk\jdk10\bin\vcruntime140.dll
0x00007ffcdd130000 - 0x00007ffcdd1cc000 	C:\dev\Java\jdk\jdk10\bin\msvcp140.dll
0x00007ffce7a50000 - 0x00007ffce7aa1000 	C:\dev\Java\jdk\jdk10\bin\concrt140.dll
0x00007ffcec010000 - 0x00007ffcec033000 	C:\dev\Java\jdk\jdk10\bin\prism_d3d.dll
0x00007ffcc92f0000 - 0x00007ffcc9487000 	C:\WINDOWS\system32\d3d9.dll
0x00007ffcf10f0000 - 0x00007ffcf1119000 	C:\WINDOWS\SYSTEM32\dwmapi.dll
0x00007ffcf0db0000 - 0x00007ffcf0e48000 	C:\WINDOWS\system32\uxtheme.dll
0x00007ffcebce0000 - 0x00007ffcebe44000 	C:\WINDOWS\SYSTEM32\aticfx64.dll
0x00007ffce8f10000 - 0x00007ffce8f31000 	C:\WINDOWS\SYSTEM32\atiu9p64.dll
0x00007ffccc830000 - 0x00007ffccd089000 	C:\WINDOWS\SYSTEM32\atiumd64.dll
0x0000000055bb0000 - 0x0000000056438000 	C:\WINDOWS\SYSTEM32\atiumd6a.dll
0x00007ffce4140000 - 0x00007ffce418a000 	C:\dev\Java\jdk\jdk10\bin\glass.dll
0x00007ffcf3e30000 - 0x00007ffcf3f1d000 	C:\WINDOWS\System32\COMDLG32.dll
0x00007ffcf6290000 - 0x00007ffcf63e1000 	C:\WINDOWS\System32\ole32.dll
0x00007ffcf5430000 - 0x00007ffcf54f2000 	C:\WINDOWS\System32\OLEAUT32.dll
0x00007ffcf55c0000 - 0x00007ffcf5733000 	C:\WINDOWS\System32\MSCTF.dll
0x00007ffcead20000 - 0x00007ffcead39000 	C:\Program Files (x86)\Smadav\SmadHook64.dll
0x00007ffce7ce0000 - 0x00007ffce7cf4000 	C:\dev\Java\jdk\jdk10\bin\javafx_font.dll
0x00007ffccfe20000 - 0x00007ffccffbb000 	C:\dev\Java\jdk\jdk10\bin\awt.dll
0x00007ffcefac0000 - 0x00007ffcf0087000 	C:\WINDOWS\SYSTEM32\d2d1.dll
0x00007ffcf0bf0000 - 0x00007ffcf0c7b000 	C:\WINDOWS\SYSTEM32\apphelp.dll
0x00007ffce3c90000 - 0x00007ffce3cf5000 	C:\dev\Java\jdk\jdk10\bin\fontmanager.dll
0x00007ffce8530000 - 0x00007ffce884c000 	C:\WINDOWS\SYSTEM32\dwrite.dll
0x00007ffce68d0000 - 0x00007ffce68f3000 	C:\dev\Java\jdk\jdk10\bin\javafx_iio.dll
0x00007ffcf0b00000 - 0x00007ffcf0b09000 	C:\dev\Java\jdk\jdk10\bin\management.dll
0x00007ffcef180000 - 0x00007ffcef18a000 	C:\dev\Java\jdk\jdk10\bin\management_ext.dll
0x00007ffcf1d80000 - 0x00007ffcf1e3e000 	C:\WINDOWS\SYSTEM32\DNSAPI.dll
0x00007ffcf5800000 - 0x00007ffcf5808000 	C:\WINDOWS\System32\NSI.dll
0x00007ffcf1d30000 - 0x00007ffcf1d68000 	C:\WINDOWS\SYSTEM32\IPHLPAPI.DLL
0x00007ffce58b0000 - 0x00007ffce58ba000 	C:\Windows\System32\rasadhlp.dll
0x00007ffce7c40000 - 0x00007ffce7cb2000 	C:\WINDOWS\System32\fwpuclnt.dll
0x00007ffcf2290000 - 0x00007ffcf22b5000 	C:\WINDOWS\SYSTEM32\bcrypt.dll
0x00007ffcec450000 - 0x00007ffcec466000 	C:\WINDOWS\system32\napinsp.dll
0x00007ffce7cc0000 - 0x00007ffce7cda000 	C:\WINDOWS\system32\pnrpnsp.dll
0x00007ffcee0e0000 - 0x00007ffcee0f9000 	C:\WINDOWS\system32\NLAapi.dll
0x00007ffcec700000 - 0x00007ffcec70e000 	C:\WINDOWS\System32\winrnr.dll
0x00007ffceaeb0000 - 0x00007ffceaec5000 	C:\WINDOWS\System32\wshbth.dll
0x00007ffcf2170000 - 0x00007ffcf2187000 	C:\WINDOWS\SYSTEM32\CRYPTSP.dll
0x00007ffcf1b90000 - 0x00007ffcf1bc3000 	C:\WINDOWS\system32\rsaenh.dll
0x00007ffcf26c0000 - 0x00007ffcf26e8000 	C:\WINDOWS\SYSTEM32\USERENV.dll
0x00007ffcf2160000 - 0x00007ffcf216b000 	C:\WINDOWS\SYSTEM32\CRYPTBASE.dll

dbghelp: loaded successfully - version: 4.0.5 - missing functions: none
symbol engine: initialized successfully - sym options: 0x614 - pdb path: .;C:\DEV\java\jdk\jdk10\bin;C:\WINDOWS\SYSTEM32;C:\WINDOWS\WinSxS\amd64_microsoft.windows.common-controls_6595b64144ccf1df_6.0.17134.765_none_fb42a1a930655896;C:\DEV\java\jdk\jdk10\bin\server;C:\Program Files (x86)\Smadav;C:\Program Files\Common Files\Microsoft Shared\Ink

VM Arguments:
jvm_args: -Dfile.encoding=UTF-8 
java_command: projet.MainProjet
java_class_path (initial): C:\Users\Ce\Desktop\Java_Framework\projet\bin;C:\Users\Ce\Desktop\Java_Framework\Framework-3iL\bin;C:\Users\Ce\Desktop\Java_Framework\~libraries\JDBC Drivers\ojdbc8.jar;C:\Users\Ce\Desktop\Java_Framework\~libraries\mapstruct-1.3\mapstruct-1.3.0.Final.jar
Launcher Type: SUN_STANDARD

Logging:
Log output configuration:
#0: stdout all=warning uptime,level,tags
#1: stderr all=off uptime,level,tags

Environment Variables:
PATH=C:/dev/java/jdk/jdk10/bin/server;C:/dev/java/jdk/jdk10/bin;C:\oraclexe\app\oracle\product\11.2.0\server\bin;C:\Program Files (x86)\Common Files\Oracle\Java\javapath;C:\ProgramData\Oracle\Java\javapath;C:\WINDOWS\system32;C:\WINDOWS;C:\WINDOWS\System32\Wbem;C:\WINDOWS\System32\WindowsPowerShell\v1.0\;C:\WINDOWS\System32\OpenSSH\;C:\Program Files\dotnet\;C:\Program Files\Microsoft SQL Server\130\Tools\Binn\;C:\Program Files\nodejs\;C:\Program Files\MATLAB\R2019a\bin;C:\Users\Ce\AppData\Local\Microsoft\WindowsApps;C:\Users\Ce\AppData\Roaming\npm;C:\dev\Java\eclipse-4.10-java;
USERNAME=Ce
OS=Windows_NT
PROCESSOR_IDENTIFIER=AMD64 Family 21 Model 19 Stepping 1, AuthenticAMD



---------------  S Y S T E M  ---------------

OS: Windows 10 , 64 bit Build 17134 (10.0.17134.753)

CPU:total 4 (initial active 4) (4 cores per cpu, 1 threads per core) family 21 model 19 stepping 1, cmov, cx8, fxsr, mmx, sse, sse2, sse3, ssse3, sse4.1, sse4.2, popcnt, avx, aes, clmul, mmxext, 3dnowpref, lzcnt, sse4a, tsc, tscinvbit, tscinv, bmi1, fma

Memory: 4k page, physical 5472624k(1173136k free), swap 5996912k(840k free)

vm_info: Java HotSpot(TM) 64-Bit Server VM (10.0.2+13) for windows-amd64 JRE (10.0.2+13), built on Jun 28 2018 01:57:56 by "mach5one" with MS VC++ 12.0 (VS2013)

END.
