#
# There is insufficient memory for the Java Runtime Environment to continue.
# Native memory allocation (malloc) failed to allocate 1048576 bytes for AllocateHeap
# Possible reasons:
#   The system is out of physical RAM or swap space
#   The process is running with CompressedOops enabled, and the Java Heap may be blocking the growth of the native heap
# Possible solutions:
#   Reduce memory load on the system
#   Increase physical memory or swap space
#   Check if swap backing store is full
#   Decrease Java heap size (-Xmx/-Xms)
#   Decrease number of Java threads
#   Decrease Java thread stack sizes (-Xss)
#   Set larger code cache with -XX:ReservedCodeCacheSize=
# This output file may be truncated or incomplete.
#
#  Out of Memory Error (memory/allocation.inline.hpp:63), pid=9656, tid=4280
#
# JRE version:  (10.0.2+13) (build )
# Java VM: Java HotSpot(TM) 64-Bit Server VM (10.0.2+13, mixed mode, aot, tiered, compressed oops, g1 gc, windows-amd64)
# No core dump will be written. Minidumps are not enabled by default on client versions of Windows
#

---------------  S U M M A R Y ------------

Command Line: -Dfile.encoding=UTF-8 projet.MainProjet

Host: AMD A10-5745M APU with Radeon(tm) HD Graphics  , 4 cores, 5G,  Windows 10 , 64 bit Build 17134 (10.0.17134.753)
Time: Mon Jun 10 23:03:18 2019 Paris, Madrid (heure d?été) elapsed time: 0 seconds (0d 0h 0m 0s)

---------------  T H R E A D  ---------------

Current thread (0x0000021557f0c000):  JavaThread "Unknown thread" [_thread_in_vm, id=4280, stack(0x000000652e800000,0x000000652e900000)]

Stack: [0x000000652e800000,0x000000652e900000]
Native frames: (J=compiled Java code, j=interpreted, Vv=VM code, C=native code)
V  [jvm.dll+0x5a01a9]
V  [jvm.dll+0x6bcf31]
V  [jvm.dll+0x6be126]
V  [jvm.dll+0x6be7b3]
V  [jvm.dll+0x234978]
V  [jvm.dll+0x105556]
V  [jvm.dll+0x2cb95c]
V  [jvm.dll+0x2c5734]
V  [jvm.dll+0x69d1db]
V  [jvm.dll+0x69e9fc]
V  [jvm.dll+0x3519e9]
V  [jvm.dll+0x6856a2]
V  [jvm.dll+0x3ba0c3]
V  [jvm.dll+0x3bc261]
C  [javaw.exe+0x3541]
C  [javaw.exe+0xe1cf]
C  [javaw.exe+0xe376]
C  [KERNEL32.DLL+0x14034]
C  [ntdll.dll+0x73691]


---------------  P R O C E S S  ---------------

Threads class SMR info:
_java_thread_list=0x0000021557e15870, length=0, elements={
}

Java Threads: ( => current thread )

Other Threads:
  0x0000021557f25800 GCTaskThread "GC Thread#0" [stack: 0x000000652e900000,0x000000652ea00000] [id=3276]
  0x0000021557f27000 GCTaskThread "GC Thread#1" [stack: 0x000000652ea00000,0x000000652eb00000] [id=1144]
  0x0000021557f29800 GCTaskThread "GC Thread#2" [stack: 0x000000652eb00000,0x000000652ec00000] [id=956]
  0x0000021557f2c000 GCTaskThread "GC Thread#3" [stack: 0x000000652ec00000,0x000000652ed00000] [id=7152]

[error occurred during error reporting (printing all threads), id 0xe0000001]

VM state:not at safepoint (not fully initialized)

VM Mutex/Monitor currently owned by a thread:  ([mutex/lock_event])
[0x0000021557f092d0] Heap_lock - owner thread: 0x0000021557f0c000

Heap address: 0x00000000ac600000, size: 1338 MB, Compressed Oops mode: Non-zero based: 0x00000000ac600000
Narrow klass base: 0x0000000000000000, Narrow klass shift: 0

GC Heap History (0 events):
No events

Deoptimization events (0 events):
No events

Classes redefined (0 events):
No events

Internal exceptions (0 events):
No events

Events (0 events):
No events


Dynamic libraries:
0x00007ff7c9b50000 - 0x00007ff7c9b8e000 	C:\DEV\java\jdk\jdk10\bin\javaw.exe
0x00007ffc4b590000 - 0x00007ffc4b771000 	C:\WINDOWS\SYSTEM32\ntdll.dll
0x00007ffc493d0000 - 0x00007ffc49481000 	C:\WINDOWS\System32\KERNEL32.DLL
0x00007ffc48410000 - 0x00007ffc48683000 	C:\WINDOWS\System32\KERNELBASE.dll
0x00007ffc4b2a0000 - 0x00007ffc4b341000 	C:\WINDOWS\System32\ADVAPI32.dll
0x00007ffc49c50000 - 0x00007ffc49cee000 	C:\WINDOWS\System32\msvcrt.dll
0x00007ffc49830000 - 0x00007ffc4988b000 	C:\WINDOWS\System32\sechost.dll
0x00007ffc48b00000 - 0x00007ffc48c24000 	C:\WINDOWS\System32\RPCRT4.dll
0x00007ffc49240000 - 0x00007ffc493d0000 	C:\WINDOWS\System32\USER32.dll
0x00007ffc482e0000 - 0x00007ffc48300000 	C:\WINDOWS\System32\win32u.dll
0x00007ffc49210000 - 0x00007ffc49238000 	C:\WINDOWS\System32\GDI32.dll
0x00007ffc48880000 - 0x00007ffc48a12000 	C:\WINDOWS\System32\gdi32full.dll
0x00007ffc48240000 - 0x00007ffc482df000 	C:\WINDOWS\System32\msvcp_win.dll
0x00007ffc480f0000 - 0x00007ffc481e8000 	C:\WINDOWS\System32\ucrtbase.dll
0x00007ffc38610000 - 0x00007ffc38879000 	C:\WINDOWS\WinSxS\amd64_microsoft.windows.common-controls_6595b64144ccf1df_6.0.17134.765_none_fb42a1a930655896\COMCTL32.dll
0x00007ffc414d0000 - 0x00007ffc414da000 	C:\WINDOWS\SYSTEM32\VERSION.dll
0x00007ffc498f0000 - 0x00007ffc49c12000 	C:\WINDOWS\System32\combase.dll
0x00007ffc48070000 - 0x00007ffc480ea000 	C:\WINDOWS\System32\bcryptPrimitives.dll
0x00007ffc49c20000 - 0x00007ffc49c4d000 	C:\WINDOWS\System32\IMM32.DLL
0x00007ffc24b20000 - 0x00007ffc24c0f000 	C:\DEV\java\jdk\jdk10\bin\msvcr120.dll
0x00007ffc23ce0000 - 0x00007ffc23d86000 	C:\DEV\java\jdk\jdk10\bin\msvcp120.dll
0x0000000058c40000 - 0x00000000596b0000 	C:\DEV\java\jdk\jdk10\bin\server\jvm.dll
0x00007ffc4b4f0000 - 0x00007ffc4b4f8000 	C:\WINDOWS\System32\PSAPI.DLL
0x00007ffc318d0000 - 0x00007ffc318d9000 	C:\WINDOWS\SYSTEM32\WSOCK32.dll
0x00007ffc49120000 - 0x00007ffc4918c000 	C:\WINDOWS\System32\WS2_32.dll
0x00007ffc45b40000 - 0x00007ffc45b63000 	C:\WINDOWS\SYSTEM32\WINMM.dll
0x00007ffc45b10000 - 0x00007ffc45b3a000 	C:\WINDOWS\SYSTEM32\WINMMBASE.dll
0x00007ffc481f0000 - 0x00007ffc48239000 	C:\WINDOWS\System32\cfgmgr32.dll
0x00007ffc2d190000 - 0x00007ffc2d19f000 	C:\DEV\java\jdk\jdk10\bin\verify.dll
0x00007ffc375f0000 - 0x00007ffc377b9000 	C:\WINDOWS\SYSTEM32\DBGHELP.DLL
0x00007ffc375c0000 - 0x00007ffc375e9000 	C:\WINDOWS\SYSTEM32\dbgcore.DLL
0x00007ffc21680000 - 0x00007ffc216a7000 	C:\DEV\java\jdk\jdk10\bin\java.dll
0x00007ffc21b50000 - 0x00007ffc21b66000 	C:\DEV\java\jdk\jdk10\bin\zip.dll
0x00007ffc2d180000 - 0x00007ffc2d18a000 	C:\DEV\java\jdk\jdk10\bin\jimage.dll

dbghelp: loaded successfully - version: 4.0.5 - missing functions: none
symbol engine: initialized successfully - sym options: 0x614 - pdb path: .;C:\DEV\java\jdk\jdk10\bin;C:\WINDOWS\SYSTEM32;C:\WINDOWS\WinSxS\amd64_microsoft.windows.common-controls_6595b64144ccf1df_6.0.17134.765_none_fb42a1a930655896;C:\DEV\java\jdk\jdk10\bin\server

VM Arguments:
jvm_args: -Dfile.encoding=UTF-8 
java_command: projet.MainProjet
java_class_path (initial): C:\Users\Ce\Desktop\Java_Framework\projet\bin;C:\Users\Ce\Desktop\Java_Framework\Framework-3iL\bin;C:\Users\Ce\Desktop\Java_Framework\~libraries\JDBC Drivers\ojdbc8.jar;C:\Users\Ce\Desktop\Java_Framework\~libraries\mapstruct-1.3\mapstruct-1.3.0.Final.jar
Launcher Type: SUN_STANDARD

Logging:
Log output configuration:
#0: stdout all=warning uptime,level,tags
#1: stderr all=off uptime,level,tags

Environment Variables:
PATH=C:/dev/java/jdk/jdk10/bin/server;C:/dev/java/jdk/jdk10/bin;C:\oraclexe\app\oracle\product\11.2.0\server\bin;C:\Program Files (x86)\Common Files\Oracle\Java\javapath;C:\ProgramData\Oracle\Java\javapath;C:\WINDOWS\system32;C:\WINDOWS;C:\WINDOWS\System32\Wbem;C:\WINDOWS\System32\WindowsPowerShell\v1.0\;C:\WINDOWS\System32\OpenSSH\;C:\Program Files\dotnet\;C:\Program Files\Microsoft SQL Server\130\Tools\Binn\;C:\Program Files\nodejs\;C:\Program Files\MATLAB\R2019a\bin;C:\Users\Ce\AppData\Local\Microsoft\WindowsApps;C:\Users\Ce\AppData\Roaming\npm;C:\dev\Java\eclipse-4.10-java;
USERNAME=Ce
OS=Windows_NT
PROCESSOR_IDENTIFIER=AMD64 Family 21 Model 19 Stepping 1, AuthenticAMD



---------------  S Y S T E M  ---------------

OS: Windows 10 , 64 bit Build 17134 (10.0.17134.753)

CPU:total 4 (initial active 4) (4 cores per cpu, 1 threads per core) family 21 model 19 stepping 1, cmov, cx8, fxsr, mmx, sse, sse2, sse3, ssse3, sse4.1, sse4.2, popcnt, avx, aes, clmul, mmxext, 3dnowpref, lzcnt, sse4a, tsc, tscinvbit, tscinv, bmi1, fma

Memory: 4k page, physical 5472624k(1281532k free), swap 5996912k(5264k free)

vm_info: Java HotSpot(TM) 64-Bit Server VM (10.0.2+13) for windows-amd64 JRE (10.0.2+13), built on Jun 28 2018 01:57:56 by "mach5one" with MS VC++ 12.0 (VS2013)

END.
