#
# There is insufficient memory for the Java Runtime Environment to continue.
# Native memory allocation (malloc) failed to allocate 2528336 bytes for Chunk::new
# Possible reasons:
#   The system is out of physical RAM or swap space
#   The process is running with CompressedOops enabled, and the Java Heap may be blocking the growth of the native heap
# Possible solutions:
#   Reduce memory load on the system
#   Increase physical memory or swap space
#   Check if swap backing store is full
#   Decrease Java heap size (-Xmx/-Xms)
#   Decrease number of Java threads
#   Decrease Java thread stack sizes (-Xss)
#   Set larger code cache with -XX:ReservedCodeCacheSize=
#   JVM is running with Unscaled Compressed Oops mode in which the Java heap is
#     placed in the first 4GB address space. The Java Heap base address is the
#     maximum limit for the native heap growth. Please use -XX:HeapBaseMinAddress
#     to set the Java Heap base and to place the Java Heap above 4GB virtual address.
# This output file may be truncated or incomplete.
#
#  Out of Memory Error (t:/workspace/open/src/hotspot/share/memory/arena.cpp:198), pid=11688, tid=6596
#
# JRE version: Java(TM) SE Runtime Environment (10.0.2+13) (build 10.0.2+13)
# Java VM: Java HotSpot(TM) 64-Bit Server VM (10.0.2+13, mixed mode, tiered, compressed oops, g1 gc, windows-amd64)
# No core dump will be written. Minidumps are not enabled by default on client versions of Windows
#

---------------  S U M M A R Y ------------

Command Line: -Dfile.encoding=UTF-8 projet.MainProjet

Host: AMD A10-5745M APU with Radeon(tm) HD Graphics  , 4 cores, 5G,  Windows 10 , 64 bit Build 17134 (10.0.17134.753)
Time: Sat Jun 08 15:39:54 2019 Paris, Madrid (heure d?été) elapsed time: 41 seconds (0d 0h 0m 41s)

---------------  T H R E A D  ---------------

Current thread (0x000001eda9b57000):  JavaThread "C2 CompilerThread1" daemon [_thread_in_native, id=6596, stack(0x000000ce89e00000,0x000000ce89f00000)]


Current CompileTask:
C2:  41167 4476   !   4       javafx.scene.CssStyleHelper::transitionToState (1019 bytes)

Stack: [0x000000ce89e00000,0x000000ce89f00000]
Native frames: (J=compiled Java code, j=interpreted, Vv=VM code, C=native code)
V  [jvm.dll+0x5a01a9]
V  [jvm.dll+0x6bcf31]
V  [jvm.dll+0x6be126]
V  [jvm.dll+0x6be7b3]
V  [jvm.dll+0x234978]
V  [jvm.dll+0xbb69c]
V  [jvm.dll+0xbbbac]
V  [jvm.dll+0x34bee1]
V  [jvm.dll+0x3110aa]
V  [jvm.dll+0x31063a]
V  [jvm.dll+0x1ffe91]
V  [jvm.dll+0x1ff116]
V  [jvm.dll+0x17c94b]
V  [jvm.dll+0x20c8dd]
V  [jvm.dll+0x20b6a6]
V  [jvm.dll+0x68b7ff]
V  [jvm.dll+0x59f4b0]
C  [msvcr120.dll+0x24f7f]
C  [msvcr120.dll+0x25126]
C  [KERNEL32.DLL+0x14034]
C  [ntdll.dll+0x73691]


---------------  P R O C E S S  ---------------

Threads class SMR info:
_java_thread_list=0x000001edb6f4aae0, length=22, elements={
0x000001ed8990c800, 0x000001eda9af1000, 0x000001eda9afa000, 0x000001eda9b49800,
0x000001eda9b4a800, 0x000001eda9b56800, 0x000001eda9b57000, 0x000001eda9b65800,
0x000001eda9b6e800, 0x000001eda9e63000, 0x000001eda9e68800, 0x000001eda9e64000,
0x000001eda9e66000, 0x000001eda9e64800, 0x000001eda9e67000, 0x000001eda9e65800,
0x000001eda9e68000, 0x000001eda9e62800, 0x000001eda9e69800, 0x000001edbaa9c800,
0x000001edbaa9a800, 0x000001edbaa98000
}

Java Threads: ( => current thread )
  0x000001ed8990c800 JavaThread "main" [_thread_blocked, id=13180, stack(0x000000ce88c00000,0x000000ce88d00000)]
  0x000001eda9af1000 JavaThread "Reference Handler" daemon [_thread_blocked, id=8016, stack(0x000000ce89900000,0x000000ce89a00000)]
  0x000001eda9afa000 JavaThread "Finalizer" daemon [_thread_blocked, id=12108, stack(0x000000ce89a00000,0x000000ce89b00000)]
  0x000001eda9b49800 JavaThread "Signal Dispatcher" daemon [_thread_blocked, id=13372, stack(0x000000ce89b00000,0x000000ce89c00000)]
  0x000001eda9b4a800 JavaThread "Attach Listener" daemon [_thread_blocked, id=224, stack(0x000000ce89c00000,0x000000ce89d00000)]
  0x000001eda9b56800 JavaThread "C2 CompilerThread0" daemon [_thread_blocked, id=11948, stack(0x000000ce89d00000,0x000000ce89e00000)]
=>0x000001eda9b57000 JavaThread "C2 CompilerThread1" daemon [_thread_in_native, id=6596, stack(0x000000ce89e00000,0x000000ce89f00000)]
  0x000001eda9b65800 JavaThread "C1 CompilerThread2" daemon [_thread_blocked, id=6060, stack(0x000000ce89f00000,0x000000ce8a000000)]
  0x000001eda9b6e800 JavaThread "Sweeper thread" daemon [_thread_blocked, id=3948, stack(0x000000ce8a000000,0x000000ce8a100000)]
  0x000001eda9e63000 JavaThread "Service Thread" daemon [_thread_blocked, id=11468, stack(0x000000ce8a100000,0x000000ce8a200000)]
  0x000001eda9e68800 JavaThread "Common-Cleaner" daemon [_thread_blocked, id=584, stack(0x000000ce8a200000,0x000000ce8a300000)]
  0x000001eda9e64000 JavaThread "JavaFX-Launcher" [_thread_blocked, id=10972, stack(0x000000ce8a400000,0x000000ce8a500000)]
  0x000001eda9e66000 JavaThread "QuantumRenderer-0" daemon [_thread_blocked, id=1328, stack(0x000000ce8a500000,0x000000ce8a600000)]
  0x000001eda9e64800 JavaThread "InvokeLaterDispatcher" daemon [_thread_blocked, id=9776, stack(0x000000ce8a700000,0x000000ce8a800000)]
  0x000001eda9e67000 JavaThread "JavaFX Application Thread" [_thread_in_native, id=616, stack(0x000000ce8a800000,0x000000ce8a900000)]
  0x000001eda9e65800 JavaThread "Thread-2" daemon [_thread_in_native, id=11432, stack(0x000000ce8af00000,0x000000ce8b000000)]
  0x000001eda9e68000 JavaThread "Java2D Disposer" daemon [_thread_blocked, id=1068, stack(0x000000ce8b000000,0x000000ce8b100000)]
  0x000001eda9e62800 JavaThread "Timer-0" daemon [_thread_blocked, id=10348, stack(0x000000ce8b100000,0x000000ce8b200000)]
  0x000001eda9e69800 JavaThread "oracle.jdbc.driver.BlockSource.ThreadedCachingBlockSource.BlockReleaser" daemon [_thread_blocked, id=7404, stack(0x000000ce8b200000,0x000000ce8b300000)]
  0x000001edbaa9c800 JavaThread "InterruptTimer" daemon [_thread_blocked, id=8484, stack(0x000000ce8b300000,0x000000ce8b400000)]
  0x000001edbaa9a800 JavaThread "Prism Font Disposer" daemon [_thread_blocked, id=2680, stack(0x000000ce8b500000,0x000000ce8b600000)]
  0x000001edbaa98000 JavaThread "Cleaner-0" daemon [_thread_blocked, id=13588, stack(0x000000ce8b600000,0x000000ce8b700000)]

Other Threads:
  0x000001eda9aed800 VMThread "VM Thread" [stack: 0x000000ce89800000,0x000000ce89900000] [id=6496]
  0x000001eda9e6e000 WatcherThread [stack: 0x000000ce8a300000,0x000000ce8a400000] [id=11056]
  0x000001ed89924800 GCTaskThread "GC Thread#0" [stack: 0x000000ce88d00000,0x000000ce88e00000] [id=1096]
  0x000001ed89925800 GCTaskThread "GC Thread#1" [stack: 0x000000ce88e00000,0x000000ce88f00000] [id=336]
  0x000001ed89929800 GCTaskThread "GC Thread#2" [stack: 0x000000ce88f00000,0x000000ce89000000] [id=8788]
  0x000001ed8992f800 GCTaskThread "GC Thread#3" [stack: 0x000000ce89000000,0x000000ce89100000] [id=10652]
  0x000001ed89983000 ConcurrentGCThread "G1 Main Marker" [stack: 0x000000ce89100000,0x000000ce89200000] [id=10756]
  0x000001ed89986000 ConcurrentGCThread "G1 Conc#0" [stack: 0x000000ce89200000,0x000000ce89300000] [id=7140]
  0x000001ed899d3800 ConcurrentGCThread "G1 Refine#0" [stack: 0x000000ce89300000,0x000000ce89400000] [id=11992]
  0x000001ed899d4800 ConcurrentGCThread "G1 Refine#1" [stack: 0x000000ce89400000,0x000000ce89500000] [id=4196]
  0x000001ed899d5800 ConcurrentGCThread "G1 Refine#2" [stack: 0x000000ce89500000,0x000000ce89600000] [id=11120]
  0x000001ed899d6800 ConcurrentGCThread "G1 Refine#3" [stack: 0x000000ce89600000,0x000000ce89700000] [id=11812]
  0x000001ed899da000 ConcurrentGCThread "G1 Young RemSet Sampling" [stack: 0x000000ce89700000,0x000000ce89800000] [id=13132]

Threads with active compile tasks:
C2 CompilerThread14476   !   4       javafx.scene.CssStyleHelper::transitionToState (1019 bytes)

VM state:not at safepoint (normal execution)

VM Mutex/Monitor currently owned by a thread: None

Heap address: 0x00000000ac600000, size: 1338 MB, Compressed Oops mode: 32-bit
Narrow klass base: 0x0000000000000000, Narrow klass shift: 3
Compressed class space size: 1073741824 Address: 0x0000000100000000

Heap:
 garbage-first heap   total 103424K, used 36347K [0x00000000ac600000, 0x0000000100000000)
  region size 1024K, 18 young (18432K), 1 survivors (1024K)
 Metaspace       used 37884K, capacity 39008K, committed 39552K, reserved 1083392K
  class space    used 4738K, capacity 5222K, committed 5248K, reserved 1048576K
Heap Regions: E=young(eden), S=young(survivor), O=old, HS=humongous(starts), HC=humongous(continues), CS=collection set, F=free, A=archive, TS=gc time stamp, AC=allocation context, TAMS=top-at-mark-start (previous, next)
|   0|0x00000000ac600000, 0x00000000ac700000, 0x00000000ac700000|100%|HS|  |TS  0|AC  0|TAMS 0x00000000ac700000, 0x00000000ac700000|
|   1|0x00000000ac700000, 0x00000000ac800000, 0x00000000ac800000|100%|HC|  |TS  0|AC  0|TAMS 0x00000000ac800000, 0x00000000ac800000|
|   2|0x00000000ac800000, 0x00000000ac900000, 0x00000000ac900000|100%| O|  |TS  0|AC  0|TAMS 0x00000000ac900000, 0x00000000ac900000|
|   3|0x00000000ac900000, 0x00000000aca00000, 0x00000000aca00000|100%| O|  |TS  0|AC  0|TAMS 0x00000000aca00000, 0x00000000aca00000|
|   4|0x00000000aca00000, 0x00000000acb00000, 0x00000000acb00000|100%|HS|  |TS  0|AC  0|TAMS 0x00000000acb00000, 0x00000000acb00000|
|   5|0x00000000acb00000, 0x00000000acc00000, 0x00000000acc00000|100%|HC|  |TS  0|AC  0|TAMS 0x00000000acc00000, 0x00000000acc00000|
|   6|0x00000000acc00000, 0x00000000acd00000, 0x00000000acd00000|100%| O|  |TS  0|AC  0|TAMS 0x00000000acd00000, 0x00000000acd00000|
|   7|0x00000000acd00000, 0x00000000ace00000, 0x00000000ace00000|100%| O|  |TS  0|AC  0|TAMS 0x00000000ace00000, 0x00000000ace00000|
|   8|0x00000000ace00000, 0x00000000acf00000, 0x00000000acf00000|100%| O|  |TS  0|AC  0|TAMS 0x00000000acf00000, 0x00000000acf00000|
|   9|0x00000000acf00000, 0x00000000ad000000, 0x00000000ad000000|100%| O|  |TS  0|AC  0|TAMS 0x00000000ad000000, 0x00000000ad000000|
|  10|0x00000000ad000000, 0x00000000ad100000, 0x00000000ad100000|100%| O|  |TS  0|AC  0|TAMS 0x00000000ad100000, 0x00000000ad100000|
|  11|0x00000000ad100000, 0x00000000ad200000, 0x00000000ad200000|100%| O|  |TS  0|AC  0|TAMS 0x00000000ad200000, 0x00000000ad200000|
|  12|0x00000000ad200000, 0x00000000ad300000, 0x00000000ad300000|100%| O|  |TS  0|AC  0|TAMS 0x00000000ad300000, 0x00000000ad300000|
|  13|0x00000000ad300000, 0x00000000ad400000, 0x00000000ad400000|100%| O|  |TS  0|AC  0|TAMS 0x00000000ad400000, 0x00000000ad400000|
|  14|0x00000000ad400000, 0x00000000ad4f2400, 0x00000000ad500000| 94%| O|  |TS  0|AC  0|TAMS 0x00000000ad4f2400, 0x00000000ad4f2400|
|  15|0x00000000ad500000, 0x00000000ad600000, 0x00000000ad600000|100%|HS|  |TS  0|AC  0|TAMS 0x00000000ad500000, 0x00000000ad500000|
|  16|0x00000000ad600000, 0x00000000ad700000, 0x00000000ad700000|100%|HC|  |TS  0|AC  0|TAMS 0x00000000ad600000, 0x00000000ad600000|
|  17|0x00000000ad700000, 0x00000000ad800000, 0x00000000ad800000|100%|HS|  |TS  0|AC  0|TAMS 0x00000000ad700000, 0x00000000ad700000|
|  18|0x00000000ad800000, 0x00000000ad900000, 0x00000000ad900000|100%|HC|  |TS  0|AC  0|TAMS 0x00000000ad800000, 0x00000000ad800000|
|  19|0x00000000ad900000, 0x00000000ad900000, 0x00000000ada00000|  0%| F|  |TS  0|AC  0|TAMS 0x00000000ad900000, 0x00000000ad900000|
|  20|0x00000000ada00000, 0x00000000ada00000, 0x00000000adb00000|  0%| F|  |TS  0|AC  0|TAMS 0x00000000ada00000, 0x00000000ada00000|
|  21|0x00000000adb00000, 0x00000000adb00000, 0x00000000adc00000|  0%| F|  |TS  0|AC  0|TAMS 0x00000000adb00000, 0x00000000adb00000|
|  22|0x00000000adc00000, 0x00000000adc00000, 0x00000000add00000|  0%| F|  |TS  0|AC  0|TAMS 0x00000000adc00000, 0x00000000adc00000|
|  23|0x00000000add00000, 0x00000000add00000, 0x00000000ade00000|  0%| F|  |TS  0|AC  0|TAMS 0x00000000add00000, 0x00000000add00000|
|  24|0x00000000ade00000, 0x00000000ade00000, 0x00000000adf00000|  0%| F|  |TS  0|AC  0|TAMS 0x00000000ade00000, 0x00000000ade00000|
|  25|0x00000000adf00000, 0x00000000adf00000, 0x00000000ae000000|  0%| F|  |TS  0|AC  0|TAMS 0x00000000adf00000, 0x00000000adf00000|
|  26|0x00000000ae000000, 0x00000000ae000000, 0x00000000ae100000|  0%| F|  |TS  0|AC  0|TAMS 0x00000000ae000000, 0x00000000ae000000|
|  27|0x00000000ae100000, 0x00000000ae100000, 0x00000000ae200000|  0%| F|  |TS  0|AC  0|TAMS 0x00000000ae100000, 0x00000000ae100000|
|  28|0x00000000ae200000, 0x00000000ae200000, 0x00000000ae300000|  0%| F|  |TS  0|AC  0|TAMS 0x00000000ae200000, 0x00000000ae200000|
|  29|0x00000000ae300000, 0x00000000ae300000, 0x00000000ae400000|  0%| F|  |TS  0|AC  0|TAMS 0x00000000ae300000, 0x00000000ae300000|
|  30|0x00000000ae400000, 0x00000000ae400000, 0x00000000ae500000|  0%| F|  |TS  0|AC  0|TAMS 0x00000000ae400000, 0x00000000ae400000|
|  31|0x00000000ae500000, 0x00000000ae500000, 0x00000000ae600000|  0%| F|  |TS  0|AC  0|TAMS 0x00000000ae500000, 0x00000000ae500000|
|  32|0x00000000ae600000, 0x00000000ae600000, 0x00000000ae700000|  0%| F|  |TS  0|AC  0|TAMS 0x00000000ae600000, 0x00000000ae600000|
|  33|0x00000000ae700000, 0x00000000ae700000, 0x00000000ae800000|  0%| F|  |TS  0|AC  0|TAMS 0x00000000ae700000, 0x00000000ae700000|
|  34|0x00000000ae800000, 0x00000000ae800000, 0x00000000ae900000|  0%| F|  |TS  0|AC  0|TAMS 0x00000000ae800000, 0x00000000ae800000|
|  35|0x00000000ae900000, 0x00000000ae900000, 0x00000000aea00000|  0%| F|  |TS  0|AC  0|TAMS 0x00000000ae900000, 0x00000000ae900000|
|  36|0x00000000aea00000, 0x00000000aea00000, 0x00000000aeb00000|  0%| F|  |TS  0|AC  0|TAMS 0x00000000aea00000, 0x00000000aea00000|
|  37|0x00000000aeb00000, 0x00000000aeb00000, 0x00000000aec00000|  0%| F|  |TS  0|AC  0|TAMS 0x00000000aeb00000, 0x00000000aeb00000|
|  38|0x00000000aec00000, 0x00000000aec00000, 0x00000000aed00000|  0%| F|  |TS  0|AC  0|TAMS 0x00000000aec00000, 0x00000000aec00000|
|  39|0x00000000aed00000, 0x00000000aed00000, 0x00000000aee00000|  0%| F|  |TS  0|AC  0|TAMS 0x00000000aed00000, 0x00000000aed00000|
|  40|0x00000000aee00000, 0x00000000aee00000, 0x00000000aef00000|  0%| F|  |TS  0|AC  0|TAMS 0x00000000aee00000, 0x00000000aee00000|
|  41|0x00000000aef00000, 0x00000000aef00000, 0x00000000af000000|  0%| F|  |TS  0|AC  0|TAMS 0x00000000aef00000, 0x00000000aef00000|
|  42|0x00000000af000000, 0x00000000af000000, 0x00000000af100000|  0%| F|  |TS  0|AC  0|TAMS 0x00000000af000000, 0x00000000af000000|
|  43|0x00000000af100000, 0x00000000af100000, 0x00000000af200000|  0%| F|  |TS  0|AC  0|TAMS 0x00000000af100000, 0x00000000af100000|
|  44|0x00000000af200000, 0x00000000af200000, 0x00000000af300000|  0%| F|  |TS  0|AC  0|TAMS 0x00000000af200000, 0x00000000af200000|
|  45|0x00000000af300000, 0x00000000af300000, 0x00000000af400000|  0%| F|  |TS  0|AC  0|TAMS 0x00000000af300000, 0x00000000af300000|
|  46|0x00000000af400000, 0x00000000af400000, 0x00000000af500000|  0%| F|  |TS  0|AC  0|TAMS 0x00000000af400000, 0x00000000af400000|
|  47|0x00000000af500000, 0x00000000af500000, 0x00000000af600000|  0%| F|  |TS  0|AC  0|TAMS 0x00000000af500000, 0x00000000af500000|
|  48|0x00000000af600000, 0x00000000af600000, 0x00000000af700000|  0%| F|  |TS  0|AC  0|TAMS 0x00000000af600000, 0x00000000af600000|
|  49|0x00000000af700000, 0x00000000af700000, 0x00000000af800000|  0%| F|  |TS  0|AC  0|TAMS 0x00000000af700000, 0x00000000af700000|
|  50|0x00000000af800000, 0x00000000af800000, 0x00000000af900000|  0%| F|  |TS  0|AC  0|TAMS 0x00000000af800000, 0x00000000af800000|
|  51|0x00000000af900000, 0x00000000af900000, 0x00000000afa00000|  0%| F|  |TS  0|AC  0|TAMS 0x00000000af900000, 0x00000000af900000|
|  52|0x00000000afa00000, 0x00000000afa00000, 0x00000000afb00000|  0%| F|  |TS  0|AC  0|TAMS 0x00000000afa00000, 0x00000000afa00000|
|  53|0x00000000afb00000, 0x00000000afb00000, 0x00000000afc00000|  0%| F|  |TS  0|AC  0|TAMS 0x00000000afb00000, 0x00000000afb00000|
|  54|0x00000000afc00000, 0x00000000afc00000, 0x00000000afd00000|  0%| F|  |TS  0|AC  0|TAMS 0x00000000afc00000, 0x00000000afc00000|
|  55|0x00000000afd00000, 0x00000000afd00000, 0x00000000afe00000|  0%| F|  |TS  0|AC  0|TAMS 0x00000000afd00000, 0x00000000afd00000|
|  56|0x00000000afe00000, 0x00000000afe00000, 0x00000000aff00000|  0%| F|  |TS  0|AC  0|TAMS 0x00000000afe00000, 0x00000000afe00000|
|  57|0x00000000aff00000, 0x00000000aff00000, 0x00000000b0000000|  0%| F|  |TS  0|AC  0|TAMS 0x00000000aff00000, 0x00000000aff00000|
|  58|0x00000000b0000000, 0x00000000b0000000, 0x00000000b0100000|  0%| F|  |TS  0|AC  0|TAMS 0x00000000b0000000, 0x00000000b0000000|
|  59|0x00000000b0100000, 0x00000000b0100000, 0x00000000b0200000|  0%| F|  |TS  0|AC  0|TAMS 0x00000000b0100000, 0x00000000b0100000|
|  60|0x00000000b0200000, 0x00000000b0200000, 0x00000000b0300000|  0%| F|  |TS  0|AC  0|TAMS 0x00000000b0200000, 0x00000000b0200000|
|  61|0x00000000b0300000, 0x00000000b0300000, 0x00000000b0400000|  0%| F|  |TS  0|AC  0|TAMS 0x00000000b0300000, 0x00000000b0300000|
|  62|0x00000000b0400000, 0x00000000b0400000, 0x00000000b0500000|  0%| F|  |TS  0|AC  0|TAMS 0x00000000b0400000, 0x00000000b0400000|
|  63|0x00000000b0500000, 0x00000000b0500000, 0x00000000b0600000|  0%| F|  |TS  0|AC  0|TAMS 0x00000000b0500000, 0x00000000b0500000|
|  64|0x00000000b0600000, 0x00000000b0600000, 0x00000000b0700000|  0%| F|  |TS  0|AC  0|TAMS 0x00000000b0600000, 0x00000000b0600000|
|  65|0x00000000b0700000, 0x00000000b0700000, 0x00000000b0800000|  0%| F|  |TS  0|AC  0|TAMS 0x00000000b0700000, 0x00000000b0700000|
|  66|0x00000000b0800000, 0x00000000b0800000, 0x00000000b0900000|  0%| F|  |TS  0|AC  0|TAMS 0x00000000b0800000, 0x00000000b0800000|
|  67|0x00000000b0900000, 0x00000000b0900000, 0x00000000b0a00000|  0%| F|  |TS  0|AC  0|TAMS 0x00000000b0900000, 0x00000000b0900000|
|  68|0x00000000b0a00000, 0x00000000b0a00000, 0x00000000b0b00000|  0%| F|  |TS  0|AC  0|TAMS 0x00000000b0a00000, 0x00000000b0a00000|
|  69|0x00000000b0b00000, 0x00000000b0b00000, 0x00000000b0c00000|  0%| F|  |TS  0|AC  0|TAMS 0x00000000b0b00000, 0x00000000b0b00000|
|  70|0x00000000b0c00000, 0x00000000b0c00000, 0x00000000b0d00000|  0%| F|  |TS  0|AC  0|TAMS 0x00000000b0c00000, 0x00000000b0c00000|
|  71|0x00000000b0d00000, 0x00000000b0d00000, 0x00000000b0e00000|  0%| F|  |TS  0|AC  0|TAMS 0x00000000b0d00000, 0x00000000b0d00000|
|  72|0x00000000b0e00000, 0x00000000b0e00000, 0x00000000b0f00000|  0%| F|  |TS  0|AC  0|TAMS 0x00000000b0e00000, 0x00000000b0e00000|
|  73|0x00000000b0f00000, 0x00000000b0f00000, 0x00000000b1000000|  0%| F|  |TS  0|AC  0|TAMS 0x00000000b0f00000, 0x00000000b0f00000|
|  74|0x00000000b1000000, 0x00000000b1000000, 0x00000000b1100000|  0%| F|  |TS  0|AC  0|TAMS 0x00000000b1000000, 0x00000000b1000000|
|  75|0x00000000b1100000, 0x00000000b1100000, 0x00000000b1200000|  0%| F|  |TS  0|AC  0|TAMS 0x00000000b1100000, 0x00000000b1100000|
|  76|0x00000000b1200000, 0x00000000b1200000, 0x00000000b1300000|  0%| F|  |TS  0|AC  0|TAMS 0x00000000b1200000, 0x00000000b1200000|
|  77|0x00000000b1300000, 0x00000000b1300000, 0x00000000b1400000|  0%| F|  |TS  0|AC  0|TAMS 0x00000000b1300000, 0x00000000b1300000|
|  78|0x00000000b1400000, 0x00000000b1400000, 0x00000000b1500000|  0%| F|  |TS  0|AC  0|TAMS 0x00000000b1400000, 0x00000000b1400000|
|  79|0x00000000b1500000, 0x00000000b1500000, 0x00000000b1600000|  0%| F|  |TS  0|AC  0|TAMS 0x00000000b1500000, 0x00000000b1500000|
|  80|0x00000000b1600000, 0x00000000b1600000, 0x00000000b1700000|  0%| F|  |TS  0|AC  0|TAMS 0x00000000b1600000, 0x00000000b1600000|
|  81|0x00000000b1700000, 0x00000000b178ca00, 0x00000000b1800000| 54%| S|CS|TS  0|AC  0|TAMS 0x00000000b1700000, 0x00000000b1700000|
|  82|0x00000000b1800000, 0x00000000b1800000, 0x00000000b1900000|  0%| F|  |TS  0|AC  0|TAMS 0x00000000b1800000, 0x00000000b1800000|
|  83|0x00000000b1900000, 0x00000000b1900000, 0x00000000b1a00000|  0%| F|  |TS  0|AC  0|TAMS 0x00000000b1900000, 0x00000000b1900000|
|  84|0x00000000b1a00000, 0x00000000b1a774a8, 0x00000000b1b00000| 46%| E|  |TS  0|AC  0|TAMS 0x00000000b1a00000, 0x00000000b1a00000|
|  85|0x00000000b1b00000, 0x00000000b1c00000, 0x00000000b1c00000|100%| E|CS|TS  0|AC  0|TAMS 0x00000000b1b00000, 0x00000000b1b00000|
|  86|0x00000000b1c00000, 0x00000000b1d00000, 0x00000000b1d00000|100%| E|CS|TS  0|AC  0|TAMS 0x00000000b1c00000, 0x00000000b1c00000|
|  87|0x00000000b1d00000, 0x00000000b1e00000, 0x00000000b1e00000|100%| E|CS|TS  0|AC  0|TAMS 0x00000000b1d00000, 0x00000000b1d00000|
|  88|0x00000000b1e00000, 0x00000000b1f00000, 0x00000000b1f00000|100%| E|CS|TS  0|AC  0|TAMS 0x00000000b1e00000, 0x00000000b1e00000|
|  89|0x00000000b1f00000, 0x00000000b2000000, 0x00000000b2000000|100%| E|CS|TS  0|AC  0|TAMS 0x00000000b1f00000, 0x00000000b1f00000|
|  90|0x00000000b2000000, 0x00000000b2100000, 0x00000000b2100000|100%| E|CS|TS  0|AC  0|TAMS 0x00000000b2000000, 0x00000000b2000000|
|  91|0x00000000b2100000, 0x00000000b2200000, 0x00000000b2200000|100%| E|CS|TS  0|AC  0|TAMS 0x00000000b2100000, 0x00000000b2100000|
|  92|0x00000000b2200000, 0x00000000b2300000, 0x00000000b2300000|100%| E|CS|TS  0|AC  0|TAMS 0x00000000b2200000, 0x00000000b2200000|
|  93|0x00000000b2300000, 0x00000000b2400000, 0x00000000b2400000|100%| E|CS|TS  0|AC  0|TAMS 0x00000000b2300000, 0x00000000b2300000|
|  94|0x00000000b2400000, 0x00000000b2500000, 0x00000000b2500000|100%| E|CS|TS  0|AC  0|TAMS 0x00000000b2400000, 0x00000000b2400000|
|  95|0x00000000b2500000, 0x00000000b2600000, 0x00000000b2600000|100%| E|CS|TS  0|AC  0|TAMS 0x00000000b2500000, 0x00000000b2500000|
|  96|0x00000000b2600000, 0x00000000b2700000, 0x00000000b2700000|100%| E|CS|TS  0|AC  0|TAMS 0x00000000b2600000, 0x00000000b2600000|
|  97|0x00000000b2700000, 0x00000000b2800000, 0x00000000b2800000|100%| E|CS|TS  0|AC  0|TAMS 0x00000000b2700000, 0x00000000b2700000|
|  98|0x00000000b2800000, 0x00000000b2900000, 0x00000000b2900000|100%| E|CS|TS  0|AC  0|TAMS 0x00000000b2800000, 0x00000000b2800000|
|  99|0x00000000b2900000, 0x00000000b2a00000, 0x00000000b2a00000|100%| E|CS|TS  0|AC  0|TAMS 0x00000000b2900000, 0x00000000b2900000|
| 100|0x00000000b2a00000, 0x00000000b2b00000, 0x00000000b2b00000|100%| E|CS|TS  0|AC  0|TAMS 0x00000000b2a00000, 0x00000000b2a00000|

Card table byte_map: [0x000001eda3f40000,0x000001eda41e0000] byte_map_base: 0x000001eda39dd000

Marking Bits (Prev, Next): (CMBitMap*) 0x000001ed89982740, (CMBitMap*) 0x000001ed89982778
 Prev Bits: [0x000001eda4480000, 0x000001eda5968000)
 Next Bits: [0x000001eda5970000, 0x000001eda6e58000)

Polling page: 0x000001ed87700000

CodeHeap 'non-profiled nmethods': size=120064Kb used=2179Kb max_used=2179Kb free=117884Kb
 bounds [0x000001ed9c760000, 0x000001ed9c9d0000, 0x000001eda3ca0000]
CodeHeap 'profiled nmethods': size=120000Kb used=9333Kb max_used=9333Kb free=110667Kb
 bounds [0x000001ed95230000, 0x000001ed95b50000, 0x000001ed9c760000]
CodeHeap 'non-nmethods': size=5696Kb used=1420Kb max_used=1457Kb free=4275Kb
 bounds [0x000001ed94ca0000, 0x000001ed94f10000, 0x000001ed95230000]
 total_blobs=6217 nmethods=4489 adapters=797
 compilation: enabled

Compilation events (10 events):
Event: 40.810 Thread 0x000001eda9b65800 4489       1       com.sun.prism.PresentableState::getRenderHeight (5 bytes)
Event: 40.810 Thread 0x000001eda9b65800 nmethod 4489 0x000001ed9c980990 code [0x000001ed9c980b40, 0x000001ed9c980c58]
Event: 40.811 Thread 0x000001eda9b65800 4490       3       com.sun.glass.ui.Screen::hashCode (248 bytes)
Event: 40.813 Thread 0x000001eda9b65800 nmethod 4490 0x000001ed95b49b10 code [0x000001ed95b49d20, 0x000001ed95b4a7d8]
Event: 40.825 Thread 0x000001eda9b65800 4491       3       com.sun.prism.impl.BaseResourcePool::freeDisposalRequestedAndCheckResources (156 bytes)
Event: 40.828 Thread 0x000001eda9b65800 nmethod 4491 0x000001ed95b4a990 code [0x000001ed95b4ac20, 0x000001ed95b4b8e0]
Event: 40.861 Thread 0x000001eda9b65800 4493       3       com.sun.javafx.css.BitSet::remove (171 bytes)
Event: 40.863 Thread 0x000001eda9b65800 nmethod 4493 0x000001ed95b4bd10 code [0x000001ed95b4bf80, 0x000001ed95b4cc30]
Event: 40.863 Thread 0x000001eda9b65800 4492       3       com.sun.javafx.css.PseudoClassState::remove (6 bytes)
Event: 40.863 Thread 0x000001eda9b65800 nmethod 4492 0x000001ed95b4d010 code [0x000001ed95b4d1c0, 0x000001ed95b4d350]

GC Heap History (10 events):
Event: 1.563 GC heap before
{Heap before GC invocations=0 (full 0):
 garbage-first heap   total 86016K, used 16384K [0x00000000ac600000, 0x0000000100000000)
  region size 1024K, 14 young (14336K), 0 survivors (0K)
 Metaspace       used 15856K, capacity 16276K, committed 16640K, reserved 1064960K
  class space    used 1778K, capacity 1985K, committed 2048K, reserved 1048576K
}
Event: 1.577 GC heap after
{Heap after GC invocations=1 (full 0):
 garbage-first heap   total 86016K, used 5985K [0x00000000ac600000, 0x0000000100000000)
  region size 1024K, 2 young (2048K), 2 survivors (2048K)
 Metaspace       used 15856K, capacity 16276K, committed 16640K, reserved 1064960K
  class space    used 1778K, capacity 1985K, committed 2048K, reserved 1048576K
}
Event: 1.708 GC heap before
{Heap before GC invocations=1 (full 0):
 garbage-first heap   total 86016K, used 10081K [0x00000000ac600000, 0x0000000100000000)
  region size 1024K, 4 young (4096K), 2 survivors (2048K)
 Metaspace       used 16905K, capacity 17309K, committed 17536K, reserved 1064960K
  class space    used 1956K, capacity 2158K, committed 2176K, reserved 1048576K
}
Event: 1.716 GC heap after
{Heap after GC invocations=2 (full 0):
 garbage-first heap   total 86016K, used 9177K [0x00000000ac600000, 0x0000000100000000)
  region size 1024K, 1 young (1024K), 1 survivors (1024K)
 Metaspace       used 16905K, capacity 17309K, committed 17536K, reserved 1064960K
  class space    used 1956K, capacity 2158K, committed 2176K, reserved 1048576K
}
Event: 2.373 GC heap before
{Heap before GC invocations=2 (full 0):
 garbage-first heap   total 86016K, used 19417K [0x00000000ac600000, 0x0000000100000000)
  region size 1024K, 12 young (12288K), 1 survivors (1024K)
 Metaspace       used 20618K, capacity 21124K, committed 21248K, reserved 1067008K
  class space    used 2526K, capacity 2792K, committed 2816K, reserved 1048576K
}
Event: 2.382 GC heap after
{Heap after GC invocations=3 (full 0):
 garbage-first heap   total 86016K, used 12053K [0x00000000ac600000, 0x0000000100000000)
  region size 1024K, 3 young (3072K), 3 survivors (3072K)
 Metaspace       used 20618K, capacity 21124K, committed 21248K, reserved 1067008K
  class space    used 2526K, capacity 2792K, committed 2816K, reserved 1048576K
}
Event: 4.501 GC heap before
{Heap before GC invocations=4 (full 0):
 garbage-first heap   total 86016K, used 38677K [0x00000000ac600000, 0x0000000100000000)
  region size 1024K, 29 young (29696K), 3 survivors (3072K)
 Metaspace       used 33867K, capacity 34874K, committed 35328K, reserved 1079296K
  class space    used 4328K, capacity 4805K, committed 4864K, reserved 1048576K
}
Event: 4.518 GC heap after
{Heap after GC invocations=5 (full 0):
 garbage-first heap   total 86016K, used 15440K [0x00000000ac600000, 0x0000000100000000)
  region size 1024K, 4 young (4096K), 4 survivors (4096K)
 Metaspace       used 33867K, capacity 34874K, committed 35328K, reserved 1079296K
  class space    used 4328K, capacity 4805K, committed 4864K, reserved 1048576K
}
Event: 4.666 GC heap before
{Heap before GC invocations=5 (full 0):
 garbage-first heap   total 86016K, used 16464K [0x00000000ac600000, 0x0000000100000000)
  region size 1024K, 6 young (6144K), 4 survivors (4096K)
 Metaspace       used 34418K, capacity 35429K, committed 35840K, reserved 1081344K
  class space    used 4400K, capacity 4882K, committed 4992K, reserved 1048576K
}
Event: 4.678 GC heap after
{Heap after GC invocations=6 (full 0):
 garbage-first heap   total 103424K, used 15867K [0x00000000ac600000, 0x0000000100000000)
  region size 1024K, 1 young (1024K), 1 survivors (1024K)
 Metaspace       used 34418K, capacity 35429K, committed 35840K, reserved 1081344K
  class space    used 4400K, capacity 4882K, committed 4992K, reserved 1048576K
}

Deoptimization events (10 events):
Event: 18.543 Thread 0x000001eda9e67000 Uncommon trap: reason=unstable_if action=reinterpret pc=0x000001ed9c8c0484 method=com.sun.javafx.css.ParsedValueImpl.containsFontRelativeSize(Ljavafx/css/ParsedValue;Z)Z @ 56 c2
Event: 22.680 Thread 0x000001eda9e67000 Uncommon trap: reason=class_check action=maybe_recompile pc=0x000001ed9c908134 method=com.sun.javafx.collections.VetoableListDecorator.size()I @ 4 c2
Event: 25.854 Thread 0x000001eda9e67000 Uncommon trap: reason=array_check action=maybe_recompile pc=0x000001ed9c930798 method=javafx.css.CompoundSelector.applies(Ljavafx/css/Styleable;[Ljava/util/Set;I)Z @ 128 c2
Event: 25.854 Thread 0x000001eda9e67000 Uncommon trap: reason=array_check action=maybe_recompile pc=0x000001ed9c930798 method=javafx.css.CompoundSelector.applies(Ljavafx/css/Styleable;[Ljava/util/Set;I)Z @ 128 c2
Event: 25.855 Thread 0x000001eda9e67000 Uncommon trap: reason=array_check action=maybe_recompile pc=0x000001ed9c930798 method=javafx.css.CompoundSelector.applies(Ljavafx/css/Styleable;[Ljava/util/Set;I)Z @ 128 c2
Event: 25.855 Thread 0x000001eda9e67000 Uncommon trap: reason=array_check action=maybe_recompile pc=0x000001ed9c930798 method=javafx.css.CompoundSelector.applies(Ljavafx/css/Styleable;[Ljava/util/Set;I)Z @ 128 c2
Event: 25.856 Thread 0x000001eda9e67000 Uncommon trap: reason=class_check action=maybe_recompile pc=0x000001ed9c908134 method=com.sun.javafx.collections.VetoableListDecorator.size()I @ 4 c2
Event: 29.261 Thread 0x000001eda9e67000 Uncommon trap: reason=unstable_if action=reinterpret pc=0x000001ed9c93ece0 method=javafx.scene.Node.intersectsBounds(Lcom/sun/javafx/geom/PickRay;)D @ 902 c2
Event: 29.847 Thread 0x000001eda9e67000 Uncommon trap: reason=unstable_if action=reinterpret pc=0x000001ed9c93dfb8 method=com.sun.javafx.text.TextRun.getPosX(I)F @ 75 c2
Event: 33.441 Thread 0x000001eda9e67000 Uncommon trap: reason=class_check action=maybe_recompile pc=0x000001ed9c908134 method=com.sun.javafx.collections.VetoableListDecorator.size()I @ 4 c2

Classes redefined (0 events):
No events

Internal exceptions (10 events):
Event: 33.432 Thread 0x000001eda9e67000 Exception <a 'java/lang/reflect/InvocationTargetException'{0x00000000b1d49338}> (0x00000000b1d49338) thrown at [t:/workspace/open/src/hotspot/share/runtime/reflection.cpp, line 1222]
Event: 33.433 Thread 0x000001eda9e67000 Exception <a 'java/lang/RuntimeException'{0x00000000b1d49e28}> (0x00000000b1d49e28) thrown at [t:/workspace/open/src/hotspot/share/prims/jvm.cpp, line 1349]
Event: 35.110 Thread 0x000001eda9e67000 Exception <a 'java/lang/NoSuchMethodError'{0x00000000b1df1cf0}: method resolution failed> (0x00000000b1df1cf0) thrown at [t:/workspace/open/src/hotspot/share/prims/methodHandles.cpp, line 1226]
Event: 35.111 Thread 0x000001eda9e67000 Exception <a 'java/lang/NoSuchMethodError'{0x00000000b1df9288}: java.lang.invoke.DirectMethodHandle$Holder.invokeStatic(Ljava/lang/Object;Ljava/lang/Object;IIIIILjava/lang/Object;)Ljava/lang/Object;> (0x00000000b1df9288) thrown at [t:/workspace/open/src/h
Event: 35.112 Thread 0x000001eda9e67000 Exception <a 'java/lang/NoSuchMethodError'{0x00000000b1dfcdc8}: method resolution failed> (0x00000000b1dfcdc8) thrown at [t:/workspace/open/src/hotspot/share/prims/methodHandles.cpp, line 1226]
Event: 35.113 Thread 0x000001eda9e67000 Exception <a 'java/lang/NoSuchMethodError'{0x00000000b1c7b050}: method resolution failed> (0x00000000b1c7b050) thrown at [t:/workspace/open/src/hotspot/share/prims/methodHandles.cpp, line 1226]
Event: 35.114 Thread 0x000001eda9e67000 Exception <a 'java/lang/NoSuchMethodError'{0x00000000b1c829c0}: java.lang.invoke.DirectMethodHandle$Holder.invokeStatic(Ljava/lang/Object;Ljava/lang/Object;Ljava/lang/Object;IIIII)Ljava/lang/Object;> (0x00000000b1c829c0) thrown at [t:/workspace/open/src/h
Event: 35.115 Thread 0x000001eda9e67000 Exception <a 'java/lang/NoSuchMethodError'{0x00000000b1c86408}: method resolution failed> (0x00000000b1c86408) thrown at [t:/workspace/open/src/hotspot/share/prims/methodHandles.cpp, line 1226]
Event: 39.064 Thread 0x000001eda9e67000 Exception <a 'java/lang/reflect/InvocationTargetException'{0x00000000b1b2a590}> (0x00000000b1b2a590) thrown at [t:/workspace/open/src/hotspot/share/runtime/reflection.cpp, line 1222]
Event: 39.064 Thread 0x000001eda9e67000 Exception <a 'java/lang/RuntimeException'{0x00000000b1b2b080}> (0x00000000b1b2b080) thrown at [t:/workspace/open/src/hotspot/share/prims/jvm.cpp, line 1349]

Events (10 events):
Event: 35.110 loading class com/sun/javafx/tk/quantum/GlassViewEventHandler
Event: 35.110 loading class com/sun/javafx/tk/quantum/GlassViewEventHandler done
Event: 35.113 loading class com/sun/glass/ui/ClipboardAssistance
Event: 35.113 loading class com/sun/glass/ui/ClipboardAssistance done
Event: 35.114 loading class com/sun/javafx/tk/quantum/GlassSceneDnDEventHandler
Event: 35.114 loading class com/sun/javafx/tk/quantum/GlassSceneDnDEventHandler done
Event: 38.493 Thread 0x000001eda9e66000 DEOPT PACKING pc=0x000001ed9598b83a sp=0x000000ce8a5fd2d0
Event: 38.493 Thread 0x000001eda9e66000 DEOPT UNPACKING pc=0x000001ed94cc834e sp=0x000000ce8a5fc6b8 mode 0
Event: 39.133 Executing VM operation: RevokeBias
Event: 39.133 Executing VM operation: RevokeBias done


Dynamic libraries:
0x00007ff6cebe0000 - 0x00007ff6cec1e000 	C:\DEV\java\jdk\jdk10\bin\javaw.exe
0x00007ffcf6480000 - 0x00007ffcf6661000 	C:\WINDOWS\SYSTEM32\ntdll.dll
0x00007ffcf5500000 - 0x00007ffcf55b1000 	C:\WINDOWS\System32\KERNEL32.DLL
0x00007ffcf2a40000 - 0x00007ffcf2cb3000 	C:\WINDOWS\System32\KERNELBASE.dll
0x00007ffcf5f10000 - 0x00007ffcf5fb1000 	C:\WINDOWS\System32\ADVAPI32.dll
0x00007ffcf3f20000 - 0x00007ffcf3fbe000 	C:\WINDOWS\System32\msvcrt.dll
0x00007ffcf5740000 - 0x00007ffcf579b000 	C:\WINDOWS\System32\sechost.dll
0x00007ffcf5920000 - 0x00007ffcf5a44000 	C:\WINDOWS\System32\RPCRT4.dll
0x00007ffcf5d80000 - 0x00007ffcf5f10000 	C:\WINDOWS\System32\USER32.dll
0x00007ffcf35c0000 - 0x00007ffcf35e0000 	C:\WINDOWS\System32\win32u.dll
0x00007ffcf57b0000 - 0x00007ffcf57d8000 	C:\WINDOWS\System32\GDI32.dll
0x00007ffcf28a0000 - 0x00007ffcf2a32000 	C:\WINDOWS\System32\gdi32full.dll
0x00007ffcf35e0000 - 0x00007ffcf367f000 	C:\WINDOWS\System32\msvcp_win.dll
0x00007ffcf36e0000 - 0x00007ffcf37d8000 	C:\WINDOWS\System32\ucrtbase.dll
0x00007ffce16d0000 - 0x00007ffce1939000 	C:\WINDOWS\WinSxS\amd64_microsoft.windows.common-controls_6595b64144ccf1df_6.0.17134.765_none_fb42a1a930655896\COMCTL32.dll
0x00007ffcf5a50000 - 0x00007ffcf5d72000 	C:\WINDOWS\System32\combase.dll
0x00007ffce79b0000 - 0x00007ffce79ba000 	C:\WINDOWS\SYSTEM32\VERSION.dll
0x00007ffcf3890000 - 0x00007ffcf390a000 	C:\WINDOWS\System32\bcryptPrimitives.dll
0x00007ffcf5400000 - 0x00007ffcf542d000 	C:\WINDOWS\System32\IMM32.DLL
0x00007ffcd4c60000 - 0x00007ffcd4d4f000 	C:\DEV\java\jdk\jdk10\bin\msvcr120.dll
0x00007ffcdf700000 - 0x00007ffcdf7a6000 	C:\DEV\java\jdk\jdk10\bin\msvcp120.dll
0x0000000054e20000 - 0x0000000055890000 	C:\DEV\java\jdk\jdk10\bin\server\jvm.dll
0x00007ffcf5810000 - 0x00007ffcf5818000 	C:\WINDOWS\System32\PSAPI.DLL
0x00007ffce79c0000 - 0x00007ffce79c9000 	C:\WINDOWS\SYSTEM32\WSOCK32.dll
0x00007ffcf03d0000 - 0x00007ffcf03f3000 	C:\WINDOWS\SYSTEM32\WINMM.dll
0x00007ffcf3dc0000 - 0x00007ffcf3e2c000 	C:\WINDOWS\System32\WS2_32.dll
0x00007ffcf03a0000 - 0x00007ffcf03ca000 	C:\WINDOWS\SYSTEM32\WINMMBASE.dll
0x00007ffcf2850000 - 0x00007ffcf2899000 	C:\WINDOWS\System32\cfgmgr32.dll
0x00007ffce5d80000 - 0x00007ffce5d8f000 	C:\DEV\java\jdk\jdk10\bin\verify.dll
0x00007ffcde280000 - 0x00007ffcde449000 	C:\WINDOWS\SYSTEM32\DBGHELP.DLL
0x00007ffcde1a0000 - 0x00007ffcde1c9000 	C:\WINDOWS\SYSTEM32\dbgcore.DLL
0x00007ffcdd560000 - 0x00007ffcdd587000 	C:\DEV\java\jdk\jdk10\bin\java.dll
0x00007ffce5cb0000 - 0x00007ffce5cc6000 	C:\DEV\java\jdk\jdk10\bin\zip.dll
0x00007ffce4120000 - 0x00007ffce412a000 	C:\DEV\java\jdk\jdk10\bin\jimage.dll
0x00007ffcf3fc0000 - 0x00007ffcf5400000 	C:\WINDOWS\System32\SHELL32.dll
0x00007ffcf5fc0000 - 0x00007ffcf6069000 	C:\WINDOWS\System32\shcore.dll
0x00007ffcf2cc0000 - 0x00007ffcf33cd000 	C:\WINDOWS\System32\windows.storage.dll
0x00007ffcf63f0000 - 0x00007ffcf6441000 	C:\WINDOWS\System32\shlwapi.dll
0x00007ffcf27d0000 - 0x00007ffcf27e1000 	C:\WINDOWS\System32\kernel.appcore.dll
0x00007ffcf2790000 - 0x00007ffcf27af000 	C:\WINDOWS\System32\profapi.dll
0x00007ffcf2800000 - 0x00007ffcf284c000 	C:\WINDOWS\System32\powrprof.dll
0x00007ffcf27f0000 - 0x00007ffcf27fa000 	C:\WINDOWS\System32\FLTLIB.DLL
0x00007ffce3c60000 - 0x00007ffce3c7a000 	C:\dev\Java\jdk\jdk10\bin\net.dll
0x00007ffcee540000 - 0x00007ffcee61d000 	C:\WINDOWS\SYSTEM32\WINHTTP.dll
0x00007ffcf1fb0000 - 0x00007ffcf2016000 	C:\WINDOWS\system32\mswsock.dll
0x00007ffce3b60000 - 0x00007ffce3b71000 	C:\dev\Java\jdk\jdk10\bin\nio.dll
0x000001ed87760000 - 0x000001ed87763000 	C:\dev\Java\jdk\jdk10\bin\api-ms-win-core-console-l1-1-0.dll
0x000001ed87770000 - 0x000001ed87773000 	C:\dev\Java\jdk\jdk10\bin\api-ms-win-core-datetime-l1-1-0.dll
0x000001ed87780000 - 0x000001ed87783000 	C:\dev\Java\jdk\jdk10\bin\api-ms-win-core-debug-l1-1-0.dll
0x000001ed878f0000 - 0x000001ed878f3000 	C:\dev\Java\jdk\jdk10\bin\api-ms-win-core-errorhandling-l1-1-0.dll
0x000001ed87900000 - 0x000001ed87904000 	C:\dev\Java\jdk\jdk10\bin\api-ms-win-core-file-l1-1-0.dll
0x000001ed87910000 - 0x000001ed87913000 	C:\dev\Java\jdk\jdk10\bin\api-ms-win-core-file-l1-2-0.dll
0x000001ed87920000 - 0x000001ed87923000 	C:\dev\Java\jdk\jdk10\bin\api-ms-win-core-file-l2-1-0.dll
0x000001ed87930000 - 0x000001ed87933000 	C:\dev\Java\jdk\jdk10\bin\api-ms-win-core-handle-l1-1-0.dll
0x000001ed89820000 - 0x000001ed89823000 	C:\dev\Java\jdk\jdk10\bin\api-ms-win-core-heap-l1-1-0.dll
0x000001ed89830000 - 0x000001ed89833000 	C:\dev\Java\jdk\jdk10\bin\api-ms-win-core-interlocked-l1-1-0.dll
0x000001ed89840000 - 0x000001ed89843000 	C:\dev\Java\jdk\jdk10\bin\api-ms-win-core-libraryloader-l1-1-0.dll
0x000001ed89850000 - 0x000001ed89853000 	C:\dev\Java\jdk\jdk10\bin\api-ms-win-core-localization-l1-2-0.dll
0x000001ed89860000 - 0x000001ed89863000 	C:\dev\Java\jdk\jdk10\bin\api-ms-win-core-memory-l1-1-0.dll
0x000001ed89870000 - 0x000001ed89873000 	C:\dev\Java\jdk\jdk10\bin\api-ms-win-core-namedpipe-l1-1-0.dll
0x000001ed89880000 - 0x000001ed89883000 	C:\dev\Java\jdk\jdk10\bin\api-ms-win-core-processenvironment-l1-1-0.dll
0x000001ed89890000 - 0x000001ed89893000 	C:\dev\Java\jdk\jdk10\bin\api-ms-win-core-processthreads-l1-1-0.dll
0x000001ed898a0000 - 0x000001ed898a3000 	C:\dev\Java\jdk\jdk10\bin\api-ms-win-core-processthreads-l1-1-1.dll
0x000001ed898b0000 - 0x000001ed898b3000 	C:\dev\Java\jdk\jdk10\bin\api-ms-win-core-profile-l1-1-0.dll
0x000001ed898c0000 - 0x000001ed898c3000 	C:\dev\Java\jdk\jdk10\bin\api-ms-win-core-rtlsupport-l1-1-0.dll
0x000001ed898d0000 - 0x000001ed898d3000 	C:\dev\Java\jdk\jdk10\bin\api-ms-win-core-string-l1-1-0.dll
0x000001ed898e0000 - 0x000001ed898e3000 	C:\dev\Java\jdk\jdk10\bin\api-ms-win-core-synch-l1-1-0.dll
0x000001edb5b60000 - 0x000001edb5b63000 	C:\dev\Java\jdk\jdk10\bin\api-ms-win-core-synch-l1-2-0.dll
0x000001edb5b70000 - 0x000001edb5b73000 	C:\dev\Java\jdk\jdk10\bin\api-ms-win-core-sysinfo-l1-1-0.dll
0x000001edb5b80000 - 0x000001edb5b83000 	C:\dev\Java\jdk\jdk10\bin\api-ms-win-core-timezone-l1-1-0.dll
0x000001edb5b90000 - 0x000001edb5b93000 	C:\dev\Java\jdk\jdk10\bin\api-ms-win-core-util-l1-1-0.dll
0x000001edb5ba0000 - 0x000001edb5ba3000 	C:\dev\Java\jdk\jdk10\bin\api-ms-win-crt-conio-l1-1-0.dll
0x000001edb5bb0000 - 0x000001edb5bb4000 	C:\dev\Java\jdk\jdk10\bin\api-ms-win-crt-convert-l1-1-0.dll
0x000001edb5bc0000 - 0x000001edb5bc3000 	C:\dev\Java\jdk\jdk10\bin\api-ms-win-crt-environment-l1-1-0.dll
0x000001edb5bd0000 - 0x000001edb5bd3000 	C:\dev\Java\jdk\jdk10\bin\api-ms-win-crt-filesystem-l1-1-0.dll
0x000001edb5be0000 - 0x000001edb5be3000 	C:\dev\Java\jdk\jdk10\bin\api-ms-win-crt-heap-l1-1-0.dll
0x000001edb5bf0000 - 0x000001edb5bf3000 	C:\dev\Java\jdk\jdk10\bin\api-ms-win-crt-locale-l1-1-0.dll
0x000001edb5c00000 - 0x000001edb5c05000 	C:\dev\Java\jdk\jdk10\bin\api-ms-win-crt-math-l1-1-0.dll
0x000001edb5c10000 - 0x000001edb5c15000 	C:\dev\Java\jdk\jdk10\bin\api-ms-win-crt-multibyte-l1-1-0.dll
0x000001edb5c20000 - 0x000001edb5c30000 	C:\dev\Java\jdk\jdk10\bin\api-ms-win-crt-private-l1-1-0.dll
0x000001edb5c30000 - 0x000001edb5c33000 	C:\dev\Java\jdk\jdk10\bin\api-ms-win-crt-process-l1-1-0.dll
0x000001edb5c40000 - 0x000001edb5c44000 	C:\dev\Java\jdk\jdk10\bin\api-ms-win-crt-runtime-l1-1-0.dll
0x000001edb5c50000 - 0x000001edb5c54000 	C:\dev\Java\jdk\jdk10\bin\api-ms-win-crt-stdio-l1-1-0.dll
0x000001edb5c60000 - 0x000001edb5c64000 	C:\dev\Java\jdk\jdk10\bin\api-ms-win-crt-string-l1-1-0.dll
0x000001edb5c70000 - 0x000001edb5c73000 	C:\dev\Java\jdk\jdk10\bin\api-ms-win-crt-time-l1-1-0.dll
0x000001edb5c80000 - 0x000001edb5c83000 	C:\dev\Java\jdk\jdk10\bin\api-ms-win-crt-utility-l1-1-0.dll
0x00007ffcd3e00000 - 0x00007ffcd3ef6000 	C:\dev\Java\jdk\jdk10\bin\ucrtbase.dll
0x00007ffcef0e0000 - 0x00007ffcef0f6000 	C:\dev\Java\jdk\jdk10\bin\vcruntime140.dll
0x00007ffcdd130000 - 0x00007ffcdd1cc000 	C:\dev\Java\jdk\jdk10\bin\msvcp140.dll
0x00007ffce7a50000 - 0x00007ffce7aa1000 	C:\dev\Java\jdk\jdk10\bin\concrt140.dll
0x00007ffcef0b0000 - 0x00007ffcef0d3000 	C:\dev\Java\jdk\jdk10\bin\prism_d3d.dll
0x00007ffcc92f0000 - 0x00007ffcc9487000 	C:\WINDOWS\system32\d3d9.dll
0x00007ffcf10f0000 - 0x00007ffcf1119000 	C:\WINDOWS\SYSTEM32\dwmapi.dll
0x00007ffcf0db0000 - 0x00007ffcf0e48000 	C:\WINDOWS\system32\uxtheme.dll
0x00007ffcebce0000 - 0x00007ffcebe44000 	C:\WINDOWS\SYSTEM32\aticfx64.dll
0x00007ffcec280000 - 0x00007ffcec2a1000 	C:\WINDOWS\SYSTEM32\atiu9p64.dll
0x00007ffccc830000 - 0x00007ffccd089000 	C:\WINDOWS\SYSTEM32\atiumd64.dll
0x0000000055bb0000 - 0x0000000056438000 	C:\WINDOWS\SYSTEM32\atiumd6a.dll
0x00007ffce4140000 - 0x00007ffce418a000 	C:\dev\Java\jdk\jdk10\bin\glass.dll
0x00007ffcf3e30000 - 0x00007ffcf3f1d000 	C:\WINDOWS\System32\COMDLG32.dll
0x00007ffcf6290000 - 0x00007ffcf63e1000 	C:\WINDOWS\System32\ole32.dll
0x00007ffcf5430000 - 0x00007ffcf54f2000 	C:\WINDOWS\System32\OLEAUT32.dll
0x00007ffcf55c0000 - 0x00007ffcf5733000 	C:\WINDOWS\System32\MSCTF.dll
0x00007ffcead20000 - 0x00007ffcead39000 	C:\Program Files (x86)\Smadav\SmadHook64.dll
0x00007ffcec3d0000 - 0x00007ffcec3e4000 	C:\dev\Java\jdk\jdk10\bin\javafx_font.dll
0x00007ffccfe20000 - 0x00007ffccffbb000 	C:\dev\Java\jdk\jdk10\bin\awt.dll
0x00007ffcefac0000 - 0x00007ffcf0087000 	C:\WINDOWS\SYSTEM32\d2d1.dll
0x00007ffcf0bf0000 - 0x00007ffcf0c7b000 	C:\WINDOWS\SYSTEM32\apphelp.dll
0x00007ffce3c90000 - 0x00007ffce3cf5000 	C:\dev\Java\jdk\jdk10\bin\fontmanager.dll
0x00007ffce8530000 - 0x00007ffce884c000 	C:\WINDOWS\SYSTEM32\dwrite.dll
0x00007ffce8f10000 - 0x00007ffce8f33000 	C:\dev\Java\jdk\jdk10\bin\javafx_iio.dll
0x00007ffcf0b00000 - 0x00007ffcf0b09000 	C:\dev\Java\jdk\jdk10\bin\management.dll
0x00007ffcef180000 - 0x00007ffcef18a000 	C:\dev\Java\jdk\jdk10\bin\management_ext.dll
0x00007ffcf1d80000 - 0x00007ffcf1e3e000 	C:\WINDOWS\SYSTEM32\DNSAPI.dll
0x00007ffcf5800000 - 0x00007ffcf5808000 	C:\WINDOWS\System32\NSI.dll
0x00007ffcf1d30000 - 0x00007ffcf1d68000 	C:\WINDOWS\SYSTEM32\IPHLPAPI.DLL
0x00007ffce58b0000 - 0x00007ffce58ba000 	C:\Windows\System32\rasadhlp.dll
0x00007ffce7c40000 - 0x00007ffce7cb2000 	C:\WINDOWS\System32\fwpuclnt.dll
0x00007ffcf2290000 - 0x00007ffcf22b5000 	C:\WINDOWS\SYSTEM32\bcrypt.dll
0x00007ffcec450000 - 0x00007ffcec466000 	C:\WINDOWS\system32\napinsp.dll
0x00007ffce7cc0000 - 0x00007ffce7cda000 	C:\WINDOWS\system32\pnrpnsp.dll
0x00007ffcee0e0000 - 0x00007ffcee0f9000 	C:\WINDOWS\system32\NLAapi.dll
0x00007ffcec700000 - 0x00007ffcec70e000 	C:\WINDOWS\System32\winrnr.dll
0x00007ffceaeb0000 - 0x00007ffceaec5000 	C:\WINDOWS\System32\wshbth.dll
0x00007ffcf2170000 - 0x00007ffcf2187000 	C:\WINDOWS\SYSTEM32\CRYPTSP.dll
0x00007ffcf1b90000 - 0x00007ffcf1bc3000 	C:\WINDOWS\system32\rsaenh.dll
0x00007ffcf26c0000 - 0x00007ffcf26e8000 	C:\WINDOWS\SYSTEM32\USERENV.dll
0x00007ffcf2160000 - 0x00007ffcf216b000 	C:\WINDOWS\SYSTEM32\CRYPTBASE.dll

dbghelp: loaded successfully - version: 4.0.5 - missing functions: none
symbol engine: initialized successfully - sym options: 0x614 - pdb path: .;C:\DEV\java\jdk\jdk10\bin;C:\WINDOWS\SYSTEM32;C:\WINDOWS\WinSxS\amd64_microsoft.windows.common-controls_6595b64144ccf1df_6.0.17134.765_none_fb42a1a930655896;C:\DEV\java\jdk\jdk10\bin\server;C:\Program Files (x86)\Smadav;C:\Program Files\Common Files\Microsoft Shared\Ink

VM Arguments:
jvm_args: -Dfile.encoding=UTF-8 
java_command: projet.MainProjet
java_class_path (initial): C:\Users\Ce\Desktop\Java_Framework\projet\bin;C:\Users\Ce\Desktop\Java_Framework\Framework-3iL\bin;C:\Users\Ce\Desktop\Java_Framework\~libraries\JDBC Drivers\ojdbc8.jar;C:\Users\Ce\Desktop\Java_Framework\~libraries\mapstruct-1.3\mapstruct-1.3.0.Final.jar
Launcher Type: SUN_STANDARD

Logging:
Log output configuration:
#0: stdout all=warning uptime,level,tags
#1: stderr all=off uptime,level,tags

Environment Variables:
PATH=C:/dev/java/jdk/jdk10/bin/server;C:/dev/java/jdk/jdk10/bin;C:\oraclexe\app\oracle\product\11.2.0\server\bin;C:\Program Files (x86)\Common Files\Oracle\Java\javapath;C:\ProgramData\Oracle\Java\javapath;C:\WINDOWS\system32;C:\WINDOWS;C:\WINDOWS\System32\Wbem;C:\WINDOWS\System32\WindowsPowerShell\v1.0\;C:\WINDOWS\System32\OpenSSH\;C:\Program Files\dotnet\;C:\Program Files\Microsoft SQL Server\130\Tools\Binn\;C:\Program Files\nodejs\;C:\Program Files\MATLAB\R2019a\bin;C:\Users\Ce\AppData\Local\Microsoft\WindowsApps;C:\Users\Ce\AppData\Roaming\npm;C:\dev\Java\eclipse-4.10-java;
USERNAME=Ce
OS=Windows_NT
PROCESSOR_IDENTIFIER=AMD64 Family 21 Model 19 Stepping 1, AuthenticAMD



---------------  S Y S T E M  ---------------

OS: Windows 10 , 64 bit Build 17134 (10.0.17134.753)

CPU:total 4 (initial active 4) (4 cores per cpu, 1 threads per core) family 21 model 19 stepping 1, cmov, cx8, fxsr, mmx, sse, sse2, sse3, ssse3, sse4.1, sse4.2, popcnt, avx, aes, clmul, mmxext, 3dnowpref, lzcnt, sse4a, tsc, tscinvbit, tscinv, bmi1, fma

Memory: 4k page, physical 5472624k(1179376k free), swap 5996912k(6832k free)

vm_info: Java HotSpot(TM) 64-Bit Server VM (10.0.2+13) for windows-amd64 JRE (10.0.2+13), built on Jun 28 2018 01:57:56 by "mach5one" with MS VC++ 12.0 (VS2013)

END.
