#
# There is insufficient memory for the Java Runtime Environment to continue.
# Native memory allocation (mmap) failed to map 17825792 bytes for Failed to commit area from 0x00000000b1a00000 to 0x00000000b2b00000 of length 17825792.
# Possible reasons:
#   The system is out of physical RAM or swap space
#   The process is running with CompressedOops enabled, and the Java Heap may be blocking the growth of the native heap
# Possible solutions:
#   Reduce memory load on the system
#   Increase physical memory or swap space
#   Check if swap backing store is full
#   Decrease Java heap size (-Xmx/-Xms)
#   Decrease number of Java threads
#   Decrease Java thread stack sizes (-Xss)
#   Set larger code cache with -XX:ReservedCodeCacheSize=
#   JVM is running with Unscaled Compressed Oops mode in which the Java heap is
#     placed in the first 4GB address space. The Java Heap base address is the
#     maximum limit for the native heap growth. Please use -XX:HeapBaseMinAddress
#     to set the Java Heap base and to place the Java Heap above 4GB virtual address.
# This output file may be truncated or incomplete.
#
#  Out of Memory Error (t:/workspace/open/src/hotspot/os/windows/os_windows.cpp:3221), pid=8364, tid=2556
#
# JRE version: Java(TM) SE Runtime Environment (10.0.2+13) (build 10.0.2+13)
# Java VM: Java HotSpot(TM) 64-Bit Server VM (10.0.2+13, mixed mode, tiered, compressed oops, g1 gc, windows-amd64)
# No core dump will be written. Minidumps are not enabled by default on client versions of Windows
#

---------------  S U M M A R Y ------------

Command Line: -Dfile.encoding=UTF-8 projet.MainProjet

Host: AMD A10-5745M APU with Radeon(tm) HD Graphics  , 4 cores, 5G,  Windows 10 , 64 bit Build 17134 (10.0.17134.753)
Time: Mon Jun 10 20:13:28 2019 Paris, Madrid (heure d?été) elapsed time: 4 seconds (0d 0h 0m 4s)

---------------  T H R E A D  ---------------

Current thread (0x000001c7fc98c000):  VMThread "VM Thread" [stack: 0x0000009cde700000,0x0000009cde800000] [id=2556]

Stack: [0x0000009cde700000,0x0000009cde800000]
[error occurred during error reporting (printing stack bounds), id 0xe0000002]

Native frames: (J=compiled Java code, j=interpreted, Vv=VM code, C=native code)
V  [jvm.dll+0x5a01a9]
V  [jvm.dll+0x6bcf31]
V  [jvm.dll+0x6be126]
V  [jvm.dll+0x6be715]
V  [jvm.dll+0x6be6cb]
V  [jvm.dll+0x59f993]
V  [jvm.dll+0x59fda8]
C  [ntdll.dll+0x9f7dd]
C  [ntdll.dll+0xd856]
C  [ntdll.dll+0x9e70e]
C  0x000001c78b2b0ead

VM_Operation (0x0000009cdf4fb840): CollectForMetadataAllocation, mode: safepoint, requested by thread 0x000001c7fd01f800


---------------  P R O C E S S  ---------------

Threads class SMR info:
_java_thread_list=0x000001c7fd519de0, length=21, elements={
0x000001c7f6a5e000, 0x000001c7fc98f800, 0x000001c7fc998000, 0x000001c7fc9e5800,
0x000001c7fc9e9800, 0x000001c7fc9ec800, 0x000001c7fc9fb000, 0x000001c7fc9fc000,
0x000001c7fc9fc800, 0x000001c7fccf5800, 0x000001c7fccfa000, 0x000001c7fccf9000,
0x000001c7fd01f800, 0x000001c7fd6cf000, 0x000001c7fd3b3000, 0x000001c7fd189000,
0x000001c7fd1b6000, 0x000001c7a86e5000, 0x000001c7a9085000, 0x000001c7fefc5800,
0x000001c7a95a7800
}

Java Threads: ( => current thread )
  0x000001c7f6a5e000 JavaThread "main" [_thread_blocked, id=4932, stack(0x0000009cddb00000,0x0000009cddc00000)]
  0x000001c7fc98f800 JavaThread "Reference Handler" daemon [_thread_blocked, id=3276, stack(0x0000009cde800000,0x0000009cde900000)]
  0x000001c7fc998000 JavaThread "Finalizer" daemon [_thread_blocked, id=7012, stack(0x0000009cde900000,0x0000009cdea00000)]
  0x000001c7fc9e5800 JavaThread "Signal Dispatcher" daemon [_thread_blocked, id=8716, stack(0x0000009cdea00000,0x0000009cdeb00000)]
  0x000001c7fc9e9800 JavaThread "Attach Listener" daemon [_thread_blocked, id=6816, stack(0x0000009cdeb00000,0x0000009cdec00000)]
  0x000001c7fc9ec800 JavaThread "C2 CompilerThread0" daemon [_thread_blocked, id=2540, stack(0x0000009cdec00000,0x0000009cded00000)]
  0x000001c7fc9fb000 JavaThread "C2 CompilerThread1" daemon [_thread_blocked, id=9108, stack(0x0000009cded00000,0x0000009cdee00000)]
  0x000001c7fc9fc000 JavaThread "C1 CompilerThread2" daemon [_thread_blocked, id=896, stack(0x0000009cdee00000,0x0000009cdef00000)]
  0x000001c7fc9fc800 JavaThread "Sweeper thread" daemon [_thread_blocked, id=8616, stack(0x0000009cdef00000,0x0000009cdf000000)]
  0x000001c7fccf5800 JavaThread "Service Thread" daemon [_thread_blocked, id=7260, stack(0x0000009cdf000000,0x0000009cdf100000)]
  0x000001c7fccfa000 JavaThread "Common-Cleaner" daemon [_thread_blocked, id=7472, stack(0x0000009cdf100000,0x0000009cdf200000)]
  0x000001c7fccf9000 JavaThread "JavaFX-Launcher" [_thread_blocked, id=9268, stack(0x0000009cdf300000,0x0000009cdf400000)]
  0x000001c7fd01f800 JavaThread "QuantumRenderer-0" daemon [_thread_blocked, id=1228, stack(0x0000009cdf400000,0x0000009cdf500000)]
  0x000001c7fd6cf000 JavaThread "InvokeLaterDispatcher" daemon [_thread_blocked, id=4944, stack(0x0000009cdf600000,0x0000009cdf700000)]
  0x000001c7fd3b3000 JavaThread "JavaFX Application Thread" [_thread_blocked, id=3000, stack(0x0000009cdf700000,0x0000009cdf800000)]
  0x000001c7fd189000 JavaThread "Thread-2" daemon [_thread_blocked, id=9760, stack(0x0000009cdfe00000,0x0000009cdff00000)]
  0x000001c7fd1b6000 JavaThread "Java2D Disposer" daemon [_thread_blocked, id=7232, stack(0x0000009cdff00000,0x0000009ce0000000)]
  0x000001c7a86e5000 JavaThread "Timer-0" daemon [_thread_blocked, id=4540, stack(0x0000009ce0000000,0x0000009ce0100000)]
  0x000001c7a9085000 JavaThread "oracle.jdbc.driver.BlockSource.ThreadedCachingBlockSource.BlockReleaser" daemon [_thread_blocked, id=7060, stack(0x0000009ce0100000,0x0000009ce0200000)]
  0x000001c7fefc5800 JavaThread "InterruptTimer" daemon [_thread_blocked, id=10000, stack(0x0000009ce0200000,0x0000009ce0300000)]
  0x000001c7a95a7800 JavaThread "Prism Font Disposer" daemon [_thread_blocked, id=2956, stack(0x0000009ce0400000,0x0000009ce0500000)]

Other Threads:
=>0x000001c7fc98c000 VMThread "VM Thread" [stack: 0x0000009cde700000,0x0000009cde800000] [id=2556]
  0x000001c7fccfb000 WatcherThread [stack: 0x0000009cdf200000,0x0000009cdf300000] [id=2380]
  0x000001c7f6a76000 GCTaskThread "GC Thread#0" [stack: 0x0000009cddc00000,0x0000009cddd00000] [id=8352]
  0x000001c7f6a77800 GCTaskThread "GC Thread#1" [stack: 0x0000009cddd00000,0x0000009cdde00000] [id=3752]
  0x000001c7f6a7b000 GCTaskThread "GC Thread#2" [stack: 0x0000009cdde00000,0x0000009cddf00000] [id=1416]
  0x000001c7f6a7e000 GCTaskThread "GC Thread#3" [stack: 0x0000009cddf00000,0x0000009cde000000] [id=2992]
  0x000001c7f6acb000 ConcurrentGCThread "G1 Main Marker" [stack: 0x0000009cde000000,0x0000009cde100000] [id=4412]
  0x000001c7f6ad2800 ConcurrentGCThread "G1 Conc#0" [stack: 0x0000009cde100000,0x0000009cde200000] [id=1152]
  0x000001c7f6b25800 ConcurrentGCThread "G1 Refine#0" [stack: 0x0000009cde200000,0x0000009cde300000] [id=5040]
  0x000001c7f6b26800 ConcurrentGCThread "G1 Refine#1" [stack: 0x0000009cde300000,0x0000009cde400000] [id=5204]
  0x000001c7f6b28000 ConcurrentGCThread "G1 Refine#2" [stack: 0x0000009cde400000,0x0000009cde500000] [id=8984]
  0x000001c7f6b29800 ConcurrentGCThread "G1 Refine#3" [stack: 0x0000009cde500000,0x0000009cde600000] [id=1708]
  0x000001c7f6b2e000 ConcurrentGCThread "G1 Young RemSet Sampling" [stack: 0x0000009cde600000,0x0000009cde700000] [id=112]

Threads with active compile tasks:

VM state:at safepoint (normal execution)

VM Mutex/Monitor currently owned by a thread:  ([mutex/lock_event])
[0x000001c7f6a5cbc0] Threads_lock - owner thread: 0x000001c7fc98c000
[0x000001c7f6a5d5e0] Heap_lock - owner thread: 0x000001c7fd01f800

Heap address: 0x00000000ac600000, size: 1338 MB, Compressed Oops mode: 32-bit
Narrow klass base: 0x0000000000000000, Narrow klass shift: 3
Compressed class space size: 1073741824 Address: 0x0000000100000000

Heap:
 garbage-first heap   total 103424K, used 16585K [0x00000000ac600000, 0x0000000100000000)
  region size 1024K, 1 young (1024K), 1 survivors (1024K)
 Metaspace       used 34696K, capacity 35661K, committed 36048K, reserved 1081344K
  class space    used 4429K, capacity 4914K, committed 4940K, reserved 1048576K
Heap Regions: E=young(eden), S=young(survivor), O=old, HS=humongous(starts), HC=humongous(continues), CS=collection set, F=free, A=archive, TS=gc time stamp, AC=allocation context, TAMS=top-at-mark-start (previous, next)
|   0|0x00000000ac600000, 0x00000000ac700000, 0x00000000ac700000|100%|HS|  |TS  0|AC  0|TAMS 0x00000000ac700000, 0x00000000ac700000|
|   1|0x00000000ac700000, 0x00000000ac800000, 0x00000000ac800000|100%|HC|  |TS  0|AC  0|TAMS 0x00000000ac800000, 0x00000000ac800000|
|   2|0x00000000ac800000, 0x00000000ac900000, 0x00000000ac900000|100%| O|  |TS  0|AC  0|TAMS 0x00000000ac900000, 0x00000000ac900000|
|   3|0x00000000ac900000, 0x00000000aca00000, 0x00000000aca00000|100%| O|  |TS  0|AC  0|TAMS 0x00000000aca00000, 0x00000000aca00000|
|   4|0x00000000aca00000, 0x00000000acb00000, 0x00000000acb00000|100%|HS|  |TS  0|AC  0|TAMS 0x00000000acb00000, 0x00000000acb00000|
|   5|0x00000000acb00000, 0x00000000acc00000, 0x00000000acc00000|100%|HC|  |TS  0|AC  0|TAMS 0x00000000acc00000, 0x00000000acc00000|
|   6|0x00000000acc00000, 0x00000000acd00000, 0x00000000acd00000|100%| O|  |TS  0|AC  0|TAMS 0x00000000acd00000, 0x00000000acd00000|
|   7|0x00000000acd00000, 0x00000000ace00000, 0x00000000ace00000|100%| O|  |TS  0|AC  0|TAMS 0x00000000ace00000, 0x00000000ace00000|
|   8|0x00000000ace00000, 0x00000000acf00000, 0x00000000acf00000|100%| O|  |TS  0|AC  0|TAMS 0x00000000acf00000, 0x00000000acf00000|
|   9|0x00000000acf00000, 0x00000000ad000000, 0x00000000ad000000|100%| O|  |TS  1|AC  0|TAMS 0x00000000acf31e00, 0x00000000ad000000|
|  10|0x00000000ad000000, 0x00000000ad100000, 0x00000000ad100000|100%| O|  |TS  1|AC  0|TAMS 0x00000000ad000000, 0x00000000ad100000|
|  11|0x00000000ad100000, 0x00000000ad200000, 0x00000000ad200000|100%| O|  |TS  2|AC  0|TAMS 0x00000000ad100000, 0x00000000ad200000|
|  12|0x00000000ad200000, 0x00000000ad300000, 0x00000000ad300000|100%| O|  |TS  2|AC  0|TAMS 0x00000000ad200000, 0x00000000ad300000|
|  13|0x00000000ad300000, 0x00000000ad400000, 0x00000000ad400000|100%| O|  |TS  2|AC  0|TAMS 0x00000000ad300000, 0x00000000ad400000|
|  14|0x00000000ad400000, 0x00000000ad500000, 0x00000000ad500000|100%| O|  |TS  2|AC  0|TAMS 0x00000000ad400000, 0x00000000ad500000|
|  15|0x00000000ad500000, 0x00000000ad596000, 0x00000000ad600000| 58%| O|  |TS  2|AC  0|TAMS 0x00000000ad500000, 0x00000000ad596000|
|  16|0x00000000ad600000, 0x00000000ad600000, 0x00000000ad700000|  0%| F|  |TS  0|AC  0|TAMS 0x00000000ad600000, 0x00000000ad600000|
|  17|0x00000000ad700000, 0x00000000ad700000, 0x00000000ad800000|  0%| F|  |TS  0|AC  0|TAMS 0x00000000ad700000, 0x00000000ad700000|
|  18|0x00000000ad800000, 0x00000000ad800000, 0x00000000ad900000|  0%| F|  |TS  0|AC  0|TAMS 0x00000000ad800000, 0x00000000ad800000|
|  19|0x00000000ad900000, 0x00000000ad900000, 0x00000000ada00000|  0%| F|  |TS  0|AC  0|TAMS 0x00000000ad900000, 0x00000000ad900000|
|  20|0x00000000ada00000, 0x00000000ada00000, 0x00000000adb00000|  0%| F|  |TS  0|AC  0|TAMS 0x00000000ada00000, 0x00000000ada00000|
|  21|0x00000000adb00000, 0x00000000adb00000, 0x00000000adc00000|  0%| F|  |TS  0|AC  0|TAMS 0x00000000adb00000, 0x00000000adb00000|
|  22|0x00000000adc00000, 0x00000000adc00000, 0x00000000add00000|  0%| F|  |TS  0|AC  0|TAMS 0x00000000adc00000, 0x00000000adc00000|
|  23|0x00000000add00000, 0x00000000add00000, 0x00000000ade00000|  0%| F|  |TS  0|AC  0|TAMS 0x00000000add00000, 0x00000000add00000|
|  24|0x00000000ade00000, 0x00000000ade00000, 0x00000000adf00000|  0%| F|  |TS  0|AC  0|TAMS 0x00000000ade00000, 0x00000000ade00000|
|  25|0x00000000adf00000, 0x00000000adf00000, 0x00000000ae000000|  0%| F|  |TS  0|AC  0|TAMS 0x00000000adf00000, 0x00000000adf00000|
|  26|0x00000000ae000000, 0x00000000ae000000, 0x00000000ae100000|  0%| F|  |TS  0|AC  0|TAMS 0x00000000ae000000, 0x00000000ae000000|
|  27|0x00000000ae100000, 0x00000000ae100000, 0x00000000ae200000|  0%| F|  |TS  0|AC  0|TAMS 0x00000000ae100000, 0x00000000ae100000|
|  28|0x00000000ae200000, 0x00000000ae200000, 0x00000000ae300000|  0%| F|  |TS  0|AC  0|TAMS 0x00000000ae200000, 0x00000000ae200000|
|  29|0x00000000ae300000, 0x00000000ae300000, 0x00000000ae400000|  0%| F|  |TS  0|AC  0|TAMS 0x00000000ae300000, 0x00000000ae300000|
|  30|0x00000000ae400000, 0x00000000ae400000, 0x00000000ae500000|  0%| F|  |TS  0|AC  0|TAMS 0x00000000ae400000, 0x00000000ae400000|
|  31|0x00000000ae500000, 0x00000000ae500000, 0x00000000ae600000|  0%| F|  |TS  0|AC  0|TAMS 0x00000000ae500000, 0x00000000ae500000|
|  32|0x00000000ae600000, 0x00000000ae600000, 0x00000000ae700000|  0%| F|  |TS  0|AC  0|TAMS 0x00000000ae600000, 0x00000000ae600000|
|  33|0x00000000ae700000, 0x00000000ae700000, 0x00000000ae800000|  0%| F|  |TS  0|AC  0|TAMS 0x00000000ae700000, 0x00000000ae700000|
|  34|0x00000000ae800000, 0x00000000ae800000, 0x00000000ae900000|  0%| F|  |TS  0|AC  0|TAMS 0x00000000ae800000, 0x00000000ae800000|
|  35|0x00000000ae900000, 0x00000000ae900000, 0x00000000aea00000|  0%| F|  |TS  0|AC  0|TAMS 0x00000000ae900000, 0x00000000ae900000|
|  36|0x00000000aea00000, 0x00000000aea00000, 0x00000000aeb00000|  0%| F|  |TS  0|AC  0|TAMS 0x00000000aea00000, 0x00000000aea00000|
|  37|0x00000000aeb00000, 0x00000000aeb00000, 0x00000000aec00000|  0%| F|  |TS  0|AC  0|TAMS 0x00000000aeb00000, 0x00000000aeb00000|
|  38|0x00000000aec00000, 0x00000000aec00000, 0x00000000aed00000|  0%| F|  |TS  0|AC  0|TAMS 0x00000000aec00000, 0x00000000aec00000|
|  39|0x00000000aed00000, 0x00000000aed00000, 0x00000000aee00000|  0%| F|  |TS  0|AC  0|TAMS 0x00000000aed00000, 0x00000000aed00000|
|  40|0x00000000aee00000, 0x00000000aee00000, 0x00000000aef00000|  0%| F|  |TS  0|AC  0|TAMS 0x00000000aee00000, 0x00000000aee00000|
|  41|0x00000000aef00000, 0x00000000aef00000, 0x00000000af000000|  0%| F|  |TS  0|AC  0|TAMS 0x00000000aef00000, 0x00000000aef00000|
|  42|0x00000000af000000, 0x00000000af000000, 0x00000000af100000|  0%| F|  |TS  0|AC  0|TAMS 0x00000000af000000, 0x00000000af000000|
|  43|0x00000000af100000, 0x00000000af100000, 0x00000000af200000|  0%| F|  |TS  0|AC  0|TAMS 0x00000000af100000, 0x00000000af100000|
|  44|0x00000000af200000, 0x00000000af200000, 0x00000000af300000|  0%| F|  |TS  0|AC  0|TAMS 0x00000000af200000, 0x00000000af200000|
|  45|0x00000000af300000, 0x00000000af300000, 0x00000000af400000|  0%| F|  |TS  0|AC  0|TAMS 0x00000000af300000, 0x00000000af300000|
|  46|0x00000000af400000, 0x00000000af400000, 0x00000000af500000|  0%| F|  |TS  0|AC  0|TAMS 0x00000000af400000, 0x00000000af400000|
|  47|0x00000000af500000, 0x00000000af500000, 0x00000000af600000|  0%| F|  |TS  0|AC  0|TAMS 0x00000000af500000, 0x00000000af500000|
|  48|0x00000000af600000, 0x00000000af600000, 0x00000000af700000|  0%| F|  |TS  0|AC  0|TAMS 0x00000000af600000, 0x00000000af600000|
|  49|0x00000000af700000, 0x00000000af700000, 0x00000000af800000|  0%| F|  |TS  2|AC  0|TAMS 0x00000000af700000, 0x00000000af700000|
|  50|0x00000000af800000, 0x00000000af800000, 0x00000000af900000|  0%| F|  |TS  2|AC  0|TAMS 0x00000000af800000, 0x00000000af800000|
|  51|0x00000000af900000, 0x00000000af900000, 0x00000000afa00000|  0%| F|  |TS  2|AC  0|TAMS 0x00000000af900000, 0x00000000af900000|
|  52|0x00000000afa00000, 0x00000000afa00000, 0x00000000afb00000|  0%| F|  |TS  2|AC  0|TAMS 0x00000000afa00000, 0x00000000afa00000|
|  53|0x00000000afb00000, 0x00000000afb00000, 0x00000000afc00000|  0%| F|  |TS  1|AC  0|TAMS 0x00000000afb00000, 0x00000000afb00000|
|  54|0x00000000afc00000, 0x00000000afc00000, 0x00000000afd00000|  0%| F|  |TS  1|AC  0|TAMS 0x00000000afc00000, 0x00000000afc00000|
|  55|0x00000000afd00000, 0x00000000afd00000, 0x00000000afe00000|  0%| F|  |TS  1|AC  0|TAMS 0x00000000afd00000, 0x00000000afd00000|
|  56|0x00000000afe00000, 0x00000000afe00000, 0x00000000aff00000|  0%| F|  |TS  1|AC  0|TAMS 0x00000000afe00000, 0x00000000afe00000|
|  57|0x00000000aff00000, 0x00000000aff00000, 0x00000000b0000000|  0%| F|  |TS  1|AC  0|TAMS 0x00000000aff00000, 0x00000000aff00000|
|  58|0x00000000b0000000, 0x00000000b0000000, 0x00000000b0100000|  0%| F|  |TS  1|AC  0|TAMS 0x00000000b0000000, 0x00000000b0000000|
|  59|0x00000000b0100000, 0x00000000b0100000, 0x00000000b0200000|  0%| F|  |TS  1|AC  0|TAMS 0x00000000b0100000, 0x00000000b0100000|
|  60|0x00000000b0200000, 0x00000000b0200000, 0x00000000b0300000|  0%| F|  |TS  1|AC  0|TAMS 0x00000000b0200000, 0x00000000b0200000|
|  61|0x00000000b0300000, 0x00000000b0300000, 0x00000000b0400000|  0%| F|  |TS  1|AC  0|TAMS 0x00000000b0300000, 0x00000000b0300000|
|  62|0x00000000b0400000, 0x00000000b0400000, 0x00000000b0500000|  0%| F|  |TS  1|AC  0|TAMS 0x00000000b0400000, 0x00000000b0400000|
|  63|0x00000000b0500000, 0x00000000b0500000, 0x00000000b0600000|  0%| F|  |TS  1|AC  0|TAMS 0x00000000b0500000, 0x00000000b0500000|
|  64|0x00000000b0600000, 0x00000000b0600000, 0x00000000b0700000|  0%| F|  |TS  1|AC  0|TAMS 0x00000000b0600000, 0x00000000b0600000|
|  65|0x00000000b0700000, 0x00000000b0700000, 0x00000000b0800000|  0%| F|  |TS  1|AC  0|TAMS 0x00000000b0700000, 0x00000000b0700000|
|  66|0x00000000b0800000, 0x00000000b0800000, 0x00000000b0900000|  0%| F|  |TS  1|AC  0|TAMS 0x00000000b0800000, 0x00000000b0800000|
|  67|0x00000000b0900000, 0x00000000b0900000, 0x00000000b0a00000|  0%| F|  |TS  1|AC  0|TAMS 0x00000000b0900000, 0x00000000b0900000|
|  68|0x00000000b0a00000, 0x00000000b0a00000, 0x00000000b0b00000|  0%| F|  |TS  1|AC  0|TAMS 0x00000000b0a00000, 0x00000000b0a00000|
|  69|0x00000000b0b00000, 0x00000000b0b00000, 0x00000000b0c00000|  0%| F|  |TS  1|AC  0|TAMS 0x00000000b0b00000, 0x00000000b0b00000|
|  70|0x00000000b0c00000, 0x00000000b0c00000, 0x00000000b0d00000|  0%| F|  |TS  1|AC  0|TAMS 0x00000000b0c00000, 0x00000000b0c00000|
|  71|0x00000000b0d00000, 0x00000000b0d00000, 0x00000000b0e00000|  0%| F|  |TS  1|AC  0|TAMS 0x00000000b0d00000, 0x00000000b0d00000|
|  72|0x00000000b0e00000, 0x00000000b0e00000, 0x00000000b0f00000|  0%| F|  |TS  1|AC  0|TAMS 0x00000000b0e00000, 0x00000000b0e00000|
|  73|0x00000000b0f00000, 0x00000000b0f00000, 0x00000000b1000000|  0%| F|  |TS  1|AC  0|TAMS 0x00000000b0f00000, 0x00000000b0f00000|
|  74|0x00000000b1000000, 0x00000000b1000000, 0x00000000b1100000|  0%| F|  |TS  1|AC  0|TAMS 0x00000000b1000000, 0x00000000b1000000|
|  75|0x00000000b1100000, 0x00000000b1100000, 0x00000000b1200000|  0%| F|  |TS  1|AC  0|TAMS 0x00000000b1100000, 0x00000000b1100000|
|  76|0x00000000b1200000, 0x00000000b1200000, 0x00000000b1300000|  0%| F|  |TS  1|AC  0|TAMS 0x00000000b1200000, 0x00000000b1200000|
|  77|0x00000000b1300000, 0x00000000b1300000, 0x00000000b1400000|  0%| F|  |TS  1|AC  0|TAMS 0x00000000b1300000, 0x00000000b1300000|
|  78|0x00000000b1400000, 0x00000000b1400000, 0x00000000b1500000|  0%| F|  |TS  1|AC  0|TAMS 0x00000000b1400000, 0x00000000b1400000|
|  79|0x00000000b1500000, 0x00000000b1500000, 0x00000000b1600000|  0%| F|  |TS  1|AC  0|TAMS 0x00000000b1500000, 0x00000000b1500000|
|  80|0x00000000b1600000, 0x00000000b1600000, 0x00000000b1700000|  0%| F|  |TS  1|AC  0|TAMS 0x00000000b1600000, 0x00000000b1600000|
|  81|0x00000000b1700000, 0x00000000b179c780, 0x00000000b1800000| 61%| S|CS|TS  2|AC  0|TAMS 0x00000000b1700000, 0x00000000b1700000|
|  82|0x00000000b1800000, 0x00000000b1800000, 0x00000000b1900000|  0%| F|  |TS  2|AC  0|TAMS 0x00000000b1800000, 0x00000000b1800000|
|  83|0x00000000b1900000, 0x00000000b1900000, 0x00000000b1a00000|  0%| F|  |TS  2|AC  0|TAMS 0x00000000b1900000, 0x00000000b1900000|

Card table byte_map: [0x000001c7f6de0000,0x000001c7f7080000] byte_map_base: 0x000001c7f687d000

Marking Bits (Prev, Next): (CMBitMap*) 0x000001c7f6aca498, (CMBitMap*) 0x000001c7f6aca460
 Prev Bits: [0x000001c7f8810000, 0x000001c7f9cf8000)
 Next Bits: [0x000001c7f7320000, 0x000001c7f8808000)

Polling page: 0x000001c7f4920000

CodeHeap 'non-profiled nmethods': size=120064Kb used=1146Kb max_used=1146Kb free=118917Kb
 bounds [0x000001c792d70000, 0x000001c792fe0000, 0x000001c79a2b0000]
CodeHeap 'profiled nmethods': size=120000Kb used=5249Kb max_used=5249Kb free=114750Kb
 bounds [0x000001c78b840000, 0x000001c78bd70000, 0x000001c792d70000]
CodeHeap 'non-nmethods': size=5696Kb used=1368Kb max_used=1422Kb free=4327Kb
 bounds [0x000001c78b2b0000, 0x000001c78b520000, 0x000001c78b840000]
 total_blobs=3942 nmethods=2603 adapters=726
 compilation: enabled

Compilation events (10 events):
Event: 4.749 Thread 0x000001c7fc9fc000 2601   !   3       jdk.internal.ref.PhantomCleanable::isListEmpty (34 bytes)
Event: 4.749 Thread 0x000001c7fc9fc000 nmethod 2601 0x000001c78bd5f690 code [0x000001c78bd5f840, 0x000001c78bd5fb98]
Event: 4.749 Thread 0x000001c7fc9fc000 2602       3       jdk.internal.misc.InnocuousThread::eraseThreadLocals (23 bytes)
Event: 4.749 Thread 0x000001c7fc9fc000 nmethod 2602 0x000001c78bd5fc90 code [0x000001c78bd5fe40, 0x000001c78bd60098]
Event: 4.749 Thread 0x000001c7fc9fc000 2604       3       java.lang.invoke.MethodHandleNatives::access$000 (5 bytes)
Event: 4.749 Thread 0x000001c7fc9fc000 nmethod 2604 0x000001c78bd60110 code [0x000001c78bd602c0, 0x000001c78bd60430]
Event: 4.749 Thread 0x000001c7fc9fc000 2607       1       java.util.concurrent.locks.AbstractOwnableSynchronizer::getExclusiveOwnerThread (5 bytes)
Event: 4.749 Thread 0x000001c7fc9fc000 nmethod 2607 0x000001c792e8e190 code [0x000001c792e8e340, 0x000001c792e8e458]
Event: 4.749 Thread 0x000001c7fc9fc000 2606       1       java.util.concurrent.locks.AbstractOwnableSynchronizer::setExclusiveOwnerThread (6 bytes)
Event: 4.750 Thread 0x000001c7fc9fc000 nmethod 2606 0x000001c792e8e510 code [0x000001c792e8e6c0, 0x000001c792e8e818]

GC Heap History (9 events):
Event: 1.576 GC heap before
{Heap before GC invocations=0 (full 0):
 garbage-first heap   total 86016K, used 16384K [0x00000000ac600000, 0x0000000100000000)
  region size 1024K, 14 young (14336K), 0 survivors (0K)
 Metaspace       used 15910K, capacity 16344K, committed 16640K, reserved 1064960K
  class space    used 1781K, capacity 1985K, committed 2048K, reserved 1048576K
}
Event: 1.589 GC heap after
{Heap after GC invocations=1 (full 0):
 garbage-first heap   total 86016K, used 5914K [0x00000000ac600000, 0x0000000100000000)
  region size 1024K, 2 young (2048K), 2 survivors (2048K)
 Metaspace       used 15910K, capacity 16344K, committed 16640K, reserved 1064960K
  class space    used 1781K, capacity 1985K, committed 2048K, reserved 1048576K
}
Event: 1.719 GC heap before
{Heap before GC invocations=1 (full 0):
 garbage-first heap   total 86016K, used 10010K [0x00000000ac600000, 0x0000000100000000)
  region size 1024K, 4 young (4096K), 2 survivors (2048K)
 Metaspace       used 16956K, capacity 17385K, committed 17536K, reserved 1064960K
  class space    used 1960K, capacity 2159K, committed 2176K, reserved 1048576K
}
Event: 1.727 GC heap after
{Heap after GC invocations=2 (full 0):
 garbage-first heap   total 86016K, used 9932K [0x00000000ac600000, 0x0000000100000000)
  region size 1024K, 1 young (1024K), 1 survivors (1024K)
 Metaspace       used 16956K, capacity 17385K, committed 17536K, reserved 1064960K
  class space    used 1960K, capacity 2159K, committed 2176K, reserved 1048576K
}
Event: 2.374 GC heap before
{Heap before GC invocations=2 (full 0):
 garbage-first heap   total 86016K, used 20172K [0x00000000ac600000, 0x0000000100000000)
  region size 1024K, 12 young (12288K), 1 survivors (1024K)
 Metaspace       used 20648K, capacity 21131K, committed 21296K, reserved 1069056K
  class space    used 2411K, capacity 2665K, committed 2688K, reserved 1048576K
}
Event: 2.383 GC heap after
{Heap after GC invocations=3 (full 0):
 garbage-first heap   total 86016K, used 12487K [0x00000000ac600000, 0x0000000100000000)
  region size 1024K, 3 young (3072K), 3 survivors (3072K)
 Metaspace       used 20648K, capacity 21131K, committed 21296K, reserved 1069056K
  class space    used 2411K, capacity 2665K, committed 2688K, reserved 1048576K
}
Event: 4.720 GC heap before
{Heap before GC invocations=4 (full 0):
 garbage-first heap   total 86016K, used 41159K [0x00000000ac600000, 0x0000000100000000)
  region size 1024K, 31 young (31744K), 3 survivors (3072K)
 Metaspace       used 34677K, capacity 35629K, committed 36048K, reserved 1081344K
  class space    used 4428K, capacity 4882K, committed 4940K, reserved 1048576K
}
Event: 4.742 GC heap after
{Heap after GC invocations=5 (full 0):
 garbage-first heap   total 86016K, used 16025K [0x00000000ac600000, 0x0000000100000000)
  region size 1024K, 4 young (4096K), 4 survivors (4096K)
 Metaspace       used 34677K, capacity 35629K, committed 36048K, reserved 1081344K
  class space    used 4428K, capacity 4882K, committed 4940K, reserved 1048576K
}
Event: 4.751 GC heap before
{Heap before GC invocations=5 (full 0):
 garbage-first heap   total 86016K, used 17049K [0x00000000ac600000, 0x0000000100000000)
  region size 1024K, 6 young (6144K), 4 survivors (4096K)
 Metaspace       used 34696K, capacity 35661K, committed 36048K, reserved 1081344K
  class space    used 4429K, capacity 4914K, committed 4940K, reserved 1048576K
}

Deoptimization events (10 events):
Event: 3.796 Thread 0x000001c7fd3b3000 Uncommon trap: reason=unstable_if action=reinterpret pc=0x000001c792dfd390 method=java.util.HashMap.hash(Ljava/lang/Object;)I @ 1 c2
Event: 3.796 Thread 0x000001c7fd3b3000 Uncommon trap: reason=unstable_if action=reinterpret pc=0x000001c792de8aac method=java.util.HashMap.hash(Ljava/lang/Object;)I @ 1 c2
Event: 3.954 Thread 0x000001c7fd3b3000 Uncommon trap: reason=unstable_if action=reinterpret pc=0x000001c792ddd4b0 method=java.util.HashMap.hash(Ljava/lang/Object;)I @ 1 c2
Event: 4.092 Thread 0x000001c7fd3b3000 Uncommon trap: reason=class_check action=maybe_recompile pc=0x000001c792d85e4c method=java.lang.String.equals(Ljava/lang/Object;)Z @ 8 c2
Event: 4.092 Thread 0x000001c7fd3b3000 Uncommon trap: reason=class_check action=maybe_recompile pc=0x000001c792d85e4c method=java.lang.String.equals(Ljava/lang/Object;)Z @ 8 c2
Event: 4.092 Thread 0x000001c7fd3b3000 Uncommon trap: reason=class_check action=maybe_recompile pc=0x000001c792d85e4c method=java.lang.String.equals(Ljava/lang/Object;)Z @ 8 c2
Event: 4.095 Thread 0x000001c7fd3b3000 Uncommon trap: reason=class_check action=maybe_recompile pc=0x000001c792d85e4c method=java.lang.String.equals(Ljava/lang/Object;)Z @ 8 c2
Event: 4.237 Thread 0x000001c7fd3b3000 Uncommon trap: reason=unstable_if action=reinterpret pc=0x000001c792e41474 method=java.lang.ClassLoader.checkName(Ljava/lang/String;)Z @ 20 c2
Event: 4.434 Thread 0x000001c7fd3b3000 Uncommon trap: reason=unstable_if action=reinterpret pc=0x000001c792e4a8ac method=java.net.URL.<init>(Ljava/net/URL;Ljava/lang/String;Ljava/net/URLStreamHandler;)V @ 347 c2
Event: 4.671 Thread 0x000001c7fd3b3000 Uncommon trap: reason=unstable_if action=reinterpret pc=0x000001c792e6e894 method=javafx.css.SimpleSelector.stateMatches(Ljavafx/css/Styleable;Ljava/util/Set;)Z @ 1 c2

Classes redefined (0 events):
No events

Internal exceptions (10 events):
Event: 3.923 Thread 0x000001c7fd3b3000 Exception <a 'java/io/FileNotFoundException'{0x00000000b0419ed8}> (0x00000000b0419ed8) thrown at [t:/workspace/open/src/hotspot/share/prims/jni.cpp, line 611]
Event: 3.954 Thread 0x000001c7fd3b3000 Implicit null exception at 0x000001c792ddd2f5 to 0x000001c792ddd49e
Event: 4.029 Thread 0x000001c7fd3b3000 Exception <a 'java/lang/NoSuchMethodError'{0x00000000b04f4900}: method resolution failed> (0x00000000b04f4900) thrown at [t:/workspace/open/src/hotspot/share/prims/methodHandles.cpp, line 1226]
Event: 4.121 Thread 0x000001c7fd3b3000 Exception <a 'java/lang/IncompatibleClassChangeError'{0x00000000b0393028}: Found class java.lang.Object, but interface was expected> (0x00000000b0393028) thrown at [t:/workspace/open/src/hotspot/share/interpreter/linkResolver.cpp, line 807]
Event: 4.224 Thread 0x000001c7fd3b3000 Exception <a 'java/lang/NoSuchMethodError'{0x00000000b0138088}: java.lang.Object.lambda$andThen$0(Ljava/util/function/Consumer;Ljava/lang/Object;)V> (0x00000000b0138088) thrown at [t:/workspace/open/src/hotspot/share/interpreter/linkResolver.cpp, line 741
Event: 4.237 Thread 0x000001c7fd3b3000 Exception <a 'java/lang/ClassNotFoundException'{0x00000000b0150618}: com/sun/javafx/scene/control/skin/resources/controls> (0x00000000b0150618) thrown at [t:/workspace/open/src/hotspot/share/prims/jni.cpp, line 632]
Event: 4.238 Thread 0x000001c7fd3b3000 Exception <a 'java/lang/ClassNotFoundException'{0x00000000b015e678}: com/sun/javafx/scene/control/skin/resources/controls_fr> (0x00000000b015e678) thrown at [t:/workspace/open/src/hotspot/share/prims/jni.cpp, line 632]
Event: 4.240 Thread 0x000001c7fd3b3000 Exception <a 'java/lang/ClassNotFoundException'{0x00000000b016c9e8}: com/sun/javafx/scene/control/skin/resources/controls_fr_FR> (0x00000000b016c9e8) thrown at [t:/workspace/open/src/hotspot/share/prims/jni.cpp, line 632]
Event: 4.519 Thread 0x000001c7fd3b3000 Exception <a 'java/lang/NoSuchMethodError'{0x00000000afd5bad0}: java.lang.invoke.DirectMethodHandle$Holder.invokeSpecial(Ljava/lang/Object;Ljava/lang/Object;Ljava/lang/Object;Ljava/lang/Object;Ljava/lang/Object;Ljava/lang/Object;)V> (0x00000000afd5bad0) t
Event: 4.671 Thread 0x000001c7fd3b3000 Implicit null exception at 0x000001c792e6dfc8 to 0x000001c792e6e86a

Events (10 events):
Event: 4.671 Thread 0x000001c7fd3b3000 DEOPT UNPACKING pc=0x000001c78b2d852f sp=0x0000009cdf7fb330 mode 2
Event: 4.685 loading class com/sun/javafx/tk/quantum/ViewScene
Event: 4.685 loading class com/sun/javafx/tk/quantum/ViewScene done
Event: 4.720 Executing VM operation: G1IncCollectionPause
Event: 4.742 Executing VM operation: G1IncCollectionPause done
Event: 4.746 Executing VM operation: RevokeBias
Event: 4.746 Executing VM operation: RevokeBias done
Event: 4.747 Executing VM operation: RevokeBias
Event: 4.747 Executing VM operation: RevokeBias done
Event: 4.751 Executing VM operation: CollectForMetadataAllocation


Dynamic libraries:
0x00007ff7c9b50000 - 0x00007ff7c9b8e000 	C:\DEV\java\jdk\jdk10\bin\javaw.exe
0x00007ffc4b590000 - 0x00007ffc4b771000 	C:\WINDOWS\SYSTEM32\ntdll.dll
0x00007ffc493d0000 - 0x00007ffc49481000 	C:\WINDOWS\System32\KERNEL32.DLL
0x00007ffc48410000 - 0x00007ffc48683000 	C:\WINDOWS\System32\KERNELBASE.dll
0x00007ffc4b2a0000 - 0x00007ffc4b341000 	C:\WINDOWS\System32\ADVAPI32.dll
0x00007ffc49c50000 - 0x00007ffc49cee000 	C:\WINDOWS\System32\msvcrt.dll
0x00007ffc49830000 - 0x00007ffc4988b000 	C:\WINDOWS\System32\sechost.dll
0x00007ffc48b00000 - 0x00007ffc48c24000 	C:\WINDOWS\System32\RPCRT4.dll
0x00007ffc49240000 - 0x00007ffc493d0000 	C:\WINDOWS\System32\USER32.dll
0x00007ffc482e0000 - 0x00007ffc48300000 	C:\WINDOWS\System32\win32u.dll
0x00007ffc49210000 - 0x00007ffc49238000 	C:\WINDOWS\System32\GDI32.dll
0x00007ffc48880000 - 0x00007ffc48a12000 	C:\WINDOWS\System32\gdi32full.dll
0x00007ffc48240000 - 0x00007ffc482df000 	C:\WINDOWS\System32\msvcp_win.dll
0x00007ffc480f0000 - 0x00007ffc481e8000 	C:\WINDOWS\System32\ucrtbase.dll
0x00007ffc38610000 - 0x00007ffc38879000 	C:\WINDOWS\WinSxS\amd64_microsoft.windows.common-controls_6595b64144ccf1df_6.0.17134.765_none_fb42a1a930655896\COMCTL32.dll
0x00007ffc414d0000 - 0x00007ffc414da000 	C:\WINDOWS\SYSTEM32\VERSION.dll
0x00007ffc498f0000 - 0x00007ffc49c12000 	C:\WINDOWS\System32\combase.dll
0x00007ffc48070000 - 0x00007ffc480ea000 	C:\WINDOWS\System32\bcryptPrimitives.dll
0x00007ffc49c20000 - 0x00007ffc49c4d000 	C:\WINDOWS\System32\IMM32.DLL
0x00007ffc23af0000 - 0x00007ffc23bdf000 	C:\DEV\java\jdk\jdk10\bin\msvcr120.dll
0x00007ffc24af0000 - 0x00007ffc24b96000 	C:\DEV\java\jdk\jdk10\bin\msvcp120.dll
0x0000000058c40000 - 0x00000000596b0000 	C:\DEV\java\jdk\jdk10\bin\server\jvm.dll
0x00007ffc4b4f0000 - 0x00007ffc4b4f8000 	C:\WINDOWS\System32\PSAPI.DLL
0x00007ffc45b40000 - 0x00007ffc45b63000 	C:\WINDOWS\SYSTEM32\WINMM.dll
0x00007ffc318d0000 - 0x00007ffc318d9000 	C:\WINDOWS\SYSTEM32\WSOCK32.dll
0x00007ffc49120000 - 0x00007ffc4918c000 	C:\WINDOWS\System32\WS2_32.dll
0x00007ffc45b10000 - 0x00007ffc45b3a000 	C:\WINDOWS\SYSTEM32\WINMMBASE.dll
0x00007ffc481f0000 - 0x00007ffc48239000 	C:\WINDOWS\System32\cfgmgr32.dll
0x00007ffc2d190000 - 0x00007ffc2d19f000 	C:\DEV\java\jdk\jdk10\bin\verify.dll
0x00007ffc375f0000 - 0x00007ffc377b9000 	C:\WINDOWS\SYSTEM32\DBGHELP.DLL
0x00007ffc375c0000 - 0x00007ffc375e9000 	C:\WINDOWS\SYSTEM32\dbgcore.DLL
0x00007ffc21680000 - 0x00007ffc216a7000 	C:\DEV\java\jdk\jdk10\bin\java.dll
0x00007ffc21b50000 - 0x00007ffc21b66000 	C:\DEV\java\jdk\jdk10\bin\zip.dll
0x00007ffc2d180000 - 0x00007ffc2d18a000 	C:\DEV\java\jdk\jdk10\bin\jimage.dll
0x00007ffc49de0000 - 0x00007ffc4b220000 	C:\WINDOWS\System32\SHELL32.dll
0x00007ffc49620000 - 0x00007ffc496c9000 	C:\WINDOWS\System32\shcore.dll
0x00007ffc47960000 - 0x00007ffc4806d000 	C:\WINDOWS\System32\windows.storage.dll
0x00007ffc4b500000 - 0x00007ffc4b551000 	C:\WINDOWS\System32\shlwapi.dll
0x00007ffc478d0000 - 0x00007ffc478e1000 	C:\WINDOWS\System32\kernel.appcore.dll
0x00007ffc478b0000 - 0x00007ffc478cf000 	C:\WINDOWS\System32\profapi.dll
0x00007ffc47910000 - 0x00007ffc4795c000 	C:\WINDOWS\System32\powrprof.dll
0x00007ffc478a0000 - 0x00007ffc478aa000 	C:\WINDOWS\System32\FLTLIB.DLL
0x00007ffc21660000 - 0x00007ffc2167a000 	C:\dev\Java\jdk\jdk10\bin\net.dll
0x00007ffc3ecc0000 - 0x00007ffc3ed9d000 	C:\WINDOWS\SYSTEM32\WINHTTP.dll
0x00007ffc470c0000 - 0x00007ffc47126000 	C:\WINDOWS\system32\mswsock.dll
0x00007ffc21230000 - 0x00007ffc21241000 	C:\dev\Java\jdk\jdk10\bin\nio.dll
0x000001c7f6a00000 - 0x000001c7f6a03000 	C:\dev\Java\jdk\jdk10\bin\api-ms-win-core-console-l1-1-0.dll
0x000001c7f6a10000 - 0x000001c7f6a13000 	C:\dev\Java\jdk\jdk10\bin\api-ms-win-core-datetime-l1-1-0.dll
0x000001c7f6a20000 - 0x000001c7f6a23000 	C:\dev\Java\jdk\jdk10\bin\api-ms-win-core-debug-l1-1-0.dll
0x000001c7f6a30000 - 0x000001c7f6a33000 	C:\dev\Java\jdk\jdk10\bin\api-ms-win-core-errorhandling-l1-1-0.dll
0x000001c7fd750000 - 0x000001c7fd754000 	C:\dev\Java\jdk\jdk10\bin\api-ms-win-core-file-l1-1-0.dll
0x000001c7fd760000 - 0x000001c7fd763000 	C:\dev\Java\jdk\jdk10\bin\api-ms-win-core-file-l1-2-0.dll
0x000001c7fd770000 - 0x000001c7fd773000 	C:\dev\Java\jdk\jdk10\bin\api-ms-win-core-file-l2-1-0.dll
0x000001c7fd780000 - 0x000001c7fd783000 	C:\dev\Java\jdk\jdk10\bin\api-ms-win-core-handle-l1-1-0.dll
0x000001c7fd790000 - 0x000001c7fd793000 	C:\dev\Java\jdk\jdk10\bin\api-ms-win-core-heap-l1-1-0.dll
0x000001c7fd7a0000 - 0x000001c7fd7a3000 	C:\dev\Java\jdk\jdk10\bin\api-ms-win-core-interlocked-l1-1-0.dll
0x000001c7fd7b0000 - 0x000001c7fd7b3000 	C:\dev\Java\jdk\jdk10\bin\api-ms-win-core-libraryloader-l1-1-0.dll
0x000001c7fd7c0000 - 0x000001c7fd7c3000 	C:\dev\Java\jdk\jdk10\bin\api-ms-win-core-localization-l1-2-0.dll
0x000001c7fd7d0000 - 0x000001c7fd7d3000 	C:\dev\Java\jdk\jdk10\bin\api-ms-win-core-memory-l1-1-0.dll
0x000001c7fd7e0000 - 0x000001c7fd7e3000 	C:\dev\Java\jdk\jdk10\bin\api-ms-win-core-namedpipe-l1-1-0.dll
0x000001c7fd7f0000 - 0x000001c7fd7f3000 	C:\dev\Java\jdk\jdk10\bin\api-ms-win-core-processenvironment-l1-1-0.dll
0x000001c7fd800000 - 0x000001c7fd803000 	C:\dev\Java\jdk\jdk10\bin\api-ms-win-core-processthreads-l1-1-0.dll
0x000001c7fd810000 - 0x000001c7fd813000 	C:\dev\Java\jdk\jdk10\bin\api-ms-win-core-processthreads-l1-1-1.dll
0x000001c7fd820000 - 0x000001c7fd823000 	C:\dev\Java\jdk\jdk10\bin\api-ms-win-core-profile-l1-1-0.dll
0x000001c7fd830000 - 0x000001c7fd833000 	C:\dev\Java\jdk\jdk10\bin\api-ms-win-core-rtlsupport-l1-1-0.dll
0x000001c7fd840000 - 0x000001c7fd843000 	C:\dev\Java\jdk\jdk10\bin\api-ms-win-core-string-l1-1-0.dll
0x000001c7fd850000 - 0x000001c7fd853000 	C:\dev\Java\jdk\jdk10\bin\api-ms-win-core-synch-l1-1-0.dll
0x000001c7fd860000 - 0x000001c7fd863000 	C:\dev\Java\jdk\jdk10\bin\api-ms-win-core-synch-l1-2-0.dll
0x000001c7fd870000 - 0x000001c7fd873000 	C:\dev\Java\jdk\jdk10\bin\api-ms-win-core-sysinfo-l1-1-0.dll
0x000001c7fd880000 - 0x000001c7fd883000 	C:\dev\Java\jdk\jdk10\bin\api-ms-win-core-timezone-l1-1-0.dll
0x000001c7fd890000 - 0x000001c7fd893000 	C:\dev\Java\jdk\jdk10\bin\api-ms-win-core-util-l1-1-0.dll
0x000001c7fd8a0000 - 0x000001c7fd8a3000 	C:\dev\Java\jdk\jdk10\bin\api-ms-win-crt-conio-l1-1-0.dll
0x000001c7fd8b0000 - 0x000001c7fd8b4000 	C:\dev\Java\jdk\jdk10\bin\api-ms-win-crt-convert-l1-1-0.dll
0x000001c7fd8c0000 - 0x000001c7fd8c3000 	C:\dev\Java\jdk\jdk10\bin\api-ms-win-crt-environment-l1-1-0.dll
0x000001c7fd8d0000 - 0x000001c7fd8d3000 	C:\dev\Java\jdk\jdk10\bin\api-ms-win-crt-filesystem-l1-1-0.dll
0x000001c7fd8e0000 - 0x000001c7fd8e3000 	C:\dev\Java\jdk\jdk10\bin\api-ms-win-crt-heap-l1-1-0.dll
0x000001c7fd8f0000 - 0x000001c7fd8f3000 	C:\dev\Java\jdk\jdk10\bin\api-ms-win-crt-locale-l1-1-0.dll
0x000001c7fd900000 - 0x000001c7fd905000 	C:\dev\Java\jdk\jdk10\bin\api-ms-win-crt-math-l1-1-0.dll
0x000001c7fd910000 - 0x000001c7fd915000 	C:\dev\Java\jdk\jdk10\bin\api-ms-win-crt-multibyte-l1-1-0.dll
0x000001c7fd920000 - 0x000001c7fd930000 	C:\dev\Java\jdk\jdk10\bin\api-ms-win-crt-private-l1-1-0.dll
0x000001c7fd930000 - 0x000001c7fd933000 	C:\dev\Java\jdk\jdk10\bin\api-ms-win-crt-process-l1-1-0.dll
0x000001c7fd940000 - 0x000001c7fd944000 	C:\dev\Java\jdk\jdk10\bin\api-ms-win-crt-runtime-l1-1-0.dll
0x000001c7fd950000 - 0x000001c7fd954000 	C:\dev\Java\jdk\jdk10\bin\api-ms-win-crt-stdio-l1-1-0.dll
0x000001c7fd960000 - 0x000001c7fd964000 	C:\dev\Java\jdk\jdk10\bin\api-ms-win-crt-string-l1-1-0.dll
0x000001c7fd970000 - 0x000001c7fd973000 	C:\dev\Java\jdk\jdk10\bin\api-ms-win-crt-time-l1-1-0.dll
0x000001c7fd980000 - 0x000001c7fd983000 	C:\dev\Java\jdk\jdk10\bin\api-ms-win-crt-utility-l1-1-0.dll
0x00007ffc23860000 - 0x00007ffc23956000 	C:\dev\Java\jdk\jdk10\bin\ucrtbase.dll
0x00007ffc32290000 - 0x00007ffc322a6000 	C:\dev\Java\jdk\jdk10\bin\vcruntime140.dll
0x00007ffc23420000 - 0x00007ffc234bc000 	C:\dev\Java\jdk\jdk10\bin\msvcp140.dll
0x00007ffc23a90000 - 0x00007ffc23ae1000 	C:\dev\Java\jdk\jdk10\bin\concrt140.dll
0x00007ffc2b540000 - 0x00007ffc2b563000 	C:\dev\Java\jdk\jdk10\bin\prism_d3d.dll
0x00007ffc2c890000 - 0x00007ffc2ca27000 	C:\WINDOWS\system32\d3d9.dll
0x00007ffc46040000 - 0x00007ffc46069000 	C:\WINDOWS\SYSTEM32\dwmapi.dll
0x00007ffc45de0000 - 0x00007ffc45e78000 	C:\WINDOWS\system32\uxtheme.dll
0x00007ffc41500000 - 0x00007ffc41664000 	C:\WINDOWS\SYSTEM32\aticfx64.dll
0x00007ffc334b0000 - 0x00007ffc334d1000 	C:\WINDOWS\SYSTEM32\atiu9p64.dll
0x00007ffc23f80000 - 0x00007ffc247d9000 	C:\WINDOWS\SYSTEM32\atiumd64.dll
0x0000000057940000 - 0x00000000581c8000 	C:\WINDOWS\SYSTEM32\atiumd6a.dll
0x00007ffc236a0000 - 0x00007ffc236ea000 	C:\dev\Java\jdk\jdk10\bin\glass.dll
0x00007ffc49cf0000 - 0x00007ffc49ddd000 	C:\WINDOWS\System32\COMDLG32.dll
0x00007ffc496d0000 - 0x00007ffc49821000 	C:\WINDOWS\System32\ole32.dll
0x00007ffc48a20000 - 0x00007ffc48ae2000 	C:\WINDOWS\System32\OLEAUT32.dll
0x00007ffc494a0000 - 0x00007ffc49613000 	C:\WINDOWS\System32\MSCTF.dll
0x00007ffc22960000 - 0x00007ffc22979000 	C:\Program Files (x86)\Smadav\SmadHook64.dll
0x00007ffc2c830000 - 0x00007ffc2c844000 	C:\dev\Java\jdk\jdk10\bin\javafx_font.dll
0x00007ffc231b0000 - 0x00007ffc2334b000 	C:\dev\Java\jdk\jdk10\bin\awt.dll
0x00007ffc445c0000 - 0x00007ffc44b87000 	C:\WINDOWS\SYSTEM32\d2d1.dll
0x00007ffc45c30000 - 0x00007ffc45cbb000 	C:\WINDOWS\SYSTEM32\apphelp.dll
0x00007ffc23140000 - 0x00007ffc231a5000 	C:\dev\Java\jdk\jdk10\bin\fontmanager.dll
0x00007ffc3fe20000 - 0x00007ffc4013c000 	C:\WINDOWS\SYSTEM32\dwrite.dll
0x00007ffc233f0000 - 0x00007ffc23413000 	C:\dev\Java\jdk\jdk10\bin\javafx_iio.dll
0x00007ffc3c7d0000 - 0x00007ffc3c7d9000 	C:\dev\Java\jdk\jdk10\bin\management.dll
0x00007ffc3c6a0000 - 0x00007ffc3c6aa000 	C:\dev\Java\jdk\jdk10\bin\management_ext.dll
0x00007ffc46e80000 - 0x00007ffc46f3e000 	C:\WINDOWS\SYSTEM32\DNSAPI.dll
0x00007ffc49490000 - 0x00007ffc49498000 	C:\WINDOWS\System32\NSI.dll
0x00007ffc46e40000 - 0x00007ffc46e78000 	C:\WINDOWS\SYSTEM32\IPHLPAPI.DLL
0x00007ffc3ab70000 - 0x00007ffc3ab7a000 	C:\Windows\System32\rasadhlp.dll
0x00007ffc3b6c0000 - 0x00007ffc3b732000 	C:\WINDOWS\System32\fwpuclnt.dll
0x00007ffc473a0000 - 0x00007ffc473c5000 	C:\WINDOWS\SYSTEM32\bcrypt.dll
0x00007ffc31ae0000 - 0x00007ffc31af6000 	C:\WINDOWS\system32\napinsp.dll
0x00007ffc30c10000 - 0x00007ffc30c2a000 	C:\WINDOWS\system32\pnrpnsp.dll
0x00007ffc3c680000 - 0x00007ffc3c699000 	C:\WINDOWS\system32\NLAapi.dll
0x00007ffc45bd0000 - 0x00007ffc45bde000 	C:\WINDOWS\System32\winrnr.dll
0x00007ffc3e2c0000 - 0x00007ffc3e2d5000 	C:\WINDOWS\System32\wshbth.dll
0x00007ffc47280000 - 0x00007ffc47297000 	C:\WINDOWS\SYSTEM32\CRYPTSP.dll
0x00007ffc46ca0000 - 0x00007ffc46cd3000 	C:\WINDOWS\system32\rsaenh.dll
0x00007ffc477a0000 - 0x00007ffc477c8000 	C:\WINDOWS\SYSTEM32\USERENV.dll
0x00007ffc47270000 - 0x00007ffc4727b000 	C:\WINDOWS\SYSTEM32\CRYPTBASE.dll

dbghelp: loaded successfully - version: 4.0.5 - missing functions: none
symbol engine: initialized successfully - sym options: 0x614 - pdb path: .;C:\DEV\java\jdk\jdk10\bin;C:\WINDOWS\SYSTEM32;C:\WINDOWS\WinSxS\amd64_microsoft.windows.common-controls_6595b64144ccf1df_6.0.17134.765_none_fb42a1a930655896;C:\DEV\java\jdk\jdk10\bin\server;C:\Program Files (x86)\Smadav;C:\Program Files\Common Files\Microsoft Shared\Ink

VM Arguments:
jvm_args: -Dfile.encoding=UTF-8 
java_command: projet.MainProjet
java_class_path (initial): C:\Users\Ce\Desktop\Java_Framework\projet\bin;C:\Users\Ce\Desktop\Java_Framework\Framework-3iL\bin;C:\Users\Ce\Desktop\Java_Framework\~libraries\JDBC Drivers\ojdbc8.jar;C:\Users\Ce\Desktop\Java_Framework\~libraries\mapstruct-1.3\mapstruct-1.3.0.Final.jar
Launcher Type: SUN_STANDARD

Logging:
Log output configuration:
#0: stdout all=warning uptime,level,tags
#1: stderr all=off uptime,level,tags

Environment Variables:
PATH=C:/dev/java/jdk/jdk10/bin/server;C:/dev/java/jdk/jdk10/bin;C:\oraclexe\app\oracle\product\11.2.0\server\bin;C:\Program Files (x86)\Common Files\Oracle\Java\javapath;C:\ProgramData\Oracle\Java\javapath;C:\WINDOWS\system32;C:\WINDOWS;C:\WINDOWS\System32\Wbem;C:\WINDOWS\System32\WindowsPowerShell\v1.0\;C:\WINDOWS\System32\OpenSSH\;C:\Program Files\dotnet\;C:\Program Files\Microsoft SQL Server\130\Tools\Binn\;C:\Program Files\nodejs\;C:\Program Files\MATLAB\R2019a\bin;C:\Users\Ce\AppData\Local\Microsoft\WindowsApps;C:\Users\Ce\AppData\Roaming\npm;C:\dev\Java\eclipse-4.10-java;
USERNAME=Ce
OS=Windows_NT
PROCESSOR_IDENTIFIER=AMD64 Family 21 Model 19 Stepping 1, AuthenticAMD



---------------  S Y S T E M  ---------------

OS: Windows 10 , 64 bit Build 17134 (10.0.17134.753)

CPU:total 4 (initial active 4) (4 cores per cpu, 1 threads per core) family 21 model 19 stepping 1, cmov, cx8, fxsr, mmx, sse, sse2, sse3, ssse3, sse4.1, sse4.2, popcnt, avx, aes, clmul, mmxext, 3dnowpref, lzcnt, sse4a, tsc, tscinvbit, tscinv, bmi1, fma

Memory: 4k page, physical 5472624k(1159448k free), swap 5996912k(22572k free)

vm_info: Java HotSpot(TM) 64-Bit Server VM (10.0.2+13) for windows-amd64 JRE (10.0.2+13), built on Jun 28 2018 01:57:56 by "mach5one" with MS VC++ 12.0 (VS2013)

END.
