#
# There is insufficient memory for the Java Runtime Environment to continue.
# Native memory allocation (malloc) failed to allocate 1056176 bytes for Chunk::new
# Possible reasons:
#   The system is out of physical RAM or swap space
#   The process is running with CompressedOops enabled, and the Java Heap may be blocking the growth of the native heap
# Possible solutions:
#   Reduce memory load on the system
#   Increase physical memory or swap space
#   Check if swap backing store is full
#   Decrease Java heap size (-Xmx/-Xms)
#   Decrease number of Java threads
#   Decrease Java thread stack sizes (-Xss)
#   Set larger code cache with -XX:ReservedCodeCacheSize=
#   JVM is running with Unscaled Compressed Oops mode in which the Java heap is
#     placed in the first 4GB address space. The Java Heap base address is the
#     maximum limit for the native heap growth. Please use -XX:HeapBaseMinAddress
#     to set the Java Heap base and to place the Java Heap above 4GB virtual address.
# This output file may be truncated or incomplete.
#
#  Out of Memory Error (t:/workspace/open/src/hotspot/share/memory/arena.cpp:198), pid=10768, tid=5244
#
# JRE version: Java(TM) SE Runtime Environment (10.0.2+13) (build 10.0.2+13)
# Java VM: Java HotSpot(TM) 64-Bit Server VM (10.0.2+13, mixed mode, tiered, compressed oops, g1 gc, windows-amd64)
# No core dump will be written. Minidumps are not enabled by default on client versions of Windows
#

---------------  S U M M A R Y ------------

Command Line: -Dfile.encoding=UTF-8 projet.MainProjet

Host: AMD A10-5745M APU with Radeon(tm) HD Graphics  , 4 cores, 5G,  Windows 10 , 64 bit Build 17134 (10.0.17134.753)
Time: Sat Jun 08 15:31:38 2019 Paris, Madrid (heure d?été) elapsed time: 6 seconds (0d 0h 0m 6s)

---------------  T H R E A D  ---------------

Current thread (0x0000021f0fd09800):  JavaThread "C2 CompilerThread1" daemon [_thread_in_native, id=5244, stack(0x000000d908400000,0x000000d908500000)]


Current CompileTask:
C2:   6386 2920       4       java.lang.invoke.MethodType::makeImpl (108 bytes)

Stack: [0x000000d908400000,0x000000d908500000]
Native frames: (J=compiled Java code, j=interpreted, Vv=VM code, C=native code)
V  [jvm.dll+0x5a01a9]
V  [jvm.dll+0x6bcf31]
V  [jvm.dll+0x6be126]
V  [jvm.dll+0x6be7b3]
V  [jvm.dll+0x234978]
V  [jvm.dll+0xbb69c]
V  [jvm.dll+0xbbbac]
V  [jvm.dll+0x34be98]
V  [jvm.dll+0x18ee2c]
V  [jvm.dll+0x1fff9d]
V  [jvm.dll+0x1ff116]
V  [jvm.dll+0x17c94b]
V  [jvm.dll+0x20c8dd]
V  [jvm.dll+0x20b6a6]
V  [jvm.dll+0x68b7ff]
V  [jvm.dll+0x59f4b0]
C  [msvcr120.dll+0x24f7f]
C  [ucrtbase.dll+0x25126]
C  [KERNEL32.DLL+0x14034]
C  [ntdll.dll+0x73691]


---------------  P R O C E S S  ---------------

Threads class SMR info:
_java_thread_list=0x0000021f1cb0ca60, length=22, elements={
0x0000021f6f9ad800, 0x0000021f0fc9b000, 0x0000021f0fcac000, 0x0000021f0fcf8800,
0x0000021f0fcfb800, 0x0000021f0fcfe800, 0x0000021f0fd09800, 0x0000021f0fd19800,
0x0000021f0fe88800, 0x0000021f10034000, 0x0000021f10038000, 0x0000021f1b5ca000,
0x0000021f1b61b000, 0x0000021f1b84f000, 0x0000021f1b850000, 0x0000021f1cf2e800,
0x0000021f1b69a000, 0x0000021f212b3000, 0x0000021f2229f800, 0x0000021f1d28d800,
0x0000021f21cd4800, 0x0000021f21cdb800
}

Java Threads: ( => current thread )
  0x0000021f6f9ad800 JavaThread "main" [_thread_blocked, id=11136, stack(0x000000d907200000,0x000000d907300000)]
  0x0000021f0fc9b000 JavaThread "Reference Handler" daemon [_thread_blocked, id=7956, stack(0x000000d907f00000,0x000000d908000000)]
  0x0000021f0fcac000 JavaThread "Finalizer" daemon [_thread_blocked, id=6124, stack(0x000000d908000000,0x000000d908100000)]
  0x0000021f0fcf8800 JavaThread "Signal Dispatcher" daemon [_thread_blocked, id=10752, stack(0x000000d908100000,0x000000d908200000)]
  0x0000021f0fcfb800 JavaThread "Attach Listener" daemon [_thread_blocked, id=1900, stack(0x000000d908200000,0x000000d908300000)]
  0x0000021f0fcfe800 JavaThread "C2 CompilerThread0" daemon [_thread_in_native, id=14108, stack(0x000000d908300000,0x000000d908400000)]
=>0x0000021f0fd09800 JavaThread "C2 CompilerThread1" daemon [_thread_in_native, id=5244, stack(0x000000d908400000,0x000000d908500000)]
  0x0000021f0fd19800 JavaThread "C1 CompilerThread2" daemon [_thread_blocked, id=9940, stack(0x000000d908500000,0x000000d908600000)]
  0x0000021f0fe88800 JavaThread "Sweeper thread" daemon [_thread_blocked, id=5804, stack(0x000000d908600000,0x000000d908700000)]
  0x0000021f10034000 JavaThread "Service Thread" daemon [_thread_blocked, id=11024, stack(0x000000d908700000,0x000000d908800000)]
  0x0000021f10038000 JavaThread "Common-Cleaner" daemon [_thread_blocked, id=12480, stack(0x000000d908800000,0x000000d908900000)]
  0x0000021f1b5ca000 JavaThread "JavaFX-Launcher" [_thread_blocked, id=8556, stack(0x000000d908a00000,0x000000d908b00000)]
  0x0000021f1b61b000 JavaThread "QuantumRenderer-0" daemon [_thread_in_vm, id=5628, stack(0x000000d908b00000,0x000000d908c00000)]
  0x0000021f1b84f000 JavaThread "InvokeLaterDispatcher" daemon [_thread_blocked, id=1360, stack(0x000000d908d00000,0x000000d908e00000)]
  0x0000021f1b850000 JavaThread "JavaFX Application Thread" [_thread_in_native, id=6440, stack(0x000000d908e00000,0x000000d908f00000)]
  0x0000021f1cf2e800 JavaThread "Thread-2" daemon [_thread_in_native, id=13032, stack(0x000000d909500000,0x000000d909600000)]
  0x0000021f1b69a000 JavaThread "Java2D Disposer" daemon [_thread_blocked, id=2604, stack(0x000000d909600000,0x000000d909700000)]
  0x0000021f212b3000 JavaThread "Timer-0" daemon [_thread_blocked, id=7304, stack(0x000000d909700000,0x000000d909800000)]
  0x0000021f2229f800 JavaThread "oracle.jdbc.driver.BlockSource.ThreadedCachingBlockSource.BlockReleaser" daemon [_thread_blocked, id=10780, stack(0x000000d909800000,0x000000d909900000)]
  0x0000021f1d28d800 JavaThread "InterruptTimer" daemon [_thread_blocked, id=8292, stack(0x000000d909900000,0x000000d909a00000)]
  0x0000021f21cd4800 JavaThread "Prism Font Disposer" daemon [_thread_blocked, id=12508, stack(0x000000d909b00000,0x000000d909c00000)]
  0x0000021f21cdb800 JavaThread "Cleaner-0" daemon [_thread_blocked, id=12952, stack(0x000000d909c00000,0x000000d909d00000)]

Other Threads:
  0x0000021f0fc97000 VMThread "VM Thread" [stack: 0x000000d907e00000,0x000000d907f00000] [id=12440]
  0x0000021f10039000 WatcherThread [stack: 0x000000d908900000,0x000000d908a00000] [id=2756]
  0x0000021f6f9c5000 GCTaskThread "GC Thread#0" [stack: 0x000000d907300000,0x000000d907400000] [id=9924]
  0x0000021f6f9c6000 GCTaskThread "GC Thread#1" [stack: 0x000000d907400000,0x000000d907500000] [id=7820]
  0x0000021f6f9cf000 GCTaskThread "GC Thread#2" [stack: 0x000000d907500000,0x000000d907600000] [id=13692]
  0x0000021f6f9d1800 GCTaskThread "GC Thread#3" [stack: 0x000000d907600000,0x000000d907700000] [id=6852]
  0x0000021f6fa1d800 ConcurrentGCThread "G1 Main Marker" [stack: 0x000000d907700000,0x000000d907800000] [id=7628]
  0x0000021f6fa24800 ConcurrentGCThread "G1 Conc#0" [stack: 0x000000d907800000,0x000000d907900000] [id=212]
  0x0000021f6fa72800 ConcurrentGCThread "G1 Refine#0" [stack: 0x000000d907900000,0x000000d907a00000] [id=1076]
  0x0000021f6fa74800 ConcurrentGCThread "G1 Refine#1" [stack: 0x000000d907a00000,0x000000d907b00000] [id=6456]
  0x0000021f6fa76000 ConcurrentGCThread "G1 Refine#2" [stack: 0x000000d907b00000,0x000000d907c00000] [id=14272]
  0x0000021f6fa77800 ConcurrentGCThread "G1 Refine#3" [stack: 0x000000d907c00000,0x000000d907d00000] [id=7220]
  0x0000021f6fa7a800 ConcurrentGCThread "G1 Young RemSet Sampling" [stack: 0x000000d907d00000,0x000000d907e00000] [id=5816]

Threads with active compile tasks:
C2 CompilerThread02860       4       javafx.scene.CssStyleHelper::getStyle (162 bytes)
C2 CompilerThread12920       4       java.lang.invoke.MethodType::makeImpl (108 bytes)

VM state:not at safepoint (normal execution)

VM Mutex/Monitor currently owned by a thread:  ([mutex/lock_event])
[0x0000021f6f9abea0] AdapterHandlerLibrary_lock - owner thread: 0x0000021f1b61b000

Heap address: 0x00000000ac600000, size: 1338 MB, Compressed Oops mode: 32-bit
Narrow klass base: 0x0000000000000000, Narrow klass shift: 3
Compressed class space size: 1073741824 Address: 0x0000000100000000

Heap:
 garbage-first heap   total 86016K, used 23182K [0x00000000ac600000, 0x0000000100000000)
  region size 1024K, 10 young (10240K), 4 survivors (4096K)
 Metaspace       used 36109K, capacity 37143K, committed 37632K, reserved 1081344K
  class space    used 4579K, capacity 5079K, committed 5120K, reserved 1048576K
Heap Regions: E=young(eden), S=young(survivor), O=old, HS=humongous(starts), HC=humongous(continues), CS=collection set, F=free, A=archive, TS=gc time stamp, AC=allocation context, TAMS=top-at-mark-start (previous, next)
|   0|0x00000000ac600000, 0x00000000ac700000, 0x00000000ac700000|100%|HS|  |TS  0|AC  0|TAMS 0x00000000ac700000, 0x00000000ac700000|
|   1|0x00000000ac700000, 0x00000000ac800000, 0x00000000ac800000|100%|HC|  |TS  0|AC  0|TAMS 0x00000000ac800000, 0x00000000ac800000|
|   2|0x00000000ac800000, 0x00000000ac900000, 0x00000000ac900000|100%| O|  |TS  0|AC  0|TAMS 0x00000000ac900000, 0x00000000ac900000|
|   3|0x00000000ac900000, 0x00000000aca00000, 0x00000000aca00000|100%| O|  |TS  0|AC  0|TAMS 0x00000000aca00000, 0x00000000aca00000|
|   4|0x00000000aca00000, 0x00000000acb00000, 0x00000000acb00000|100%| O|  |TS  0|AC  0|TAMS 0x00000000acb00000, 0x00000000acb00000|
|   5|0x00000000acb00000, 0x00000000acc00000, 0x00000000acc00000|100%|HS|  |TS  0|AC  0|TAMS 0x00000000acc00000, 0x00000000acc00000|
|   6|0x00000000acc00000, 0x00000000acd00000, 0x00000000acd00000|100%|HC|  |TS  0|AC  0|TAMS 0x00000000acd00000, 0x00000000acd00000|
|   7|0x00000000acd00000, 0x00000000ace00000, 0x00000000ace00000|100%| O|  |TS  0|AC  0|TAMS 0x00000000ace00000, 0x00000000ace00000|
|   8|0x00000000ace00000, 0x00000000acf00000, 0x00000000acf00000|100%| O|  |TS  0|AC  0|TAMS 0x00000000acf00000, 0x00000000acf00000|
|   9|0x00000000acf00000, 0x00000000ad000000, 0x00000000ad000000|100%| O|  |TS  0|AC  0|TAMS 0x00000000ad000000, 0x00000000ad000000|
|  10|0x00000000ad000000, 0x00000000ad100000, 0x00000000ad100000|100%| O|  |TS  0|AC  0|TAMS 0x00000000ad100000, 0x00000000ad100000|
|  11|0x00000000ad100000, 0x00000000ad1efa00, 0x00000000ad200000| 93%| O|  |TS  0|AC  0|TAMS 0x00000000ad1efa00, 0x00000000ad1efa00|
|  12|0x00000000ad200000, 0x00000000ad300000, 0x00000000ad300000|100%|HS|  |TS  0|AC  0|TAMS 0x00000000ad200000, 0x00000000ad200000|
|  13|0x00000000ad300000, 0x00000000ad400000, 0x00000000ad400000|100%|HC|  |TS  0|AC  0|TAMS 0x00000000ad300000, 0x00000000ad300000|
|  14|0x00000000ad400000, 0x00000000ad400000, 0x00000000ad500000|  0%| F|  |TS  0|AC  0|TAMS 0x00000000ad400000, 0x00000000ad400000|
|  15|0x00000000ad500000, 0x00000000ad500000, 0x00000000ad600000|  0%| F|  |TS  0|AC  0|TAMS 0x00000000ad500000, 0x00000000ad500000|
|  16|0x00000000ad600000, 0x00000000ad600000, 0x00000000ad700000|  0%| F|  |TS  0|AC  0|TAMS 0x00000000ad600000, 0x00000000ad600000|
|  17|0x00000000ad700000, 0x00000000ad700000, 0x00000000ad800000|  0%| F|  |TS  0|AC  0|TAMS 0x00000000ad700000, 0x00000000ad700000|
|  18|0x00000000ad800000, 0x00000000ad800000, 0x00000000ad900000|  0%| F|  |TS  0|AC  0|TAMS 0x00000000ad800000, 0x00000000ad800000|
|  19|0x00000000ad900000, 0x00000000ad900000, 0x00000000ada00000|  0%| F|  |TS  0|AC  0|TAMS 0x00000000ad900000, 0x00000000ad900000|
|  20|0x00000000ada00000, 0x00000000ada00000, 0x00000000adb00000|  0%| F|  |TS  0|AC  0|TAMS 0x00000000ada00000, 0x00000000ada00000|
|  21|0x00000000adb00000, 0x00000000adb00000, 0x00000000adc00000|  0%| F|  |TS  0|AC  0|TAMS 0x00000000adb00000, 0x00000000adb00000|
|  22|0x00000000adc00000, 0x00000000adc00000, 0x00000000add00000|  0%| F|  |TS  0|AC  0|TAMS 0x00000000adc00000, 0x00000000adc00000|
|  23|0x00000000add00000, 0x00000000add00000, 0x00000000ade00000|  0%| F|  |TS  0|AC  0|TAMS 0x00000000add00000, 0x00000000add00000|
|  24|0x00000000ade00000, 0x00000000ade00000, 0x00000000adf00000|  0%| F|  |TS  0|AC  0|TAMS 0x00000000ade00000, 0x00000000ade00000|
|  25|0x00000000adf00000, 0x00000000adf00000, 0x00000000ae000000|  0%| F|  |TS  0|AC  0|TAMS 0x00000000adf00000, 0x00000000adf00000|
|  26|0x00000000ae000000, 0x00000000ae000000, 0x00000000ae100000|  0%| F|  |TS  0|AC  0|TAMS 0x00000000ae000000, 0x00000000ae000000|
|  27|0x00000000ae100000, 0x00000000ae100000, 0x00000000ae200000|  0%| F|  |TS  0|AC  0|TAMS 0x00000000ae100000, 0x00000000ae100000|
|  28|0x00000000ae200000, 0x00000000ae200000, 0x00000000ae300000|  0%| F|  |TS  0|AC  0|TAMS 0x00000000ae200000, 0x00000000ae200000|
|  29|0x00000000ae300000, 0x00000000ae300000, 0x00000000ae400000|  0%| F|  |TS  0|AC  0|TAMS 0x00000000ae300000, 0x00000000ae300000|
|  30|0x00000000ae400000, 0x00000000ae400000, 0x00000000ae500000|  0%| F|  |TS  0|AC  0|TAMS 0x00000000ae400000, 0x00000000ae400000|
|  31|0x00000000ae500000, 0x00000000ae500000, 0x00000000ae600000|  0%| F|  |TS  0|AC  0|TAMS 0x00000000ae500000, 0x00000000ae500000|
|  32|0x00000000ae600000, 0x00000000ae600000, 0x00000000ae700000|  0%| F|  |TS  0|AC  0|TAMS 0x00000000ae600000, 0x00000000ae600000|
|  33|0x00000000ae700000, 0x00000000ae700000, 0x00000000ae800000|  0%| F|  |TS  0|AC  0|TAMS 0x00000000ae700000, 0x00000000ae700000|
|  34|0x00000000ae800000, 0x00000000ae800000, 0x00000000ae900000|  0%| F|  |TS  0|AC  0|TAMS 0x00000000ae800000, 0x00000000ae800000|
|  35|0x00000000ae900000, 0x00000000ae900000, 0x00000000aea00000|  0%| F|  |TS  0|AC  0|TAMS 0x00000000ae900000, 0x00000000ae900000|
|  36|0x00000000aea00000, 0x00000000aea00000, 0x00000000aeb00000|  0%| F|  |TS  0|AC  0|TAMS 0x00000000aea00000, 0x00000000aea00000|
|  37|0x00000000aeb00000, 0x00000000aeb00000, 0x00000000aec00000|  0%| F|  |TS  0|AC  0|TAMS 0x00000000aeb00000, 0x00000000aeb00000|
|  38|0x00000000aec00000, 0x00000000aec00000, 0x00000000aed00000|  0%| F|  |TS  0|AC  0|TAMS 0x00000000aec00000, 0x00000000aec00000|
|  39|0x00000000aed00000, 0x00000000aed00000, 0x00000000aee00000|  0%| F|  |TS  0|AC  0|TAMS 0x00000000aed00000, 0x00000000aed00000|
|  40|0x00000000aee00000, 0x00000000aee00000, 0x00000000aef00000|  0%| F|  |TS  0|AC  0|TAMS 0x00000000aee00000, 0x00000000aee00000|
|  41|0x00000000aef00000, 0x00000000aef00000, 0x00000000af000000|  0%| F|  |TS  0|AC  0|TAMS 0x00000000aef00000, 0x00000000aef00000|
|  42|0x00000000af000000, 0x00000000af000000, 0x00000000af100000|  0%| F|  |TS  0|AC  0|TAMS 0x00000000af000000, 0x00000000af000000|
|  43|0x00000000af100000, 0x00000000af100000, 0x00000000af200000|  0%| F|  |TS  0|AC  0|TAMS 0x00000000af100000, 0x00000000af100000|
|  44|0x00000000af200000, 0x00000000af200000, 0x00000000af300000|  0%| F|  |TS  0|AC  0|TAMS 0x00000000af200000, 0x00000000af200000|
|  45|0x00000000af300000, 0x00000000af300000, 0x00000000af400000|  0%| F|  |TS  0|AC  0|TAMS 0x00000000af300000, 0x00000000af300000|
|  46|0x00000000af400000, 0x00000000af400000, 0x00000000af500000|  0%| F|  |TS  0|AC  0|TAMS 0x00000000af400000, 0x00000000af400000|
|  47|0x00000000af500000, 0x00000000af500000, 0x00000000af600000|  0%| F|  |TS  0|AC  0|TAMS 0x00000000af500000, 0x00000000af500000|
|  48|0x00000000af600000, 0x00000000af600000, 0x00000000af700000|  0%| F|  |TS  0|AC  0|TAMS 0x00000000af600000, 0x00000000af600000|
|  49|0x00000000af700000, 0x00000000af700000, 0x00000000af800000|  0%| F|  |TS  0|AC  0|TAMS 0x00000000af700000, 0x00000000af700000|
|  50|0x00000000af800000, 0x00000000af8b3ec0, 0x00000000af900000| 70%| S|CS|TS  0|AC  0|TAMS 0x00000000af800000, 0x00000000af800000|
|  51|0x00000000af900000, 0x00000000afa00000, 0x00000000afa00000|100%| S|CS|TS  0|AC  0|TAMS 0x00000000af900000, 0x00000000af900000|
|  52|0x00000000afa00000, 0x00000000afb00000, 0x00000000afb00000|100%| S|CS|TS  0|AC  0|TAMS 0x00000000afa00000, 0x00000000afa00000|
|  53|0x00000000afb00000, 0x00000000afc00000, 0x00000000afc00000|100%| S|CS|TS  0|AC  0|TAMS 0x00000000afb00000, 0x00000000afb00000|
|  54|0x00000000afc00000, 0x00000000afc00000, 0x00000000afd00000|  0%| F|  |TS  0|AC  0|TAMS 0x00000000afc00000, 0x00000000afc00000|
|  55|0x00000000afd00000, 0x00000000afd00000, 0x00000000afe00000|  0%| F|  |TS  0|AC  0|TAMS 0x00000000afd00000, 0x00000000afd00000|
|  56|0x00000000afe00000, 0x00000000afe00000, 0x00000000aff00000|  0%| F|  |TS  0|AC  0|TAMS 0x00000000afe00000, 0x00000000afe00000|
|  57|0x00000000aff00000, 0x00000000aff00000, 0x00000000b0000000|  0%| F|  |TS  0|AC  0|TAMS 0x00000000aff00000, 0x00000000aff00000|
|  58|0x00000000b0000000, 0x00000000b0000000, 0x00000000b0100000|  0%| F|  |TS  0|AC  0|TAMS 0x00000000b0000000, 0x00000000b0000000|
|  59|0x00000000b0100000, 0x00000000b0100000, 0x00000000b0200000|  0%| F|  |TS  0|AC  0|TAMS 0x00000000b0100000, 0x00000000b0100000|
|  60|0x00000000b0200000, 0x00000000b0200000, 0x00000000b0300000|  0%| F|  |TS  0|AC  0|TAMS 0x00000000b0200000, 0x00000000b0200000|
|  61|0x00000000b0300000, 0x00000000b0300000, 0x00000000b0400000|  0%| F|  |TS  0|AC  0|TAMS 0x00000000b0300000, 0x00000000b0300000|
|  62|0x00000000b0400000, 0x00000000b0400000, 0x00000000b0500000|  0%| F|  |TS  0|AC  0|TAMS 0x00000000b0400000, 0x00000000b0400000|
|  63|0x00000000b0500000, 0x00000000b0500000, 0x00000000b0600000|  0%| F|  |TS  0|AC  0|TAMS 0x00000000b0500000, 0x00000000b0500000|
|  64|0x00000000b0600000, 0x00000000b0600000, 0x00000000b0700000|  0%| F|  |TS  0|AC  0|TAMS 0x00000000b0600000, 0x00000000b0600000|
|  65|0x00000000b0700000, 0x00000000b0700000, 0x00000000b0800000|  0%| F|  |TS  0|AC  0|TAMS 0x00000000b0700000, 0x00000000b0700000|
|  66|0x00000000b0800000, 0x00000000b0800000, 0x00000000b0900000|  0%| F|  |TS  0|AC  0|TAMS 0x00000000b0800000, 0x00000000b0800000|
|  67|0x00000000b0900000, 0x00000000b0900000, 0x00000000b0a00000|  0%| F|  |TS  0|AC  0|TAMS 0x00000000b0900000, 0x00000000b0900000|
|  68|0x00000000b0a00000, 0x00000000b0a00000, 0x00000000b0b00000|  0%| F|  |TS  0|AC  0|TAMS 0x00000000b0a00000, 0x00000000b0a00000|
|  69|0x00000000b0b00000, 0x00000000b0b00000, 0x00000000b0c00000|  0%| F|  |TS  0|AC  0|TAMS 0x00000000b0b00000, 0x00000000b0b00000|
|  70|0x00000000b0c00000, 0x00000000b0c00000, 0x00000000b0d00000|  0%| F|  |TS  0|AC  0|TAMS 0x00000000b0c00000, 0x00000000b0c00000|
|  71|0x00000000b0d00000, 0x00000000b0d00000, 0x00000000b0e00000|  0%| F|  |TS  0|AC  0|TAMS 0x00000000b0d00000, 0x00000000b0d00000|
|  72|0x00000000b0e00000, 0x00000000b0e00000, 0x00000000b0f00000|  0%| F|  |TS  0|AC  0|TAMS 0x00000000b0e00000, 0x00000000b0e00000|
|  73|0x00000000b0f00000, 0x00000000b0f00000, 0x00000000b1000000|  0%| F|  |TS  0|AC  0|TAMS 0x00000000b0f00000, 0x00000000b0f00000|
|  74|0x00000000b1000000, 0x00000000b1000000, 0x00000000b1100000|  0%| F|  |TS  0|AC  0|TAMS 0x00000000b1000000, 0x00000000b1000000|
|  75|0x00000000b1100000, 0x00000000b1100000, 0x00000000b1200000|  0%| F|  |TS  0|AC  0|TAMS 0x00000000b1100000, 0x00000000b1100000|
|  76|0x00000000b1200000, 0x00000000b1200000, 0x00000000b1300000|  0%| F|  |TS  0|AC  0|TAMS 0x00000000b1200000, 0x00000000b1200000|
|  77|0x00000000b1300000, 0x00000000b1300000, 0x00000000b1400000|  0%| F|  |TS  0|AC  0|TAMS 0x00000000b1300000, 0x00000000b1300000|
|  78|0x00000000b1400000, 0x00000000b14d3dc0, 0x00000000b1500000| 82%| E|  |TS  0|AC  0|TAMS 0x00000000b1400000, 0x00000000b1400000|
|  79|0x00000000b1500000, 0x00000000b1600000, 0x00000000b1600000|100%| E|CS|TS  0|AC  0|TAMS 0x00000000b1500000, 0x00000000b1500000|
|  80|0x00000000b1600000, 0x00000000b1700000, 0x00000000b1700000|100%| E|CS|TS  0|AC  0|TAMS 0x00000000b1600000, 0x00000000b1600000|
|  81|0x00000000b1700000, 0x00000000b1800000, 0x00000000b1800000|100%| E|CS|TS  0|AC  0|TAMS 0x00000000b1700000, 0x00000000b1700000|
|  82|0x00000000b1800000, 0x00000000b1900000, 0x00000000b1900000|100%| E|CS|TS  0|AC  0|TAMS 0x00000000b1800000, 0x00000000b1800000|
|  83|0x00000000b1900000, 0x00000000b1a00000, 0x00000000b1a00000|100%| E|CS|TS  0|AC  0|TAMS 0x00000000b1900000, 0x00000000b1900000|

Card table byte_map: [0x0000021f7afe0000,0x0000021f7b280000] byte_map_base: 0x0000021f7aa7d000

Marking Bits (Prev, Next): (CMBitMap*) 0x0000021f6fa1ca90, (CMBitMap*) 0x0000021f6fa1cac8
 Prev Bits: [0x0000021f7b520000, 0x0000021f7ca08000)
 Next Bits: [0x0000021f7ca10000, 0x0000021f7def8000)

Polling page: 0x0000021f6d740000

CodeHeap 'non-profiled nmethods': size=120064Kb used=1359Kb max_used=1359Kb free=118704Kb
 bounds [0x0000021f07ac0000, 0x0000021f07d30000, 0x0000021f0f000000]
CodeHeap 'profiled nmethods': size=120000Kb used=6183Kb max_used=6183Kb free=113816Kb
 bounds [0x0000021f00590000, 0x0000021f00ba0000, 0x0000021f07ac0000]
CodeHeap 'non-nmethods': size=5696Kb used=1447Kb max_used=1447Kb free=4248Kb
 bounds [0x0000021f00000000, 0x0000021f00270000, 0x0000021f00590000]
 total_blobs=4586 nmethods=3138 adapters=791
 compilation: enabled

Compilation events (10 events):
Event: 6.375 Thread 0x0000021f0fd19800 3124       3       com.sun.javafx.sg.prism.NGGroup::needsBlending (15 bytes)
Event: 6.376 Thread 0x0000021f0fd19800 nmethod 3124 0x0000021f00b88b90 code [0x0000021f00b88d40, 0x0000021f00b88f18]
Event: 6.376 Thread 0x0000021f0fd19800 3125       3       com.sun.marlin.IntArrayCache$Reference::putArray (55 bytes)
Event: 6.377 Thread 0x0000021f0fd19800 nmethod 3125 0x0000021f00b88f90 code [0x0000021f00b891c0, 0x0000021f00b898b0]
Event: 6.378 Thread 0x0000021f0fd19800 3126       3       java.nio.DirectByteBuffer::put (17 bytes)
Event: 6.378 Thread 0x0000021f0fd19800 nmethod 3126 0x0000021f00b89c10 code [0x0000021f00b89e00, 0x0000021f00b8a170]
Event: 6.381 Thread 0x0000021f0fd19800 3127       3       javafx.scene.paint.Color::equals (75 bytes)
Event: 6.381 Thread 0x0000021f0fd19800 nmethod 3127 0x0000021f00b8a310 code [0x0000021f00b8a4e0, 0x0000021f00b8aa78]
Event: 6.381 Thread 0x0000021f0fd19800 3128       3       com.sun.javafx.geom.Path2D::needRoom (94 bytes)
Event: 6.382 Thread 0x0000021f0fd19800 nmethod 3128 0x0000021f00b8ab90 code [0x0000021f00b8ada0, 0x0000021f00b8b390]

GC Heap History (8 events):
Event: 1.546 GC heap before
{Heap before GC invocations=0 (full 0):
 garbage-first heap   total 86016K, used 16384K [0x00000000ac600000, 0x0000000100000000)
  region size 1024K, 14 young (14336K), 0 survivors (0K)
 Metaspace       used 15878K, capacity 16336K, committed 16640K, reserved 1064960K
  class space    used 1780K, capacity 1985K, committed 2048K, reserved 1048576K
}
Event: 1.558 GC heap after
{Heap after GC invocations=1 (full 0):
 garbage-first heap   total 86016K, used 6528K [0x00000000ac600000, 0x0000000100000000)
  region size 1024K, 2 young (2048K), 2 survivors (2048K)
 Metaspace       used 15878K, capacity 16336K, committed 16640K, reserved 1064960K
  class space    used 1780K, capacity 1985K, committed 2048K, reserved 1048576K
}
Event: 1.697 GC heap before
{Heap before GC invocations=1 (full 0):
 garbage-first heap   total 86016K, used 10624K [0x00000000ac600000, 0x0000000100000000)
  region size 1024K, 4 young (4096K), 2 survivors (2048K)
 Metaspace       used 16918K, capacity 17369K, committed 17536K, reserved 1064960K
  class space    used 1957K, capacity 2158K, committed 2176K, reserved 1048576K
}
Event: 1.706 GC heap after
{Heap after GC invocations=2 (full 0):
 garbage-first heap   total 86016K, used 9433K [0x00000000ac600000, 0x0000000100000000)
  region size 1024K, 1 young (1024K), 1 survivors (1024K)
 Metaspace       used 16918K, capacity 17369K, committed 17536K, reserved 1064960K
  class space    used 1957K, capacity 2158K, committed 2176K, reserved 1048576K
}
Event: 2.376 GC heap before
{Heap before GC invocations=2 (full 0):
 garbage-first heap   total 86016K, used 19673K [0x00000000ac600000, 0x0000000100000000)
  region size 1024K, 12 young (12288K), 1 survivors (1024K)
 Metaspace       used 20616K, capacity 21119K, committed 21248K, reserved 1067008K
  class space    used 2526K, capacity 2792K, committed 2816K, reserved 1048576K
}
Event: 2.387 GC heap after
{Heap after GC invocations=3 (full 0):
 garbage-first heap   total 86016K, used 12351K [0x00000000ac600000, 0x0000000100000000)
  region size 1024K, 3 young (3072K), 3 survivors (3072K)
 Metaspace       used 20616K, capacity 21119K, committed 21248K, reserved 1067008K
  class space    used 2526K, capacity 2792K, committed 2816K, reserved 1048576K
}
Event: 4.635 GC heap before
{Heap before GC invocations=4 (full 0):
 garbage-first heap   total 86016K, used 38975K [0x00000000ac600000, 0x0000000100000000)
  region size 1024K, 30 young (30720K), 3 survivors (3072K)
 Metaspace       used 34320K, capacity 35323K, committed 35840K, reserved 1081344K
  class space    used 4393K, capacity 4848K, committed 4864K, reserved 1048576K
}
Event: 4.652 GC heap after
{Heap after GC invocations=5 (full 0):
 garbage-first heap   total 86016K, used 16014K [0x00000000ac600000, 0x0000000100000000)
  region size 1024K, 4 young (4096K), 4 survivors (4096K)
 Metaspace       used 34320K, capacity 35323K, committed 35840K, reserved 1081344K
  class space    used 4393K, capacity 4848K, committed 4864K, reserved 1048576K
}

Deoptimization events (10 events):
Event: 4.114 Thread 0x0000021f1b850000 Uncommon trap: reason=class_check action=maybe_recompile pc=0x0000021f07ad574c method=java.lang.String.equals(Ljava/lang/Object;)Z @ 8 c2
Event: 4.114 Thread 0x0000021f1b850000 Uncommon trap: reason=class_check action=maybe_recompile pc=0x0000021f07ad574c method=java.lang.String.equals(Ljava/lang/Object;)Z @ 8 c2
Event: 4.117 Thread 0x0000021f1b850000 Uncommon trap: reason=class_check action=maybe_recompile pc=0x0000021f07ad574c method=java.lang.String.equals(Ljava/lang/Object;)Z @ 8 c2
Event: 4.277 Thread 0x0000021f1b850000 Uncommon trap: reason=unstable_if action=reinterpret pc=0x0000021f07b92374 method=java.lang.ClassLoader.checkName(Ljava/lang/String;)Z @ 20 c2
Event: 4.462 Thread 0x0000021f1b850000 Uncommon trap: reason=unstable_if action=reinterpret pc=0x0000021f07b9cb2c method=java.net.URL.<init>(Ljava/net/URL;Ljava/lang/String;Ljava/net/URLStreamHandler;)V @ 347 c2
Event: 6.049 Thread 0x0000021f1b850000 Uncommon trap: reason=unstable_if action=reinterpret pc=0x0000021f07b05b38 method=jdk.internal.org.objectweb.asm.Type.getArgumentsAndReturnSizes(Ljava/lang/String;)I @ 47 c2
Event: 6.151 Thread 0x0000021f1b850000 Uncommon trap: reason=array_check action=maybe_recompile pc=0x0000021f07bd2a14 method=javafx.css.SimpleSelector.applies(Ljavafx/css/Styleable;[Ljava/util/Set;I)Z @ 37 c2
Event: 6.151 Thread 0x0000021f1b850000 Uncommon trap: reason=array_check action=maybe_recompile pc=0x0000021f07bd2a14 method=javafx.css.SimpleSelector.applies(Ljavafx/css/Styleable;[Ljava/util/Set;I)Z @ 37 c2
Event: 6.151 Thread 0x0000021f1b850000 Uncommon trap: reason=array_check action=maybe_recompile pc=0x0000021f07bd2a14 method=javafx.css.SimpleSelector.applies(Ljavafx/css/Styleable;[Ljava/util/Set;I)Z @ 37 c2
Event: 6.151 Thread 0x0000021f1b850000 Uncommon trap: reason=array_check action=maybe_recompile pc=0x0000021f07bd2a14 method=javafx.css.SimpleSelector.applies(Ljavafx/css/Styleable;[Ljava/util/Set;I)Z @ 37 c2

Classes redefined (0 events):
No events

Internal exceptions (10 events):
Event: 4.279 Thread 0x0000021f1b850000 Exception <a 'java/lang/ClassNotFoundException'{0x00000000b01f8848}: com/sun/javafx/scene/control/skin/resources/controls_fr> (0x00000000b01f8848) thrown at [t:/workspace/open/src/hotspot/share/prims/jni.cpp, line 632]
Event: 4.281 Thread 0x0000021f1b850000 Exception <a 'java/lang/ClassNotFoundException'{0x00000000b0006e00}: com/sun/javafx/scene/control/skin/resources/controls_fr_FR> (0x00000000b0006e00) thrown at [t:/workspace/open/src/hotspot/share/prims/jni.cpp, line 632]
Event: 4.538 Thread 0x0000021f1b850000 Exception <a 'java/lang/NoSuchMethodError'{0x00000000afdf59a0}: java.lang.invoke.DirectMethodHandle$Holder.invokeSpecial(Ljava/lang/Object;Ljava/lang/Object;Ljava/lang/Object;Ljava/lang/Object;Ljava/lang/Object;Ljava/lang/Object;)V> (0x00000000afdf59a0) t
Event: 4.774 Thread 0x0000021f1b61b000 Exception <a 'java/lang/NoSuchMethodError'{0x00000000b1851008}: java.lang.invoke.DirectMethodHandle$Holder.invokeStaticInit(Ljava/lang/Object;Ljava/lang/Object;)I> (0x00000000b1851008) thrown at [t:/workspace/open/src/hotspot/share/interpreter/linkResolve
Event: 6.049 Thread 0x0000021f1b850000 Exception <a 'java/lang/NoSuchMethodError'{0x00000000b16404d8}: method resolution failed> (0x00000000b16404d8) thrown at [t:/workspace/open/src/hotspot/share/prims/methodHandles.cpp, line 1226]
Event: 6.050 Thread 0x0000021f1b850000 Exception <a 'java/lang/NoSuchMethodError'{0x00000000b1643620}: java.lang.invoke.DirectMethodHandle$Holder.invokeStaticInit(Ljava/lang/Object;Ljava/lang/Object;Ljava/lang/Object;)J> (0x00000000b1643620) thrown at [t:/workspace/open/src/hotspot/share/inter
Event: 6.052 Thread 0x0000021f1b850000 Exception <a 'java/lang/NoSuchMethodError'{0x00000000b16564c8}: method resolution failed> (0x00000000b16564c8) thrown at [t:/workspace/open/src/hotspot/share/prims/methodHandles.cpp, line 1226]
Event: 6.052 Thread 0x0000021f1b850000 Exception <a 'java/lang/NoSuchMethodError'{0x00000000b165c378}: java.lang.invoke.DirectMethodHandle$Holder.invokeStatic(Ljava/lang/Object;Ljava/lang/Object;J)Ljava/lang/Object;> (0x00000000b165c378) thrown at [t:/workspace/open/src/hotspot/share/interpret
Event: 6.053 Thread 0x0000021f1b850000 Exception <a 'java/lang/NoSuchMethodError'{0x00000000b165f7f8}: method resolution failed> (0x00000000b165f7f8) thrown at [t:/workspace/open/src/hotspot/share/prims/methodHandles.cpp, line 1226]
Event: 6.304 Thread 0x0000021f1b61b000 Exception <a 'java/lang/NoSuchMethodError'{0x00000000b17d4e90}: java.lang.invoke.DirectMethodHandle$Holder.invokeStaticInit(Ljava/lang/Object;I)Ljava/lang/Object;> (0x00000000b17d4e90) thrown at [t:/workspace/open/src/hotspot/share/interpreter/linkResolve

Events (10 events):
Event: 6.325 Executing VM operation: RevokeBias
Event: 6.325 Executing VM operation: RevokeBias done
Event: 6.357 loading class com/sun/prism/PixelSource
Event: 6.357 loading class com/sun/prism/PixelSource done
Event: 6.357 loading class com/sun/javafx/tk/quantum/SceneState
Event: 6.357 loading class com/sun/javafx/tk/quantum/SceneState done
Event: 6.362 Executing VM operation: RevokeBias
Event: 6.363 Executing VM operation: RevokeBias done
Event: 6.370 Executing VM operation: RevokeBias
Event: 6.370 Executing VM operation: RevokeBias done


Dynamic libraries:
0x00007ff6cebe0000 - 0x00007ff6cec1e000 	C:\DEV\java\jdk\jdk10\bin\javaw.exe
0x00007ffcf6480000 - 0x00007ffcf6661000 	C:\WINDOWS\SYSTEM32\ntdll.dll
0x00007ffcf5500000 - 0x00007ffcf55b1000 	C:\WINDOWS\System32\KERNEL32.DLL
0x00007ffcf2a40000 - 0x00007ffcf2cb3000 	C:\WINDOWS\System32\KERNELBASE.dll
0x00007ffcf5f10000 - 0x00007ffcf5fb1000 	C:\WINDOWS\System32\ADVAPI32.dll
0x00007ffcf3f20000 - 0x00007ffcf3fbe000 	C:\WINDOWS\System32\msvcrt.dll
0x00007ffcf5740000 - 0x00007ffcf579b000 	C:\WINDOWS\System32\sechost.dll
0x00007ffcf5920000 - 0x00007ffcf5a44000 	C:\WINDOWS\System32\RPCRT4.dll
0x00007ffcf5d80000 - 0x00007ffcf5f10000 	C:\WINDOWS\System32\USER32.dll
0x00007ffcf35c0000 - 0x00007ffcf35e0000 	C:\WINDOWS\System32\win32u.dll
0x00007ffcf57b0000 - 0x00007ffcf57d8000 	C:\WINDOWS\System32\GDI32.dll
0x00007ffcf28a0000 - 0x00007ffcf2a32000 	C:\WINDOWS\System32\gdi32full.dll
0x00007ffcf35e0000 - 0x00007ffcf367f000 	C:\WINDOWS\System32\msvcp_win.dll
0x00007ffcf36e0000 - 0x00007ffcf37d8000 	C:\WINDOWS\System32\ucrtbase.dll
0x00007ffce16d0000 - 0x00007ffce1939000 	C:\WINDOWS\WinSxS\amd64_microsoft.windows.common-controls_6595b64144ccf1df_6.0.17134.765_none_fb42a1a930655896\COMCTL32.dll
0x00007ffcf5a50000 - 0x00007ffcf5d72000 	C:\WINDOWS\System32\combase.dll
0x00007ffce79b0000 - 0x00007ffce79ba000 	C:\WINDOWS\SYSTEM32\VERSION.dll
0x00007ffcf3890000 - 0x00007ffcf390a000 	C:\WINDOWS\System32\bcryptPrimitives.dll
0x00007ffcf5400000 - 0x00007ffcf542d000 	C:\WINDOWS\System32\IMM32.DLL
0x00007ffcd4c60000 - 0x00007ffcd4d4f000 	C:\DEV\java\jdk\jdk10\bin\msvcr120.dll
0x00007ffcdf700000 - 0x00007ffcdf7a6000 	C:\DEV\java\jdk\jdk10\bin\msvcp120.dll
0x0000000054e20000 - 0x0000000055890000 	C:\DEV\java\jdk\jdk10\bin\server\jvm.dll
0x00007ffcf5810000 - 0x00007ffcf5818000 	C:\WINDOWS\System32\PSAPI.DLL
0x00007ffce79c0000 - 0x00007ffce79c9000 	C:\WINDOWS\SYSTEM32\WSOCK32.dll
0x00007ffcf3dc0000 - 0x00007ffcf3e2c000 	C:\WINDOWS\System32\WS2_32.dll
0x00007ffcf03d0000 - 0x00007ffcf03f3000 	C:\WINDOWS\SYSTEM32\WINMM.dll
0x00007ffcf03a0000 - 0x00007ffcf03ca000 	C:\WINDOWS\SYSTEM32\WINMMBASE.dll
0x00007ffcf2850000 - 0x00007ffcf2899000 	C:\WINDOWS\System32\cfgmgr32.dll
0x00007ffce5d80000 - 0x00007ffce5d8f000 	C:\DEV\java\jdk\jdk10\bin\verify.dll
0x00007ffcde280000 - 0x00007ffcde449000 	C:\WINDOWS\SYSTEM32\DBGHELP.DLL
0x00007ffcde1a0000 - 0x00007ffcde1c9000 	C:\WINDOWS\SYSTEM32\dbgcore.DLL
0x00007ffcdd560000 - 0x00007ffcdd587000 	C:\DEV\java\jdk\jdk10\bin\java.dll
0x00007ffce5cb0000 - 0x00007ffce5cc6000 	C:\DEV\java\jdk\jdk10\bin\zip.dll
0x00007ffce4120000 - 0x00007ffce412a000 	C:\DEV\java\jdk\jdk10\bin\jimage.dll
0x00007ffcf3fc0000 - 0x00007ffcf5400000 	C:\WINDOWS\System32\SHELL32.dll
0x00007ffcf5fc0000 - 0x00007ffcf6069000 	C:\WINDOWS\System32\shcore.dll
0x00007ffcf2cc0000 - 0x00007ffcf33cd000 	C:\WINDOWS\System32\windows.storage.dll
0x00007ffcf63f0000 - 0x00007ffcf6441000 	C:\WINDOWS\System32\shlwapi.dll
0x00007ffcf27d0000 - 0x00007ffcf27e1000 	C:\WINDOWS\System32\kernel.appcore.dll
0x00007ffcf2790000 - 0x00007ffcf27af000 	C:\WINDOWS\System32\profapi.dll
0x00007ffcf2800000 - 0x00007ffcf284c000 	C:\WINDOWS\System32\powrprof.dll
0x00007ffcf27f0000 - 0x00007ffcf27fa000 	C:\WINDOWS\System32\FLTLIB.DLL
0x00007ffce3c60000 - 0x00007ffce3c7a000 	C:\dev\Java\jdk\jdk10\bin\net.dll
0x00007ffcee540000 - 0x00007ffcee61d000 	C:\WINDOWS\SYSTEM32\WINHTTP.dll
0x00007ffcf1fb0000 - 0x00007ffcf2016000 	C:\WINDOWS\system32\mswsock.dll
0x00007ffce3b60000 - 0x00007ffce3b71000 	C:\dev\Java\jdk\jdk10\bin\nio.dll
0x0000021f6d7a0000 - 0x0000021f6d7a3000 	C:\dev\Java\jdk\jdk10\bin\api-ms-win-core-console-l1-1-0.dll
0x0000021f6d7b0000 - 0x0000021f6d7b3000 	C:\dev\Java\jdk\jdk10\bin\api-ms-win-core-datetime-l1-1-0.dll
0x0000021f6db20000 - 0x0000021f6db23000 	C:\dev\Java\jdk\jdk10\bin\api-ms-win-core-debug-l1-1-0.dll
0x0000021f6db30000 - 0x0000021f6db33000 	C:\dev\Java\jdk\jdk10\bin\api-ms-win-core-errorhandling-l1-1-0.dll
0x0000021f6db40000 - 0x0000021f6db44000 	C:\dev\Java\jdk\jdk10\bin\api-ms-win-core-file-l1-1-0.dll
0x0000021f6db50000 - 0x0000021f6db53000 	C:\dev\Java\jdk\jdk10\bin\api-ms-win-core-file-l1-2-0.dll
0x0000021f6db60000 - 0x0000021f6db63000 	C:\dev\Java\jdk\jdk10\bin\api-ms-win-core-file-l2-1-0.dll
0x0000021f6f920000 - 0x0000021f6f923000 	C:\dev\Java\jdk\jdk10\bin\api-ms-win-core-handle-l1-1-0.dll
0x0000021f6f930000 - 0x0000021f6f933000 	C:\dev\Java\jdk\jdk10\bin\api-ms-win-core-heap-l1-1-0.dll
0x0000021f6f940000 - 0x0000021f6f943000 	C:\dev\Java\jdk\jdk10\bin\api-ms-win-core-interlocked-l1-1-0.dll
0x0000021f6f950000 - 0x0000021f6f953000 	C:\dev\Java\jdk\jdk10\bin\api-ms-win-core-libraryloader-l1-1-0.dll
0x0000021f6f960000 - 0x0000021f6f963000 	C:\WINDOWS\System32\ADVAPI32.dll
0x0000021f6f970000 - 0x0000021f6f973000 	C:\WINDOWS\System32\GDI32.dll
0x0000021f6f980000 - 0x0000021f6f983000 	C:\WINDOWS\WinSxS\amd64_microsoft.windows.common-controls_6595b64144ccf1df_6.0.17134.765_none_fb42a1a930655896\COMCTL32.dll
0x0000021f7ff00000 - 0x0000021f7ff03000 	C:\WINDOWS\System32\IMM32.DLL
0x0000021f7ff10000 - 0x0000021f7ff13000 	C:\DEV\java\jdk\jdk10\bin\server\jvm.dll
0x0000021f7ff20000 - 0x0000021f7ff23000 	C:\dev\Java\jdk\jdk10\bin\api-ms-win-core-processthreads-l1-1-1.dll
0x0000021f7ff30000 - 0x0000021f7ff33000 	C:\WINDOWS\SYSTEM32\WINMMBASE.dll
0x0000021f7ff40000 - 0x0000021f7ff43000 	C:\DEV\java\jdk\jdk10\bin\verify.dll
0x0000021f7ff50000 - 0x0000021f7ff53000 	C:\DEV\java\jdk\jdk10\bin\java.dll
0x0000021f7ff60000 - 0x0000021f7ff63000 	C:\DEV\java\jdk\jdk10\bin\jimage.dll
0x0000021f7ff70000 - 0x0000021f7ff73000 	C:\WINDOWS\System32\shcore.dll
0x0000021f7ff80000 - 0x0000021f7ff83000 	C:\WINDOWS\System32\shlwapi.dll
0x0000021f7ff90000 - 0x0000021f7ff93000 	C:\WINDOWS\System32\profapi.dll
0x0000021f7ffa0000 - 0x0000021f7ffa3000 	C:\WINDOWS\System32\FLTLIB.DLL
0x0000021f7ffb0000 - 0x0000021f7ffb3000 	C:\WINDOWS\SYSTEM32\WINHTTP.dll
0x0000021f7ffc0000 - 0x0000021f7ffc4000 	C:\dev\Java\jdk\jdk10\bin\api-ms-win-crt-convert-l1-1-0.dll
0x0000021f7ffd0000 - 0x0000021f7ffd3000 	C:\dev\Java\jdk\jdk10\bin\api-ms-win-crt-environment-l1-1-0.dll
0x0000021f7ffe0000 - 0x0000021f7ffe3000 	C:\dev\Java\jdk\jdk10\bin\api-ms-win-crt-filesystem-l1-1-0.dll
0x0000021f7fff0000 - 0x0000021f7fff3000 	C:\dev\Java\jdk\jdk10\bin\api-ms-win-core-console-l1-1-0.dll
0x0000021f1bd10000 - 0x0000021f1bd13000 	C:\dev\Java\jdk\jdk10\bin\api-ms-win-core-debug-l1-1-0.dll
0x0000021f1bd20000 - 0x0000021f1bd25000 	C:\dev\Java\jdk\jdk10\bin\api-ms-win-crt-math-l1-1-0.dll
0x0000021f1bd30000 - 0x0000021f1bd35000 	C:\dev\Java\jdk\jdk10\bin\api-ms-win-core-file-l1-2-0.dll
0x0000021f1bd40000 - 0x0000021f1bd50000 	C:\dev\Java\jdk\jdk10\bin\api-ms-win-core-handle-l1-1-0.dll
0x0000021f1bd50000 - 0x0000021f1bd53000 	C:\dev\Java\jdk\jdk10\bin\api-ms-win-core-interlocked-l1-1-0.dll
0x0000021f1bd60000 - 0x0000021f1bd64000 	C:\dev\Java\jdk\jdk10\bin\api-ms-win-crt-runtime-l1-1-0.dll
0x0000021f1bd70000 - 0x0000021f1bd74000 	C:\dev\Java\jdk\jdk10\bin\api-ms-win-core-memory-l1-1-0.dll
0x0000021f1bd80000 - 0x0000021f1bd84000 	C:\dev\Java\jdk\jdk10\bin\api-ms-win-core-processenvironment-l1-1-0.dll
0x0000021f1bd90000 - 0x0000021f1bd93000 	C:\dev\Java\jdk\jdk10\bin\api-ms-win-core-processthreads-l1-1-0.dll
0x0000021f1bda0000 - 0x0000021f1bda3000 	C:\dev\Java\jdk\jdk10\bin\api-ms-win-crt-utility-l1-1-0.dll
0x00007ffcd3030000 - 0x00007ffcd3126000 	C:\dev\Java\jdk\jdk10\bin\api-ms-win-core-profile-l1-1-0.dll
0x00007ffcec3d0000 - 0x00007ffcec3e6000 	C:\dev\Java\jdk\jdk10\bin\vcruntime140.dll
0x00007ffcdd130000 - 0x00007ffcdd1cc000 	C:\dev\Java\jdk\jdk10\bin\msvcp140.dll
0x00007ffce7a50000 - 0x00007ffce7aa1000 	C:\dev\Java\jdk\jdk10\bin\api-ms-win-core-synch-l1-2-0.dll
0x00007ffce68d0000 - 0x00007ffce68f3000 	C:\dev\Java\jdk\jdk10\bin\prism_d3d.dll
0x00007ffcc92f0000 - 0x00007ffcc9487000 	C:\WINDOWS\system32\d3d9.dll
0x00007ffcf10f0000 - 0x00007ffcf1119000 	C:\WINDOWS\SYSTEM32\dwmapi.dll
0x00007ffcf0db0000 - 0x00007ffcf0e48000 	C:\WINDOWS\system32\uxtheme.dll
0x00007ffcebce0000 - 0x00007ffcebe44000 	C:\dev\Java\jdk\jdk10\bin\api-ms-win-crt-conio-l1-1-0.dll
0x00007ffce4160000 - 0x00007ffce4181000 	C:\dev\Java\jdk\jdk10\bin\api-ms-win-crt-convert-l1-1-0.dll
0x00007ffccc830000 - 0x00007ffccd089000 	C:\WINDOWS\SYSTEM32\atiumd64.dll
0x0000000055bb0000 - 0x0000000056438000 	C:\WINDOWS\SYSk\jdk10\bin\api-ms
0x00007ffce3cb0000 - 0x00007ffce3cfa000 	C:\dev\Java\jdk\jdk10\bin\api-ms-win-crt-locale-l1-1-0.dll
0x00007ffcf3e30000 - 0x00007ffcf3f1d000 	C:\WINDOWS\System32\COMDLG32.dll
0x00007ffcf6290000 - 0x00007ffcf63e1000 	C:\WINDOWS\System32\ole32.dll
0x00007ffcf5430000 - 0x00007ffcf54f2000 	C:\dev\Java\jdk\jdk10\bin\api-ms-win-crt-private-l1-1-0.dll
0x00007ffcf55c0000 - 0x00007ffcf5733000 	C:\WINDOWS\System32\MSCTF.dll
0x00007ffcead20000 - 0x00007ffcead39000 	C:\Program Files (x86)\Smadav\SmadHook64.dll
0x00007ffce8ec0000 - 0x00007ffce8ed4000 	C:\dev\Java\jdk\jdk10\bin\javafx_font.dll
0x00007ffccfe20000 - 0x00007ffccffbb000 	C:\dev\Java\jdk\jdk10\bin\api-ms-win-crt-runtime-l1-1-0.dll
0x00007ffcefac0000 - 0x00007ffcf0087000 	C:\WINDOWS\SYSTEM32\d2d1.dll
0x00007ffcf0bf0000 - 0x00007ffcf0c7b000 	C:\dev\Java\jdk\jdk10\bin\api-ms-win-crt-time-l1-1-0.dll
0x00007ffce35f0000 - 0x00007ffce3655000 	C:\dev\Java\jdk\jdk10\bin\fontmanager.dll
0x00007ffce8530000 - 0x00007ffce884c000 	C:\dev\Java\jdk\jdk10\bin\vcruntime140.dll
0x00007ffcec280000 - 0x00007ffcec2a3000 	C:\dev\Java\jdk\jdk10\bin\javafx_iio.dll
0x00007ffcf0b00000 - 0x00007ffcf0b09000 	C:\dev\Java\jdk\jdk10\bin\prism_d3d.dll
0x00007ffcef180000 - 0x00007ffcef18a000 	C:\dev\Java\jdk\jdk10\bin\management_ext.dll
0x00007ffcf1d80000 - 0x00007ffcf1e3e000 	C:\WINDOWS\SYSTEM32\DNSAPI.dll
0x00007ffcf5800000 - 0x00007ffcf5808000 	C:\WINDOWS\System32\ADVAPI32.dll
0x00007ffcf1d30000 - 0x00007ffcf1d68000 	C:\WINDOWS\System32\ucrtbase.dll
0x00007ffce58b0000 - 0x00007ffce58ba000 	C:\DEV\java\jdk\jdk10\bin\msvcr120.dll
0x00007ffce7c40000 - 0x00007ffce7cb2000 	C:\WINDOWS\System32\WS2_32.dll
0x00007ffcf2290000 - 0x00007ffcf22b5000 	C:\WINDOWS\SYSTEM32\DBGHELP.DLL
0x00007ffcec450000 - 0x00007ffcec466000 	C:\DEV\java\jdk\jdk10\bin\jimage.dll
0x00007ffce7cc0000 - 0x00007ffce7cda000 	C:\WINDOWS\System32\windows.storage.dll
0x00007ffcee0e0000 - 0x00007ffcee0f9000 	C:\WINDOWS\System32\powrprof.dll
0x00007ffcec700000 - 0x00007ffcec70e000 	C:\WINDOWS\System32\winrnr.dll
0x00007ffceaeb0000 - 0x00007ffceaec5000 	C:\dev\Java\jdk\jdk10\bin\nio.dll
0x00007ffcf2170000 - 0x00007ffcf2187000 	C:\dev\Java\jdk\jdk10\bin\api-ms-win-core-datetime-l1-1-0.dll
0x00007ffcf1b90000 - 0x00007ffcf1bc3000 	C:\dev\Java\jdk\jdk10\bin\api-ms-win-core-errorhandling-l1-1-0.dll
0x00007ffcf26c0000 - 0x00007ffcf26e8000 	C:\dev\Java\jdk\jdk10\bin\api-ms-win-core-file-l2-1-0.dll
0x00007ffcf2160000 - 0x00007ffcf216b000 	C:\dev\Java\jdk\jdk10\bin\api-ms-win-core-handle-l1-1-0.dll

dbghelp: loaded successfully - version: 4.0.5 - missing functions: none
symbol engine: initialized successfully - sym options: 0x614 - pdb path: .;C:\DEV\java\jdk\jdk10\bin;C:\WINDOWS\SYSTEM32;C:\WINDOWS\WinSxS\amd64_microsoft.windows.common-controls_6595b64144ccf1df_6.0.17134.765_none_fb42a1a930655896;C:\DEV\java\jdk\jdk10\bin\server;C:\Program Files (x86)\Smadav;C:\Program Files\Common Files\Microsoft Shared\Ink

VM Arguments:
jvm_args: -Dfile.encoding=UTF-8 
java_command: projet.MainProjet
java_class_path (initial): C:\Users\Ce\Desktop\Java_Framework\projet\bin;C:\Users\Ce\Desktop\Java_Framework\Framework-3iL\bin;C:\Users\Ce\Desktop\Java_Framework\~libraries\JDBC Drivers\ojdbc8.jar;C:\Users\Ce\Desktop\Java_Framework\~libraries\mapstruct-1.3\mapstruct-1.3.0.Final.jar
Launcher Type: SUN_STANDARD

Logging:
Log output configuration:
#0: stdout all=warning uptime,level,tags
#1: stderr all=off uptime,level,tags

Environment Variables:
PATH=C:/dev/java/jdk/jdk10/bin/server;C:/dev/java/jdk/jdk10/bin;C:\oraclexe\app\oracle\product\11.2.0\server\bin;C:\Program Files (x86)\Common Files\Oracle\Java\javapath;C:\ProgramData\Oracle\Java\javapath;C:\WINDOWS\system32;C:\WINDOWS;C:\WINDOWS\System32\Wbem;C:\WINDOWS\System32\WindowsPowerShell\v1.0\;C:\WINDOWS\System32\OpenSSH\;C:\Program Files\dotnet\;C:\Program Files\Microsoft SQL Server\130\Tools\Binn\;C:\Program Files\nodejs\;C:\Program Files\MATLAB\R2019a\bin;C:\Users\Ce\AppData\Local\Microsoft\WindowsApps;C:\Users\Ce\AppData\Roaming\npm;C:\dev\Java\eclipse-4.10-java;
USERNAME=Ce
OS=Windows_NT
PROCESSOR_IDENTIFIER=AMD64 Family 21 Model 19 Stepping 1, AuthenticAMD



---------------  S Y S T E M  ---------------

OS: Windows 10 , 64 bit Build 17134 (10.0.17134.753)

CPU:total 4 (initial active 4) (4 cores per cpu, 1 threads per core) family 21 model 19 stepping 1, cmov, cx8, fxsr, mmx, sse, sse2, sse3, ssse3, sse4.1, sse4.2, popcnt, avx, aes, clmul, mmxext, 3dnowpref, lzcnt, sse4a, tsc, tscinvbit, tscinv, bmi1, fma

Memory: 4k page, physical 5472624k(1177644k free), swap 5996912k(12524k free)

vm_info: Java HotSpot(TM) 64-Bit Server VM (10.0.2+13) for windows-amd64 JRE (10.0.2+13), built on Jun 28 2018 01:57:56 by "mach5one" with MS VC++ 12.0 (VS2013)

END.
