#
# There is insufficient memory for the Java Runtime Environment to continue.
# Native memory allocation (malloc) failed to allocate 835856 bytes for Chunk::new
# Possible reasons:
#   The system is out of physical RAM or swap space
#   The process is running with CompressedOops enabled, and the Java Heap may be blocking the growth of the native heap
# Possible solutions:
#   Reduce memory load on the system
#   Increase physical memory or swap space
#   Check if swap backing store is full
#   Decrease Java heap size (-Xmx/-Xms)
#   Decrease number of Java threads
#   Decrease Java thread stack sizes (-Xss)
#   Set larger code cache with -XX:ReservedCodeCacheSize=
#   JVM is running with Unscaled Compressed Oops mode in which the Java heap is
#     placed in the first 4GB address space. The Java Heap base address is the
#     maximum limit for the native heap growth. Please use -XX:HeapBaseMinAddress
#     to set the Java Heap base and to place the Java Heap above 4GB virtual address.
# This output file may be truncated or incomplete.
#
#  Out of Memory Error (t:/workspace/open/src/hotspot/share/memory/arena.cpp:198), pid=11816, tid=6512
#
# JRE version: Java(TM) SE Runtime Environment (10.0.2+13) (build 10.0.2+13)
# Java VM: Java HotSpot(TM) 64-Bit Server VM (10.0.2+13, mixed mode, tiered, compressed oops, g1 gc, windows-amd64)
# No core dump will be written. Minidumps are not enabled by default on client versions of Windows
#

---------------  S U M M A R Y ------------

Command Line: -Dfile.encoding=UTF-8 projet.MainProjet

Host: AMD A10-5745M APU with Radeon(tm) HD Graphics  , 4 cores, 5G,  Windows 10 , 64 bit Build 17134 (10.0.17134.753)
Time: Sat Jun 08 15:33:55 2019 Paris, Madrid (heure d?été) elapsed time: 30 seconds (0d 0h 0m 30s)

---------------  T H R E A D  ---------------

Current thread (0x0000019ff6710800):  JavaThread "C2 CompilerThread1" daemon [_thread_in_native, id=6512, stack(0x000000343cf00000,0x000000343d000000)]


Current CompileTask:
C2:  30992 4451       4       com.sun.marlin.DRenderer::_endRendering (2473 bytes)

Stack: [0x000000343cf00000,0x000000343d000000]
Native frames: (J=compiled Java code, j=interpreted, Vv=VM code, C=native code)
V  [jvm.dll+0x5a01a9]
V  [jvm.dll+0x6bcf31]
V  [jvm.dll+0x6be126]
V  [jvm.dll+0x6be7b3]
V  [jvm.dll+0x234978]
V  [jvm.dll+0xbb69c]
V  [jvm.dll+0xbbbac]
V  [jvm.dll+0x34be98]
V  [jvm.dll+0x18f02c]
V  [jvm.dll+0x1fff9d]
V  [jvm.dll+0x1ff116]
V  [jvm.dll+0x17c94b]
V  [jvm.dll+0x20c8dd]
V  [jvm.dll+0x20b6a6]
V  [jvm.dll+0x68b7ff]
V  [jvm.dll+0x59f4b0]
C  [msvcr120.dll+0x24f7f]
C  [msvcr120.dll+0x25126]
C  [KERNEL32.DLL+0x14034]
C  [ntdll.dll+0x73691]


---------------  P R O C E S S  ---------------

Threads class SMR info:
_java_thread_list=0x0000019ff8d6d850, length=22, elements={
0x0000019fd633b000, 0x0000019ff651c800, 0x0000019ff6527800, 0x0000019ff6575800,
0x0000019ff6576000, 0x0000019ff657a000, 0x0000019ff6710800, 0x0000019ff65bc000,
0x0000019ff671e000, 0x0000019ff6891800, 0x0000019ff689a800, 0x0000019ff6b77800,
0x0000019ff6bdd000, 0x0000019ff6fcc800, 0x0000019ff7f60800, 0x0000019ff80d2000,
0x0000019ff81f6000, 0x0000019ffd4ec000, 0x0000019ffd4ec800, 0x0000019ff8dd7800,
0x0000019ff7018800, 0x0000019ff7015000
}

Java Threads: ( => current thread )
  0x0000019fd633b000 JavaThread "main" [_thread_blocked, id=12028, stack(0x000000343bd00000,0x000000343be00000)]
  0x0000019ff651c800 JavaThread "Reference Handler" daemon [_thread_blocked, id=12748, stack(0x000000343ca00000,0x000000343cb00000)]
  0x0000019ff6527800 JavaThread "Finalizer" daemon [_thread_blocked, id=8496, stack(0x000000343cb00000,0x000000343cc00000)]
  0x0000019ff6575800 JavaThread "Signal Dispatcher" daemon [_thread_blocked, id=4328, stack(0x000000343cc00000,0x000000343cd00000)]
  0x0000019ff6576000 JavaThread "Attach Listener" daemon [_thread_blocked, id=3300, stack(0x000000343cd00000,0x000000343ce00000)]
  0x0000019ff657a000 JavaThread "C2 CompilerThread0" daemon [_thread_blocked, id=2664, stack(0x000000343ce00000,0x000000343cf00000)]
=>0x0000019ff6710800 JavaThread "C2 CompilerThread1" daemon [_thread_in_native, id=6512, stack(0x000000343cf00000,0x000000343d000000)]
  0x0000019ff65bc000 JavaThread "C1 CompilerThread2" daemon [_thread_blocked, id=4324, stack(0x000000343d000000,0x000000343d100000)]
  0x0000019ff671e000 JavaThread "Sweeper thread" daemon [_thread_blocked, id=7788, stack(0x000000343d100000,0x000000343d200000)]
  0x0000019ff6891800 JavaThread "Service Thread" daemon [_thread_blocked, id=2152, stack(0x000000343d200000,0x000000343d300000)]
  0x0000019ff689a800 JavaThread "Common-Cleaner" daemon [_thread_blocked, id=1824, stack(0x000000343d300000,0x000000343d400000)]
  0x0000019ff6b77800 JavaThread "JavaFX-Launcher" [_thread_blocked, id=5740, stack(0x000000343d500000,0x000000343d600000)]
  0x0000019ff6bdd000 JavaThread "QuantumRenderer-0" daemon [_thread_blocked, id=1148, stack(0x000000343d600000,0x000000343d700000)]
  0x0000019ff6fcc800 JavaThread "InvokeLaterDispatcher" daemon [_thread_blocked, id=9628, stack(0x000000343d800000,0x000000343d900000)]
  0x0000019ff7f60800 JavaThread "JavaFX Application Thread" [_thread_in_native, id=12756, stack(0x000000343d900000,0x000000343da00000)]
  0x0000019ff80d2000 JavaThread "Thread-2" daemon [_thread_in_native, id=2144, stack(0x000000343e000000,0x000000343e100000)]
  0x0000019ff81f6000 JavaThread "Java2D Disposer" daemon [_thread_blocked, id=11020, stack(0x000000343e100000,0x000000343e200000)]
  0x0000019ffd4ec000 JavaThread "Timer-0" daemon [_thread_blocked, id=5368, stack(0x000000343e200000,0x000000343e300000)]
  0x0000019ffd4ec800 JavaThread "oracle.jdbc.driver.BlockSource.ThreadedCachingBlockSource.BlockReleaser" daemon [_thread_blocked, id=5024, stack(0x000000343e300000,0x000000343e400000)]
  0x0000019ff8dd7800 JavaThread "InterruptTimer" daemon [_thread_blocked, id=7372, stack(0x000000343e400000,0x000000343e500000)]
  0x0000019ff7018800 JavaThread "Prism Font Disposer" daemon [_thread_blocked, id=10848, stack(0x000000343e600000,0x000000343e700000)]
  0x0000019ff7015000 JavaThread "Cleaner-0" daemon [_thread_blocked, id=5676, stack(0x000000343e700000,0x000000343e800000)]

Other Threads:
  0x0000019ff651a800 VMThread "VM Thread" [stack: 0x000000343c900000,0x000000343ca00000] [id=11516]
  0x0000019ff689c000 WatcherThread [stack: 0x000000343d400000,0x000000343d500000] [id=10688]
  0x0000019fd6356800 GCTaskThread "GC Thread#0" [stack: 0x000000343be00000,0x000000343bf00000] [id=6824]
  0x0000019fd6358000 GCTaskThread "GC Thread#1" [stack: 0x000000343bf00000,0x000000343c000000] [id=13308]
  0x0000019fd635b800 GCTaskThread "GC Thread#2" [stack: 0x000000343c000000,0x000000343c100000] [id=1944]
  0x0000019fd635e800 GCTaskThread "GC Thread#3" [stack: 0x000000343c100000,0x000000343c200000] [id=12296]
  0x0000019fd63ad800 ConcurrentGCThread "G1 Main Marker" [stack: 0x000000343c200000,0x000000343c300000] [id=12208]
  0x0000019fd63b1000 ConcurrentGCThread "G1 Conc#0" [stack: 0x000000343c300000,0x000000343c400000] [id=6528]
  0x0000019fd6403000 ConcurrentGCThread "G1 Refine#0" [stack: 0x000000343c400000,0x000000343c500000] [id=7272]
  0x0000019fd6404000 ConcurrentGCThread "G1 Refine#1" [stack: 0x000000343c500000,0x000000343c600000] [id=12724]
  0x0000019fd6405000 ConcurrentGCThread "G1 Refine#2" [stack: 0x000000343c600000,0x000000343c700000] [id=7400]
  0x0000019fd640b000 ConcurrentGCThread "G1 Refine#3" [stack: 0x000000343c700000,0x000000343c800000] [id=4200]
  0x0000019fd6412800 ConcurrentGCThread "G1 Young RemSet Sampling" [stack: 0x000000343c800000,0x000000343c900000] [id=10204]

Threads with active compile tasks:
C2 CompilerThread14451       4       com.sun.marlin.DRenderer::_endRendering (2473 bytes)

VM state:not at safepoint (normal execution)

VM Mutex/Monitor currently owned by a thread: None

Heap address: 0x00000000ac600000, size: 1338 MB, Compressed Oops mode: 32-bit
Narrow klass base: 0x0000000000000000, Narrow klass shift: 3
Compressed class space size: 1073741824 Address: 0x0000000100000000

Heap:
 garbage-first heap   total 86016K, used 40363K [0x00000000ac600000, 0x0000000100000000)
  region size 1024K, 22 young (22528K), 4 survivors (4096K)
 Metaspace       used 38210K, capacity 39323K, committed 39936K, reserved 1083392K
  class space    used 4811K, capacity 5347K, committed 5376K, reserved 1048576K
Heap Regions: E=young(eden), S=young(survivor), O=old, HS=humongous(starts), HC=humongous(continues), CS=collection set, F=free, A=archive, TS=gc time stamp, AC=allocation context, TAMS=top-at-mark-start (previous, next)
|   0|0x00000000ac600000, 0x00000000ac700000, 0x00000000ac700000|100%|HS|  |TS  0|AC  0|TAMS 0x00000000ac700000, 0x00000000ac700000|
|   1|0x00000000ac700000, 0x00000000ac800000, 0x00000000ac800000|100%|HC|  |TS  0|AC  0|TAMS 0x00000000ac800000, 0x00000000ac800000|
|   2|0x00000000ac800000, 0x00000000ac900000, 0x00000000ac900000|100%| O|  |TS  0|AC  0|TAMS 0x00000000ac900000, 0x00000000ac900000|
|   3|0x00000000ac900000, 0x00000000aca00000, 0x00000000aca00000|100%| O|  |TS  0|AC  0|TAMS 0x00000000aca00000, 0x00000000aca00000|
|   4|0x00000000aca00000, 0x00000000acb00000, 0x00000000acb00000|100%| O|  |TS  0|AC  0|TAMS 0x00000000acb00000, 0x00000000acb00000|
|   5|0x00000000acb00000, 0x00000000acc00000, 0x00000000acc00000|100%|HS|  |TS  0|AC  0|TAMS 0x00000000acc00000, 0x00000000acc00000|
|   6|0x00000000acc00000, 0x00000000acd00000, 0x00000000acd00000|100%|HC|  |TS  0|AC  0|TAMS 0x00000000acd00000, 0x00000000acd00000|
|   7|0x00000000acd00000, 0x00000000ace00000, 0x00000000ace00000|100%| O|  |TS  0|AC  0|TAMS 0x00000000ace00000, 0x00000000ace00000|
|   8|0x00000000ace00000, 0x00000000acf00000, 0x00000000acf00000|100%| O|  |TS  0|AC  0|TAMS 0x00000000acf00000, 0x00000000acf00000|
|   9|0x00000000acf00000, 0x00000000ad000000, 0x00000000ad000000|100%| O|  |TS  0|AC  0|TAMS 0x00000000ad000000, 0x00000000ad000000|
|  10|0x00000000ad000000, 0x00000000ad100000, 0x00000000ad100000|100%| O|  |TS  0|AC  0|TAMS 0x00000000ad100000, 0x00000000ad100000|
|  11|0x00000000ad100000, 0x00000000ad1c6800, 0x00000000ad200000| 77%| O|  |TS  0|AC  0|TAMS 0x00000000ad1c6800, 0x00000000ad1c6800|
|  12|0x00000000ad200000, 0x00000000ad300000, 0x00000000ad300000|100%|HS|  |TS  0|AC  0|TAMS 0x00000000ad200000, 0x00000000ad200000|
|  13|0x00000000ad300000, 0x00000000ad400000, 0x00000000ad400000|100%|HC|  |TS  0|AC  0|TAMS 0x00000000ad300000, 0x00000000ad300000|
|  14|0x00000000ad400000, 0x00000000ad500000, 0x00000000ad500000|100%|HS|  |TS  0|AC  0|TAMS 0x00000000ad400000, 0x00000000ad400000|
|  15|0x00000000ad500000, 0x00000000ad600000, 0x00000000ad600000|100%|HC|  |TS  0|AC  0|TAMS 0x00000000ad500000, 0x00000000ad500000|
|  16|0x00000000ad600000, 0x00000000ad700000, 0x00000000ad700000|100%|HC|  |TS  0|AC  0|TAMS 0x00000000ad600000, 0x00000000ad600000|
|  17|0x00000000ad700000, 0x00000000ad800000, 0x00000000ad800000|100%|HC|  |TS  0|AC  0|TAMS 0x00000000ad700000, 0x00000000ad700000|
|  18|0x00000000ad800000, 0x00000000ad900000, 0x00000000ad900000|100%|HC|  |TS  0|AC  0|TAMS 0x00000000ad800000, 0x00000000ad800000|
|  19|0x00000000ad900000, 0x00000000ad900000, 0x00000000ada00000|  0%| F|  |TS  0|AC  0|TAMS 0x00000000ad900000, 0x00000000ad900000|
|  20|0x00000000ada00000, 0x00000000ada00000, 0x00000000adb00000|  0%| F|  |TS  0|AC  0|TAMS 0x00000000ada00000, 0x00000000ada00000|
|  21|0x00000000adb00000, 0x00000000adb00000, 0x00000000adc00000|  0%| F|  |TS  0|AC  0|TAMS 0x00000000adb00000, 0x00000000adb00000|
|  22|0x00000000adc00000, 0x00000000adc00000, 0x00000000add00000|  0%| F|  |TS  0|AC  0|TAMS 0x00000000adc00000, 0x00000000adc00000|
|  23|0x00000000add00000, 0x00000000add00000, 0x00000000ade00000|  0%| F|  |TS  0|AC  0|TAMS 0x00000000add00000, 0x00000000add00000|
|  24|0x00000000ade00000, 0x00000000ade00000, 0x00000000adf00000|  0%| F|  |TS  0|AC  0|TAMS 0x00000000ade00000, 0x00000000ade00000|
|  25|0x00000000adf00000, 0x00000000adf00000, 0x00000000ae000000|  0%| F|  |TS  0|AC  0|TAMS 0x00000000adf00000, 0x00000000adf00000|
|  26|0x00000000ae000000, 0x00000000ae000000, 0x00000000ae100000|  0%| F|  |TS  0|AC  0|TAMS 0x00000000ae000000, 0x00000000ae000000|
|  27|0x00000000ae100000, 0x00000000ae100000, 0x00000000ae200000|  0%| F|  |TS  0|AC  0|TAMS 0x00000000ae100000, 0x00000000ae100000|
|  28|0x00000000ae200000, 0x00000000ae200000, 0x00000000ae300000|  0%| F|  |TS  0|AC  0|TAMS 0x00000000ae200000, 0x00000000ae200000|
|  29|0x00000000ae300000, 0x00000000ae300000, 0x00000000ae400000|  0%| F|  |TS  0|AC  0|TAMS 0x00000000ae300000, 0x00000000ae300000|
|  30|0x00000000ae400000, 0x00000000ae400000, 0x00000000ae500000|  0%| F|  |TS  0|AC  0|TAMS 0x00000000ae400000, 0x00000000ae400000|
|  31|0x00000000ae500000, 0x00000000ae500000, 0x00000000ae600000|  0%| F|  |TS  0|AC  0|TAMS 0x00000000ae500000, 0x00000000ae500000|
|  32|0x00000000ae600000, 0x00000000ae600000, 0x00000000ae700000|  0%| F|  |TS  0|AC  0|TAMS 0x00000000ae600000, 0x00000000ae600000|
|  33|0x00000000ae700000, 0x00000000ae700000, 0x00000000ae800000|  0%| F|  |TS  0|AC  0|TAMS 0x00000000ae700000, 0x00000000ae700000|
|  34|0x00000000ae800000, 0x00000000ae800000, 0x00000000ae900000|  0%| F|  |TS  0|AC  0|TAMS 0x00000000ae800000, 0x00000000ae800000|
|  35|0x00000000ae900000, 0x00000000ae900000, 0x00000000aea00000|  0%| F|  |TS  0|AC  0|TAMS 0x00000000ae900000, 0x00000000ae900000|
|  36|0x00000000aea00000, 0x00000000aea00000, 0x00000000aeb00000|  0%| F|  |TS  0|AC  0|TAMS 0x00000000aea00000, 0x00000000aea00000|
|  37|0x00000000aeb00000, 0x00000000aeb00000, 0x00000000aec00000|  0%| F|  |TS  0|AC  0|TAMS 0x00000000aeb00000, 0x00000000aeb00000|
|  38|0x00000000aec00000, 0x00000000aec00000, 0x00000000aed00000|  0%| F|  |TS  0|AC  0|TAMS 0x00000000aec00000, 0x00000000aec00000|
|  39|0x00000000aed00000, 0x00000000aed00000, 0x00000000aee00000|  0%| F|  |TS  0|AC  0|TAMS 0x00000000aed00000, 0x00000000aed00000|
|  40|0x00000000aee00000, 0x00000000aee00000, 0x00000000aef00000|  0%| F|  |TS  0|AC  0|TAMS 0x00000000aee00000, 0x00000000aee00000|
|  41|0x00000000aef00000, 0x00000000aef00000, 0x00000000af000000|  0%| F|  |TS  0|AC  0|TAMS 0x00000000aef00000, 0x00000000aef00000|
|  42|0x00000000af000000, 0x00000000af000000, 0x00000000af100000|  0%| F|  |TS  0|AC  0|TAMS 0x00000000af000000, 0x00000000af000000|
|  43|0x00000000af100000, 0x00000000af100000, 0x00000000af200000|  0%| F|  |TS  0|AC  0|TAMS 0x00000000af100000, 0x00000000af100000|
|  44|0x00000000af200000, 0x00000000af200000, 0x00000000af300000|  0%| F|  |TS  0|AC  0|TAMS 0x00000000af200000, 0x00000000af200000|
|  45|0x00000000af300000, 0x00000000af300000, 0x00000000af400000|  0%| F|  |TS  0|AC  0|TAMS 0x00000000af300000, 0x00000000af300000|
|  46|0x00000000af400000, 0x00000000af400000, 0x00000000af500000|  0%| F|  |TS  0|AC  0|TAMS 0x00000000af400000, 0x00000000af400000|
|  47|0x00000000af500000, 0x00000000af500000, 0x00000000af600000|  0%| F|  |TS  0|AC  0|TAMS 0x00000000af500000, 0x00000000af500000|
|  48|0x00000000af600000, 0x00000000af600000, 0x00000000af700000|  0%| F|  |TS  0|AC  0|TAMS 0x00000000af600000, 0x00000000af600000|
|  49|0x00000000af700000, 0x00000000af7a4790, 0x00000000af800000| 64%| S|CS|TS  0|AC  0|TAMS 0x00000000af700000, 0x00000000af700000|
|  50|0x00000000af800000, 0x00000000af900000, 0x00000000af900000|100%| S|CS|TS  0|AC  0|TAMS 0x00000000af800000, 0x00000000af800000|
|  51|0x00000000af900000, 0x00000000afa00000, 0x00000000afa00000|100%| S|CS|TS  0|AC  0|TAMS 0x00000000af900000, 0x00000000af900000|
|  52|0x00000000afa00000, 0x00000000afb00000, 0x00000000afb00000|100%| S|CS|TS  0|AC  0|TAMS 0x00000000afa00000, 0x00000000afa00000|
|  53|0x00000000afb00000, 0x00000000afb00000, 0x00000000afc00000|  0%| F|  |TS  0|AC  0|TAMS 0x00000000afb00000, 0x00000000afb00000|
|  54|0x00000000afc00000, 0x00000000afc00000, 0x00000000afd00000|  0%| F|  |TS  0|AC  0|TAMS 0x00000000afc00000, 0x00000000afc00000|
|  55|0x00000000afd00000, 0x00000000afd00000, 0x00000000afe00000|  0%| F|  |TS  0|AC  0|TAMS 0x00000000afd00000, 0x00000000afd00000|
|  56|0x00000000afe00000, 0x00000000afe00000, 0x00000000aff00000|  0%| F|  |TS  0|AC  0|TAMS 0x00000000afe00000, 0x00000000afe00000|
|  57|0x00000000aff00000, 0x00000000aff00000, 0x00000000b0000000|  0%| F|  |TS  0|AC  0|TAMS 0x00000000aff00000, 0x00000000aff00000|
|  58|0x00000000b0000000, 0x00000000b0000000, 0x00000000b0100000|  0%| F|  |TS  0|AC  0|TAMS 0x00000000b0000000, 0x00000000b0000000|
|  59|0x00000000b0100000, 0x00000000b0100000, 0x00000000b0200000|  0%| F|  |TS  0|AC  0|TAMS 0x00000000b0100000, 0x00000000b0100000|
|  60|0x00000000b0200000, 0x00000000b0200000, 0x00000000b0300000|  0%| F|  |TS  0|AC  0|TAMS 0x00000000b0200000, 0x00000000b0200000|
|  61|0x00000000b0300000, 0x00000000b0300000, 0x00000000b0400000|  0%| F|  |TS  0|AC  0|TAMS 0x00000000b0300000, 0x00000000b0300000|
|  62|0x00000000b0400000, 0x00000000b0400000, 0x00000000b0500000|  0%| F|  |TS  0|AC  0|TAMS 0x00000000b0400000, 0x00000000b0400000|
|  63|0x00000000b0500000, 0x00000000b0500000, 0x00000000b0600000|  0%| F|  |TS  0|AC  0|TAMS 0x00000000b0500000, 0x00000000b0500000|
|  64|0x00000000b0600000, 0x00000000b0600000, 0x00000000b0700000|  0%| F|  |TS  0|AC  0|TAMS 0x00000000b0600000, 0x00000000b0600000|
|  65|0x00000000b0700000, 0x00000000b0700000, 0x00000000b0800000|  0%| F|  |TS  0|AC  0|TAMS 0x00000000b0700000, 0x00000000b0700000|
|  66|0x00000000b0800000, 0x00000000b0900000, 0x00000000b0900000|100%| E|  |TS  0|AC  0|TAMS 0x00000000b0800000, 0x00000000b0800000|
|  67|0x00000000b0900000, 0x00000000b0a00000, 0x00000000b0a00000|100%| E|CS|TS  0|AC  0|TAMS 0x00000000b0900000, 0x00000000b0900000|
|  68|0x00000000b0a00000, 0x00000000b0b00000, 0x00000000b0b00000|100%| E|CS|TS  0|AC  0|TAMS 0x00000000b0a00000, 0x00000000b0a00000|
|  69|0x00000000b0b00000, 0x00000000b0c00000, 0x00000000b0c00000|100%| E|CS|TS  0|AC  0|TAMS 0x00000000b0b00000, 0x00000000b0b00000|
|  70|0x00000000b0c00000, 0x00000000b0d00000, 0x00000000b0d00000|100%| E|CS|TS  0|AC  0|TAMS 0x00000000b0c00000, 0x00000000b0c00000|
|  71|0x00000000b0d00000, 0x00000000b0e00000, 0x00000000b0e00000|100%| E|CS|TS  0|AC  0|TAMS 0x00000000b0d00000, 0x00000000b0d00000|
|  72|0x00000000b0e00000, 0x00000000b0f00000, 0x00000000b0f00000|100%| E|CS|TS  0|AC  0|TAMS 0x00000000b0e00000, 0x00000000b0e00000|
|  73|0x00000000b0f00000, 0x00000000b1000000, 0x00000000b1000000|100%| E|CS|TS  0|AC  0|TAMS 0x00000000b0f00000, 0x00000000b0f00000|
|  74|0x00000000b1000000, 0x00000000b1100000, 0x00000000b1100000|100%| E|CS|TS  0|AC  0|TAMS 0x00000000b1000000, 0x00000000b1000000|
|  75|0x00000000b1100000, 0x00000000b1200000, 0x00000000b1200000|100%| E|CS|TS  0|AC  0|TAMS 0x00000000b1100000, 0x00000000b1100000|
|  76|0x00000000b1200000, 0x00000000b1300000, 0x00000000b1300000|100%| E|CS|TS  0|AC  0|TAMS 0x00000000b1200000, 0x00000000b1200000|
|  77|0x00000000b1300000, 0x00000000b1400000, 0x00000000b1400000|100%| E|CS|TS  0|AC  0|TAMS 0x00000000b1300000, 0x00000000b1300000|
|  78|0x00000000b1400000, 0x00000000b1500000, 0x00000000b1500000|100%| E|CS|TS  0|AC  0|TAMS 0x00000000b1400000, 0x00000000b1400000|
|  79|0x00000000b1500000, 0x00000000b1600000, 0x00000000b1600000|100%| E|CS|TS  0|AC  0|TAMS 0x00000000b1500000, 0x00000000b1500000|
|  80|0x00000000b1600000, 0x00000000b1700000, 0x00000000b1700000|100%| E|CS|TS  0|AC  0|TAMS 0x00000000b1600000, 0x00000000b1600000|
|  81|0x00000000b1700000, 0x00000000b1800000, 0x00000000b1800000|100%| E|CS|TS  0|AC  0|TAMS 0x00000000b1700000, 0x00000000b1700000|
|  82|0x00000000b1800000, 0x00000000b1900000, 0x00000000b1900000|100%| E|CS|TS  0|AC  0|TAMS 0x00000000b1800000, 0x00000000b1800000|
|  83|0x00000000b1900000, 0x00000000b1a00000, 0x00000000b1a00000|100%| E|CS|TS  0|AC  0|TAMS 0x00000000b1900000, 0x00000000b1900000|

Card table byte_map: [0x0000019ff0970000,0x0000019ff0c10000] byte_map_base: 0x0000019ff040d000

Marking Bits (Prev, Next): (CMBitMap*) 0x0000019fd63acfa0, (CMBitMap*) 0x0000019fd63acfd8
 Prev Bits: [0x0000019ff0eb0000, 0x0000019ff2398000)
 Next Bits: [0x0000019ff23a0000, 0x0000019ff3888000)

Polling page: 0x0000019fd41a0000

CodeHeap 'non-profiled nmethods': size=120064Kb used=2179Kb max_used=2179Kb free=117884Kb
 bounds [0x0000019fe9190000, 0x0000019fe9400000, 0x0000019ff06d0000]
CodeHeap 'profiled nmethods': size=120000Kb used=9357Kb max_used=9357Kb free=110642Kb
 bounds [0x0000019fe1c60000, 0x0000019fe2590000, 0x0000019fe9190000]
CodeHeap 'non-nmethods': size=5696Kb used=1424Kb max_used=1463Kb free=4271Kb
 bounds [0x0000019fe16d0000, 0x0000019fe1940000, 0x0000019fe1c60000]
 total_blobs=6183 nmethods=4455 adapters=797
 compilation: enabled

Compilation events (10 events):
Event: 30.892 Thread 0x0000019ff65bc000 nmethod 4455 0x0000019fe2581310 code [0x0000019fe25814e0, 0x0000019fe2581790]
Event: 30.892 Thread 0x0000019ff65bc000 4456       3       com.sun.prism.d3d.D3DSwapChain::getContentHeight (5 bytes)
Event: 30.893 Thread 0x0000019ff65bc000 nmethod 4456 0x0000019fe2581890 code [0x0000019fe2581a60, 0x0000019fe2581d10]
Event: 30.893 Thread 0x0000019ff65bc000 4457  s    1       com.sun.javafx.tk.quantum.GlassScene::getDoPresent (5 bytes)
Event: 30.893 Thread 0x0000019ff65bc000 nmethod 4457 0x0000019fe93afa10 code [0x0000019fe93afbc0, 0x0000019fe93afe38]
Event: 30.897 Thread 0x0000019ff65bc000 4458       3       java.util.concurrent.locks.AbstractQueuedSynchronizer::doReleaseShared (79 bytes)
Event: 30.900 Thread 0x0000019ff65bc000 nmethod 4458 0x0000019fe2581e10 code [0x0000019fe2582120, 0x0000019fe25831d0]
Event: 30.918 Thread 0x0000019ff657a000 nmethod 4450 0x0000019fe93aff10 code [0x0000019fe93b00e0, 0x0000019fe93b0768]
Event: 30.983 Thread 0x0000019ff657a000 4459       4       com.sun.javafx.geom.transform.Translate2D::transform (48 bytes)
Event: 30.985 Thread 0x0000019ff657a000 nmethod 4459 0x0000019fe93b0c90 code [0x0000019fe93b0e20, 0x0000019fe93b0ed8]

GC Heap History (8 events):
Event: 1.533 GC heap before
{Heap before GC invocations=0 (full 0):
 garbage-first heap   total 86016K, used 16384K [0x00000000ac600000, 0x0000000100000000)
  region size 1024K, 14 young (14336K), 0 survivors (0K)
 Metaspace       used 15880K, capacity 16340K, committed 16640K, reserved 1064960K
  class space    used 1778K, capacity 1985K, committed 2048K, reserved 1048576K
}
Event: 1.547 GC heap after
{Heap after GC invocations=1 (full 0):
 garbage-first heap   total 86016K, used 6297K [0x00000000ac600000, 0x0000000100000000)
  region size 1024K, 2 young (2048K), 2 survivors (2048K)
 Metaspace       used 15880K, capacity 16340K, committed 16640K, reserved 1064960K
  class space    used 1778K, capacity 1985K, committed 2048K, reserved 1048576K
}
Event: 1.683 GC heap before
{Heap before GC invocations=1 (full 0):
 garbage-first heap   total 86016K, used 10393K [0x00000000ac600000, 0x0000000100000000)
  region size 1024K, 4 young (4096K), 2 survivors (2048K)
 Metaspace       used 16926K, capacity 17373K, committed 17536K, reserved 1064960K
  class space    used 1955K, capacity 2158K, committed 2176K, reserved 1048576K
}
Event: 1.690 GC heap after
{Heap after GC invocations=2 (full 0):
 garbage-first heap   total 86016K, used 9124K [0x00000000ac600000, 0x0000000100000000)
  region size 1024K, 1 young (1024K), 1 survivors (1024K)
 Metaspace       used 16926K, capacity 17373K, committed 17536K, reserved 1064960K
  class space    used 1955K, capacity 2158K, committed 2176K, reserved 1048576K
}
Event: 2.336 GC heap before
{Heap before GC invocations=2 (full 0):
 garbage-first heap   total 86016K, used 19364K [0x00000000ac600000, 0x0000000100000000)
  region size 1024K, 12 young (12288K), 1 survivors (1024K)
 Metaspace       used 20624K, capacity 21124K, committed 21248K, reserved 1067008K
  class space    used 2526K, capacity 2792K, committed 2816K, reserved 1048576K
}
Event: 2.344 GC heap after
{Heap after GC invocations=3 (full 0):
 garbage-first heap   total 86016K, used 11723K [0x00000000ac600000, 0x0000000100000000)
  region size 1024K, 4 young (4096K), 4 survivors (4096K)
 Metaspace       used 20624K, capacity 21124K, committed 21248K, reserved 1067008K
  class space    used 2526K, capacity 2792K, committed 2816K, reserved 1048576K
}
Event: 4.597 GC heap before
{Heap before GC invocations=4 (full 0):
 garbage-first heap   total 86016K, used 38347K [0x00000000ac600000, 0x0000000100000000)
  region size 1024K, 31 young (31744K), 4 survivors (4096K)
 Metaspace       used 34369K, capacity 35359K, committed 35840K, reserved 1081344K
  class space    used 4398K, capacity 4880K, committed 4992K, reserved 1048576K
}
Event: 4.618 GC heap after
{Heap after GC invocations=5 (full 0):
 garbage-first heap   total 86016K, used 15787K [0x00000000ac600000, 0x0000000100000000)
  region size 1024K, 4 young (4096K), 4 survivors (4096K)
 Metaspace       used 34369K, capacity 35359K, committed 35840K, reserved 1081344K
  class space    used 4398K, capacity 4880K, committed 4992K, reserved 1048576K
}

Deoptimization events (10 events):
Event: 14.979 Thread 0x0000019ff7f60800 Uncommon trap: reason=bimorphic_or_optimized_type_check action=maybe_recompile pc=0x0000019fe9208648 method=java.io.DataInputStream.readFully([BII)V @ 34 c2
Event: 15.239 Thread 0x0000019ff7f60800 Uncommon trap: reason=class_check action=maybe_recompile pc=0x0000019fe933c164 method=javafx.scene.Node$MiscProperties.getEffect()Ljavafx/scene/effect/Effect; @ 20 c2
Event: 15.239 Thread 0x0000019ff7f60800 Uncommon trap: reason=class_check action=maybe_recompile pc=0x0000019fe933c164 method=javafx.scene.Node$MiscProperties.getEffect()Ljavafx/scene/effect/Effect; @ 20 c2
Event: 15.317 Thread 0x0000019ff7f60800 Uncommon trap: reason=class_check action=maybe_recompile pc=0x0000019fe93369f0 method=javafx.css.CompoundSelector.stateMatches(Ljavafx/css/Styleable;Ljava/util/Set;I)Z @ 47 c2
Event: 15.317 Thread 0x0000019ff7f60800 Uncommon trap: reason=class_check action=maybe_recompile pc=0x0000019fe93369f0 method=javafx.css.CompoundSelector.stateMatches(Ljavafx/css/Styleable;Ljava/util/Set;I)Z @ 47 c2
Event: 15.317 Thread 0x0000019ff7f60800 Uncommon trap: reason=class_check action=maybe_recompile pc=0x0000019fe93369f0 method=javafx.css.CompoundSelector.stateMatches(Ljavafx/css/Styleable;Ljava/util/Set;I)Z @ 47 c2
Event: 15.317 Thread 0x0000019ff7f60800 Uncommon trap: reason=class_check action=maybe_recompile pc=0x0000019fe93369f0 method=javafx.css.CompoundSelector.stateMatches(Ljavafx/css/Styleable;Ljava/util/Set;I)Z @ 47 c2
Event: 15.365 Thread 0x0000019ff7f60800 Uncommon trap: reason=class_check action=maybe_recompile pc=0x0000019fe933c164 method=javafx.scene.Node$MiscProperties.getEffect()Ljavafx/scene/effect/Effect; @ 20 c2
Event: 15.365 Thread 0x0000019ff7f60800 Uncommon trap: reason=class_check action=maybe_recompile pc=0x0000019fe933c164 method=javafx.scene.Node$MiscProperties.getEffect()Ljavafx/scene/effect/Effect; @ 20 c2
Event: 15.400 Thread 0x0000019ff6bdd000 Uncommon trap: reason=unstable_if action=reinterpret pc=0x0000019fe932669c method=com.sun.marlin.MaskMarlinAlphaConsumer.setAndClearRelativeAlphas([IIII)V @ 69 c2

Classes redefined (0 events):
No events

Internal exceptions (10 events):
Event: 4.500 Thread 0x0000019ff7f60800 Exception <a 'java/lang/NoSuchMethodError'{0x00000000afb08f68}: java.lang.invoke.DirectMethodHandle$Holder.invokeSpecial(Ljava/lang/Object;Ljava/lang/Object;Ljava/lang/Object;Ljava/lang/Object;Ljava/lang/Object;Ljava/lang/Object;)V> (0x00000000afb08f68) t
Event: 4.715 Thread 0x0000019ff6bdd000 Exception <a 'java/lang/NoSuchMethodError'{0x00000000b1851008}: java.lang.invoke.DirectMethodHandle$Holder.invokeStaticInit(Ljava/lang/Object;Ljava/lang/Object;)I> (0x00000000b1851008) thrown at [t:/workspace/open/src/hotspot/share/interpreter/linkResolve
Event: 7.304 Thread 0x0000019ff7f60800 Exception <a 'java/lang/NoSuchMethodError'{0x00000000b161a390}: method resolution failed> (0x00000000b161a390) thrown at [t:/workspace/open/src/hotspot/share/prims/methodHandles.cpp, line 1226]
Event: 7.304 Thread 0x0000019ff7f60800 Exception <a 'java/lang/NoSuchMethodError'{0x00000000b161d4d8}: java.lang.invoke.DirectMethodHandle$Holder.invokeStaticInit(Ljava/lang/Object;Ljava/lang/Object;Ljava/lang/Object;)J> (0x00000000b161d4d8) thrown at [t:/workspace/open/src/hotspot/share/inter
Event: 7.310 Thread 0x0000019ff7f60800 Exception <a 'java/lang/NoSuchMethodError'{0x00000000b1630380}: method resolution failed> (0x00000000b1630380) thrown at [t:/workspace/open/src/hotspot/share/prims/methodHandles.cpp, line 1226]
Event: 7.311 Thread 0x0000019ff7f60800 Exception <a 'java/lang/NoSuchMethodError'{0x00000000b1636230}: java.lang.invoke.DirectMethodHandle$Holder.invokeStatic(Ljava/lang/Object;Ljava/lang/Object;J)Ljava/lang/Object;> (0x00000000b1636230) thrown at [t:/workspace/open/src/hotspot/share/interpret
Event: 7.312 Thread 0x0000019ff7f60800 Exception <a 'java/lang/NoSuchMethodError'{0x00000000b16396b0}: method resolution failed> (0x00000000b16396b0) thrown at [t:/workspace/open/src/hotspot/share/prims/methodHandles.cpp, line 1226]
Event: 9.486 Thread 0x0000019ff6bdd000 Exception <a 'java/lang/NoSuchMethodError'{0x00000000b17d6588}: java.lang.invoke.DirectMethodHandle$Holder.invokeStaticInit(Ljava/lang/Object;I)Ljava/lang/Object;> (0x00000000b17d6588) thrown at [t:/workspace/open/src/hotspot/share/interpreter/linkResolve
Event: 9.986 Thread 0x0000019ff7f60800 Implicit null exception at 0x0000019fe9307544 to 0x0000019fe9308a8e
Event: 15.360 Thread 0x0000019ff7f60800 Exception <a 'java/lang/NoSuchMethodError'{0x00000000b0a71bf8}: method resolution failed> (0x00000000b0a71bf8) thrown at [t:/workspace/open/src/hotspot/share/prims/methodHandles.cpp, line 1226]

Events (10 events):
Event: 27.171 Thread 0x0000019ff6bdd000 DEOPT PACKING pc=0x0000019fe24b15b6 sp=0x000000343d6fd5f0
Event: 27.171 Thread 0x0000019ff6bdd000 DEOPT UNPACKING pc=0x0000019fe16f834e sp=0x000000343d6fcb00 mode 0
Event: 27.562 loading class java/lang/Throwable$WrappedPrintStream
Event: 27.562 loading class java/lang/Throwable$PrintStreamOrWriter
Event: 27.562 loading class java/lang/Throwable$PrintStreamOrWriter done
Event: 27.562 loading class java/lang/Throwable$WrappedPrintStream done
Event: 27.562 loading class java/util/IdentityHashMap$KeySet
Event: 27.562 loading class java/util/IdentityHashMap$KeySet done
Event: 30.883 Thread 0x0000019ff6bdd000 DEOPT PACKING pc=0x0000019fe23763ba sp=0x000000343d6fd670
Event: 30.883 Thread 0x0000019ff6bdd000 DEOPT UNPACKING pc=0x0000019fe16f834e sp=0x000000343d6fca58 mode 0


Dynamic libraries:
0x00007ff6cebe0000 - 0x00007ff6cec1e000 	C:\DEV\java\jdk\jdk10\bin\javaw.exe
0x00007ffcf6480000 - 0x00007ffcf6661000 	C:\WINDOWS\SYSTEM32\ntdll.dll
0x00007ffcf5500000 - 0x00007ffcf55b1000 	C:\WINDOWS\System32\KERNEL32.DLL
0x00007ffcf2a40000 - 0x00007ffcf2cb3000 	C:\WINDOWS\System32\KERNELBASE.dll
0x00007ffcf5f10000 - 0x00007ffcf5fb1000 	C:\WINDOWS\System32\ADVAPI32.dll
0x00007ffcf3f20000 - 0x00007ffcf3fbe000 	C:\WINDOWS\System32\msvcrt.dll
0x00007ffcf5740000 - 0x00007ffcf579b000 	C:\WINDOWS\System32\sechost.dll
0x00007ffcf5920000 - 0x00007ffcf5a44000 	C:\WINDOWS\System32\RPCRT4.dll
0x00007ffcf5d80000 - 0x00007ffcf5f10000 	C:\WINDOWS\System32\USER32.dll
0x00007ffcf35c0000 - 0x00007ffcf35e0000 	C:\WINDOWS\System32\win32u.dll
0x00007ffcf57b0000 - 0x00007ffcf57d8000 	C:\WINDOWS\System32\GDI32.dll
0x00007ffcf28a0000 - 0x00007ffcf2a32000 	C:\WINDOWS\System32\gdi32full.dll
0x00007ffcf35e0000 - 0x00007ffcf367f000 	C:\WINDOWS\System32\msvcp_win.dll
0x00007ffcf36e0000 - 0x00007ffcf37d8000 	C:\WINDOWS\System32\ucrtbase.dll
0x00007ffce16d0000 - 0x00007ffce1939000 	C:\WINDOWS\WinSxS\amd64_microsoft.windows.common-controls_6595b64144ccf1df_6.0.17134.765_none_fb42a1a930655896\COMCTL32.dll
0x00007ffce79b0000 - 0x00007ffce79ba000 	C:\WINDOWS\SYSTEM32\VERSION.dll
0x00007ffcf5a50000 - 0x00007ffcf5d72000 	C:\WINDOWS\System32\combase.dll
0x00007ffcf3890000 - 0x00007ffcf390a000 	C:\WINDOWS\System32\bcryptPrimitives.dll
0x00007ffcf5400000 - 0x00007ffcf542d000 	C:\WINDOWS\System32\IMM32.DLL
0x00007ffcd4c60000 - 0x00007ffcd4d4f000 	C:\DEV\java\jdk\jdk10\bin\msvcr120.dll
0x00007ffcdf700000 - 0x00007ffcdf7a6000 	C:\DEV\java\jdk\jdk10\bin\msvcp120.dll
0x0000000054e20000 - 0x0000000055890000 	C:\DEV\java\jdk\jdk10\bin\server\jvm.dll
0x00007ffcf5810000 - 0x00007ffcf5818000 	C:\WINDOWS\System32\PSAPI.DLL
0x00007ffce79c0000 - 0x00007ffce79c9000 	C:\WINDOWS\SYSTEM32\WSOCK32.dll
0x00007ffcf3dc0000 - 0x00007ffcf3e2c000 	C:\WINDOWS\System32\WS2_32.dll
0x00007ffcf03d0000 - 0x00007ffcf03f3000 	C:\WINDOWS\SYSTEM32\WINMM.dll
0x00007ffcf03a0000 - 0x00007ffcf03ca000 	C:\WINDOWS\SYSTEM32\winmmbase.dll
0x00007ffcf2850000 - 0x00007ffcf2899000 	C:\WINDOWS\System32\cfgmgr32.dll
0x00007ffce5d80000 - 0x00007ffce5d8f000 	C:\DEV\java\jdk\jdk10\bin\verify.dll
0x00007ffcde280000 - 0x00007ffcde449000 	C:\WINDOWS\SYSTEM32\DBGHELP.DLL
0x00007ffcde1a0000 - 0x00007ffcde1c9000 	C:\WINDOWS\SYSTEM32\dbgcore.DLL
0x00007ffcdd560000 - 0x00007ffcdd587000 	C:\DEV\java\jdk\jdk10\bin\java.dll
0x00007ffce5cb0000 - 0x00007ffce5cc6000 	C:\DEV\java\jdk\jdk10\bin\zip.dll
0x00007ffce4120000 - 0x00007ffce412a000 	C:\DEV\java\jdk\jdk10\bin\jimage.dll
0x00007ffcf3fc0000 - 0x00007ffcf5400000 	C:\WINDOWS\System32\SHELL32.dll
0x00007ffcf5fc0000 - 0x00007ffcf6069000 	C:\WINDOWS\System32\shcore.dll
0x00007ffcf2cc0000 - 0x00007ffcf33cd000 	C:\WINDOWS\System32\windows.storage.dll
0x00007ffcf63f0000 - 0x00007ffcf6441000 	C:\WINDOWS\System32\shlwapi.dll
0x00007ffcf27d0000 - 0x00007ffcf27e1000 	C:\WINDOWS\System32\kernel.appcore.dll
0x00007ffcf2790000 - 0x00007ffcf27af000 	C:\WINDOWS\System32\profapi.dll
0x00007ffcf2800000 - 0x00007ffcf284c000 	C:\WINDOWS\System32\powrprof.dll
0x00007ffcf27f0000 - 0x00007ffcf27fa000 	C:\WINDOWS\System32\FLTLIB.DLL
0x00007ffce3c60000 - 0x00007ffce3c7a000 	C:\dev\Java\jdk\jdk10\bin\net.dll
0x00007ffcee540000 - 0x00007ffcee61d000 	C:\WINDOWS\SYSTEM32\WINHTTP.dll
0x00007ffcf1fb0000 - 0x00007ffcf2016000 	C:\WINDOWS\system32\mswsock.dll
0x00007ffce3b60000 - 0x00007ffce3b71000 	C:\dev\Java\jdk\jdk10\bin\nio.dll
0x0000019fd4200000 - 0x0000019fd4203000 	C:\dev\Java\jdk\jdk10\bin\api-ms-win-core-console-l1-1-0.dll
0x0000019fd4210000 - 0x0000019fd4213000 	C:\dev\Java\jdk\jdk10\bin\api-ms-win-core-datetime-l1-1-0.dll
0x0000019fd4220000 - 0x0000019fd4223000 	C:\dev\Java\jdk\jdk10\bin\api-ms-win-core-debug-l1-1-0.dll
0x0000019fd44c0000 - 0x0000019fd44c3000 	C:\dev\Java\jdk\jdk10\bin\api-ms-win-core-errorhandling-l1-1-0.dll
0x0000019fd44d0000 - 0x0000019fd44d4000 	C:\dev\Java\jdk\jdk10\bin\api-ms-win-core-file-l1-1-0.dll
0x0000019fd44e0000 - 0x0000019fd44e3000 	C:\dev\Java\jdk\jdk10\bin\api-ms-win-core-file-l1-2-0.dll
0x0000019fd44f0000 - 0x0000019fd44f3000 	C:\dev\Java\jdk\jdk10\bin\api-ms-win-core-file-l2-1-0.dll
0x0000019fd62c0000 - 0x0000019fd62c3000 	C:\dev\Java\jdk\jdk10\bin\api-ms-win-core-handle-l1-1-0.dll
0x0000019fd62d0000 - 0x0000019fd62d3000 	C:\dev\Java\jdk\jdk10\bin\api-ms-win-core-heap-l1-1-0.dll
0x0000019fd62e0000 - 0x0000019fd62e3000 	C:\dev\Java\jdk\jdk10\bin\api-ms-win-core-interlocked-l1-1-0.dll
0x0000019fd62f0000 - 0x0000019fd62f3000 	C:\dev\Java\jdk\jdk10\bin\api-ms-win-core-libraryloader-l1-1-0.dll
0x0000019fd6300000 - 0x0000019fd6303000 	C:\dev\Java\jdk\jdk10\bin\api-ms-win-core-localization-l1-2-0.dll
0x0000019fd6310000 - 0x0000019fd6313000 	C:\dev\Java\jdk\jdk10\bin\api-ms-win-core-memory-l1-1-0.dll
0x0000019ff72e0000 - 0x0000019ff72e3000 	C:\dev\Java\jdk\jdk10\bin\api-ms-win-core-namedpipe-l1-1-0.dll
0x0000019ff72f0000 - 0x0000019ff72f3000 	C:\dev\Java\jdk\jdk10\bin\api-ms-win-core-processenvironment-l1-1-0.dll
0x0000019ff7300000 - 0x0000019ff7303000 	C:\dev\Java\jdk\jdk10\bin\api-ms-win-core-processthreads-l1-1-0.dll
0x0000019ff7310000 - 0x0000019ff7313000 	C:\dev\Java\jdk\jdk10\bin\api-ms-win-core-processthreads-l1-1-1.dll
0x0000019ff7320000 - 0x0000019ff7323000 	C:\dev\Java\jdk\jdk10\bin\api-ms-win-core-profile-l1-1-0.dll
0x0000019ff7330000 - 0x0000019ff7333000 	C:\dev\Java\jdk\jdk10\bin\api-ms-win-core-rtlsupport-l1-1-0.dll
0x0000019ff7340000 - 0x0000019ff7343000 	C:\dev\Java\jdk\jdk10\bin\api-ms-win-core-string-l1-1-0.dll
0x0000019ff7350000 - 0x0000019ff7353000 	C:\dev\Java\jdk\jdk10\bin\api-ms-win-core-synch-l1-1-0.dll
0x0000019ff7360000 - 0x0000019ff7363000 	C:\dev\Java\jdk\jdk10\bin\api-ms-win-core-synch-l1-2-0.dll
0x0000019ff7370000 - 0x0000019ff7373000 	C:\dev\Java\jdk\jdk10\bin\api-ms-win-core-sysinfo-l1-1-0.dll
0x0000019ff7380000 - 0x0000019ff7383000 	C:\dev\Java\jdk\jdk10\bin\api-ms-win-core-timezone-l1-1-0.dll
0x0000019ff7390000 - 0x0000019ff7393000 	C:\dev\Java\jdk\jdk10\bin\api-ms-win-core-util-l1-1-0.dll
0x0000019ff73a0000 - 0x0000019ff73a3000 	C:\dev\Java\jdk\jdk10\bin\api-ms-win-crt-conio-l1-1-0.dll
0x0000019ff73b0000 - 0x0000019ff73b4000 	C:\dev\Java\jdk\jdk10\bin\api-ms-win-crt-convert-l1-1-0.dll
0x0000019ff73c0000 - 0x0000019ff73c3000 	C:\dev\Java\jdk\jdk10\bin\api-ms-win-crt-environment-l1-1-0.dll
0x0000019ff73d0000 - 0x0000019ff73d3000 	C:\dev\Java\jdk\jdk10\bin\api-ms-win-crt-filesystem-l1-1-0.dll
0x0000019ff73e0000 - 0x0000019ff73e3000 	C:\dev\Java\jdk\jdk10\bin\api-ms-win-crt-heap-l1-1-0.dll
0x0000019ff73f0000 - 0x0000019ff73f3000 	C:\dev\Java\jdk\jdk10\bin\api-ms-win-crt-locale-l1-1-0.dll
0x0000019ff7400000 - 0x0000019ff7405000 	C:\dev\Java\jdk\jdk10\bin\api-ms-win-crt-math-l1-1-0.dll
0x0000019ff7410000 - 0x0000019ff7415000 	C:\dev\Java\jdk\jdk10\bin\api-ms-win-crt-multibyte-l1-1-0.dll
0x0000019ff7420000 - 0x0000019ff7430000 	C:\dev\Java\jdk\jdk10\bin\api-ms-win-crt-private-l1-1-0.dll
0x0000019ff7430000 - 0x0000019ff7433000 	C:\dev\Java\jdk\jdk10\bin\api-ms-win-crt-process-l1-1-0.dll
0x0000019ff7440000 - 0x0000019ff7444000 	C:\dev\Java\jdk\jdk10\bin\api-ms-win-crt-runtime-l1-1-0.dll
0x0000019ff7450000 - 0x0000019ff7454000 	C:\dev\Java\jdk\jdk10\bin\api-ms-win-crt-stdio-l1-1-0.dll
0x0000019ff7460000 - 0x0000019ff7464000 	C:\dev\Java\jdk\jdk10\bin\api-ms-win-crt-string-l1-1-0.dll
0x0000019ff7470000 - 0x0000019ff7473000 	C:\dev\Java\jdk\jdk10\bin\api-ms-win-crt-time-l1-1-0.dll
0x0000019ff7480000 - 0x0000019ff7483000 	C:\dev\Java\jdk\jdk10\bin\api-ms-win-crt-utility-l1-1-0.dll
0x00007ffcd3e00000 - 0x00007ffcd3ef6000 	C:\dev\Java\jdk\jdk10\bin\ucrtbase.dll
0x00007ffcec3d0000 - 0x00007ffcec3e6000 	C:\dev\Java\jdk\jdk10\bin\vcruntime140.dll
0x00007ffcdd130000 - 0x00007ffcdd1cc000 	C:\dev\Java\jdk\jdk10\bin\msvcp140.dll
0x00007ffce7a50000 - 0x00007ffce7aa1000 	C:\dev\Java\jdk\jdk10\bin\concrt140.dll
0x00007ffcec280000 - 0x00007ffcec2a3000 	C:\dev\Java\jdk\jdk10\bin\prism_d3d.dll
0x00007ffcc92f0000 - 0x00007ffcc9487000 	C:\WINDOWS\system32\d3d9.dll
0x00007ffcf10f0000 - 0x00007ffcf1119000 	C:\WINDOWS\SYSTEM32\dwmapi.dll
0x00007ffcf0db0000 - 0x00007ffcf0e48000 	C:\WINDOWS\system32\uxtheme.dll
0x00007ffcebce0000 - 0x00007ffcebe44000 	C:\WINDOWS\SYSTEM32\aticfx64.dll
0x00007ffcec010000 - 0x00007ffcec031000 	C:\WINDOWS\SYSTEM32\atiu9p64.dll
0x00007ffccc830000 - 0x00007ffccd089000 	C:\WINDOWS\SYSTEM32\atiumd64.dll
0x0000000055bb0000 - 0x0000000056438000 	C:\WINDOWS\SYSTEM32\atiumd6a.dll
0x00007ffce4140000 - 0x00007ffce418a000 	C:\dev\Java\jdk\jdk10\bin\glass.dll
0x00007ffcf3e30000 - 0x00007ffcf3f1d000 	C:\WINDOWS\System32\COMDLG32.dll
0x00007ffcf6290000 - 0x00007ffcf63e1000 	C:\WINDOWS\System32\ole32.dll
0x00007ffcf5430000 - 0x00007ffcf54f2000 	C:\WINDOWS\System32\OLEAUT32.dll
0x00007ffcf55c0000 - 0x00007ffcf5733000 	C:\WINDOWS\System32\MSCTF.dll
0x00007ffcead20000 - 0x00007ffcead39000 	C:\Program Files (x86)\Smadav\SmadHook64.dll
0x00007ffce8f20000 - 0x00007ffce8f34000 	C:\dev\Java\jdk\jdk10\bin\javafx_font.dll
0x00007ffccfe20000 - 0x00007ffccffbb000 	C:\dev\Java\jdk\jdk10\bin\awt.dll
0x00007ffcefac0000 - 0x00007ffcf0087000 	C:\WINDOWS\SYSTEM32\d2d1.dll
0x00007ffcf0bf0000 - 0x00007ffcf0c7b000 	C:\WINDOWS\SYSTEM32\apphelp.dll
0x00007ffce3c90000 - 0x00007ffce3cf5000 	C:\dev\Java\jdk\jdk10\bin\fontmanager.dll
0x00007ffce8530000 - 0x00007ffce884c000 	C:\WINDOWS\SYSTEM32\dwrite.dll
0x00007ffce68d0000 - 0x00007ffce68f3000 	C:\dev\Java\jdk\jdk10\bin\javafx_iio.dll
0x00007ffcf0b00000 - 0x00007ffcf0b09000 	C:\dev\Java\jdk\jdk10\bin\management.dll
0x00007ffcef180000 - 0x00007ffcef18a000 	C:\dev\Java\jdk\jdk10\bin\management_ext.dll
0x00007ffcf1d80000 - 0x00007ffcf1e3e000 	C:\WINDOWS\SYSTEM32\DNSAPI.dll
0x00007ffcf5800000 - 0x00007ffcf5808000 	C:\WINDOWS\System32\NSI.dll
0x00007ffcf1d30000 - 0x00007ffcf1d68000 	C:\WINDOWS\SYSTEM32\IPHLPAPI.DLL
0x00007ffce58b0000 - 0x00007ffce58ba000 	C:\Windows\System32\rasadhlp.dll
0x00007ffce7c40000 - 0x00007ffce7cb2000 	C:\WINDOWS\System32\fwpuclnt.dll
0x00007ffcf2290000 - 0x00007ffcf22b5000 	C:\WINDOWS\SYSTEM32\bcrypt.dll
0x00007ffcec450000 - 0x00007ffcec466000 	C:\WINDOWS\system32\napinsp.dll
0x00007ffce7cc0000 - 0x00007ffce7cda000 	C:\WINDOWS\system32\pnrpnsp.dll
0x00007ffcee0e0000 - 0x00007ffcee0f9000 	C:\WINDOWS\system32\NLAapi.dll
0x00007ffcec700000 - 0x00007ffcec70e000 	C:\WINDOWS\System32\winrnr.dll
0x00007ffceaeb0000 - 0x00007ffceaec5000 	C:\WINDOWS\System32\wshbth.dll
0x00007ffcf2170000 - 0x00007ffcf2187000 	C:\WINDOWS\SYSTEM32\CRYPTSP.dll
0x00007ffcf1b90000 - 0x00007ffcf1bc3000 	C:\WINDOWS\system32\rsaenh.dll
0x00007ffcf26c0000 - 0x00007ffcf26e8000 	C:\WINDOWS\SYSTEM32\USERENV.dll
0x00007ffcf2160000 - 0x00007ffcf216b000 	C:\WINDOWS\SYSTEM32\CRYPTBASE.dll

dbghelp: loaded successfully - version: 4.0.5 - missing functions: none
symbol engine: initialized successfully - sym options: 0x614 - pdb path: .;C:\DEV\java\jdk\jdk10\bin;C:\WINDOWS\SYSTEM32;C:\WINDOWS\WinSxS\amd64_microsoft.windows.common-controls_6595b64144ccf1df_6.0.17134.765_none_fb42a1a930655896;C:\DEV\java\jdk\jdk10\bin\server;C:\Program Files (x86)\Smadav;C:\Program Files\Common Files\Microsoft Shared\Ink

VM Arguments:
jvm_args: -Dfile.encoding=UTF-8 
java_command: projet.MainProjet
java_class_path (initial): C:\Users\Ce\Desktop\Java_Framework\projet\bin;C:\Users\Ce\Desktop\Java_Framework\Framework-3iL\bin;C:\Users\Ce\Desktop\Java_Framework\~libraries\JDBC Drivers\ojdbc8.jar;C:\Users\Ce\Desktop\Java_Framework\~libraries\mapstruct-1.3\mapstruct-1.3.0.Final.jar
Launcher Type: SUN_STANDARD

Logging:
Log output configuration:
#0: stdout all=warning uptime,level,tags
#1: stderr all=off uptime,level,tags

Environment Variables:
PATH=C:/dev/java/jdk/jdk10/bin/server;C:/dev/java/jdk/jdk10/bin;C:\oraclexe\app\oracle\product\11.2.0\server\bin;C:\Program Files (x86)\Common Files\Oracle\Java\javapath;C:\ProgramData\Oracle\Java\javapath;C:\WINDOWS\system32;C:\WINDOWS;C:\WINDOWS\System32\Wbem;C:\WINDOWS\System32\WindowsPowerShell\v1.0\;C:\WINDOWS\System32\OpenSSH\;C:\Program Files\dotnet\;C:\Program Files\Microsoft SQL Server\130\Tools\Binn\;C:\Program Files\nodejs\;C:\Program Files\MATLAB\R2019a\bin;C:\Users\Ce\AppData\Local\Microsoft\WindowsApps;C:\Users\Ce\AppData\Roaming\npm;C:\dev\Java\eclipse-4.10-java;
USERNAME=Ce
OS=Windows_NT
PROCESSOR_IDENTIFIER=AMD64 Family 21 Model 19 Stepping 1, AuthenticAMD



---------------  S Y S T E M  ---------------

OS: Windows 10 , 64 bit Build 17134 (10.0.17134.753)

CPU:total 4 (initial active 4) (4 cores per cpu, 1 threads per core) family 21 model 19 stepping 1, cmov, cx8, fxsr, mmx, sse, sse2, sse3, ssse3, sse4.1, sse4.2, popcnt, avx, aes, clmul, mmxext, 3dnowpref, lzcnt, sse4a, tsc, tscinvbit, tscinv, bmi1, fma

Memory: 4k page, physical 5472624k(1204296k free), swap 5996912k(5664k free)

vm_info: Java HotSpot(TM) 64-Bit Server VM (10.0.2+13) for windows-amd64 JRE (10.0.2+13), built on Jun 28 2018 01:57:56 by "mach5one" with MS VC++ 12.0 (VS2013)

END.
