#
# There is insufficient memory for the Java Runtime Environment to continue.
# Native memory allocation (malloc) failed to allocate 494256 bytes for Chunk::new
# Possible reasons:
#   The system is out of physical RAM or swap space
#   The process is running with CompressedOops enabled, and the Java Heap may be blocking the growth of the native heap
# Possible solutions:
#   Reduce memory load on the system
#   Increase physical memory or swap space
#   Check if swap backing store is full
#   Decrease Java heap size (-Xmx/-Xms)
#   Decrease number of Java threads
#   Decrease Java thread stack sizes (-Xss)
#   Set larger code cache with -XX:ReservedCodeCacheSize=
#   JVM is running with Unscaled Compressed Oops mode in which the Java heap is
#     placed in the first 4GB address space. The Java Heap base address is the
#     maximum limit for the native heap growth. Please use -XX:HeapBaseMinAddress
#     to set the Java Heap base and to place the Java Heap above 4GB virtual address.
# This output file may be truncated or incomplete.
#
#  Out of Memory Error (t:/workspace/open/src/hotspot/share/memory/arena.cpp:198), pid=5940, tid=5324
#
# JRE version: Java(TM) SE Runtime Environment (10.0.2+13) (build 10.0.2+13)
# Java VM: Java HotSpot(TM) 64-Bit Server VM (10.0.2+13, mixed mode, tiered, compressed oops, g1 gc, windows-amd64)
# No core dump will be written. Minidumps are not enabled by default on client versions of Windows
#

---------------  S U M M A R Y ------------

Command Line: -Dfile.encoding=UTF-8 projet.MainProjet

Host: AMD A10-5745M APU with Radeon(tm) HD Graphics  , 4 cores, 5G,  Windows 10 , 64 bit Build 17134 (10.0.17134.753)
Time: Mon Jun 10 23:04:46 2019 Paris, Madrid (heure d?été) elapsed time: 9 seconds (0d 0h 0m 9s)

---------------  T H R E A D  ---------------

Current thread (0x00000134ca572000):  JavaThread "C2 CompilerThread1" daemon [_thread_in_native, id=5324, stack(0x0000000d6be00000,0x0000000d6bf00000)]


Current CompileTask:
C2:   9737 2199       4       java.util.Properties$LineReader::readLine (585 bytes)

Stack: [0x0000000d6be00000,0x0000000d6bf00000]
Native frames: (J=compiled Java code, j=interpreted, Vv=VM code, C=native code)
V  [jvm.dll+0x5a01a9]
V  [jvm.dll+0x6bcf31]
V  [jvm.dll+0x6be126]
V  [jvm.dll+0x6be7b3]
V  [jvm.dll+0x234978]
V  [jvm.dll+0xbb69c]
V  [jvm.dll+0xbbbac]
V  [jvm.dll+0x2a68e4]
V  [jvm.dll+0x4bf92a]
V  [jvm.dll+0x201949]
V  [jvm.dll+0x1ff0a1]
V  [jvm.dll+0x17c94b]
V  [jvm.dll+0x20c8dd]
V  [jvm.dll+0x20b6a6]
V  [jvm.dll+0x68b7ff]
V  [jvm.dll+0x59f4b0]
C  [msvcr120.dll+0x24f7f]
C  [msvcr120.dll+0x25126]
C  [KERNEL32.DLL+0x14034]
C  [ntdll.dll+0x73691]


---------------  P R O C E S S  ---------------

Threads class SMR info:
_java_thread_list=0x00000134dbd90800, length=21, elements={
0x00000134a824d800, 0x00000134ca382800, 0x00000134ca38b000, 0x00000134ca3e1800,
0x00000134ca3e5000, 0x00000134ca3e8000, 0x00000134ca572000, 0x00000134ca573000,
0x00000134ca578000, 0x00000134ca684000, 0x00000134ca633800, 0x00000134d5c8c800,
0x00000134d5cc4000, 0x00000134d5fae000, 0x00000134d744c000, 0x00000134d62ff800,
0x00000134d5f10000, 0x00000134dc39c000, 0x00000134d60c4000, 0x00000134dca42000,
0x00000134d5d07000
}

Java Threads: ( => current thread )
  0x00000134a824d800 JavaThread "main" [_thread_blocked, id=8788, stack(0x0000000d6ac00000,0x0000000d6ad00000)]
  0x00000134ca382800 JavaThread "Reference Handler" daemon [_thread_blocked, id=1212, stack(0x0000000d6b900000,0x0000000d6ba00000)]
  0x00000134ca38b000 JavaThread "Finalizer" daemon [_thread_blocked, id=6656, stack(0x0000000d6ba00000,0x0000000d6bb00000)]
  0x00000134ca3e1800 JavaThread "Signal Dispatcher" daemon [_thread_blocked, id=6392, stack(0x0000000d6bb00000,0x0000000d6bc00000)]
  0x00000134ca3e5000 JavaThread "Attach Listener" daemon [_thread_blocked, id=9696, stack(0x0000000d6bc00000,0x0000000d6bd00000)]
  0x00000134ca3e8000 JavaThread "C2 CompilerThread0" daemon [_thread_in_native, id=8260, stack(0x0000000d6bd00000,0x0000000d6be00000)]
=>0x00000134ca572000 JavaThread "C2 CompilerThread1" daemon [_thread_in_native, id=5324, stack(0x0000000d6be00000,0x0000000d6bf00000)]
  0x00000134ca573000 JavaThread "C1 CompilerThread2" daemon [_thread_blocked, id=5232, stack(0x0000000d6bf00000,0x0000000d6c000000)]
  0x00000134ca578000 JavaThread "Sweeper thread" daemon [_thread_blocked, id=812, stack(0x0000000d6c000000,0x0000000d6c100000)]
  0x00000134ca684000 JavaThread "Service Thread" daemon [_thread_blocked, id=6844, stack(0x0000000d6c100000,0x0000000d6c200000)]
  0x00000134ca633800 JavaThread "Common-Cleaner" daemon [_thread_blocked, id=7464, stack(0x0000000d6c200000,0x0000000d6c300000)]
  0x00000134d5c8c800 JavaThread "JavaFX-Launcher" [_thread_blocked, id=8196, stack(0x0000000d6c400000,0x0000000d6c500000)]
  0x00000134d5cc4000 JavaThread "QuantumRenderer-0" daemon [_thread_blocked, id=3160, stack(0x0000000d6c500000,0x0000000d6c600000)]
  0x00000134d5fae000 JavaThread "InvokeLaterDispatcher" daemon [_thread_blocked, id=4504, stack(0x0000000d6c700000,0x0000000d6c800000)]
  0x00000134d744c000 JavaThread "JavaFX Application Thread" [_thread_in_vm, id=1852, stack(0x0000000d6c800000,0x0000000d6c900000)]
  0x00000134d62ff800 JavaThread "Thread-2" daemon [_thread_in_native, id=7008, stack(0x0000000d6cf00000,0x0000000d6d000000)]
  0x00000134d5f10000 JavaThread "Java2D Disposer" daemon [_thread_blocked, id=4912, stack(0x0000000d6d100000,0x0000000d6d200000)]
  0x00000134dc39c000 JavaThread "Timer-0" daemon [_thread_blocked, id=7584, stack(0x0000000d6d200000,0x0000000d6d300000)]
  0x00000134d60c4000 JavaThread "oracle.jdbc.driver.BlockSource.ThreadedCachingBlockSource.BlockReleaser" daemon [_thread_blocked, id=9420, stack(0x0000000d6d300000,0x0000000d6d400000)]
  0x00000134dca42000 JavaThread "InterruptTimer" daemon [_thread_blocked, id=4880, stack(0x0000000d6d400000,0x0000000d6d500000)]
  0x00000134d5d07000 JavaThread "Prism Font Disposer" daemon [_thread_blocked, id=8648, stack(0x0000000d6d600000,0x0000000d6d700000)]

Other Threads:
  0x00000134ca37f000 VMThread "VM Thread" [stack: 0x0000000d6b800000,0x0000000d6b900000] [id=8052]
  0x00000134ca634800 WatcherThread [stack: 0x0000000d6c300000,0x0000000d6c400000] [id=3024]
  0x00000134a8265800 GCTaskThread "GC Thread#0" [stack: 0x0000000d6ad00000,0x0000000d6ae00000] [id=3200]
  0x00000134a8267000 GCTaskThread "GC Thread#1" [stack: 0x0000000d6ae00000,0x0000000d6af00000] [id=6024]
  0x00000134a8269800 GCTaskThread "GC Thread#2" [stack: 0x0000000d6af00000,0x0000000d6b000000] [id=4044]
  0x00000134a826c000 GCTaskThread "GC Thread#3" [stack: 0x0000000d6b000000,0x0000000d6b100000] [id=5944]
  0x00000134a82c7800 ConcurrentGCThread "G1 Main Marker" [stack: 0x0000000d6b100000,0x0000000d6b200000] [id=9464]
  0x00000134a82ca800 ConcurrentGCThread "G1 Conc#0" [stack: 0x0000000d6b200000,0x0000000d6b300000] [id=1184]
  0x00000134a8318000 ConcurrentGCThread "G1 Refine#0" [stack: 0x0000000d6b300000,0x0000000d6b400000] [id=6380]
  0x00000134a8319000 ConcurrentGCThread "G1 Refine#1" [stack: 0x0000000d6b400000,0x0000000d6b500000] [id=8276]
  0x00000134a831a000 ConcurrentGCThread "G1 Refine#2" [stack: 0x0000000d6b500000,0x0000000d6b600000] [id=1704]
  0x00000134a831b800 ConcurrentGCThread "G1 Refine#3" [stack: 0x0000000d6b600000,0x0000000d6b700000] [id=2332]
  0x00000134a8326800 ConcurrentGCThread "G1 Young RemSet Sampling" [stack: 0x0000000d6b700000,0x0000000d6b800000] [id=6028]

Threads with active compile tasks:
C2 CompilerThread02129       4       java.lang.invoke.MemberName::getMethodOrFieldType (72 bytes)
C2 CompilerThread12199       4       java.util.Properties$LineReader::readLine (585 bytes)

VM state:not at safepoint (normal execution)

VM Mutex/Monitor currently owned by a thread: None

Heap address: 0x00000000ac600000, size: 1338 MB, Compressed Oops mode: 32-bit
Narrow klass base: 0x0000000000000000, Narrow klass shift: 3
Compressed class space size: 1073741824 Address: 0x0000000100000000

Heap:
 garbage-first heap   total 86016K, used 34868K [0x00000000ac600000, 0x0000000100000000)
  region size 1024K, 26 young (26624K), 3 survivors (3072K)
 Metaspace       used 32602K, capacity 33394K, committed 33996K, reserved 1079296K
  class space    used 4083K, capacity 4456K, committed 4556K, reserved 1048576K
Heap Regions: E=young(eden), S=young(survivor), O=old, HS=humongous(starts), HC=humongous(continues), CS=collection set, F=free, A=archive, TS=gc time stamp, AC=allocation context, TAMS=top-at-mark-start (previous, next)
|   0|0x00000000ac600000, 0x00000000ac700000, 0x00000000ac700000|100%|HS|  |TS  0|AC  0|TAMS 0x00000000ac700000, 0x00000000ac700000|
|   1|0x00000000ac700000, 0x00000000ac800000, 0x00000000ac800000|100%|HC|  |TS  0|AC  0|TAMS 0x00000000ac800000, 0x00000000ac800000|
|   2|0x00000000ac800000, 0x00000000ac900000, 0x00000000ac900000|100%| O|  |TS  0|AC  0|TAMS 0x00000000ac900000, 0x00000000ac900000|
|   3|0x00000000ac900000, 0x00000000aca00000, 0x00000000aca00000|100%| O|  |TS  0|AC  0|TAMS 0x00000000aca00000, 0x00000000aca00000|
|   4|0x00000000aca00000, 0x00000000acb00000, 0x00000000acb00000|100%|HS|  |TS  0|AC  0|TAMS 0x00000000acb00000, 0x00000000acb00000|
|   5|0x00000000acb00000, 0x00000000acc00000, 0x00000000acc00000|100%|HC|  |TS  0|AC  0|TAMS 0x00000000acc00000, 0x00000000acc00000|
|   6|0x00000000acc00000, 0x00000000acd00000, 0x00000000acd00000|100%| O|  |TS  0|AC  0|TAMS 0x00000000acd00000, 0x00000000acd00000|
|   7|0x00000000acd00000, 0x00000000ace00000, 0x00000000ace00000|100%| O|  |TS  0|AC  0|TAMS 0x00000000ace00000, 0x00000000ace00000|
|   8|0x00000000ace00000, 0x00000000acf00000, 0x00000000acf00000|100%| O|  |TS  0|AC  0|TAMS 0x00000000acf00000, 0x00000000acf00000|
|   9|0x00000000acf00000, 0x00000000acf0d000, 0x00000000ad000000|  5%| O|  |TS  0|AC  0|TAMS 0x00000000acf0d000, 0x00000000acf0d000|
|  10|0x00000000ad000000, 0x00000000ad000000, 0x00000000ad100000|  0%| F|  |TS  0|AC  0|TAMS 0x00000000ad000000, 0x00000000ad000000|
|  11|0x00000000ad100000, 0x00000000ad100000, 0x00000000ad200000|  0%| F|  |TS  0|AC  0|TAMS 0x00000000ad100000, 0x00000000ad100000|
|  12|0x00000000ad200000, 0x00000000ad200000, 0x00000000ad300000|  0%| F|  |TS  0|AC  0|TAMS 0x00000000ad200000, 0x00000000ad200000|
|  13|0x00000000ad300000, 0x00000000ad300000, 0x00000000ad400000|  0%| F|  |TS  0|AC  0|TAMS 0x00000000ad300000, 0x00000000ad300000|
|  14|0x00000000ad400000, 0x00000000ad400000, 0x00000000ad500000|  0%| F|  |TS  0|AC  0|TAMS 0x00000000ad400000, 0x00000000ad400000|
|  15|0x00000000ad500000, 0x00000000ad500000, 0x00000000ad600000|  0%| F|  |TS  0|AC  0|TAMS 0x00000000ad500000, 0x00000000ad500000|
|  16|0x00000000ad600000, 0x00000000ad600000, 0x00000000ad700000|  0%| F|  |TS  0|AC  0|TAMS 0x00000000ad600000, 0x00000000ad600000|
|  17|0x00000000ad700000, 0x00000000ad700000, 0x00000000ad800000|  0%| F|  |TS  0|AC  0|TAMS 0x00000000ad700000, 0x00000000ad700000|
|  18|0x00000000ad800000, 0x00000000ad800000, 0x00000000ad900000|  0%| F|  |TS  0|AC  0|TAMS 0x00000000ad800000, 0x00000000ad800000|
|  19|0x00000000ad900000, 0x00000000ad900000, 0x00000000ada00000|  0%| F|  |TS  0|AC  0|TAMS 0x00000000ad900000, 0x00000000ad900000|
|  20|0x00000000ada00000, 0x00000000ada00000, 0x00000000adb00000|  0%| F|  |TS  0|AC  0|TAMS 0x00000000ada00000, 0x00000000ada00000|
|  21|0x00000000adb00000, 0x00000000adb00000, 0x00000000adc00000|  0%| F|  |TS  0|AC  0|TAMS 0x00000000adb00000, 0x00000000adb00000|
|  22|0x00000000adc00000, 0x00000000adc00000, 0x00000000add00000|  0%| F|  |TS  0|AC  0|TAMS 0x00000000adc00000, 0x00000000adc00000|
|  23|0x00000000add00000, 0x00000000add00000, 0x00000000ade00000|  0%| F|  |TS  0|AC  0|TAMS 0x00000000add00000, 0x00000000add00000|
|  24|0x00000000ade00000, 0x00000000ade00000, 0x00000000adf00000|  0%| F|  |TS  0|AC  0|TAMS 0x00000000ade00000, 0x00000000ade00000|
|  25|0x00000000adf00000, 0x00000000adf00000, 0x00000000ae000000|  0%| F|  |TS  0|AC  0|TAMS 0x00000000adf00000, 0x00000000adf00000|
|  26|0x00000000ae000000, 0x00000000ae000000, 0x00000000ae100000|  0%| F|  |TS  0|AC  0|TAMS 0x00000000ae000000, 0x00000000ae000000|
|  27|0x00000000ae100000, 0x00000000ae100000, 0x00000000ae200000|  0%| F|  |TS  0|AC  0|TAMS 0x00000000ae100000, 0x00000000ae100000|
|  28|0x00000000ae200000, 0x00000000ae200000, 0x00000000ae300000|  0%| F|  |TS  0|AC  0|TAMS 0x00000000ae200000, 0x00000000ae200000|
|  29|0x00000000ae300000, 0x00000000ae300000, 0x00000000ae400000|  0%| F|  |TS  0|AC  0|TAMS 0x00000000ae300000, 0x00000000ae300000|
|  30|0x00000000ae400000, 0x00000000ae400000, 0x00000000ae500000|  0%| F|  |TS  0|AC  0|TAMS 0x00000000ae400000, 0x00000000ae400000|
|  31|0x00000000ae500000, 0x00000000ae500000, 0x00000000ae600000|  0%| F|  |TS  0|AC  0|TAMS 0x00000000ae500000, 0x00000000ae500000|
|  32|0x00000000ae600000, 0x00000000ae600000, 0x00000000ae700000|  0%| F|  |TS  0|AC  0|TAMS 0x00000000ae600000, 0x00000000ae600000|
|  33|0x00000000ae700000, 0x00000000ae700000, 0x00000000ae800000|  0%| F|  |TS  0|AC  0|TAMS 0x00000000ae700000, 0x00000000ae700000|
|  34|0x00000000ae800000, 0x00000000ae800000, 0x00000000ae900000|  0%| F|  |TS  0|AC  0|TAMS 0x00000000ae800000, 0x00000000ae800000|
|  35|0x00000000ae900000, 0x00000000ae900000, 0x00000000aea00000|  0%| F|  |TS  0|AC  0|TAMS 0x00000000ae900000, 0x00000000ae900000|
|  36|0x00000000aea00000, 0x00000000aea00000, 0x00000000aeb00000|  0%| F|  |TS  0|AC  0|TAMS 0x00000000aea00000, 0x00000000aea00000|
|  37|0x00000000aeb00000, 0x00000000aeb00000, 0x00000000aec00000|  0%| F|  |TS  0|AC  0|TAMS 0x00000000aeb00000, 0x00000000aeb00000|
|  38|0x00000000aec00000, 0x00000000aec00000, 0x00000000aed00000|  0%| F|  |TS  0|AC  0|TAMS 0x00000000aec00000, 0x00000000aec00000|
|  39|0x00000000aed00000, 0x00000000aed00000, 0x00000000aee00000|  0%| F|  |TS  0|AC  0|TAMS 0x00000000aed00000, 0x00000000aed00000|
|  40|0x00000000aee00000, 0x00000000aee00000, 0x00000000aef00000|  0%| F|  |TS  0|AC  0|TAMS 0x00000000aee00000, 0x00000000aee00000|
|  41|0x00000000aef00000, 0x00000000aef00000, 0x00000000af000000|  0%| F|  |TS  0|AC  0|TAMS 0x00000000aef00000, 0x00000000aef00000|
|  42|0x00000000af000000, 0x00000000af000000, 0x00000000af100000|  0%| F|  |TS  0|AC  0|TAMS 0x00000000af000000, 0x00000000af000000|
|  43|0x00000000af100000, 0x00000000af100000, 0x00000000af200000|  0%| F|  |TS  0|AC  0|TAMS 0x00000000af100000, 0x00000000af100000|
|  44|0x00000000af200000, 0x00000000af200000, 0x00000000af300000|  0%| F|  |TS  0|AC  0|TAMS 0x00000000af200000, 0x00000000af200000|
|  45|0x00000000af300000, 0x00000000af300000, 0x00000000af400000|  0%| F|  |TS  0|AC  0|TAMS 0x00000000af300000, 0x00000000af300000|
|  46|0x00000000af400000, 0x00000000af400000, 0x00000000af500000|  0%| F|  |TS  0|AC  0|TAMS 0x00000000af400000, 0x00000000af400000|
|  47|0x00000000af500000, 0x00000000af500000, 0x00000000af600000|  0%| F|  |TS  0|AC  0|TAMS 0x00000000af500000, 0x00000000af500000|
|  48|0x00000000af600000, 0x00000000af600000, 0x00000000af700000|  0%| F|  |TS  0|AC  0|TAMS 0x00000000af600000, 0x00000000af600000|
|  49|0x00000000af700000, 0x00000000af700000, 0x00000000af800000|  0%| F|  |TS  0|AC  0|TAMS 0x00000000af700000, 0x00000000af700000|
|  50|0x00000000af800000, 0x00000000af800000, 0x00000000af900000|  0%| F|  |TS  0|AC  0|TAMS 0x00000000af800000, 0x00000000af800000|
|  51|0x00000000af900000, 0x00000000af900000, 0x00000000afa00000|  0%| F|  |TS  0|AC  0|TAMS 0x00000000af900000, 0x00000000af900000|
|  52|0x00000000afa00000, 0x00000000afa00000, 0x00000000afb00000|  0%| F|  |TS  0|AC  0|TAMS 0x00000000afa00000, 0x00000000afa00000|
|  53|0x00000000afb00000, 0x00000000afb00000, 0x00000000afc00000|  0%| F|  |TS  0|AC  0|TAMS 0x00000000afb00000, 0x00000000afb00000|
|  54|0x00000000afc00000, 0x00000000afc00000, 0x00000000afd00000|  0%| F|  |TS  0|AC  0|TAMS 0x00000000afc00000, 0x00000000afc00000|
|  55|0x00000000afd00000, 0x00000000afd00000, 0x00000000afe00000|  0%| F|  |TS  0|AC  0|TAMS 0x00000000afd00000, 0x00000000afd00000|
|  56|0x00000000afe00000, 0x00000000afe00000, 0x00000000aff00000|  0%| F|  |TS  0|AC  0|TAMS 0x00000000afe00000, 0x00000000afe00000|
|  57|0x00000000aff00000, 0x00000000aff00000, 0x00000000b0000000|  0%| F|  |TS  0|AC  0|TAMS 0x00000000aff00000, 0x00000000aff00000|
|  58|0x00000000b0000000, 0x00000000b00755d0, 0x00000000b0100000| 45%| E|  |TS  0|AC  0|TAMS 0x00000000b0000000, 0x00000000b0000000|
|  59|0x00000000b0100000, 0x00000000b0200000, 0x00000000b0200000|100%| E|CS|TS  0|AC  0|TAMS 0x00000000b0100000, 0x00000000b0100000|
|  60|0x00000000b0200000, 0x00000000b0300000, 0x00000000b0300000|100%| E|CS|TS  0|AC  0|TAMS 0x00000000b0200000, 0x00000000b0200000|
|  61|0x00000000b0300000, 0x00000000b0400000, 0x00000000b0400000|100%| E|CS|TS  0|AC  0|TAMS 0x00000000b0300000, 0x00000000b0300000|
|  62|0x00000000b0400000, 0x00000000b0500000, 0x00000000b0500000|100%| E|CS|TS  0|AC  0|TAMS 0x00000000b0400000, 0x00000000b0400000|
|  63|0x00000000b0500000, 0x00000000b0600000, 0x00000000b0600000|100%| E|CS|TS  0|AC  0|TAMS 0x00000000b0500000, 0x00000000b0500000|
|  64|0x00000000b0600000, 0x00000000b0700000, 0x00000000b0700000|100%| E|CS|TS  0|AC  0|TAMS 0x00000000b0600000, 0x00000000b0600000|
|  65|0x00000000b0700000, 0x00000000b0800000, 0x00000000b0800000|100%| E|CS|TS  0|AC  0|TAMS 0x00000000b0700000, 0x00000000b0700000|
|  66|0x00000000b0800000, 0x00000000b0900000, 0x00000000b0900000|100%| E|CS|TS  0|AC  0|TAMS 0x00000000b0800000, 0x00000000b0800000|
|  67|0x00000000b0900000, 0x00000000b0a00000, 0x00000000b0a00000|100%| E|CS|TS  0|AC  0|TAMS 0x00000000b0900000, 0x00000000b0900000|
|  68|0x00000000b0a00000, 0x00000000b0b00000, 0x00000000b0b00000|100%| E|CS|TS  0|AC  0|TAMS 0x00000000b0a00000, 0x00000000b0a00000|
|  69|0x00000000b0b00000, 0x00000000b0c00000, 0x00000000b0c00000|100%| S|CS|TS  0|AC  0|TAMS 0x00000000b0b00000, 0x00000000b0b00000|
|  70|0x00000000b0c00000, 0x00000000b0d00000, 0x00000000b0d00000|100%| S|CS|TS  0|AC  0|TAMS 0x00000000b0c00000, 0x00000000b0c00000|
|  71|0x00000000b0d00000, 0x00000000b0e00000, 0x00000000b0e00000|100%| S|CS|TS  0|AC  0|TAMS 0x00000000b0d00000, 0x00000000b0d00000|
|  72|0x00000000b0e00000, 0x00000000b0f00000, 0x00000000b0f00000|100%| E|CS|TS  0|AC  0|TAMS 0x00000000b0e00000, 0x00000000b0e00000|
|  73|0x00000000b0f00000, 0x00000000b1000000, 0x00000000b1000000|100%| E|CS|TS  0|AC  0|TAMS 0x00000000b0f00000, 0x00000000b0f00000|
|  74|0x00000000b1000000, 0x00000000b1100000, 0x00000000b1100000|100%| E|CS|TS  0|AC  0|TAMS 0x00000000b1000000, 0x00000000b1000000|
|  75|0x00000000b1100000, 0x00000000b1200000, 0x00000000b1200000|100%| E|CS|TS  0|AC  0|TAMS 0x00000000b1100000, 0x00000000b1100000|
|  76|0x00000000b1200000, 0x00000000b1300000, 0x00000000b1300000|100%| E|CS|TS  0|AC  0|TAMS 0x00000000b1200000, 0x00000000b1200000|
|  77|0x00000000b1300000, 0x00000000b1400000, 0x00000000b1400000|100%| E|CS|TS  0|AC  0|TAMS 0x00000000b1300000, 0x00000000b1300000|
|  78|0x00000000b1400000, 0x00000000b1500000, 0x00000000b1500000|100%| E|CS|TS  0|AC  0|TAMS 0x00000000b1400000, 0x00000000b1400000|
|  79|0x00000000b1500000, 0x00000000b1600000, 0x00000000b1600000|100%| E|CS|TS  0|AC  0|TAMS 0x00000000b1500000, 0x00000000b1500000|
|  80|0x00000000b1600000, 0x00000000b1700000, 0x00000000b1700000|100%| E|CS|TS  0|AC  0|TAMS 0x00000000b1600000, 0x00000000b1600000|
|  81|0x00000000b1700000, 0x00000000b1800000, 0x00000000b1800000|100%| E|CS|TS  0|AC  0|TAMS 0x00000000b1700000, 0x00000000b1700000|
|  82|0x00000000b1800000, 0x00000000b1900000, 0x00000000b1900000|100%| E|CS|TS  0|AC  0|TAMS 0x00000000b1800000, 0x00000000b1800000|
|  83|0x00000000b1900000, 0x00000000b1a00000, 0x00000000b1a00000|100%| E|CS|TS  0|AC  0|TAMS 0x00000000b1900000, 0x00000000b1900000|

Card table byte_map: [0x00000134c46b0000,0x00000134c4950000] byte_map_base: 0x00000134c414d000

Marking Bits (Prev, Next): (CMBitMap*) 0x00000134a82c7218, (CMBitMap*) 0x00000134a82c71e0
 Prev Bits: [0x00000134c60e0000, 0x00000134c75c8000)
 Next Bits: [0x00000134c4bf0000, 0x00000134c60d8000)

Polling page: 0x00000134a7ff0000

CodeHeap 'non-profiled nmethods': size=120064Kb used=972Kb max_used=972Kb free=119091Kb
 bounds [0x00000134bc8b0000, 0x00000134bcb20000, 0x00000134c3df0000]
CodeHeap 'profiled nmethods': size=120000Kb used=4467Kb max_used=4467Kb free=115532Kb
 bounds [0x00000134b5380000, 0x00000134b57e0000, 0x00000134bc8b0000]
CodeHeap 'non-nmethods': size=5696Kb used=1360Kb max_used=1361Kb free=4335Kb
 bounds [0x00000134b4df0000, 0x00000134b5060000, 0x00000134b5380000]
 total_blobs=3517 nmethods=2222 adapters=710
 compilation: enabled

Compilation events (10 events):
Event: 9.719 Thread 0x00000134ca573000 2216       3       javafx.beans.property.ReadOnlyBooleanProperty::<init> (5 bytes)
Event: 9.720 Thread 0x00000134ca573000 nmethod 2216 0x00000134b57d9890 code [0x00000134b57d9a60, 0x00000134b57d9c78]
Event: 9.722 Thread 0x00000134ca573000 2217       3       jdk.internal.org.objectweb.asm.MethodVisitor::visitFieldInsn (20 bytes)
Event: 9.723 Thread 0x00000134ca573000 nmethod 2217 0x00000134b57d9d90 code [0x00000134b57d9f60, 0x00000134b57da1b0]
Event: 9.728 Thread 0x00000134ca573000 2218       3       javafx.beans.property.BooleanProperty::<init> (5 bytes)
Event: 9.729 Thread 0x00000134ca573000 nmethod 2218 0x00000134b57da290 code [0x00000134b57da460, 0x00000134b57da6d8]
Event: 9.729 Thread 0x00000134ca573000 2219       3       jdk.internal.org.objectweb.asm.FieldWriter::visitEnd (1 bytes)
Event: 9.729 Thread 0x00000134ca573000 nmethod 2219 0x00000134b57da810 code [0x00000134b57da9c0, 0x00000134b57dab18]
Event: 9.730 Thread 0x00000134ca573000 2220       3       jdk.internal.org.objectweb.asm.FieldVisitor::<init> (35 bytes)
Event: 9.730 Thread 0x00000134ca573000 nmethod 2220 0x00000134b57dab90 code [0x00000134b57dad60, 0x00000134b57db0b0]

GC Heap History (6 events):
Event: 5.227 GC heap before
{Heap before GC invocations=0 (full 0):
 garbage-first heap   total 86016K, used 16384K [0x00000000ac600000, 0x0000000100000000)
  region size 1024K, 14 young (14336K), 0 survivors (0K)
 Metaspace       used 15844K, capacity 16230K, committed 16384K, reserved 1062912K
  class space    used 1773K, capacity 1946K, committed 2048K, reserved 1048576K
}
Event: 5.247 GC heap after
{Heap after GC invocations=1 (full 0):
 garbage-first heap   total 86016K, used 6050K [0x00000000ac600000, 0x0000000100000000)
  region size 1024K, 2 young (2048K), 2 survivors (2048K)
 Metaspace       used 15844K, capacity 16230K, committed 16384K, reserved 1062912K
  class space    used 1773K, capacity 1946K, committed 2048K, reserved 1048576K
}
Event: 5.480 GC heap before
{Heap before GC invocations=1 (full 0):
 garbage-first heap   total 86016K, used 10146K [0x00000000ac600000, 0x0000000100000000)
  region size 1024K, 4 young (4096K), 2 survivors (2048K)
 Metaspace       used 16935K, capacity 17385K, committed 17536K, reserved 1064960K
  class space    used 1961K, capacity 2159K, committed 2176K, reserved 1048576K
}
Event: 5.494 GC heap after
{Heap after GC invocations=2 (full 0):
 garbage-first heap   total 86016K, used 9174K [0x00000000ac600000, 0x0000000100000000)
  region size 1024K, 1 young (1024K), 1 survivors (1024K)
 Metaspace       used 16935K, capacity 17385K, committed 17536K, reserved 1064960K
  class space    used 1961K, capacity 2159K, committed 2176K, reserved 1048576K
}
Event: 6.495 GC heap before
{Heap before GC invocations=2 (full 0):
 garbage-first heap   total 86016K, used 19414K [0x00000000ac600000, 0x0000000100000000)
  region size 1024K, 12 young (12288K), 1 survivors (1024K)
 Metaspace       used 20648K, capacity 21130K, committed 21296K, reserved 1069056K
  class space    used 2411K, capacity 2665K, committed 2688K, reserved 1048576K
}
Event: 6.508 GC heap after
{Heap after GC invocations=3 (full 0):
 garbage-first heap   total 86016K, used 12340K [0x00000000ac600000, 0x0000000100000000)
  region size 1024K, 3 young (3072K), 3 survivors (3072K)
 Metaspace       used 20648K, capacity 21130K, committed 21296K, reserved 1069056K
  class space    used 2411K, capacity 2665K, committed 2688K, reserved 1048576K
}

Deoptimization events (10 events):
Event: 8.499 Thread 0x00000134d744c000 Uncommon trap: reason=unstable_if action=reinterpret pc=0x00000134bc9315b8 method=java.lang.String.<init>([CIILjava/lang/Void;)V @ 43 c2
Event: 8.539 Thread 0x00000134d744c000 Uncommon trap: reason=unstable_if action=reinterpret pc=0x00000134bc92fa7c method=java.util.Arrays.equals([Ljava/lang/Object;[Ljava/lang/Object;)Z @ 23 c2
Event: 8.542 Thread 0x00000134d744c000 Uncommon trap: reason=unstable_if action=reinterpret pc=0x00000134bc92d020 method=java.util.Arrays.equals([Ljava/lang/Object;[Ljava/lang/Object;)Z @ 23 c2
Event: 9.131 Thread 0x00000134d744c000 Uncommon trap: reason=unstable_if action=reinterpret pc=0x00000134bc9211b0 method=java.util.HashMap.hash(Ljava/lang/Object;)I @ 1 c2
Event: 9.136 Thread 0x00000134d744c000 Uncommon trap: reason=unstable_if action=reinterpret pc=0x00000134bc92162c method=java.util.HashMap.hash(Ljava/lang/Object;)I @ 1 c2
Event: 9.360 Thread 0x00000134d744c000 Uncommon trap: reason=class_check action=maybe_recompile pc=0x00000134bc8c754c method=java.lang.String.equals(Ljava/lang/Object;)Z @ 8 c2
Event: 9.360 Thread 0x00000134d744c000 Uncommon trap: reason=class_check action=maybe_recompile pc=0x00000134bc8c754c method=java.lang.String.equals(Ljava/lang/Object;)Z @ 8 c2
Event: 9.361 Thread 0x00000134d744c000 Uncommon trap: reason=class_check action=maybe_recompile pc=0x00000134bc8c754c method=java.lang.String.equals(Ljava/lang/Object;)Z @ 8 c2
Event: 9.364 Thread 0x00000134d744c000 Uncommon trap: reason=class_check action=maybe_recompile pc=0x00000134bc8c754c method=java.lang.String.equals(Ljava/lang/Object;)Z @ 8 c2
Event: 9.638 Thread 0x00000134d744c000 Uncommon trap: reason=unstable_if action=reinterpret pc=0x00000134bc987df4 method=java.lang.ClassLoader.checkName(Ljava/lang/String;)Z @ 20 c2

Classes redefined (0 events):
No events

Internal exceptions (10 events):
Event: 8.757 Thread 0x00000134d744c000 Exception <a 'java/lang/NoSuchMethodError'{0x00000000b09f8ee8}: method resolution failed> (0x00000000b09f8ee8) thrown at [t:/workspace/open/src/hotspot/share/prims/methodHandles.cpp, line 1226]
Event: 9.079 Thread 0x00000134d744c000 Exception <a 'java/io/FileNotFoundException'{0x00000000b05f7bc8}> (0x00000000b05f7bc8) thrown at [t:/workspace/open/src/hotspot/share/prims/jni.cpp, line 611]
Event: 9.131 Thread 0x00000134d744c000 Implicit null exception at 0x00000134bc920ff5 to 0x00000134bc92119e
Event: 9.136 Thread 0x00000134d744c000 Implicit null exception at 0x00000134bc9215af to 0x00000134bc92161d
Event: 9.257 Thread 0x00000134d744c000 Exception <a 'java/lang/NoSuchMethodError'{0x00000000b04d2c80}: method resolution failed> (0x00000000b04d2c80) thrown at [t:/workspace/open/src/hotspot/share/prims/methodHandles.cpp, line 1226]
Event: 9.411 Thread 0x00000134d744c000 Exception <a 'java/lang/IncompatibleClassChangeError'{0x00000000b0371158}: Found class java.lang.Object, but interface was expected> (0x00000000b0371158) thrown at [t:/workspace/open/src/hotspot/share/interpreter/linkResolver.cpp, line 807]
Event: 9.621 Thread 0x00000134d744c000 Exception <a 'java/lang/NoSuchMethodError'{0x00000000b0116c80}: java.lang.Object.lambda$andThen$0(Ljava/util/function/Consumer;Ljava/lang/Object;)V> (0x00000000b0116c80) thrown at [t:/workspace/open/src/hotspot/share/interpreter/linkResolver.cpp, line 741
Event: 9.639 Thread 0x00000134d744c000 Exception <a 'java/lang/ClassNotFoundException'{0x00000000b012f030}: com/sun/javafx/scene/control/skin/resources/controls> (0x00000000b012f030) thrown at [t:/workspace/open/src/hotspot/share/prims/jni.cpp, line 632]
Event: 9.641 Thread 0x00000134d744c000 Exception <a 'java/lang/ClassNotFoundException'{0x00000000b013d090}: com/sun/javafx/scene/control/skin/resources/controls_fr> (0x00000000b013d090) thrown at [t:/workspace/open/src/hotspot/share/prims/jni.cpp, line 632]
Event: 9.660 Thread 0x00000134d744c000 Exception <a 'java/lang/ClassNotFoundException'{0x00000000b014b400}: com/sun/javafx/scene/control/skin/resources/controls_fr_FR> (0x00000000b014b400) thrown at [t:/workspace/open/src/hotspot/share/prims/jni.cpp, line 632]

Events (10 events):
Event: 9.732 loading class com/sun/javafx/scene/control/behavior/ListViewBehavior
Event: 9.732 loading class com/sun/javafx/scene/control/behavior/ListViewBehavior done
Event: 9.732 loading class javafx/scene/input/KeyEvent
Event: 9.732 loading class javafx/scene/input/KeyEvent done
Event: 9.732 loading class com/sun/javafx/scene/control/behavior/ListViewBehavior
Event: 9.732 loading class com/sun/javafx/scene/control/behavior/ListViewBehavior done
Event: 9.733 loading class javafx/scene/input/KeyEvent
Event: 9.733 loading class javafx/scene/input/KeyEvent done
Event: 9.733 loading class com/sun/javafx/scene/control/behavior/ListViewBehavior
Event: 9.733 loading class com/sun/javafx/scene/control/behavior/ListViewBehavior done


Dynamic libraries:
0x00007ff7c9b50000 - 0x00007ff7c9b8e000 	C:\DEV\java\jdk\jdk10\bin\javaw.exe
0x00007ffc4b590000 - 0x00007ffc4b771000 	C:\WINDOWS\SYSTEM32\ntdll.dll
0x00007ffc493d0000 - 0x00007ffc49481000 	C:\WINDOWS\System32\KERNEL32.DLL
0x00007ffc48410000 - 0x00007ffc48683000 	C:\WINDOWS\System32\KERNELBASE.dll
0x00007ffc4b2a0000 - 0x00007ffc4b341000 	C:\WINDOWS\System32\ADVAPI32.dll
0x00007ffc49c50000 - 0x00007ffc49cee000 	C:\WINDOWS\System32\msvcrt.dll
0x00007ffc49830000 - 0x00007ffc4988b000 	C:\WINDOWS\System32\sechost.dll
0x00007ffc48b00000 - 0x00007ffc48c24000 	C:\WINDOWS\System32\RPCRT4.dll
0x00007ffc49240000 - 0x00007ffc493d0000 	C:\WINDOWS\System32\USER32.dll
0x00007ffc482e0000 - 0x00007ffc48300000 	C:\WINDOWS\System32\win32u.dll
0x00007ffc49210000 - 0x00007ffc49238000 	C:\WINDOWS\System32\GDI32.dll
0x00007ffc48880000 - 0x00007ffc48a12000 	C:\WINDOWS\System32\gdi32full.dll
0x00007ffc48240000 - 0x00007ffc482df000 	C:\WINDOWS\System32\msvcp_win.dll
0x00007ffc480f0000 - 0x00007ffc481e8000 	C:\WINDOWS\System32\ucrtbase.dll
0x00007ffc38610000 - 0x00007ffc38879000 	C:\WINDOWS\WinSxS\amd64_microsoft.windows.common-controls_6595b64144ccf1df_6.0.17134.765_none_fb42a1a930655896\COMCTL32.dll
0x00007ffc498f0000 - 0x00007ffc49c12000 	C:\WINDOWS\System32\combase.dll
0x00007ffc48070000 - 0x00007ffc480ea000 	C:\WINDOWS\System32\bcryptPrimitives.dll
0x00007ffc414d0000 - 0x00007ffc414da000 	C:\WINDOWS\SYSTEM32\VERSION.dll
0x00007ffc49c20000 - 0x00007ffc49c4d000 	C:\WINDOWS\System32\IMM32.DLL
0x00007ffc233d0000 - 0x00007ffc234bf000 	C:\DEV\java\jdk\jdk10\bin\msvcr120.dll
0x00007ffc23640000 - 0x00007ffc236e6000 	C:\DEV\java\jdk\jdk10\bin\msvcp120.dll
0x0000000058c40000 - 0x00000000596b0000 	C:\DEV\java\jdk\jdk10\bin\server\jvm.dll
0x00007ffc4b4f0000 - 0x00007ffc4b4f8000 	C:\WINDOWS\System32\PSAPI.DLL
0x00007ffc318d0000 - 0x00007ffc318d9000 	C:\WINDOWS\SYSTEM32\WSOCK32.dll
0x00007ffc49120000 - 0x00007ffc4918c000 	C:\WINDOWS\System32\WS2_32.dll
0x00007ffc45b40000 - 0x00007ffc45b63000 	C:\WINDOWS\SYSTEM32\WINMM.dll
0x00007ffc45b10000 - 0x00007ffc45b3a000 	C:\WINDOWS\SYSTEM32\WINMMBASE.dll
0x00007ffc481f0000 - 0x00007ffc48239000 	C:\WINDOWS\System32\cfgmgr32.dll
0x00007ffc45a50000 - 0x00007ffc45a5f000 	C:\DEV\java\jdk\jdk10\bin\verify.dll
0x00007ffc375f0000 - 0x00007ffc377b9000 	C:\WINDOWS\SYSTEM32\DBGHELP.DLL
0x00007ffc375c0000 - 0x00007ffc375e9000 	C:\WINDOWS\SYSTEM32\dbgcore.DLL
0x00007ffc459f0000 - 0x00007ffc45a17000 	C:\DEV\java\jdk\jdk10\bin\java.dll
0x00007ffc437d0000 - 0x00007ffc437e6000 	C:\DEV\java\jdk\jdk10\bin\zip.dll
0x00007ffc45a40000 - 0x00007ffc45a4a000 	C:\DEV\java\jdk\jdk10\bin\jimage.dll
0x00007ffc49de0000 - 0x00007ffc4b220000 	C:\WINDOWS\System32\SHELL32.dll
0x00007ffc49620000 - 0x00007ffc496c9000 	C:\WINDOWS\System32\shcore.dll
0x00007ffc47960000 - 0x00007ffc4806d000 	C:\WINDOWS\System32\windows.storage.dll
0x00007ffc4b500000 - 0x00007ffc4b551000 	C:\WINDOWS\System32\shlwapi.dll
0x00007ffc478d0000 - 0x00007ffc478e1000 	C:\WINDOWS\System32\kernel.appcore.dll
0x00007ffc478b0000 - 0x00007ffc478cf000 	C:\WINDOWS\System32\profapi.dll
0x00007ffc47910000 - 0x00007ffc4795c000 	C:\WINDOWS\System32\powrprof.dll
0x00007ffc478a0000 - 0x00007ffc478aa000 	C:\WINDOWS\System32\FLTLIB.DLL
0x00007ffc41780000 - 0x00007ffc4179a000 	C:\dev\Java\jdk\jdk10\bin\net.dll
0x00007ffc3ecc0000 - 0x00007ffc3ed9d000 	C:\WINDOWS\SYSTEM32\WINHTTP.dll
0x00007ffc470c0000 - 0x00007ffc47126000 	C:\WINDOWS\system32\mswsock.dll
0x00007ffc41760000 - 0x00007ffc41771000 	C:\dev\Java\jdk\jdk10\bin\nio.dll
0x00000134a8050000 - 0x00000134a8053000 	C:\dev\Java\jdk\jdk10\bin\api-ms-win-core-console-l1-1-0.dll
0x00000134d63f0000 - 0x00000134d63f3000 	C:\dev\Java\jdk\jdk10\bin\api-ms-win-core-datetime-l1-1-0.dll
0x00000134d6400000 - 0x00000134d6403000 	C:\dev\Java\jdk\jdk10\bin\api-ms-win-core-debug-l1-1-0.dll
0x00000134d6410000 - 0x00000134d6413000 	C:\dev\Java\jdk\jdk10\bin\api-ms-win-core-errorhandling-l1-1-0.dll
0x00000134d6420000 - 0x00000134d6424000 	C:\dev\Java\jdk\jdk10\bin\api-ms-win-core-file-l1-1-0.dll
0x00000134d6430000 - 0x00000134d6433000 	C:\dev\Java\jdk\jdk10\bin\api-ms-win-core-file-l1-2-0.dll
0x00000134d6440000 - 0x00000134d6443000 	C:\dev\Java\jdk\jdk10\bin\api-ms-win-core-file-l2-1-0.dll
0x00000134d6450000 - 0x00000134d6453000 	C:\dev\Java\jdk\jdk10\bin\api-ms-win-core-handle-l1-1-0.dll
0x00000134d6460000 - 0x00000134d6463000 	C:\dev\Java\jdk\jdk10\bin\api-ms-win-core-heap-l1-1-0.dll
0x00000134d6470000 - 0x00000134d6473000 	C:\dev\Java\jdk\jdk10\bin\api-ms-win-core-interlocked-l1-1-0.dll
0x00000134d6480000 - 0x00000134d6483000 	C:\dev\Java\jdk\jdk10\bin\api-ms-win-core-libraryloader-l1-1-0.dll
0x00000134d6490000 - 0x00000134d6493000 	C:\dev\Java\jdk\jdk10\bin\api-ms-win-core-localization-l1-2-0.dll
0x00000134d64a0000 - 0x00000134d64a3000 	C:\dev\Java\jdk\jdk10\bin\api-ms-win-core-memory-l1-1-0.dll
0x00000134d64b0000 - 0x00000134d64b3000 	C:\dev\Java\jdk\jdk10\bin\api-ms-win-core-namedpipe-l1-1-0.dll
0x00000134d64c0000 - 0x00000134d64c3000 	C:\dev\Java\jdk\jdk10\bin\api-ms-win-core-processenvironment-l1-1-0.dll
0x00000134d64d0000 - 0x00000134d64d3000 	C:\dev\Java\jdk\jdk10\bin\api-ms-win-core-processthreads-l1-1-0.dll
0x00000134d64e0000 - 0x00000134d64e3000 	C:\dev\Java\jdk\jdk10\bin\api-ms-win-core-processthreads-l1-1-1.dll
0x00000134d64f0000 - 0x00000134d64f3000 	C:\dev\Java\jdk\jdk10\bin\api-ms-win-core-profile-l1-1-0.dll
0x00000134d6500000 - 0x00000134d6503000 	C:\dev\Java\jdk\jdk10\bin\api-ms-win-core-rtlsupport-l1-1-0.dll
0x00000134d6510000 - 0x00000134d6513000 	C:\dev\Java\jdk\jdk10\bin\api-ms-win-core-string-l1-1-0.dll
0x00000134d6520000 - 0x00000134d6523000 	C:\dev\Java\jdk\jdk10\bin\api-ms-win-core-synch-l1-1-0.dll
0x00000134d6530000 - 0x00000134d6533000 	C:\dev\Java\jdk\jdk10\bin\api-ms-win-core-synch-l1-2-0.dll
0x00000134d6540000 - 0x00000134d6543000 	C:\dev\Java\jdk\jdk10\bin\api-ms-win-core-sysinfo-l1-1-0.dll
0x00000134d6550000 - 0x00000134d6553000 	C:\dev\Java\jdk\jdk10\bin\api-ms-win-core-timezone-l1-1-0.dll
0x00000134d6560000 - 0x00000134d6563000 	C:\dev\Java\jdk\jdk10\bin\api-ms-win-core-util-l1-1-0.dll
0x00000134d6570000 - 0x00000134d6573000 	C:\dev\Java\jdk\jdk10\bin\api-ms-win-crt-conio-l1-1-0.dll
0x00000134d6580000 - 0x00000134d6584000 	C:\dev\Java\jdk\jdk10\bin\api-ms-win-crt-convert-l1-1-0.dll
0x00000134d6590000 - 0x00000134d6593000 	C:\dev\Java\jdk\jdk10\bin\api-ms-win-crt-environment-l1-1-0.dll
0x00000134d65a0000 - 0x00000134d65a3000 	C:\dev\Java\jdk\jdk10\bin\api-ms-win-crt-filesystem-l1-1-0.dll
0x00000134d65b0000 - 0x00000134d65b3000 	C:\dev\Java\jdk\jdk10\bin\api-ms-win-crt-heap-l1-1-0.dll
0x00000134d65c0000 - 0x00000134d65c3000 	C:\dev\Java\jdk\jdk10\bin\api-ms-win-crt-locale-l1-1-0.dll
0x00000134d65d0000 - 0x00000134d65d5000 	C:\dev\Java\jdk\jdk10\bin\api-ms-win-crt-math-l1-1-0.dll
0x00000134d65e0000 - 0x00000134d65e5000 	C:\dev\Java\jdk\jdk10\bin\api-ms-win-crt-multibyte-l1-1-0.dll
0x00000134d65f0000 - 0x00000134d6600000 	C:\dev\Java\jdk\jdk10\bin\api-ms-win-crt-private-l1-1-0.dll
0x00000134d6600000 - 0x00000134d6603000 	C:\dev\Java\jdk\jdk10\bin\api-ms-win-crt-process-l1-1-0.dll
0x00000134d6610000 - 0x00000134d6614000 	C:\dev\Java\jdk\jdk10\bin\api-ms-win-crt-runtime-l1-1-0.dll
0x00000134d6620000 - 0x00000134d6624000 	C:\dev\Java\jdk\jdk10\bin\api-ms-win-crt-stdio-l1-1-0.dll
0x00000134d6630000 - 0x00000134d6634000 	C:\dev\Java\jdk\jdk10\bin\api-ms-win-crt-string-l1-1-0.dll
0x00000134d6640000 - 0x00000134d6643000 	C:\dev\Java\jdk\jdk10\bin\api-ms-win-crt-time-l1-1-0.dll
0x00000134d6650000 - 0x00000134d6653000 	C:\dev\Java\jdk\jdk10\bin\api-ms-win-crt-utility-l1-1-0.dll
0x00007ffc212b0000 - 0x00007ffc213a6000 	C:\dev\Java\jdk\jdk10\bin\ucrtbase.dll
0x00007ffc32290000 - 0x00007ffc322a6000 	C:\dev\Java\jdk\jdk10\bin\vcruntime140.dll
0x00007ffc22dc0000 - 0x00007ffc22e5c000 	C:\dev\Java\jdk\jdk10\bin\msvcp140.dll
0x00007ffc2b550000 - 0x00007ffc2b5a1000 	C:\dev\Java\jdk\jdk10\bin\concrt140.dll
0x00007ffc24b10000 - 0x00007ffc24b33000 	C:\dev\Java\jdk\jdk10\bin\prism_d3d.dll
0x00007ffc2c890000 - 0x00007ffc2ca27000 	C:\WINDOWS\system32\d3d9.dll
0x00007ffc46040000 - 0x00007ffc46069000 	C:\WINDOWS\SYSTEM32\dwmapi.dll
0x00007ffc45de0000 - 0x00007ffc45e78000 	C:\WINDOWS\system32\uxtheme.dll
0x00007ffc41500000 - 0x00007ffc41664000 	C:\WINDOWS\SYSTEM32\aticfx64.dll
0x00007ffc334b0000 - 0x00007ffc334d1000 	C:\WINDOWS\SYSTEM32\atiu9p64.dll
0x00007ffc23f80000 - 0x00007ffc247d9000 	C:\WINDOWS\SYSTEM32\atiumd64.dll
0x0000000057940000 - 0x00000000581c8000 	C:\WINDOWS\SYSTEM32\atiumd6a.dll
0x00007ffc23870000 - 0x00007ffc238ba000 	C:\dev\Java\jdk\jdk10\bin\glass.dll
0x00007ffc49cf0000 - 0x00007ffc49ddd000 	C:\WINDOWS\System32\COMDLG32.dll
0x00007ffc496d0000 - 0x00007ffc49821000 	C:\WINDOWS\System32\ole32.dll
0x00007ffc48a20000 - 0x00007ffc48ae2000 	C:\WINDOWS\System32\OLEAUT32.dll
0x00007ffc494a0000 - 0x00007ffc49613000 	C:\WINDOWS\System32\MSCTF.dll
0x00007ffc22960000 - 0x00007ffc22979000 	C:\Program Files (x86)\Smadav\SmadHook64.dll
0x00007ffc30350000 - 0x00007ffc30364000 	C:\dev\Java\jdk\jdk10\bin\javafx_font.dll
0x00007ffc20a30000 - 0x00007ffc20bcb000 	C:\dev\Java\jdk\jdk10\bin\awt.dll
0x00007ffc445c0000 - 0x00007ffc44b87000 	C:\WINDOWS\SYSTEM32\d2d1.dll
0x00007ffc45c30000 - 0x00007ffc45cbb000 	C:\WINDOWS\SYSTEM32\apphelp.dll
0x00007ffc226e0000 - 0x00007ffc22745000 	C:\dev\Java\jdk\jdk10\bin\fontmanager.dll
0x00007ffc3fe20000 - 0x00007ffc4013c000 	C:\WINDOWS\SYSTEM32\dwrite.dll
0x00007ffc24ae0000 - 0x00007ffc24b03000 	C:\dev\Java\jdk\jdk10\bin\javafx_iio.dll
0x00007ffc3eb40000 - 0x00007ffc3eb49000 	C:\dev\Java\jdk\jdk10\bin\management.dll
0x00007ffc3c7d0000 - 0x00007ffc3c7da000 	C:\dev\Java\jdk\jdk10\bin\management_ext.dll
0x00007ffc46e80000 - 0x00007ffc46f3e000 	C:\WINDOWS\SYSTEM32\DNSAPI.dll
0x00007ffc49490000 - 0x00007ffc49498000 	C:\WINDOWS\System32\NSI.dll
0x00007ffc46e40000 - 0x00007ffc46e78000 	C:\WINDOWS\SYSTEM32\IPHLPAPI.DLL
0x00007ffc3ab70000 - 0x00007ffc3ab7a000 	C:\Windows\System32\rasadhlp.dll
0x00007ffc3b6c0000 - 0x00007ffc3b732000 	C:\WINDOWS\System32\fwpuclnt.dll
0x00007ffc473a0000 - 0x00007ffc473c5000 	C:\WINDOWS\SYSTEM32\bcrypt.dll
0x00007ffc31ae0000 - 0x00007ffc31af6000 	C:\WINDOWS\system32\napinsp.dll
0x00007ffc30c10000 - 0x00007ffc30c2a000 	C:\WINDOWS\system32\pnrpnsp.dll
0x00007ffc3c680000 - 0x00007ffc3c699000 	C:\WINDOWS\system32\NLAapi.dll
0x00007ffc45bd0000 - 0x00007ffc45bde000 	C:\WINDOWS\System32\winrnr.dll
0x00007ffc3e2c0000 - 0x00007ffc3e2d5000 	C:\WINDOWS\System32\wshbth.dll
0x00007ffc47280000 - 0x00007ffc47297000 	C:\WINDOWS\SYSTEM32\CRYPTSP.dll
0x00007ffc46ca0000 - 0x00007ffc46cd3000 	C:\WINDOWS\system32\rsaenh.dll
0x00007ffc477a0000 - 0x00007ffc477c8000 	C:\WINDOWS\SYSTEM32\USERENV.dll
0x00007ffc47270000 - 0x00007ffc4727b000 	C:\WINDOWS\SYSTEM32\CRYPTBASE.dll

dbghelp: loaded successfully - version: 4.0.5 - missing functions: none
symbol engine: initialized successfully - sym options: 0x614 - pdb path: .;C:\DEV\java\jdk\jdk10\bin;C:\WINDOWS\SYSTEM32;C:\WINDOWS\WinSxS\amd64_microsoft.windows.common-controls_6595b64144ccf1df_6.0.17134.765_none_fb42a1a930655896;C:\DEV\java\jdk\jdk10\bin\server;C:\Program Files (x86)\Smadav;C:\Program Files\Common Files\Microsoft Shared\Ink

VM Arguments:
jvm_args: -Dfile.encoding=UTF-8 
java_command: projet.MainProjet
java_class_path (initial): C:\Users\Ce\Desktop\Java_Framework\projet\bin;C:\Users\Ce\Desktop\Java_Framework\Framework-3iL\bin;C:\Users\Ce\Desktop\Java_Framework\~libraries\JDBC Drivers\ojdbc8.jar;C:\Users\Ce\Desktop\Java_Framework\~libraries\mapstruct-1.3\mapstruct-1.3.0.Final.jar
Launcher Type: SUN_STANDARD

Logging:
Log output configuration:
#0: stdout all=warning uptime,level,tags
#1: stderr all=off uptime,level,tags

Environment Variables:
PATH=C:/dev/java/jdk/jdk10/bin/server;C:/dev/java/jdk/jdk10/bin;C:\oraclexe\app\oracle\product\11.2.0\server\bin;C:\Program Files (x86)\Common Files\Oracle\Java\javapath;C:\ProgramData\Oracle\Java\javapath;C:\WINDOWS\system32;C:\WINDOWS;C:\WINDOWS\System32\Wbem;C:\WINDOWS\System32\WindowsPowerShell\v1.0\;C:\WINDOWS\System32\OpenSSH\;C:\Program Files\dotnet\;C:\Program Files\Microsoft SQL Server\130\Tools\Binn\;C:\Program Files\nodejs\;C:\Program Files\MATLAB\R2019a\bin;C:\Users\Ce\AppData\Local\Microsoft\WindowsApps;C:\Users\Ce\AppData\Roaming\npm;C:\dev\Java\eclipse-4.10-java;
USERNAME=Ce
OS=Windows_NT
PROCESSOR_IDENTIFIER=AMD64 Family 21 Model 19 Stepping 1, AuthenticAMD



---------------  S Y S T E M  ---------------

OS: Windows 10 , 64 bit Build 17134 (10.0.17134.753)

CPU:total 4 (initial active 4) (4 cores per cpu, 1 threads per core) family 21 model 19 stepping 1, cmov, cx8, fxsr, mmx, sse, sse2, sse3, ssse3, sse4.1, sse4.2, popcnt, avx, aes, clmul, mmxext, 3dnowpref, lzcnt, sse4a, tsc, tscinvbit, tscinv, bmi1, fma

Memory: 4k page, physical 5472624k(1342604k free), swap 5996912k(3980k free)

vm_info: Java HotSpot(TM) 64-Bit Server VM (10.0.2+13) for windows-amd64 JRE (10.0.2+13), built on Jun 28 2018 01:57:56 by "mach5one" with MS VC++ 12.0 (VS2013)

END.
