#
# There is insufficient memory for the Java Runtime Environment to continue.
# Native memory allocation (malloc) failed to allocate 2066576 bytes for Chunk::new
# Possible reasons:
#   The system is out of physical RAM or swap space
#   The process is running with CompressedOops enabled, and the Java Heap may be blocking the growth of the native heap
# Possible solutions:
#   Reduce memory load on the system
#   Increase physical memory or swap space
#   Check if swap backing store is full
#   Decrease Java heap size (-Xmx/-Xms)
#   Decrease number of Java threads
#   Decrease Java thread stack sizes (-Xss)
#   Set larger code cache with -XX:ReservedCodeCacheSize=
#   JVM is running with Unscaled Compressed Oops mode in which the Java heap is
#     placed in the first 4GB address space. The Java Heap base address is the
#     maximum limit for the native heap growth. Please use -XX:HeapBaseMinAddress
#     to set the Java Heap base and to place the Java Heap above 4GB virtual address.
# This output file may be truncated or incomplete.
#
#  Out of Memory Error (t:/workspace/open/src/hotspot/share/memory/arena.cpp:198), pid=12644, tid=7252
#
# JRE version: Java(TM) SE Runtime Environment (10.0.2+13) (build 10.0.2+13)
# Java VM: Java HotSpot(TM) 64-Bit Server VM (10.0.2+13, mixed mode, tiered, compressed oops, g1 gc, windows-amd64)
# No core dump will be written. Minidumps are not enabled by default on client versions of Windows
#

---------------  S U M M A R Y ------------

Command Line: -Dfile.encoding=UTF-8 projet.MainProjet

Host: AMD A10-5745M APU with Radeon(tm) HD Graphics  , 4 cores, 5G,  Windows 10 , 64 bit Build 17134 (10.0.17134.753)
Time: Sat Jun 08 14:54:10 2019 Paris, Madrid (heure d?été) elapsed time: 5 seconds (0d 0h 0m 5s)

---------------  T H R E A D  ---------------

Current thread (0x000001efeceb5800):  JavaThread "C2 CompilerThread0" daemon [_thread_in_native, id=7252, stack(0x0000004cf6b00000,0x0000004cf6c00000)]


Current CompileTask:
C2:   5034 2587       4       java.lang.invoke.MethodType::makeImpl (108 bytes)

Stack: [0x0000004cf6b00000,0x0000004cf6c00000]
Native frames: (J=compiled Java code, j=interpreted, Vv=VM code, C=native code)
V  [jvm.dll+0x5a01a9]
V  [jvm.dll+0x6bcf31]
V  [jvm.dll+0x6be126]
V  [jvm.dll+0x6be7b3]
V  [jvm.dll+0x234978]
V  [jvm.dll+0xbb69c]
V  [jvm.dll+0xbbbac]
V  [jvm.dll+0x34be98]
V  [jvm.dll+0x3110aa]
V  [jvm.dll+0x31063a]
V  [jvm.dll+0x1ffe91]
V  [jvm.dll+0x1ff116]
V  [jvm.dll+0x17c94b]
V  [jvm.dll+0x20c8dd]
V  [jvm.dll+0x20b6a6]
V  [jvm.dll+0x68b7ff]
V  [jvm.dll+0x59f4b0]
C  [msvcr120.dll+0x24f7f]
C  [msvcr120.dll+0x25126]
C  [KERNEL32.DLL+0x14034]
C  [ntdll.dll+0x73691]


---------------  P R O C E S S  ---------------

Threads class SMR info:
_java_thread_list=0x000001effa75b040, length=22, elements={
0x000001efccc6e800, 0x000001efece53000, 0x000001efece5e000, 0x000001efecea9800,
0x000001efeceaa800, 0x000001efeceb5800, 0x000001efeceb8000, 0x000001efecec1800,
0x000001efececb800, 0x000001efed1bf000, 0x000001efed1c3800, 0x000001eff8755000,
0x000001eff87b8000, 0x000001eff9ac0000, 0x000001eff9c20800, 0x000001eff9c1f000,
0x000001eff9c1f800, 0x000001eff9c21000, 0x000001eff9c1e000, 0x000001eff9c1c800,
0x000001eff9c1d800, 0x000001eff9c22000
}

Java Threads: ( => current thread )
  0x000001efccc6e800 JavaThread "main" [_thread_blocked, id=10548, stack(0x0000004cf5a00000,0x0000004cf5b00000)]
  0x000001efece53000 JavaThread "Reference Handler" daemon [_thread_blocked, id=13032, stack(0x0000004cf6700000,0x0000004cf6800000)]
  0x000001efece5e000 JavaThread "Finalizer" daemon [_thread_blocked, id=7444, stack(0x0000004cf6800000,0x0000004cf6900000)]
  0x000001efecea9800 JavaThread "Signal Dispatcher" daemon [_thread_blocked, id=12188, stack(0x0000004cf6900000,0x0000004cf6a00000)]
  0x000001efeceaa800 JavaThread "Attach Listener" daemon [_thread_blocked, id=6852, stack(0x0000004cf6a00000,0x0000004cf6b00000)]
=>0x000001efeceb5800 JavaThread "C2 CompilerThread0" daemon [_thread_in_native, id=7252, stack(0x0000004cf6b00000,0x0000004cf6c00000)]
  0x000001efeceb8000 JavaThread "C2 CompilerThread1" daemon [_thread_blocked, id=2500, stack(0x0000004cf6c00000,0x0000004cf6d00000)]
  0x000001efecec1800 JavaThread "C1 CompilerThread2" daemon [_thread_blocked, id=3552, stack(0x0000004cf6d00000,0x0000004cf6e00000)]
  0x000001efececb800 JavaThread "Sweeper thread" daemon [_thread_blocked, id=12408, stack(0x0000004cf6e00000,0x0000004cf6f00000)]
  0x000001efed1bf000 JavaThread "Service Thread" daemon [_thread_blocked, id=13728, stack(0x0000004cf6f00000,0x0000004cf7000000)]
  0x000001efed1c3800 JavaThread "Common-Cleaner" daemon [_thread_blocked, id=12100, stack(0x0000004cf7000000,0x0000004cf7100000)]
  0x000001eff8755000 JavaThread "JavaFX-Launcher" [_thread_blocked, id=7304, stack(0x0000004cf7200000,0x0000004cf7300000)]
  0x000001eff87b8000 JavaThread "QuantumRenderer-0" daemon [_thread_blocked, id=6440, stack(0x0000004cf7300000,0x0000004cf7400000)]
  0x000001eff9ac0000 JavaThread "InvokeLaterDispatcher" daemon [_thread_blocked, id=3304, stack(0x0000004cf7500000,0x0000004cf7600000)]
  0x000001eff9c20800 JavaThread "JavaFX Application Thread" [_thread_in_native, id=8128, stack(0x0000004cf7600000,0x0000004cf7700000)]
  0x000001eff9c1f000 JavaThread "Thread-2" daemon [_thread_in_native, id=11920, stack(0x0000004cf7d00000,0x0000004cf7e00000)]
  0x000001eff9c1f800 JavaThread "Java2D Disposer" daemon [_thread_blocked, id=3352, stack(0x0000004cf7e00000,0x0000004cf7f00000)]
  0x000001eff9c21000 JavaThread "Timer-0" daemon [_thread_blocked, id=13212, stack(0x0000004cf7f00000,0x0000004cf8000000)]
  0x000001eff9c1e000 JavaThread "oracle.jdbc.driver.BlockSource.ThreadedCachingBlockSource.BlockReleaser" daemon [_thread_blocked, id=11852, stack(0x0000004cf8000000,0x0000004cf8100000)]
  0x000001eff9c1c800 JavaThread "InterruptTimer" daemon [_thread_blocked, id=11108, stack(0x0000004cf8100000,0x0000004cf8200000)]
  0x000001eff9c1d800 JavaThread "Prism Font Disposer" daemon [_thread_blocked, id=9432, stack(0x0000004cf8300000,0x0000004cf8400000)]
  0x000001eff9c22000 JavaThread "Cleaner-0" daemon [_thread_blocked, id=12892, stack(0x0000004cf8400000,0x0000004cf8500000)]

Other Threads:
  0x000001efece4f800 VMThread "VM Thread" [stack: 0x0000004cf6600000,0x0000004cf6700000] [id=5812]
  0x000001efed1c4800 WatcherThread [stack: 0x0000004cf7100000,0x0000004cf7200000] [id=7692]
  0x000001efccc87800 GCTaskThread "GC Thread#0" [stack: 0x0000004cf5b00000,0x0000004cf5c00000] [id=13056]
  0x000001efccc89000 GCTaskThread "GC Thread#1" [stack: 0x0000004cf5c00000,0x0000004cf5d00000] [id=6536]
  0x000001efccc8b800 GCTaskThread "GC Thread#2" [stack: 0x0000004cf5d00000,0x0000004cf5e00000] [id=13704]
  0x000001efccc8f000 GCTaskThread "GC Thread#3" [stack: 0x0000004cf5e00000,0x0000004cf5f00000] [id=2260]
  0x000001efccce7800 ConcurrentGCThread "G1 Main Marker" [stack: 0x0000004cf5f00000,0x0000004cf6000000] [id=11348]
  0x000001efccced000 ConcurrentGCThread "G1 Conc#0" [stack: 0x0000004cf6000000,0x0000004cf6100000] [id=8660]
  0x000001efccd39800 ConcurrentGCThread "G1 Refine#0" [stack: 0x0000004cf6100000,0x0000004cf6200000] [id=7712]
  0x000001efccd3a000 ConcurrentGCThread "G1 Refine#1" [stack: 0x0000004cf6200000,0x0000004cf6300000] [id=5628]
  0x000001efccd3b000 ConcurrentGCThread "G1 Refine#2" [stack: 0x0000004cf6300000,0x0000004cf6400000] [id=7516]
  0x000001efccd3d800 ConcurrentGCThread "G1 Refine#3" [stack: 0x0000004cf6400000,0x0000004cf6500000] [id=6648]
  0x000001efccd40000 ConcurrentGCThread "G1 Young RemSet Sampling" [stack: 0x0000004cf6500000,0x0000004cf6600000] [id=14192]

Threads with active compile tasks:
C2 CompilerThread02587       4       java.lang.invoke.MethodType::makeImpl (108 bytes)

VM state:not at safepoint (normal execution)

VM Mutex/Monitor currently owned by a thread: None

Heap address: 0x00000000ac600000, size: 1338 MB, Compressed Oops mode: 32-bit
Narrow klass base: 0x0000000000000000, Narrow klass shift: 3
Compressed class space size: 1073741824 Address: 0x0000000100000000

Heap:
 garbage-first heap   total 103424K, used 19077K [0x00000000ac600000, 0x0000000100000000)
  region size 1024K, 3 young (3072K), 1 survivors (1024K)
 Metaspace       used 35249K, capacity 36256K, committed 36736K, reserved 1081344K
  class space    used 4492K, capacity 4967K, committed 4992K, reserved 1048576K
Heap Regions: E=young(eden), S=young(survivor), O=old, HS=humongous(starts), HC=humongous(continues), CS=collection set, F=free, A=archive, TS=gc time stamp, AC=allocation context, TAMS=top-at-mark-start (previous, next)
|   0|0x00000000ac600000, 0x00000000ac700000, 0x00000000ac700000|100%|HS|  |TS  0|AC  0|TAMS 0x00000000ac700000, 0x00000000ac700000|
|   1|0x00000000ac700000, 0x00000000ac800000, 0x00000000ac800000|100%|HC|  |TS  0|AC  0|TAMS 0x00000000ac800000, 0x00000000ac800000|
|   2|0x00000000ac800000, 0x00000000ac900000, 0x00000000ac900000|100%| O|  |TS  0|AC  0|TAMS 0x00000000ac900000, 0x00000000ac900000|
|   3|0x00000000ac900000, 0x00000000aca00000, 0x00000000aca00000|100%| O|  |TS  0|AC  0|TAMS 0x00000000aca00000, 0x00000000aca00000|
|   4|0x00000000aca00000, 0x00000000acb00000, 0x00000000acb00000|100%|HS|  |TS  0|AC  0|TAMS 0x00000000acb00000, 0x00000000acb00000|
|   5|0x00000000acb00000, 0x00000000acc00000, 0x00000000acc00000|100%|HC|  |TS  0|AC  0|TAMS 0x00000000acc00000, 0x00000000acc00000|
|   6|0x00000000acc00000, 0x00000000acd00000, 0x00000000acd00000|100%| O|  |TS  0|AC  0|TAMS 0x00000000acd00000, 0x00000000acd00000|
|   7|0x00000000acd00000, 0x00000000ace00000, 0x00000000ace00000|100%| O|  |TS  0|AC  0|TAMS 0x00000000ace00000, 0x00000000ace00000|
|   8|0x00000000ace00000, 0x00000000acf00000, 0x00000000acf00000|100%| O|  |TS  0|AC  0|TAMS 0x00000000acf00000, 0x00000000acf00000|
|   9|0x00000000acf00000, 0x00000000ad000000, 0x00000000ad000000|100%| O|  |TS  0|AC  0|TAMS 0x00000000ad000000, 0x00000000ad000000|
|  10|0x00000000ad000000, 0x00000000ad100000, 0x00000000ad100000|100%| O|  |TS  0|AC  0|TAMS 0x00000000ad100000, 0x00000000ad100000|
|  11|0x00000000ad100000, 0x00000000ad200000, 0x00000000ad200000|100%| O|  |TS  0|AC  0|TAMS 0x00000000ad200000, 0x00000000ad200000|
|  12|0x00000000ad200000, 0x00000000ad300000, 0x00000000ad300000|100%| O|  |TS  0|AC  0|TAMS 0x00000000ad300000, 0x00000000ad300000|
|  13|0x00000000ad300000, 0x00000000ad400000, 0x00000000ad400000|100%| O|  |TS  0|AC  0|TAMS 0x00000000ad400000, 0x00000000ad400000|
|  14|0x00000000ad400000, 0x00000000ad500000, 0x00000000ad500000|100%| O|  |TS  0|AC  0|TAMS 0x00000000ad500000, 0x00000000ad500000|
|  15|0x00000000ad500000, 0x00000000ad512a00, 0x00000000ad600000|  7%| O|  |TS  0|AC  0|TAMS 0x00000000ad512a00, 0x00000000ad512a00|
|  16|0x00000000ad600000, 0x00000000ad700000, 0x00000000ad700000|100%|HS|  |TS  0|AC  0|TAMS 0x00000000ad600000, 0x00000000ad600000|
|  17|0x00000000ad700000, 0x00000000ad800000, 0x00000000ad800000|100%|HC|  |TS  0|AC  0|TAMS 0x00000000ad700000, 0x00000000ad700000|
|  18|0x00000000ad800000, 0x00000000ad800000, 0x00000000ad900000|  0%| F|  |TS  0|AC  0|TAMS 0x00000000ad800000, 0x00000000ad800000|
|  19|0x00000000ad900000, 0x00000000ad900000, 0x00000000ada00000|  0%| F|  |TS  0|AC  0|TAMS 0x00000000ad900000, 0x00000000ad900000|
|  20|0x00000000ada00000, 0x00000000ada00000, 0x00000000adb00000|  0%| F|  |TS  0|AC  0|TAMS 0x00000000ada00000, 0x00000000ada00000|
|  21|0x00000000adb00000, 0x00000000adb00000, 0x00000000adc00000|  0%| F|  |TS  0|AC  0|TAMS 0x00000000adb00000, 0x00000000adb00000|
|  22|0x00000000adc00000, 0x00000000adc00000, 0x00000000add00000|  0%| F|  |TS  0|AC  0|TAMS 0x00000000adc00000, 0x00000000adc00000|
|  23|0x00000000add00000, 0x00000000add00000, 0x00000000ade00000|  0%| F|  |TS  0|AC  0|TAMS 0x00000000add00000, 0x00000000add00000|
|  24|0x00000000ade00000, 0x00000000ade00000, 0x00000000adf00000|  0%| F|  |TS  0|AC  0|TAMS 0x00000000ade00000, 0x00000000ade00000|
|  25|0x00000000adf00000, 0x00000000adf00000, 0x00000000ae000000|  0%| F|  |TS  0|AC  0|TAMS 0x00000000adf00000, 0x00000000adf00000|
|  26|0x00000000ae000000, 0x00000000ae000000, 0x00000000ae100000|  0%| F|  |TS  0|AC  0|TAMS 0x00000000ae000000, 0x00000000ae000000|
|  27|0x00000000ae100000, 0x00000000ae100000, 0x00000000ae200000|  0%| F|  |TS  0|AC  0|TAMS 0x00000000ae100000, 0x00000000ae100000|
|  28|0x00000000ae200000, 0x00000000ae200000, 0x00000000ae300000|  0%| F|  |TS  0|AC  0|TAMS 0x00000000ae200000, 0x00000000ae200000|
|  29|0x00000000ae300000, 0x00000000ae300000, 0x00000000ae400000|  0%| F|  |TS  0|AC  0|TAMS 0x00000000ae300000, 0x00000000ae300000|
|  30|0x00000000ae400000, 0x00000000ae400000, 0x00000000ae500000|  0%| F|  |TS  0|AC  0|TAMS 0x00000000ae400000, 0x00000000ae400000|
|  31|0x00000000ae500000, 0x00000000ae500000, 0x00000000ae600000|  0%| F|  |TS  0|AC  0|TAMS 0x00000000ae500000, 0x00000000ae500000|
|  32|0x00000000ae600000, 0x00000000ae600000, 0x00000000ae700000|  0%| F|  |TS  0|AC  0|TAMS 0x00000000ae600000, 0x00000000ae600000|
|  33|0x00000000ae700000, 0x00000000ae700000, 0x00000000ae800000|  0%| F|  |TS  0|AC  0|TAMS 0x00000000ae700000, 0x00000000ae700000|
|  34|0x00000000ae800000, 0x00000000ae800000, 0x00000000ae900000|  0%| F|  |TS  0|AC  0|TAMS 0x00000000ae800000, 0x00000000ae800000|
|  35|0x00000000ae900000, 0x00000000ae900000, 0x00000000aea00000|  0%| F|  |TS  0|AC  0|TAMS 0x00000000ae900000, 0x00000000ae900000|
|  36|0x00000000aea00000, 0x00000000aea00000, 0x00000000aeb00000|  0%| F|  |TS  0|AC  0|TAMS 0x00000000aea00000, 0x00000000aea00000|
|  37|0x00000000aeb00000, 0x00000000aeb00000, 0x00000000aec00000|  0%| F|  |TS  0|AC  0|TAMS 0x00000000aeb00000, 0x00000000aeb00000|
|  38|0x00000000aec00000, 0x00000000aec00000, 0x00000000aed00000|  0%| F|  |TS  0|AC  0|TAMS 0x00000000aec00000, 0x00000000aec00000|
|  39|0x00000000aed00000, 0x00000000aed00000, 0x00000000aee00000|  0%| F|  |TS  0|AC  0|TAMS 0x00000000aed00000, 0x00000000aed00000|
|  40|0x00000000aee00000, 0x00000000aee00000, 0x00000000aef00000|  0%| F|  |TS  0|AC  0|TAMS 0x00000000aee00000, 0x00000000aee00000|
|  41|0x00000000aef00000, 0x00000000aef00000, 0x00000000af000000|  0%| F|  |TS  0|AC  0|TAMS 0x00000000aef00000, 0x00000000aef00000|
|  42|0x00000000af000000, 0x00000000af000000, 0x00000000af100000|  0%| F|  |TS  0|AC  0|TAMS 0x00000000af000000, 0x00000000af000000|
|  43|0x00000000af100000, 0x00000000af100000, 0x00000000af200000|  0%| F|  |TS  0|AC  0|TAMS 0x00000000af100000, 0x00000000af100000|
|  44|0x00000000af200000, 0x00000000af200000, 0x00000000af300000|  0%| F|  |TS  0|AC  0|TAMS 0x00000000af200000, 0x00000000af200000|
|  45|0x00000000af300000, 0x00000000af300000, 0x00000000af400000|  0%| F|  |TS  0|AC  0|TAMS 0x00000000af300000, 0x00000000af300000|
|  46|0x00000000af400000, 0x00000000af400000, 0x00000000af500000|  0%| F|  |TS  0|AC  0|TAMS 0x00000000af400000, 0x00000000af400000|
|  47|0x00000000af500000, 0x00000000af500000, 0x00000000af600000|  0%| F|  |TS  0|AC  0|TAMS 0x00000000af500000, 0x00000000af500000|
|  48|0x00000000af600000, 0x00000000af600000, 0x00000000af700000|  0%| F|  |TS  0|AC  0|TAMS 0x00000000af600000, 0x00000000af600000|
|  49|0x00000000af700000, 0x00000000af700000, 0x00000000af800000|  0%| F|  |TS  0|AC  0|TAMS 0x00000000af700000, 0x00000000af700000|
|  50|0x00000000af800000, 0x00000000af800000, 0x00000000af900000|  0%| F|  |TS  0|AC  0|TAMS 0x00000000af800000, 0x00000000af800000|
|  51|0x00000000af900000, 0x00000000af900000, 0x00000000afa00000|  0%| F|  |TS  0|AC  0|TAMS 0x00000000af900000, 0x00000000af900000|
|  52|0x00000000afa00000, 0x00000000afa00000, 0x00000000afb00000|  0%| F|  |TS  0|AC  0|TAMS 0x00000000afa00000, 0x00000000afa00000|
|  53|0x00000000afb00000, 0x00000000afb00000, 0x00000000afc00000|  0%| F|  |TS  0|AC  0|TAMS 0x00000000afb00000, 0x00000000afb00000|
|  54|0x00000000afc00000, 0x00000000afc00000, 0x00000000afd00000|  0%| F|  |TS  0|AC  0|TAMS 0x00000000afc00000, 0x00000000afc00000|
|  55|0x00000000afd00000, 0x00000000afd00000, 0x00000000afe00000|  0%| F|  |TS  0|AC  0|TAMS 0x00000000afd00000, 0x00000000afd00000|
|  56|0x00000000afe00000, 0x00000000afe00000, 0x00000000aff00000|  0%| F|  |TS  0|AC  0|TAMS 0x00000000afe00000, 0x00000000afe00000|
|  57|0x00000000aff00000, 0x00000000aff00000, 0x00000000b0000000|  0%| F|  |TS  0|AC  0|TAMS 0x00000000aff00000, 0x00000000aff00000|
|  58|0x00000000b0000000, 0x00000000b0000000, 0x00000000b0100000|  0%| F|  |TS  0|AC  0|TAMS 0x00000000b0000000, 0x00000000b0000000|
|  59|0x00000000b0100000, 0x00000000b0100000, 0x00000000b0200000|  0%| F|  |TS  0|AC  0|TAMS 0x00000000b0100000, 0x00000000b0100000|
|  60|0x00000000b0200000, 0x00000000b0200000, 0x00000000b0300000|  0%| F|  |TS  0|AC  0|TAMS 0x00000000b0200000, 0x00000000b0200000|
|  61|0x00000000b0300000, 0x00000000b0300000, 0x00000000b0400000|  0%| F|  |TS  0|AC  0|TAMS 0x00000000b0300000, 0x00000000b0300000|
|  62|0x00000000b0400000, 0x00000000b0400000, 0x00000000b0500000|  0%| F|  |TS  0|AC  0|TAMS 0x00000000b0400000, 0x00000000b0400000|
|  63|0x00000000b0500000, 0x00000000b0500000, 0x00000000b0600000|  0%| F|  |TS  0|AC  0|TAMS 0x00000000b0500000, 0x00000000b0500000|
|  64|0x00000000b0600000, 0x00000000b0600000, 0x00000000b0700000|  0%| F|  |TS  0|AC  0|TAMS 0x00000000b0600000, 0x00000000b0600000|
|  65|0x00000000b0700000, 0x00000000b0700000, 0x00000000b0800000|  0%| F|  |TS  0|AC  0|TAMS 0x00000000b0700000, 0x00000000b0700000|
|  66|0x00000000b0800000, 0x00000000b0800000, 0x00000000b0900000|  0%| F|  |TS  0|AC  0|TAMS 0x00000000b0800000, 0x00000000b0800000|
|  67|0x00000000b0900000, 0x00000000b0900000, 0x00000000b0a00000|  0%| F|  |TS  0|AC  0|TAMS 0x00000000b0900000, 0x00000000b0900000|
|  68|0x00000000b0a00000, 0x00000000b0a00000, 0x00000000b0b00000|  0%| F|  |TS  0|AC  0|TAMS 0x00000000b0a00000, 0x00000000b0a00000|
|  69|0x00000000b0b00000, 0x00000000b0b00000, 0x00000000b0c00000|  0%| F|  |TS  0|AC  0|TAMS 0x00000000b0b00000, 0x00000000b0b00000|
|  70|0x00000000b0c00000, 0x00000000b0c00000, 0x00000000b0d00000|  0%| F|  |TS  0|AC  0|TAMS 0x00000000b0c00000, 0x00000000b0c00000|
|  71|0x00000000b0d00000, 0x00000000b0d00000, 0x00000000b0e00000|  0%| F|  |TS  0|AC  0|TAMS 0x00000000b0d00000, 0x00000000b0d00000|
|  72|0x00000000b0e00000, 0x00000000b0e00000, 0x00000000b0f00000|  0%| F|  |TS  0|AC  0|TAMS 0x00000000b0e00000, 0x00000000b0e00000|
|  73|0x00000000b0f00000, 0x00000000b0f00000, 0x00000000b1000000|  0%| F|  |TS  0|AC  0|TAMS 0x00000000b0f00000, 0x00000000b0f00000|
|  74|0x00000000b1000000, 0x00000000b1000000, 0x00000000b1100000|  0%| F|  |TS  0|AC  0|TAMS 0x00000000b1000000, 0x00000000b1000000|
|  75|0x00000000b1100000, 0x00000000b1100000, 0x00000000b1200000|  0%| F|  |TS  0|AC  0|TAMS 0x00000000b1100000, 0x00000000b1100000|
|  76|0x00000000b1200000, 0x00000000b1200000, 0x00000000b1300000|  0%| F|  |TS  0|AC  0|TAMS 0x00000000b1200000, 0x00000000b1200000|
|  77|0x00000000b1300000, 0x00000000b1300000, 0x00000000b1400000|  0%| F|  |TS  0|AC  0|TAMS 0x00000000b1300000, 0x00000000b1300000|
|  78|0x00000000b1400000, 0x00000000b1400000, 0x00000000b1500000|  0%| F|  |TS  0|AC  0|TAMS 0x00000000b1400000, 0x00000000b1400000|
|  79|0x00000000b1500000, 0x00000000b1500000, 0x00000000b1600000|  0%| F|  |TS  0|AC  0|TAMS 0x00000000b1500000, 0x00000000b1500000|
|  80|0x00000000b1600000, 0x00000000b168eaa0, 0x00000000b1700000| 55%| S|CS|TS  0|AC  0|TAMS 0x00000000b1600000, 0x00000000b1600000|
|  81|0x00000000b1700000, 0x00000000b1700000, 0x00000000b1800000|  0%| F|  |TS  0|AC  0|TAMS 0x00000000b1700000, 0x00000000b1700000|
|  82|0x00000000b1800000, 0x00000000b1800000, 0x00000000b1900000|  0%| F|  |TS  0|AC  0|TAMS 0x00000000b1800000, 0x00000000b1800000|
|  83|0x00000000b1900000, 0x00000000b1900000, 0x00000000b1a00000|  0%| F|  |TS  0|AC  0|TAMS 0x00000000b1900000, 0x00000000b1900000|
|  84|0x00000000b1a00000, 0x00000000b1a00000, 0x00000000b1b00000|  0%| F|  |TS  0|AC  0|TAMS 0x00000000b1a00000, 0x00000000b1a00000|
|  85|0x00000000b1b00000, 0x00000000b1b00000, 0x00000000b1c00000|  0%| F|  |TS  0|AC  0|TAMS 0x00000000b1b00000, 0x00000000b1b00000|
|  86|0x00000000b1c00000, 0x00000000b1c00000, 0x00000000b1d00000|  0%| F|  |TS  0|AC  0|TAMS 0x00000000b1c00000, 0x00000000b1c00000|
|  87|0x00000000b1d00000, 0x00000000b1d00000, 0x00000000b1e00000|  0%| F|  |TS  0|AC  0|TAMS 0x00000000b1d00000, 0x00000000b1d00000|
|  88|0x00000000b1e00000, 0x00000000b1e00000, 0x00000000b1f00000|  0%| F|  |TS  0|AC  0|TAMS 0x00000000b1e00000, 0x00000000b1e00000|
|  89|0x00000000b1f00000, 0x00000000b1f00000, 0x00000000b2000000|  0%| F|  |TS  0|AC  0|TAMS 0x00000000b1f00000, 0x00000000b1f00000|
|  90|0x00000000b2000000, 0x00000000b2000000, 0x00000000b2100000|  0%| F|  |TS  0|AC  0|TAMS 0x00000000b2000000, 0x00000000b2000000|
|  91|0x00000000b2100000, 0x00000000b2100000, 0x00000000b2200000|  0%| F|  |TS  0|AC  0|TAMS 0x00000000b2100000, 0x00000000b2100000|
|  92|0x00000000b2200000, 0x00000000b2200000, 0x00000000b2300000|  0%| F|  |TS  0|AC  0|TAMS 0x00000000b2200000, 0x00000000b2200000|
|  93|0x00000000b2300000, 0x00000000b2300000, 0x00000000b2400000|  0%| F|  |TS  0|AC  0|TAMS 0x00000000b2300000, 0x00000000b2300000|
|  94|0x00000000b2400000, 0x00000000b2400000, 0x00000000b2500000|  0%| F|  |TS  0|AC  0|TAMS 0x00000000b2400000, 0x00000000b2400000|
|  95|0x00000000b2500000, 0x00000000b2500000, 0x00000000b2600000|  0%| F|  |TS  0|AC  0|TAMS 0x00000000b2500000, 0x00000000b2500000|
|  96|0x00000000b2600000, 0x00000000b2600000, 0x00000000b2700000|  0%| F|  |TS  0|AC  0|TAMS 0x00000000b2600000, 0x00000000b2600000|
|  97|0x00000000b2700000, 0x00000000b2700000, 0x00000000b2800000|  0%| F|  |TS  0|AC  0|TAMS 0x00000000b2700000, 0x00000000b2700000|
|  98|0x00000000b2800000, 0x00000000b2800000, 0x00000000b2900000|  0%| F|  |TS  0|AC  0|TAMS 0x00000000b2800000, 0x00000000b2800000|
|  99|0x00000000b2900000, 0x00000000b2a00000, 0x00000000b2a00000|100%| E|  |TS  0|AC  0|TAMS 0x00000000b2900000, 0x00000000b2900000|
| 100|0x00000000b2a00000, 0x00000000b2b00000, 0x00000000b2b00000|100%| E|CS|TS  0|AC  0|TAMS 0x00000000b2a00000, 0x00000000b2a00000|

Card table byte_map: [0x000001efe72a0000,0x000001efe7540000] byte_map_base: 0x000001efe6d3d000

Marking Bits (Prev, Next): (CMBitMap*) 0x000001efccce6830, (CMBitMap*) 0x000001efccce6868
 Prev Bits: [0x000001efe77e0000, 0x000001efe8cc8000)
 Next Bits: [0x000001efe8cd0000, 0x000001efea1b8000)

Polling page: 0x000001efcadd0000

CodeHeap 'non-profiled nmethods': size=120064Kb used=1181Kb max_used=1181Kb free=118882Kb
 bounds [0x000001efdfac0000, 0x000001efdfd30000, 0x000001efe7000000]
CodeHeap 'profiled nmethods': size=120000Kb used=5285Kb max_used=5285Kb free=114715Kb
 bounds [0x000001efd8590000, 0x000001efd8ac0000, 0x000001efdfac0000]
CodeHeap 'non-nmethods': size=5696Kb used=1401Kb max_used=1412Kb free=4294Kb
 bounds [0x000001efd8000000, 0x000001efd8270000, 0x000001efd8590000]
 total_blobs=4016 nmethods=2607 adapters=774
 compilation: enabled

Compilation events (10 events):
Event: 4.901 Thread 0x000001efecec1800 2605       3       java.nio.CharBuffer::limit (8 bytes)
Event: 4.901 Thread 0x000001efecec1800 nmethod 2605 0x000001efd8aacc10 code [0x000001efd8aacdc0, 0x000001efd8aacf70]
Event: 4.903 Thread 0x000001efeceb8000 2606       4       javafx.scene.Node::getScene (11 bytes)
Event: 4.903 Thread 0x000001efecec1800 2607       3       javafx.scene.Node::updateLocalToParentTransform (442 bytes)
Event: 4.905 Thread 0x000001efeceb8000 nmethod 2606 0x000001efdfbe6f90 code [0x000001efdfbe7120, 0x000001efdfbe71f8]
Event: 4.916 Thread 0x000001efecec1800 nmethod 2607 0x000001efd8aad010 code [0x000001efd8aadb00, 0x000001efd8ab4b80]
Event: 4.916 Thread 0x000001efecec1800 2608       3       javafx.scene.layout.Region::getSnapScaleX (8 bytes)
Event: 4.917 Thread 0x000001efecec1800 nmethod 2608 0x000001efd8ab6b90 code [0x000001efd8ab6de0, 0x000001efd8ab7710]
Event: 4.917 Thread 0x000001efecec1800 2609       1       java.util.concurrent.locks.AbstractQueuedSynchronizer::setState (6 bytes)
Event: 4.918 Thread 0x000001efecec1800 nmethod 2609 0x000001efdfbe7310 code [0x000001efdfbe74c0, 0x000001efdfbe75d8]

GC Heap History (10 events):
Event: 1.521 GC heap before
{Heap before GC invocations=0 (full 0):
 garbage-first heap   total 86016K, used 16384K [0x00000000ac600000, 0x0000000100000000)
  region size 1024K, 14 young (14336K), 0 survivors (0K)
 Metaspace       used 15874K, capacity 16279K, committed 16640K, reserved 1064960K
  class space    used 1780K, capacity 1985K, committed 2048K, reserved 1048576K
}
Event: 1.535 GC heap after
{Heap after GC invocations=1 (full 0):
 garbage-first heap   total 86016K, used 6030K [0x00000000ac600000, 0x0000000100000000)
  region size 1024K, 2 young (2048K), 2 survivors (2048K)
 Metaspace       used 15874K, capacity 16279K, committed 16640K, reserved 1064960K
  class space    used 1780K, capacity 1985K, committed 2048K, reserved 1048576K
}
Event: 1.666 GC heap before
{Heap before GC invocations=1 (full 0):
 garbage-first heap   total 86016K, used 10126K [0x00000000ac600000, 0x0000000100000000)
  region size 1024K, 4 young (4096K), 2 survivors (2048K)
 Metaspace       used 16917K, capacity 17377K, committed 17536K, reserved 1064960K
  class space    used 1956K, capacity 2158K, committed 2176K, reserved 1048576K
}
Event: 1.680 GC heap after
{Heap after GC invocations=2 (full 0):
 garbage-first heap   total 86016K, used 9134K [0x00000000ac600000, 0x0000000100000000)
  region size 1024K, 1 young (1024K), 1 survivors (1024K)
 Metaspace       used 16917K, capacity 17377K, committed 17536K, reserved 1064960K
  class space    used 1956K, capacity 2158K, committed 2176K, reserved 1048576K
}
Event: 2.350 GC heap before
{Heap before GC invocations=2 (full 0):
 garbage-first heap   total 86016K, used 19374K [0x00000000ac600000, 0x0000000100000000)
  region size 1024K, 12 young (12288K), 1 survivors (1024K)
 Metaspace       used 20625K, capacity 21128K, committed 21248K, reserved 1067008K
  class space    used 2526K, capacity 2792K, committed 2816K, reserved 1048576K
}
Event: 2.359 GC heap after
{Heap after GC invocations=3 (full 0):
 garbage-first heap   total 86016K, used 11839K [0x00000000ac600000, 0x0000000100000000)
  region size 1024K, 3 young (3072K), 3 survivors (3072K)
 Metaspace       used 20625K, capacity 21128K, committed 21248K, reserved 1067008K
  class space    used 2526K, capacity 2792K, committed 2816K, reserved 1048576K
}
Event: 4.525 GC heap before
{Heap before GC invocations=4 (full 0):
 garbage-first heap   total 86016K, used 38463K [0x00000000ac600000, 0x0000000100000000)
  region size 1024K, 29 young (29696K), 3 survivors (3072K)
 Metaspace       used 33684K, capacity 34604K, committed 34944K, reserved 1079296K
  class space    used 4293K, capacity 4735K, committed 4736K, reserved 1048576K
}
Event: 4.542 GC heap after
{Heap after GC invocations=5 (full 0):
 garbage-first heap   total 86016K, used 15602K [0x00000000ac600000, 0x0000000100000000)
  region size 1024K, 4 young (4096K), 4 survivors (4096K)
 Metaspace       used 33684K, capacity 34604K, committed 34944K, reserved 1079296K
  class space    used 4293K, capacity 4735K, committed 4736K, reserved 1048576K
}
Event: 4.707 GC heap before
{Heap before GC invocations=5 (full 0):
 garbage-first heap   total 86016K, used 17650K [0x00000000ac600000, 0x0000000100000000)
  region size 1024K, 7 young (7168K), 4 survivors (4096K)
 Metaspace       used 34390K, capacity 35405K, committed 35840K, reserved 1081344K
  class space    used 4391K, capacity 4850K, committed 4864K, reserved 1048576K
}
Event: 4.722 GC heap after
{Heap after GC invocations=6 (full 0):
 garbage-first heap   total 103424K, used 16005K [0x00000000ac600000, 0x0000000100000000)
  region size 1024K, 1 young (1024K), 1 survivors (1024K)
 Metaspace       used 34390K, capacity 35405K, committed 35840K, reserved 1081344K
  class space    used 4391K, capacity 4850K, committed 4864K, reserved 1048576K
}

Deoptimization events (10 events):
Event: 3.610 Thread 0x000001eff9c20800 Uncommon trap: reason=unstable_if action=reinterpret pc=0x000001efdfb3bf7c method=java.util.Arrays.equals([Ljava/lang/Object;[Ljava/lang/Object;)Z @ 23 c2
Event: 3.827 Thread 0x000001eff9c20800 Uncommon trap: reason=unstable_if action=reinterpret pc=0x000001efdfb8db90 method=java.util.HashMap.hash(Ljava/lang/Object;)I @ 1 c2
Event: 3.827 Thread 0x000001eff9c20800 Uncommon trap: reason=unstable_if action=reinterpret pc=0x000001efdfb3ae2c method=java.util.HashMap.hash(Ljava/lang/Object;)I @ 1 c2
Event: 3.976 Thread 0x000001eff9c20800 Uncommon trap: reason=unstable_if action=reinterpret pc=0x000001efdfb30db0 method=java.util.HashMap.hash(Ljava/lang/Object;)I @ 1 c2
Event: 4.122 Thread 0x000001eff9c20800 Uncommon trap: reason=class_check action=maybe_recompile pc=0x000001efdfad4dcc method=java.lang.String.equals(Ljava/lang/Object;)Z @ 8 c2
Event: 4.122 Thread 0x000001eff9c20800 Uncommon trap: reason=class_check action=maybe_recompile pc=0x000001efdfad4dcc method=java.lang.String.equals(Ljava/lang/Object;)Z @ 8 c2
Event: 4.122 Thread 0x000001eff9c20800 Uncommon trap: reason=class_check action=maybe_recompile pc=0x000001efdfad4dcc method=java.lang.String.equals(Ljava/lang/Object;)Z @ 8 c2
Event: 4.124 Thread 0x000001eff9c20800 Uncommon trap: reason=class_check action=maybe_recompile pc=0x000001efdfad4dcc method=java.lang.String.equals(Ljava/lang/Object;)Z @ 8 c2
Event: 4.264 Thread 0x000001eff9c20800 Uncommon trap: reason=unstable_if action=reinterpret pc=0x000001efdfb93874 method=java.lang.ClassLoader.checkName(Ljava/lang/String;)Z @ 20 c2
Event: 4.447 Thread 0x000001eff9c20800 Uncommon trap: reason=unstable_if action=reinterpret pc=0x000001efdfb9b33c method=java.net.URL.<init>(Ljava/net/URL;Ljava/lang/String;Ljava/net/URLStreamHandler;)V @ 347 c2

Classes redefined (0 events):
No events

Internal exceptions (10 events):
Event: 3.976 Thread 0x000001eff9c20800 Implicit null exception at 0x000001efdfb30bf5 to 0x000001efdfb30d9e
Event: 4.051 Thread 0x000001eff9c20800 Exception <a 'java/lang/NoSuchMethodError'{0x00000000b0392390}: method resolution failed> (0x00000000b0392390) thrown at [t:/workspace/open/src/hotspot/share/prims/methodHandles.cpp, line 1226]
Event: 4.157 Thread 0x000001eff9c20800 Exception <a 'java/lang/IncompatibleClassChangeError'{0x00000000b0231108}: Found class java.lang.Object, but interface was expected> (0x00000000b0231108) thrown at [t:/workspace/open/src/hotspot/share/interpreter/linkResolver.cpp, line 807]
Event: 4.253 Thread 0x000001eff9c20800 Exception <a 'java/lang/NoSuchMethodError'{0x00000000b01d5d70}: java.lang.Object.lambda$andThen$0(Ljava/util/function/Consumer;Ljava/lang/Object;)V> (0x00000000b01d5d70) thrown at [t:/workspace/open/src/hotspot/share/interpreter/linkResolver.cpp, line 741
Event: 4.265 Thread 0x000001eff9c20800 Exception <a 'java/lang/ClassNotFoundException'{0x00000000b01ee548}: com/sun/javafx/scene/control/skin/resources/controls> (0x00000000b01ee548) thrown at [t:/workspace/open/src/hotspot/share/prims/jni.cpp, line 632]
Event: 4.266 Thread 0x000001eff9c20800 Exception <a 'java/lang/ClassNotFoundException'{0x00000000b01fc5a8}: com/sun/javafx/scene/control/skin/resources/controls_fr> (0x00000000b01fc5a8) thrown at [t:/workspace/open/src/hotspot/share/prims/jni.cpp, line 632]
Event: 4.267 Thread 0x000001eff9c20800 Exception <a 'java/lang/ClassNotFoundException'{0x00000000b000c2b0}: com/sun/javafx/scene/control/skin/resources/controls_fr_FR> (0x00000000b000c2b0) thrown at [t:/workspace/open/src/hotspot/share/prims/jni.cpp, line 632]
Event: 4.524 Thread 0x000001eff9c20800 Exception <a 'java/lang/NoSuchMethodError'{0x00000000afdfa660}: java.lang.invoke.DirectMethodHandle$Holder.invokeSpecial(Ljava/lang/Object;Ljava/lang/Object;Ljava/lang/Object;Ljava/lang/Object;Ljava/lang/Object;Ljava/lang/Object;)V> (0x00000000afdfa660) t
Event: 4.784 Thread 0x000001eff87b8000 Exception <a 'java/lang/NoSuchMethodError'{0x00000000b2a83b28}: java.lang.invoke.DirectMethodHandle$Holder.invokeStaticInit(Ljava/lang/Object;Ljava/lang/Object;)I> (0x00000000b2a83b28) thrown at [t:/workspace/open/src/hotspot/share/interpreter/linkResolve
Event: 4.898 Thread 0x000001eff87b8000 Exception <a 'java/lang/NullPointerException'{0x00000000b29c6eb8}> (0x00000000b29c6eb8) thrown at [t:/workspace/open/src/hotspot/share/interpreter/linkResolver.cpp, line 1412]

Events (10 events):
Event: 4.898 loading class java/util/IdentityHashMap$KeySet
Event: 4.898 loading class java/util/IdentityHashMap$KeySet done
Event: 4.902 Executing VM operation: RevokeBias
Event: 4.902 Executing VM operation: RevokeBias done
Event: 4.904 loading class com/sun/javafx/tk/quantum/QuantumToolkit
Event: 4.904 loading class com/sun/javafx/tk/quantum/QuantumToolkit done
Event: 4.904 loading class com/sun/javafx/tk/quantum/QuantumToolkit
Event: 4.904 loading class com/sun/javafx/tk/quantum/QuantumToolkit done
Event: 4.904 loading class com/sun/javafx/tk/RenderJob
Event: 4.904 loading class com/sun/javafx/tk/RenderJob done


Dynamic libraries:
0x00007ff6cebe0000 - 0x00007ff6cec1e000 	C:\DEV\java\jdk\jdk10\bin\javaw.exe
0x00007ffcf6480000 - 0x00007ffcf6661000 	C:\WINDOWS\SYSTEM32\ntdll.dll
0x00007ffcf5500000 - 0x00007ffcf55b1000 	C:\WINDOWS\System32\KERNEL32.DLL
0x00007ffcf2a40000 - 0x00007ffcf2cb3000 	C:\WINDOWS\System32\KERNELBASE.dll
0x00007ffcf5f10000 - 0x00007ffcf5fb1000 	C:\WINDOWS\System32\ADVAPI32.dll
0x00007ffcf3f20000 - 0x00007ffcf3fbe000 	C:\WINDOWS\System32\msvcrt.dll
0x00007ffcf5740000 - 0x00007ffcf579b000 	C:\WINDOWS\System32\sechost.dll
0x00007ffcf5920000 - 0x00007ffcf5a44000 	C:\WINDOWS\System32\RPCRT4.dll
0x00007ffcf5d80000 - 0x00007ffcf5f10000 	C:\WINDOWS\System32\USER32.dll
0x00007ffcf35c0000 - 0x00007ffcf35e0000 	C:\WINDOWS\System32\win32u.dll
0x00007ffcf57b0000 - 0x00007ffcf57d8000 	C:\WINDOWS\System32\GDI32.dll
0x00007ffcf28a0000 - 0x00007ffcf2a32000 	C:\WINDOWS\System32\gdi32full.dll
0x00007ffcf35e0000 - 0x00007ffcf367f000 	C:\WINDOWS\System32\msvcp_win.dll
0x00007ffcf36e0000 - 0x00007ffcf37d8000 	C:\WINDOWS\System32\ucrtbase.dll
0x00007ffce16d0000 - 0x00007ffce1939000 	C:\WINDOWS\WinSxS\amd64_microsoft.windows.common-controls_6595b64144ccf1df_6.0.17134.765_none_fb42a1a930655896\COMCTL32.dll
0x00007ffcf5a50000 - 0x00007ffcf5d72000 	C:\WINDOWS\System32\combase.dll
0x00007ffce79b0000 - 0x00007ffce79ba000 	C:\WINDOWS\SYSTEM32\VERSION.dll
0x00007ffcf3890000 - 0x00007ffcf390a000 	C:\WINDOWS\System32\bcryptPrimitives.dll
0x00007ffcf5400000 - 0x00007ffcf542d000 	C:\WINDOWS\System32\IMM32.DLL
0x00007ffcdd440000 - 0x00007ffcdd52f000 	C:\DEV\java\jdk\jdk10\bin\msvcr120.dll
0x00007ffcdd390000 - 0x00007ffcdd436000 	C:\DEV\java\jdk\jdk10\bin\msvcp120.dll
0x0000000054e20000 - 0x0000000055890000 	C:\DEV\java\jdk\jdk10\bin\server\jvm.dll
0x00007ffcf5810000 - 0x00007ffcf5818000 	C:\WINDOWS\System32\PSAPI.DLL
0x00007ffce79c0000 - 0x00007ffce79c9000 	C:\WINDOWS\SYSTEM32\WSOCK32.dll
0x00007ffcf3dc0000 - 0x00007ffcf3e2c000 	C:\WINDOWS\System32\WS2_32.dll
0x00007ffcf03d0000 - 0x00007ffcf03f3000 	C:\WINDOWS\SYSTEM32\WINMM.dll
0x00007ffcf03a0000 - 0x00007ffcf03ca000 	C:\WINDOWS\SYSTEM32\WINMMBASE.dll
0x00007ffcf2850000 - 0x00007ffcf2899000 	C:\WINDOWS\System32\cfgmgr32.dll
0x00007ffce5d80000 - 0x00007ffce5d8f000 	C:\DEV\java\jdk\jdk10\bin\verify.dll
0x00007ffcde280000 - 0x00007ffcde449000 	C:\WINDOWS\SYSTEM32\DBGHELP.DLL
0x00007ffcde1a0000 - 0x00007ffcde1c9000 	C:\WINDOWS\SYSTEM32\dbgcore.DLL
0x00007ffcdd560000 - 0x00007ffcdd587000 	C:\DEV\java\jdk\jdk10\bin\java.dll
0x00007ffce5cb0000 - 0x00007ffce5cc6000 	C:\DEV\java\jdk\jdk10\bin\zip.dll
0x00007ffce4120000 - 0x00007ffce412a000 	C:\DEV\java\jdk\jdk10\bin\jimage.dll
0x00007ffcf3fc0000 - 0x00007ffcf5400000 	C:\WINDOWS\System32\SHELL32.dll
0x00007ffcf5fc0000 - 0x00007ffcf6069000 	C:\WINDOWS\System32\shcore.dll
0x00007ffcf2cc0000 - 0x00007ffcf33cd000 	C:\WINDOWS\System32\windows.storage.dll
0x00007ffcf63f0000 - 0x00007ffcf6441000 	C:\WINDOWS\System32\shlwapi.dll
0x00007ffcf27d0000 - 0x00007ffcf27e1000 	C:\WINDOWS\System32\kernel.appcore.dll
0x00007ffcf2790000 - 0x00007ffcf27af000 	C:\WINDOWS\System32\profapi.dll
0x00007ffcf2800000 - 0x00007ffcf284c000 	C:\WINDOWS\System32\powrprof.dll
0x00007ffcf27f0000 - 0x00007ffcf27fa000 	C:\WINDOWS\System32\FLTLIB.DLL
0x00007ffce3c60000 - 0x00007ffce3c7a000 	C:\dev\Java\jdk\jdk10\bin\net.dll
0x00007ffcee540000 - 0x00007ffcee61d000 	C:\WINDOWS\SYSTEM32\WINHTTP.dll
0x00007ffcf1fb0000 - 0x00007ffcf2016000 	C:\WINDOWS\system32\mswsock.dll
0x00007ffce3b60000 - 0x00007ffce3b71000 	C:\dev\Java\jdk\jdk10\bin\nio.dll
0x000001efccbf0000 - 0x000001efccbf3000 	C:\dev\Java\jdk\jdk10\bin\api-ms-win-core-console-l1-1-0.dll
0x000001efccc00000 - 0x000001efccc03000 	C:\dev\Java\jdk\jdk10\bin\api-ms-win-core-datetime-l1-1-0.dll
0x000001efccc10000 - 0x000001efccc13000 	C:\dev\Java\jdk\jdk10\bin\api-ms-win-core-debug-l1-1-0.dll
0x000001efccc20000 - 0x000001efccc23000 	C:\dev\Java\jdk\jdk10\bin\api-ms-win-core-errorhandling-l1-1-0.dll
0x000001efccc30000 - 0x000001efccc34000 	C:\dev\Java\jdk\jdk10\bin\api-ms-win-core-file-l1-1-0.dll
0x000001efccc40000 - 0x000001efccc43000 	C:\dev\Java\jdk\jdk10\bin\api-ms-win-core-file-l1-2-0.dll
0x000001eff8ec0000 - 0x000001eff8ec3000 	C:\dev\Java\jdk\jdk10\bin\api-ms-win-core-file-l2-1-0.dll
0x000001eff8ed0000 - 0x000001eff8ed3000 	C:\dev\Java\jdk\jdk10\bin\api-ms-win-core-handle-l1-1-0.dll
0x000001eff8ee0000 - 0x000001eff8ee3000 	C:\dev\Java\jdk\jdk10\bin\api-ms-win-core-heap-l1-1-0.dll
0x000001eff8ef0000 - 0x000001eff8ef3000 	C:\dev\Java\jdk\jdk10\bin\api-ms-win-core-interlocked-l1-1-0.dll
0x000001eff8f00000 - 0x000001eff8f03000 	C:\dev\Java\jdk\jdk10\bin\api-ms-win-core-libraryloader-l1-1-0.dll
0x000001eff8f10000 - 0x000001eff8f13000 	C:\dev\Java\jdk\jdk10\bin\api-ms-win-core-localization-l1-2-0.dll
0x000001eff8f20000 - 0x000001eff8f23000 	C:\dev\Java\jdk\jdk10\bin\api-ms-win-core-memory-l1-1-0.dll
0x000001eff8f30000 - 0x000001eff8f33000 	C:\dev\Java\jdk\jdk10\bin\api-ms-win-core-namedpipe-l1-1-0.dll
0x000001eff8f40000 - 0x000001eff8f43000 	C:\dev\Java\jdk\jdk10\bin\api-ms-win-core-processenvironment-l1-1-0.dll
0x000001eff8f50000 - 0x000001eff8f53000 	C:\dev\Java\jdk\jdk10\bin\api-ms-win-core-processthreads-l1-1-0.dll
0x000001eff8f60000 - 0x000001eff8f63000 	C:\dev\Java\jdk\jdk10\bin\api-ms-win-core-processthreads-l1-1-1.dll
0x000001eff8f70000 - 0x000001eff8f73000 	C:\dev\Java\jdk\jdk10\bin\api-ms-win-core-profile-l1-1-0.dll
0x000001eff8f80000 - 0x000001eff8f83000 	C:\dev\Java\jdk\jdk10\bin\api-ms-win-core-rtlsupport-l1-1-0.dll
0x000001eff8f90000 - 0x000001eff8f93000 	C:\dev\Java\jdk\jdk10\bin\api-ms-win-core-string-l1-1-0.dll
0x000001eff8fa0000 - 0x000001eff8fa3000 	C:\dev\Java\jdk\jdk10\bin\api-ms-win-core-synch-l1-1-0.dll
0x000001eff8fb0000 - 0x000001eff8fb3000 	C:\dev\Java\jdk\jdk10\bin\api-ms-win-core-synch-l1-2-0.dll
0x000001eff8fc0000 - 0x000001eff8fc3000 	C:\dev\Java\jdk\jdk10\bin\api-ms-win-core-sysinfo-l1-1-0.dll
0x000001eff8fd0000 - 0x000001eff8fd3000 	C:\dev\Java\jdk\jdk10\bin\api-ms-win-core-timezone-l1-1-0.dll
0x000001eff8fe0000 - 0x000001eff8fe3000 	C:\dev\Java\jdk\jdk10\bin\api-ms-win-core-util-l1-1-0.dll
0x000001eff8ff0000 - 0x000001eff8ff3000 	C:\dev\Java\jdk\jdk10\bin\api-ms-win-crt-conio-l1-1-0.dll
0x000001eff9000000 - 0x000001eff9004000 	C:\dev\Java\jdk\jdk10\bin\api-ms-win-crt-convert-l1-1-0.dll
0x000001eff9010000 - 0x000001eff9013000 	C:\dev\Java\jdk\jdk10\bin\api-ms-win-crt-environment-l1-1-0.dll
0x000001eff9020000 - 0x000001eff9023000 	C:\dev\Java\jdk\jdk10\bin\api-ms-win-crt-filesystem-l1-1-0.dll
0x000001eff9030000 - 0x000001eff9033000 	C:\dev\Java\jdk\jdk10\bin\api-ms-win-crt-heap-l1-1-0.dll
0x000001eff9040000 - 0x000001eff9043000 	C:\dev\Java\jdk\jdk10\bin\api-ms-win-crt-locale-l1-1-0.dll
0x000001eff9050000 - 0x000001eff9055000 	C:\dev\Java\jdk\jdk10\bin\api-ms-win-crt-math-l1-1-0.dll
0x000001eff9060000 - 0x000001eff9065000 	C:\dev\Java\jdk\jdk10\bin\api-ms-win-crt-multibyte-l1-1-0.dll
0x000001eff9070000 - 0x000001eff9080000 	C:\dev\Java\jdk\jdk10\bin\api-ms-win-crt-private-l1-1-0.dll
0x000001eff9080000 - 0x000001eff9083000 	C:\dev\Java\jdk\jdk10\bin\api-ms-win-crt-process-l1-1-0.dll
0x000001eff9090000 - 0x000001eff9094000 	C:\dev\Java\jdk\jdk10\bin\api-ms-win-crt-runtime-l1-1-0.dll
0x000001eff90a0000 - 0x000001eff90a4000 	C:\dev\Java\jdk\jdk10\bin\api-ms-win-crt-stdio-l1-1-0.dll
0x000001eff90b0000 - 0x000001eff90b4000 	C:\dev\Java\jdk\jdk10\bin\api-ms-win-crt-string-l1-1-0.dll
0x000001eff90c0000 - 0x000001eff90c3000 	C:\dev\Java\jdk\jdk10\bin\api-ms-win-crt-time-l1-1-0.dll
0x000001eff90d0000 - 0x000001eff90d3000 	C:\dev\Java\jdk\jdk10\bin\api-ms-win-crt-utility-l1-1-0.dll
0x00007ffcdc380000 - 0x00007ffcdc476000 	C:\dev\Java\jdk\jdk10\bin\ucrtbase.dll
0x00007ffcec3d0000 - 0x00007ffcec3e6000 	C:\dev\Java\jdk\jdk10\bin\vcruntime140.dll
0x00007ffcdd130000 - 0x00007ffcdd1cc000 	C:\dev\Java\jdk\jdk10\bin\msvcp140.dll
0x00007ffce7a50000 - 0x00007ffce7aa1000 	C:\dev\Java\jdk\jdk10\bin\concrt140.dll
0x00007ffcec280000 - 0x00007ffcec2a3000 	C:\dev\Java\jdk\jdk10\bin\prism_d3d.dll
0x00007ffcc92f0000 - 0x00007ffcc9487000 	C:\WINDOWS\system32\d3d9.dll
0x00007ffcf10f0000 - 0x00007ffcf1119000 	C:\WINDOWS\SYSTEM32\dwmapi.dll
0x00007ffcf0db0000 - 0x00007ffcf0e48000 	C:\WINDOWS\system32\uxtheme.dll
0x00007ffcebce0000 - 0x00007ffcebe44000 	C:\WINDOWS\SYSTEM32\aticfx64.dll
0x00007ffcec160000 - 0x00007ffcec181000 	C:\WINDOWS\SYSTEM32\atiu9p64.dll
0x00007ffccc830000 - 0x00007ffccd089000 	C:\WINDOWS\SYSTEM32\atiumd64.dll
0x0000000055bb0000 - 0x0000000056438000 	C:\WINDOWS\SYSTEM32\atiumd6a.dll
0x00007ffce4140000 - 0x00007ffce418a000 	C:\dev\Java\jdk\jdk10\bin\glass.dll
0x00007ffcf3e30000 - 0x00007ffcf3f1d000 	C:\WINDOWS\System32\COMDLG32.dll
0x00007ffcf6290000 - 0x00007ffcf63e1000 	C:\WINDOWS\System32\ole32.dll
0x00007ffcf5430000 - 0x00007ffcf54f2000 	C:\WINDOWS\System32\OLEAUT32.dll
0x00007ffcf55c0000 - 0x00007ffcf5733000 	C:\WINDOWS\System32\MSCTF.dll
0x00007ffcead20000 - 0x00007ffcead39000 	C:\Program Files (x86)\Smadav\SmadHook64.dll
0x00007ffcec3b0000 - 0x00007ffcec3c4000 	C:\dev\Java\jdk\jdk10\bin\javafx_font.dll
0x00007ffcd3d60000 - 0x00007ffcd3efb000 	C:\dev\Java\jdk\jdk10\bin\awt.dll
0x00007ffcefac0000 - 0x00007ffcf0087000 	C:\WINDOWS\SYSTEM32\d2d1.dll
0x00007ffcf0bf0000 - 0x00007ffcf0c7b000 	C:\WINDOWS\SYSTEM32\apphelp.dll
0x00007ffcdf740000 - 0x00007ffcdf7a5000 	C:\dev\Java\jdk\jdk10\bin\fontmanager.dll
0x00007ffce8530000 - 0x00007ffce884c000 	C:\WINDOWS\SYSTEM32\dwrite.dll
0x00007ffce8f10000 - 0x00007ffce8f33000 	C:\dev\Java\jdk\jdk10\bin\javafx_iio.dll
0x00007ffcf0b00000 - 0x00007ffcf0b09000 	C:\dev\Java\jdk\jdk10\bin\management.dll
0x00007ffcef180000 - 0x00007ffcef18a000 	C:\dev\Java\jdk\jdk10\bin\management_ext.dll
0x00007ffcf1d80000 - 0x00007ffcf1e3e000 	C:\WINDOWS\SYSTEM32\DNSAPI.dll
0x00007ffcf5800000 - 0x00007ffcf5808000 	C:\WINDOWS\System32\NSI.dll
0x00007ffcf1d30000 - 0x00007ffcf1d68000 	C:\WINDOWS\SYSTEM32\IPHLPAPI.DLL
0x00007ffce58b0000 - 0x00007ffce58ba000 	C:\Windows\System32\rasadhlp.dll
0x00007ffce7c40000 - 0x00007ffce7cb2000 	C:\WINDOWS\System32\fwpuclnt.dll
0x00007ffcf2290000 - 0x00007ffcf22b5000 	C:\WINDOWS\SYSTEM32\bcrypt.dll
0x00007ffcec450000 - 0x00007ffcec466000 	C:\WINDOWS\system32\napinsp.dll
0x00007ffce7cc0000 - 0x00007ffce7cda000 	C:\WINDOWS\system32\pnrpnsp.dll
0x00007ffcee0e0000 - 0x00007ffcee0f9000 	C:\WINDOWS\system32\NLAapi.dll
0x00007ffcec700000 - 0x00007ffcec70e000 	C:\WINDOWS\System32\winrnr.dll
0x00007ffceaeb0000 - 0x00007ffceaec5000 	C:\WINDOWS\System32\wshbth.dll
0x00007ffcf2170000 - 0x00007ffcf2187000 	C:\WINDOWS\SYSTEM32\CRYPTSP.dll
0x00007ffcf1b90000 - 0x00007ffcf1bc3000 	C:\WINDOWS\system32\rsaenh.dll
0x00007ffcf26c0000 - 0x00007ffcf26e8000 	C:\WINDOWS\SYSTEM32\USERENV.dll
0x00007ffcf2160000 - 0x00007ffcf216b000 	C:\WINDOWS\SYSTEM32\CRYPTBASE.dll

dbghelp: loaded successfully - version: 4.0.5 - missing functions: none
symbol engine: initialized successfully - sym options: 0x614 - pdb path: .;C:\DEV\java\jdk\jdk10\bin;C:\WINDOWS\SYSTEM32;C:\WINDOWS\WinSxS\amd64_microsoft.windows.common-controls_6595b64144ccf1df_6.0.17134.765_none_fb42a1a930655896;C:\DEV\java\jdk\jdk10\bin\server;C:\Program Files (x86)\Smadav;C:\Program Files\Common Files\Microsoft Shared\Ink

VM Arguments:
jvm_args: -Dfile.encoding=UTF-8 
java_command: projet.MainProjet
java_class_path (initial): C:\Users\Ce\Desktop\Java_Framework\projet\bin;C:\Users\Ce\Desktop\Java_Framework\Framework-3iL\bin;C:\Users\Ce\Desktop\Java_Framework\~libraries\JDBC Drivers\ojdbc8.jar;C:\Users\Ce\Desktop\Java_Framework\~libraries\mapstruct-1.3\mapstruct-1.3.0.Final.jar
Launcher Type: SUN_STANDARD

Logging:
Log output configuration:
#0: stdout all=warning uptime,level,tags
#1: stderr all=off uptime,level,tags

Environment Variables:
PATH=C:/dev/java/jdk/jdk10/bin/server;C:/dev/java/jdk/jdk10/bin;C:\oraclexe\app\oracle\product\11.2.0\server\bin;C:\Program Files (x86)\Common Files\Oracle\Java\javapath;C:\ProgramData\Oracle\Java\javapath;C:\WINDOWS\system32;C:\WINDOWS;C:\WINDOWS\System32\Wbem;C:\WINDOWS\System32\WindowsPowerShell\v1.0\;C:\WINDOWS\System32\OpenSSH\;C:\Program Files\dotnet\;C:\Program Files\Microsoft SQL Server\130\Tools\Binn\;C:\Program Files\nodejs\;C:\Program Files\MATLAB\R2019a\bin;C:\Users\Ce\AppData\Local\Microsoft\WindowsApps;C:\Users\Ce\AppData\Roaming\npm;C:\dev\Java\eclipse-4.10-java;
USERNAME=Ce
OS=Windows_NT
PROCESSOR_IDENTIFIER=AMD64 Family 21 Model 19 Stepping 1, AuthenticAMD



---------------  S Y S T E M  ---------------

OS: Windows 10 , 64 bit Build 17134 (10.0.17134.753)

CPU:total 4 (initial active 4) (4 cores per cpu, 1 threads per core) family 21 model 19 stepping 1, cmov, cx8, fxsr, mmx, sse, sse2, sse3, ssse3, sse4.1, sse4.2, popcnt, avx, aes, clmul, mmxext, 3dnowpref, lzcnt, sse4a, tsc, tscinvbit, tscinv, bmi1, fma

Memory: 4k page, physical 5472624k(1297816k free), swap 5996912k(4152k free)

vm_info: Java HotSpot(TM) 64-Bit Server VM (10.0.2+13) for windows-amd64 JRE (10.0.2+13), built on Jun 28 2018 01:57:56 by "mach5one" with MS VC++ 12.0 (VS2013)

END.
