#
# There is insufficient memory for the Java Runtime Environment to continue.
# Native memory allocation (malloc) failed to allocate 199376 bytes for Chunk::new
# Possible reasons:
#   The system is out of physical RAM or swap space
#   The process is running with CompressedOops enabled, and the Java Heap may be blocking the growth of the native heap
# Possible solutions:
#   Reduce memory load on the system
#   Increase physical memory or swap space
#   Check if swap backing store is full
#   Decrease Java heap size (-Xmx/-Xms)
#   Decrease number of Java threads
#   Decrease Java thread stack sizes (-Xss)
#   Set larger code cache with -XX:ReservedCodeCacheSize=
#   JVM is running with Unscaled Compressed Oops mode in which the Java heap is
#     placed in the first 4GB address space. The Java Heap base address is the
#     maximum limit for the native heap growth. Please use -XX:HeapBaseMinAddress
#     to set the Java Heap base and to place the Java Heap above 4GB virtual address.
# This output file may be truncated or incomplete.
#
#  Out of Memory Error (t:/workspace/open/src/hotspot/share/memory/arena.cpp:198), pid=6028, tid=5784
#
# JRE version: Java(TM) SE Runtime Environment (10.0.2+13) (build 10.0.2+13)
# Java VM: Java HotSpot(TM) 64-Bit Server VM (10.0.2+13, mixed mode, tiered, compressed oops, g1 gc, windows-amd64)
# No core dump will be written. Minidumps are not enabled by default on client versions of Windows
#

---------------  S U M M A R Y ------------

Command Line: -Dfile.encoding=UTF-8 projet.MainProjet

Host: AMD A10-5745M APU with Radeon(tm) HD Graphics  , 4 cores, 5G,  Windows 10 , 64 bit Build 17134 (10.0.17134.753)
Time: Mon Jun 10 23:07:07 2019 Paris, Madrid (heure d?été) elapsed time: 7 seconds (0d 0h 0m 7s)

---------------  T H R E A D  ---------------

Current thread (0x0000021fc50ec800):  JavaThread "C2 CompilerThread1" daemon [_thread_in_native, id=5784, stack(0x00000078a4400000,0x00000078a4500000)]


Current CompileTask:
C2:   7122 1399       4       com.sun.javafx.iio.png.PNGImageLoader2::decodePalette (274 bytes)

Stack: [0x00000078a4400000,0x00000078a4500000]
Native frames: (J=compiled Java code, j=interpreted, Vv=VM code, C=native code)
V  [jvm.dll+0x5a01a9]
V  [jvm.dll+0x6bcf31]
V  [jvm.dll+0x6be126]
V  [jvm.dll+0x6be7b3]
V  [jvm.dll+0x234978]
V  [jvm.dll+0xbb69c]
V  [jvm.dll+0xbbbac]
V  [jvm.dll+0x34be98]
V  [jvm.dll+0x18f02c]
V  [jvm.dll+0x1fff9d]
V  [jvm.dll+0x1ff116]
V  [jvm.dll+0x17c94b]
V  [jvm.dll+0x20c8dd]
V  [jvm.dll+0x20b6a6]
V  [jvm.dll+0x68b7ff]
V  [jvm.dll+0x59f4b0]
C  [msvcr120.dll+0x24f7f]
C  [msvcr120.dll+0x25126]
C  [KERNEL32.DLL+0x14034]
C  [ntdll.dll+0x73691]


---------------  P R O C E S S  ---------------

Threads class SMR info:
_java_thread_list=0x0000021fd0ce4670, length=17, elements={
0x0000021fa4e6d800, 0x0000021fc504b000, 0x0000021fc5054800, 0x0000021fc50a1800,
0x0000021fc50a5800, 0x0000021fc50a8800, 0x0000021fc50ec800, 0x0000021fc50ed000,
0x0000021fc50ee000, 0x0000021fc5353800, 0x0000021fc52ff800, 0x0000021fd095a000,
0x0000021fd0996000, 0x0000021fd0b96800, 0x0000021fd0ea4000, 0x0000021fd1e4c000,
0x0000021fd0caa000
}

Java Threads: ( => current thread )
  0x0000021fa4e6d800 JavaThread "main" [_thread_blocked, id=3024, stack(0x00000078a3200000,0x00000078a3300000)]
  0x0000021fc504b000 JavaThread "Reference Handler" daemon [_thread_blocked, id=8988, stack(0x00000078a3f00000,0x00000078a4000000)]
  0x0000021fc5054800 JavaThread "Finalizer" daemon [_thread_blocked, id=6160, stack(0x00000078a4000000,0x00000078a4100000)]
  0x0000021fc50a1800 JavaThread "Signal Dispatcher" daemon [_thread_blocked, id=5324, stack(0x00000078a4100000,0x00000078a4200000)]
  0x0000021fc50a5800 JavaThread "Attach Listener" daemon [_thread_blocked, id=8764, stack(0x00000078a4200000,0x00000078a4300000)]
  0x0000021fc50a8800 JavaThread "C2 CompilerThread0" daemon [_thread_in_native, id=1460, stack(0x00000078a4300000,0x00000078a4400000)]
=>0x0000021fc50ec800 JavaThread "C2 CompilerThread1" daemon [_thread_in_native, id=5784, stack(0x00000078a4400000,0x00000078a4500000)]
  0x0000021fc50ed000 JavaThread "C1 CompilerThread2" daemon [_thread_in_native, id=6836, stack(0x00000078a4500000,0x00000078a4600000)]
  0x0000021fc50ee000 JavaThread "Sweeper thread" daemon [_thread_blocked, id=8856, stack(0x00000078a4600000,0x00000078a4700000)]
  0x0000021fc5353800 JavaThread "Service Thread" daemon [_thread_blocked, id=8720, stack(0x00000078a4700000,0x00000078a4800000)]
  0x0000021fc52ff800 JavaThread "Common-Cleaner" daemon [_thread_blocked, id=2076, stack(0x00000078a4800000,0x00000078a4900000)]
  0x0000021fd095a000 JavaThread "JavaFX-Launcher" [_thread_blocked, id=6264, stack(0x00000078a4a00000,0x00000078a4b00000)]
  0x0000021fd0996000 JavaThread "QuantumRenderer-0" daemon [_thread_blocked, id=7600, stack(0x00000078a4b00000,0x00000078a4c00000)]
  0x0000021fd0b96800 JavaThread "InvokeLaterDispatcher" daemon [_thread_blocked, id=3040, stack(0x00000078a4d00000,0x00000078a4e00000)]
  0x0000021fd0ea4000 JavaThread "JavaFX Application Thread" [_thread_in_Java, id=9936, stack(0x00000078a4e00000,0x00000078a4f00000)]
  0x0000021fd1e4c000 JavaThread "Thread-2" daemon [_thread_in_native, id=3124, stack(0x00000078a5500000,0x00000078a5600000)]
  0x0000021fd0caa000 JavaThread "Java2D Disposer" daemon [_thread_blocked, id=7944, stack(0x00000078a5700000,0x00000078a5800000)]

Other Threads:
  0x0000021fc5047000 VMThread "VM Thread" [stack: 0x00000078a3e00000,0x00000078a3f00000] [id=7460]
  0x0000021fc5362000 WatcherThread [stack: 0x00000078a4900000,0x00000078a4a00000] [id=3744]
  0x0000021fa4e85800 GCTaskThread "GC Thread#0" [stack: 0x00000078a3300000,0x00000078a3400000] [id=3160]
  0x0000021fa4e87000 GCTaskThread "GC Thread#1" [stack: 0x00000078a3400000,0x00000078a3500000] [id=4504]
  0x0000021fa4e89800 GCTaskThread "GC Thread#2" [stack: 0x00000078a3500000,0x00000078a3600000] [id=7444]
  0x0000021fa4e8c000 GCTaskThread "GC Thread#3" [stack: 0x00000078a3600000,0x00000078a3700000] [id=6184]
  0x0000021fa4ed5000 ConcurrentGCThread "G1 Main Marker" [stack: 0x00000078a3700000,0x00000078a3800000] [id=10004]
  0x0000021fa4eda800 ConcurrentGCThread "G1 Conc#0" [stack: 0x00000078a3800000,0x00000078a3900000] [id=4632]
  0x0000021fa4f2d000 ConcurrentGCThread "G1 Refine#0" [stack: 0x00000078a3900000,0x00000078a3a00000] [id=5812]
  0x0000021fa4f2e800 ConcurrentGCThread "G1 Refine#1" [stack: 0x00000078a3a00000,0x00000078a3b00000] [id=7008]
  0x0000021fa4f30800 ConcurrentGCThread "G1 Refine#2" [stack: 0x00000078a3b00000,0x00000078a3c00000] [id=4912]
  0x0000021fa4f3b000 ConcurrentGCThread "G1 Refine#3" [stack: 0x00000078a3c00000,0x00000078a3d00000] [id=7584]
  0x0000021fa4f3e000 ConcurrentGCThread "G1 Young RemSet Sampling" [stack: 0x00000078a3d00000,0x00000078a3e00000] [id=9420]

Threads with active compile tasks:
C2 CompilerThread01203   !   4       com.sun.javafx.css.ParsedValueImpl::readBinary (688 bytes)
C2 CompilerThread11399       4       com.sun.javafx.iio.png.PNGImageLoader2::decodePalette (274 bytes)
C1 CompilerThread21435       3       java.lang.invoke.TypeConvertingMethodAdapter::cast (42 bytes)

VM state:not at safepoint (normal execution)

VM Mutex/Monitor currently owned by a thread: None

Heap address: 0x00000000ac600000, size: 1338 MB, Compressed Oops mode: 32-bit
Narrow klass base: 0x0000000000000000, Narrow klass shift: 3
Compressed class space size: 1073741824 Address: 0x0000000100000000

Heap:
 garbage-first heap   total 86016K, used 11134K [0x00000000ac600000, 0x0000000100000000)
  region size 1024K, 4 young (4096K), 3 survivors (3072K)
 Metaspace       used 19174K, capacity 19729K, committed 19968K, reserved 1073152K
  class space    used 2274K, capacity 2518K, committed 2560K, reserved 1048576K
Heap Regions: E=young(eden), S=young(survivor), O=old, HS=humongous(starts), HC=humongous(continues), CS=collection set, F=free, A=archive, TS=gc time stamp, AC=allocation context, TAMS=top-at-mark-start (previous, next)
|   0|0x00000000ac600000, 0x00000000ac700000, 0x00000000ac700000|100%|HS|  |TS  0|AC  0|TAMS 0x00000000ac600000, 0x00000000ac700000|
|   1|0x00000000ac700000, 0x00000000ac800000, 0x00000000ac800000|100%|HC|  |TS  0|AC  0|TAMS 0x00000000ac700000, 0x00000000ac800000|
|   2|0x00000000ac800000, 0x00000000ac900000, 0x00000000ac900000|100%| O|  |TS  1|AC  0|TAMS 0x00000000ac800000, 0x00000000ac900000|
|   3|0x00000000ac900000, 0x00000000aca00000, 0x00000000aca00000|100%| O|  |TS  1|AC  0|TAMS 0x00000000ac900000, 0x00000000aca00000|
|   4|0x00000000aca00000, 0x00000000acb00000, 0x00000000acb00000|100%| O|  |TS  2|AC  0|TAMS 0x00000000aca00000, 0x00000000acb00000|
|   5|0x00000000acb00000, 0x00000000acc00000, 0x00000000acc00000|100%|HS|  |TS  0|AC  0|TAMS 0x00000000acb00000, 0x00000000acc00000|
|   6|0x00000000acc00000, 0x00000000acd00000, 0x00000000acd00000|100%|HC|  |TS  0|AC  0|TAMS 0x00000000acc00000, 0x00000000acd00000|
|   7|0x00000000acd00000, 0x00000000acde5400, 0x00000000ace00000| 89%| O|  |TS  3|AC  0|TAMS 0x00000000acd00000, 0x00000000acde5400|
|   8|0x00000000ace00000, 0x00000000ace00000, 0x00000000acf00000|  0%| F|  |TS  0|AC  0|TAMS 0x00000000ace00000, 0x00000000ace00000|
|   9|0x00000000acf00000, 0x00000000acf00000, 0x00000000ad000000|  0%| F|  |TS  0|AC  0|TAMS 0x00000000acf00000, 0x00000000acf00000|
|  10|0x00000000ad000000, 0x00000000ad000000, 0x00000000ad100000|  0%| F|  |TS  0|AC  0|TAMS 0x00000000ad000000, 0x00000000ad000000|
|  11|0x00000000ad100000, 0x00000000ad100000, 0x00000000ad200000|  0%| F|  |TS  0|AC  0|TAMS 0x00000000ad100000, 0x00000000ad100000|
|  12|0x00000000ad200000, 0x00000000ad200000, 0x00000000ad300000|  0%| F|  |TS  0|AC  0|TAMS 0x00000000ad200000, 0x00000000ad200000|
|  13|0x00000000ad300000, 0x00000000ad300000, 0x00000000ad400000|  0%| F|  |TS  0|AC  0|TAMS 0x00000000ad300000, 0x00000000ad300000|
|  14|0x00000000ad400000, 0x00000000ad400000, 0x00000000ad500000|  0%| F|  |TS  0|AC  0|TAMS 0x00000000ad400000, 0x00000000ad400000|
|  15|0x00000000ad500000, 0x00000000ad500000, 0x00000000ad600000|  0%| F|  |TS  0|AC  0|TAMS 0x00000000ad500000, 0x00000000ad500000|
|  16|0x00000000ad600000, 0x00000000ad600000, 0x00000000ad700000|  0%| F|  |TS  0|AC  0|TAMS 0x00000000ad600000, 0x00000000ad600000|
|  17|0x00000000ad700000, 0x00000000ad700000, 0x00000000ad800000|  0%| F|  |TS  0|AC  0|TAMS 0x00000000ad700000, 0x00000000ad700000|
|  18|0x00000000ad800000, 0x00000000ad800000, 0x00000000ad900000|  0%| F|  |TS  0|AC  0|TAMS 0x00000000ad800000, 0x00000000ad800000|
|  19|0x00000000ad900000, 0x00000000ad900000, 0x00000000ada00000|  0%| F|  |TS  0|AC  0|TAMS 0x00000000ad900000, 0x00000000ad900000|
|  20|0x00000000ada00000, 0x00000000ada00000, 0x00000000adb00000|  0%| F|  |TS  0|AC  0|TAMS 0x00000000ada00000, 0x00000000ada00000|
|  21|0x00000000adb00000, 0x00000000adb00000, 0x00000000adc00000|  0%| F|  |TS  0|AC  0|TAMS 0x00000000adb00000, 0x00000000adb00000|
|  22|0x00000000adc00000, 0x00000000adc00000, 0x00000000add00000|  0%| F|  |TS  0|AC  0|TAMS 0x00000000adc00000, 0x00000000adc00000|
|  23|0x00000000add00000, 0x00000000add00000, 0x00000000ade00000|  0%| F|  |TS  0|AC  0|TAMS 0x00000000add00000, 0x00000000add00000|
|  24|0x00000000ade00000, 0x00000000ade00000, 0x00000000adf00000|  0%| F|  |TS  0|AC  0|TAMS 0x00000000ade00000, 0x00000000ade00000|
|  25|0x00000000adf00000, 0x00000000adf00000, 0x00000000ae000000|  0%| F|  |TS  0|AC  0|TAMS 0x00000000adf00000, 0x00000000adf00000|
|  26|0x00000000ae000000, 0x00000000ae000000, 0x00000000ae100000|  0%| F|  |TS  0|AC  0|TAMS 0x00000000ae000000, 0x00000000ae000000|
|  27|0x00000000ae100000, 0x00000000ae100000, 0x00000000ae200000|  0%| F|  |TS  0|AC  0|TAMS 0x00000000ae100000, 0x00000000ae100000|
|  28|0x00000000ae200000, 0x00000000ae200000, 0x00000000ae300000|  0%| F|  |TS  0|AC  0|TAMS 0x00000000ae200000, 0x00000000ae200000|
|  29|0x00000000ae300000, 0x00000000ae300000, 0x00000000ae400000|  0%| F|  |TS  0|AC  0|TAMS 0x00000000ae300000, 0x00000000ae300000|
|  30|0x00000000ae400000, 0x00000000ae400000, 0x00000000ae500000|  0%| F|  |TS  0|AC  0|TAMS 0x00000000ae400000, 0x00000000ae400000|
|  31|0x00000000ae500000, 0x00000000ae500000, 0x00000000ae600000|  0%| F|  |TS  0|AC  0|TAMS 0x00000000ae500000, 0x00000000ae500000|
|  32|0x00000000ae600000, 0x00000000ae600000, 0x00000000ae700000|  0%| F|  |TS  0|AC  0|TAMS 0x00000000ae600000, 0x00000000ae600000|
|  33|0x00000000ae700000, 0x00000000ae700000, 0x00000000ae800000|  0%| F|  |TS  0|AC  0|TAMS 0x00000000ae700000, 0x00000000ae700000|
|  34|0x00000000ae800000, 0x00000000ae800000, 0x00000000ae900000|  0%| F|  |TS  0|AC  0|TAMS 0x00000000ae800000, 0x00000000ae800000|
|  35|0x00000000ae900000, 0x00000000ae900000, 0x00000000aea00000|  0%| F|  |TS  0|AC  0|TAMS 0x00000000ae900000, 0x00000000ae900000|
|  36|0x00000000aea00000, 0x00000000aea00000, 0x00000000aeb00000|  0%| F|  |TS  0|AC  0|TAMS 0x00000000aea00000, 0x00000000aea00000|
|  37|0x00000000aeb00000, 0x00000000aeb00000, 0x00000000aec00000|  0%| F|  |TS  0|AC  0|TAMS 0x00000000aeb00000, 0x00000000aeb00000|
|  38|0x00000000aec00000, 0x00000000aec00000, 0x00000000aed00000|  0%| F|  |TS  0|AC  0|TAMS 0x00000000aec00000, 0x00000000aec00000|
|  39|0x00000000aed00000, 0x00000000aed00000, 0x00000000aee00000|  0%| F|  |TS  0|AC  0|TAMS 0x00000000aed00000, 0x00000000aed00000|
|  40|0x00000000aee00000, 0x00000000aee00000, 0x00000000aef00000|  0%| F|  |TS  0|AC  0|TAMS 0x00000000aee00000, 0x00000000aee00000|
|  41|0x00000000aef00000, 0x00000000aef00000, 0x00000000af000000|  0%| F|  |TS  0|AC  0|TAMS 0x00000000aef00000, 0x00000000aef00000|
|  42|0x00000000af000000, 0x00000000af000000, 0x00000000af100000|  0%| F|  |TS  0|AC  0|TAMS 0x00000000af000000, 0x00000000af000000|
|  43|0x00000000af100000, 0x00000000af100000, 0x00000000af200000|  0%| F|  |TS  0|AC  0|TAMS 0x00000000af100000, 0x00000000af100000|
|  44|0x00000000af200000, 0x00000000af200000, 0x00000000af300000|  0%| F|  |TS  0|AC  0|TAMS 0x00000000af200000, 0x00000000af200000|
|  45|0x00000000af300000, 0x00000000af300000, 0x00000000af400000|  0%| F|  |TS  0|AC  0|TAMS 0x00000000af300000, 0x00000000af300000|
|  46|0x00000000af400000, 0x00000000af400000, 0x00000000af500000|  0%| F|  |TS  0|AC  0|TAMS 0x00000000af400000, 0x00000000af400000|
|  47|0x00000000af500000, 0x00000000af500000, 0x00000000af600000|  0%| F|  |TS  0|AC  0|TAMS 0x00000000af500000, 0x00000000af500000|
|  48|0x00000000af600000, 0x00000000af600000, 0x00000000af700000|  0%| F|  |TS  0|AC  0|TAMS 0x00000000af600000, 0x00000000af600000|
|  49|0x00000000af700000, 0x00000000af700000, 0x00000000af800000|  0%| F|  |TS  0|AC  0|TAMS 0x00000000af700000, 0x00000000af700000|
|  50|0x00000000af800000, 0x00000000af800000, 0x00000000af900000|  0%| F|  |TS  0|AC  0|TAMS 0x00000000af800000, 0x00000000af800000|
|  51|0x00000000af900000, 0x00000000af900000, 0x00000000afa00000|  0%| F|  |TS  0|AC  0|TAMS 0x00000000af900000, 0x00000000af900000|
|  52|0x00000000afa00000, 0x00000000afa00000, 0x00000000afb00000|  0%| F|  |TS  0|AC  0|TAMS 0x00000000afa00000, 0x00000000afa00000|
|  53|0x00000000afb00000, 0x00000000afb00000, 0x00000000afc00000|  0%| F|  |TS  0|AC  0|TAMS 0x00000000afb00000, 0x00000000afb00000|
|  54|0x00000000afc00000, 0x00000000afc00000, 0x00000000afd00000|  0%| F|  |TS  0|AC  0|TAMS 0x00000000afc00000, 0x00000000afc00000|
|  55|0x00000000afd00000, 0x00000000afd00000, 0x00000000afe00000|  0%| F|  |TS  0|AC  0|TAMS 0x00000000afd00000, 0x00000000afd00000|
|  56|0x00000000afe00000, 0x00000000afe00000, 0x00000000aff00000|  0%| F|  |TS  0|AC  0|TAMS 0x00000000afe00000, 0x00000000afe00000|
|  57|0x00000000aff00000, 0x00000000aff00000, 0x00000000b0000000|  0%| F|  |TS  0|AC  0|TAMS 0x00000000aff00000, 0x00000000aff00000|
|  58|0x00000000b0000000, 0x00000000b0000000, 0x00000000b0100000|  0%| F|  |TS  0|AC  0|TAMS 0x00000000b0000000, 0x00000000b0000000|
|  59|0x00000000b0100000, 0x00000000b0100000, 0x00000000b0200000|  0%| F|  |TS  0|AC  0|TAMS 0x00000000b0100000, 0x00000000b0100000|
|  60|0x00000000b0200000, 0x00000000b0200000, 0x00000000b0300000|  0%| F|  |TS  0|AC  0|TAMS 0x00000000b0200000, 0x00000000b0200000|
|  61|0x00000000b0300000, 0x00000000b0300000, 0x00000000b0400000|  0%| F|  |TS  0|AC  0|TAMS 0x00000000b0300000, 0x00000000b0300000|
|  62|0x00000000b0400000, 0x00000000b0400000, 0x00000000b0500000|  0%| F|  |TS  0|AC  0|TAMS 0x00000000b0400000, 0x00000000b0400000|
|  63|0x00000000b0500000, 0x00000000b0500000, 0x00000000b0600000|  0%| F|  |TS  0|AC  0|TAMS 0x00000000b0500000, 0x00000000b0500000|
|  64|0x00000000b0600000, 0x00000000b0600000, 0x00000000b0700000|  0%| F|  |TS  0|AC  0|TAMS 0x00000000b0600000, 0x00000000b0600000|
|  65|0x00000000b0700000, 0x00000000b0700000, 0x00000000b0800000|  0%| F|  |TS  0|AC  0|TAMS 0x00000000b0700000, 0x00000000b0700000|
|  66|0x00000000b0800000, 0x00000000b0800000, 0x00000000b0900000|  0%| F|  |TS  0|AC  0|TAMS 0x00000000b0800000, 0x00000000b0800000|
|  67|0x00000000b0900000, 0x00000000b0900000, 0x00000000b0a00000|  0%| F|  |TS  0|AC  0|TAMS 0x00000000b0900000, 0x00000000b0900000|
|  68|0x00000000b0a00000, 0x00000000b0a00000, 0x00000000b0b00000|  0%| F|  |TS  2|AC  0|TAMS 0x00000000b0a00000, 0x00000000b0a00000|
|  69|0x00000000b0b00000, 0x00000000b0b00000, 0x00000000b0c00000|  0%| F|  |TS  2|AC  0|TAMS 0x00000000b0b00000, 0x00000000b0b00000|
|  70|0x00000000b0c00000, 0x00000000b0c00000, 0x00000000b0d00000|  0%| F|  |TS  1|AC  0|TAMS 0x00000000b0c00000, 0x00000000b0c00000|
|  71|0x00000000b0d00000, 0x00000000b0d00000, 0x00000000b0e00000|  0%| F|  |TS  1|AC  0|TAMS 0x00000000b0d00000, 0x00000000b0d00000|
|  72|0x00000000b0e00000, 0x00000000b0efa5a0, 0x00000000b0f00000| 97%| S|CS|TS  3|AC  0|TAMS 0x00000000b0e00000, 0x00000000b0e00000|
|  73|0x00000000b0f00000, 0x00000000b1000000, 0x00000000b1000000|100%| S|CS|TS  3|AC  0|TAMS 0x00000000b0f00000, 0x00000000b0f00000|
|  74|0x00000000b1000000, 0x00000000b1100000, 0x00000000b1100000|100%| S|CS|TS  3|AC  0|TAMS 0x00000000b1000000, 0x00000000b1000000|
|  75|0x00000000b1100000, 0x00000000b1100000, 0x00000000b1200000|  0%| F|  |TS  3|AC  0|TAMS 0x00000000b1100000, 0x00000000b1100000|
|  76|0x00000000b1200000, 0x00000000b1200000, 0x00000000b1300000|  0%| F|  |TS  3|AC  0|TAMS 0x00000000b1200000, 0x00000000b1200000|
|  77|0x00000000b1300000, 0x00000000b1300000, 0x00000000b1400000|  0%| F|  |TS  3|AC  0|TAMS 0x00000000b1300000, 0x00000000b1300000|
|  78|0x00000000b1400000, 0x00000000b1400000, 0x00000000b1500000|  0%| F|  |TS  3|AC  0|TAMS 0x00000000b1400000, 0x00000000b1400000|
|  79|0x00000000b1500000, 0x00000000b1500000, 0x00000000b1600000|  0%| F|  |TS  3|AC  0|TAMS 0x00000000b1500000, 0x00000000b1500000|
|  80|0x00000000b1600000, 0x00000000b1600000, 0x00000000b1700000|  0%| F|  |TS  3|AC  0|TAMS 0x00000000b1600000, 0x00000000b1600000|
|  81|0x00000000b1700000, 0x00000000b1700000, 0x00000000b1800000|  0%| F|  |TS  3|AC  0|TAMS 0x00000000b1700000, 0x00000000b1700000|
|  82|0x00000000b1800000, 0x00000000b1800000, 0x00000000b1900000|  0%| F|  |TS  3|AC  0|TAMS 0x00000000b1800000, 0x00000000b1800000|
|  83|0x00000000b1900000, 0x00000000b197d490, 0x00000000b1a00000| 48%| E|  |TS  3|AC  0|TAMS 0x00000000b1900000, 0x00000000b1900000|

Card table byte_map: [0x0000021fbf4a0000,0x0000021fbf740000] byte_map_base: 0x0000021fbef3d000

Marking Bits (Prev, Next): (CMBitMap*) 0x0000021fa4ed4490, (CMBitMap*) 0x0000021fa4ed44c8
 Prev Bits: [0x0000021fbf9e0000, 0x0000021fc0ec8000)
 Next Bits: [0x0000021fc0ed0000, 0x0000021fc23b8000)

Polling page: 0x0000021fa2cf0000

CodeHeap 'non-profiled nmethods': size=120064Kb used=527Kb max_used=527Kb free=119536Kb
 bounds [0x0000021fb7cc0000, 0x0000021fb7f30000, 0x0000021fbf200000]
CodeHeap 'profiled nmethods': size=120000Kb used=2693Kb max_used=2693Kb free=117307Kb
 bounds [0x0000021fb0790000, 0x0000021fb0a40000, 0x0000021fb7cc0000]
CodeHeap 'non-nmethods': size=5696Kb used=1226Kb max_used=1241Kb free=4469Kb
 bounds [0x0000021fb0200000, 0x0000021fb0470000, 0x0000021fb0790000]
 total_blobs=2345 nmethods=1435 adapters=516
 compilation: enabled

Compilation events (10 events):
Event: 7.107 Thread 0x0000021fc50ed000 1428       1       java.lang.reflect.Constructor::getConstructorAccessor (5 bytes)
Event: 7.108 Thread 0x0000021fc50ed000 nmethod 1428 0x0000021fb7d42590 code [0x0000021fb7d42740, 0x0000021fb7d42858]
Event: 7.108 Thread 0x0000021fc50ed000 1430       3       java.lang.reflect.Constructor::setConstructorAccessor (21 bytes)
Event: 7.109 Thread 0x0000021fc50ed000 nmethod 1430 0x0000021fb0a30210 code [0x0000021fb0a303e0, 0x0000021fb0a30730]
Event: 7.109 Thread 0x0000021fc50ed000 1431       3       jdk.internal.reflect.ConstructorAccessorImpl::<init> (5 bytes)
Event: 7.109 Thread 0x0000021fc50ed000 nmethod 1431 0x0000021fb0a30810 code [0x0000021fb0a309c0, 0x0000021fb0a30bd8]
Event: 7.109 Thread 0x0000021fc50ed000 1432       1       jdk.internal.reflect.NativeConstructorAccessorImpl::setParent (6 bytes)
Event: 7.109 Thread 0x0000021fc50ed000 nmethod 1432 0x0000021fb7d42910 code [0x0000021fb7d42ac0, 0x0000021fb7d42c18]
Event: 7.109 Thread 0x0000021fc50ed000 1429       1       jdk.internal.reflect.DelegatingConstructorAccessorImpl::setDelegate (6 bytes)
Event: 7.110 Thread 0x0000021fc50ed000 nmethod 1429 0x0000021fb7d42c90 code [0x0000021fb7d42e40, 0x0000021fb7d42f98]

GC Heap History (4 events):
Event: 6.202 GC heap before
{Heap before GC invocations=0 (full 0):
 garbage-first heap   total 86016K, used 16384K [0x00000000ac600000, 0x0000000100000000)
  region size 1024K, 14 young (14336K), 0 survivors (0K)
 Metaspace       used 15872K, capacity 16230K, committed 16384K, reserved 1062912K
  class space    used 1773K, capacity 1946K, committed 2048K, reserved 1048576K
}
Event: 6.227 GC heap after
{Heap after GC invocations=1 (full 0):
 garbage-first heap   total 86016K, used 6282K [0x00000000ac600000, 0x0000000100000000)
  region size 1024K, 2 young (2048K), 2 survivors (2048K)
 Metaspace       used 15872K, capacity 16230K, committed 16384K, reserved 1062912K
  class space    used 1773K, capacity 1946K, committed 2048K, reserved 1048576K
}
Event: 6.451 GC heap before
{Heap before GC invocations=1 (full 0):
 garbage-first heap   total 86016K, used 10378K [0x00000000ac600000, 0x0000000100000000)
  region size 1024K, 4 young (4096K), 2 survivors (2048K)
 Metaspace       used 16959K, capacity 17385K, committed 17536K, reserved 1064960K
  class space    used 1960K, capacity 2159K, committed 2176K, reserved 1048576K
}
Event: 6.460 GC heap after
{Heap after GC invocations=2 (full 0):
 garbage-first heap   total 86016K, used 9079K [0x00000000ac600000, 0x0000000100000000)
  region size 1024K, 1 young (1024K), 1 survivors (1024K)
 Metaspace       used 16959K, capacity 17385K, committed 17536K, reserved 1064960K
  class space    used 1960K, capacity 2159K, committed 2176K, reserved 1048576K
}

Deoptimization events (10 events):
Event: 6.757 Thread 0x0000021fd0ea4000 Uncommon trap: reason=class_check action=maybe_recompile pc=0x0000021fb7d366d8 method=java.util.HashMap.putVal(ILjava/lang/Object;Ljava/lang/Object;ZZ)Ljava/lang/Object; @ 203 c2
Event: 6.757 Thread 0x0000021fd0ea4000 Uncommon trap: reason=bimorphic_or_optimized_type_check action=maybe_recompile pc=0x0000021fb7d36684 method=java.util.HashMap.putVal(ILjava/lang/Object;Ljava/lang/Object;ZZ)Ljava/lang/Object; @ 91 c2
Event: 6.757 Thread 0x0000021fd0ea4000 Uncommon trap: reason=class_check action=maybe_recompile pc=0x0000021fb7d366d8 method=java.util.HashMap.putVal(ILjava/lang/Object;Ljava/lang/Object;ZZ)Ljava/lang/Object; @ 203 c2
Event: 6.757 Thread 0x0000021fd0ea4000 Uncommon trap: reason=bimorphic_or_optimized_type_check action=maybe_recompile pc=0x0000021fb7d36684 method=java.util.HashMap.putVal(ILjava/lang/Object;Ljava/lang/Object;ZZ)Ljava/lang/Object; @ 91 c2
Event: 6.757 Thread 0x0000021fd0ea4000 Uncommon trap: reason=bimorphic_or_optimized_type_check action=maybe_recompile pc=0x0000021fb7d36684 method=java.util.HashMap.putVal(ILjava/lang/Object;Ljava/lang/Object;ZZ)Ljava/lang/Object; @ 91 c2
Event: 6.757 Thread 0x0000021fd0ea4000 Uncommon trap: reason=class_check action=maybe_recompile pc=0x0000021fb7d366d8 method=java.util.HashMap.putVal(ILjava/lang/Object;Ljava/lang/Object;ZZ)Ljava/lang/Object; @ 203 c2
Event: 6.811 Thread 0x0000021fd0ea4000 Uncommon trap: reason=unstable_if action=reinterpret pc=0x0000021fb7d1e9a0 method=java.util.Arrays.equals([Ljava/lang/Object;[Ljava/lang/Object;)Z @ 44 c2
Event: 6.920 Thread 0x0000021fd0ea4000 Uncommon trap: reason=unstable_if action=reinterpret pc=0x0000021fb7d301d8 method=java.lang.String.startsWith(Ljava/lang/String;I)Z @ 1 c2
Event: 7.009 Thread 0x0000021fd0ea4000 Uncommon trap: reason=unstable_if action=reinterpret pc=0x0000021fb7d2f6d8 method=java.io.ByteArrayInputStream.read()I @ 8 c2
Event: 7.011 Thread 0x0000021fd0ea4000 Uncommon trap: reason=unstable_if action=reinterpret pc=0x0000021fb7d13eb0 method=com.sun.javafx.iio.png.PNGImageLoader2.decodePalette([BLcom/sun/javafx/iio/ImageMetadata;)Lcom/sun/javafx/iio/ImageFrame; @ 56 c2

Classes redefined (0 events):
No events

Internal exceptions (10 events):
Event: 5.607 Thread 0x0000021fd0ea4000 Exception <a 'java/lang/NoSuchMethodError'{0x00000000b10d23d0}: method resolution failed> (0x00000000b10d23d0) thrown at [t:/workspace/open/src/hotspot/share/prims/methodHandles.cpp, line 1226]
Event: 5.618 Thread 0x0000021fd0ea4000 Exception <a 'java/lang/NoSuchMethodError'{0x00000000b10ea668}: method resolution failed> (0x00000000b10ea668) thrown at [t:/workspace/open/src/hotspot/share/prims/methodHandles.cpp, line 1226]
Event: 5.623 Thread 0x0000021fd0ea4000 Exception <a 'java/lang/NoSuchMethodError'{0x00000000b0f05070}: method resolution failed> (0x00000000b0f05070) thrown at [t:/workspace/open/src/hotspot/share/prims/methodHandles.cpp, line 1226]
Event: 6.081 Thread 0x0000021fd0ea4000 Exception <a 'java/lang/NoSuchMethodError'{0x00000000b0db7128}: java.lang.invoke.DirectMethodHandle$Holder.invokeInterface(Ljava/lang/Object;Ljava/lang/Object;Ljava/lang/Object;)I> (0x00000000b0db7128) thrown at [t:/workspace/open/src/hotspot/share/interp
Event: 6.089 Thread 0x0000021fd0ea4000 Exception <a 'java/lang/NoSuchMethodError'{0x00000000b0dc56d8}: java.lang.invoke.DirectMethodHandle$Holder.invokeStatic(Ljava/lang/Object;Ljava/lang/Object;)I> (0x00000000b0dc56d8) thrown at [t:/workspace/open/src/hotspot/share/interpreter/linkResolver.cp
Event: 6.094 Thread 0x0000021fd0ea4000 Exception <a 'java/lang/NoSuchMethodError'{0x00000000b0dd2660}: java.lang.Object.of([Ljava/lang/Object;)Ljava/util/stream/Stream;> (0x00000000b0dd2660) thrown at [t:/workspace/open/src/hotspot/share/interpreter/linkResolver.cpp, line 741]
Event: 6.201 Thread 0x0000021fd0ea4000 Exception <a 'java/lang/NoSuchMethodError'{0x00000000b0cfbb48}: java.lang.invoke.DelegatingMethodHandle$Holder.reinvoke_L(Ljava/lang/Object;Ljava/lang/Object;ILjava/lang/Object;)Ljava/lang/Object;> (0x00000000b0cfbb48) thrown at [t:/workspace/open/src/hot
Event: 6.588 Thread 0x0000021fd0ea4000 Exception <a 'java/lang/NoSuchMethodError'{0x00000000b1625a58}: java.lang.invoke.DirectMethodHandle$Holder.invokeStaticInit(Ljava/lang/Object;Ljava/lang/Object;)V> (0x00000000b1625a58) thrown at [t:/workspace/open/src/hotspot/share/interpreter/linkResolve
Event: 6.702 Thread 0x0000021fd0ea4000 Exception <a 'java/io/FileNotFoundException'{0x00000000b1566ff8}> (0x00000000b1566ff8) thrown at [t:/workspace/open/src/hotspot/share/prims/jni.cpp, line 611]
Event: 6.748 Thread 0x0000021fd0ea4000 Exception <a 'java/io/FileNotFoundException'{0x00000000b15dd958}> (0x00000000b15dd958) thrown at [t:/workspace/open/src/hotspot/share/prims/jni.cpp, line 611]

Events (10 events):
Event: 7.114 loading class sun/management/NotificationEmitterSupport done
Event: 7.114 loading class com/sun/management/internal/DiagnosticCommandImpl done
Event: 7.114 loading class sun/management/ManagementFactoryHelper
Event: 7.115 loading class sun/management/ManagementFactoryHelper done
Event: 7.115 loading class sun/management/VMManagementImpl
Event: 7.115 loading class sun/management/VMManagement
Event: 7.115 loading class sun/management/VMManagement done
Event: 7.116 loading class sun/management/VMManagementImpl done
Event: 7.116 loading class com/sun/management/internal/PlatformMBeanProviderImpl$5
Event: 7.116 loading class com/sun/management/internal/PlatformMBeanProviderImpl$5 done


Dynamic libraries:
0x00007ff7c9b50000 - 0x00007ff7c9b8e000 	C:\DEV\java\jdk\jdk10\bin\javaw.exe
0x00007ffc4b590000 - 0x00007ffc4b771000 	C:\WINDOWS\SYSTEM32\ntdll.dll
0x00007ffc493d0000 - 0x00007ffc49481000 	C:\WINDOWS\System32\KERNEL32.DLL
0x00007ffc48410000 - 0x00007ffc48683000 	C:\WINDOWS\System32\KERNELBASE.dll
0x00007ffc4b2a0000 - 0x00007ffc4b341000 	C:\WINDOWS\System32\ADVAPI32.dll
0x00007ffc49c50000 - 0x00007ffc49cee000 	C:\WINDOWS\System32\msvcrt.dll
0x00007ffc49830000 - 0x00007ffc4988b000 	C:\WINDOWS\System32\sechost.dll
0x00007ffc48b00000 - 0x00007ffc48c24000 	C:\WINDOWS\System32\RPCRT4.dll
0x00007ffc49240000 - 0x00007ffc493d0000 	C:\WINDOWS\System32\USER32.dll
0x00007ffc482e0000 - 0x00007ffc48300000 	C:\WINDOWS\System32\win32u.dll
0x00007ffc49210000 - 0x00007ffc49238000 	C:\WINDOWS\System32\GDI32.dll
0x00007ffc48880000 - 0x00007ffc48a12000 	C:\WINDOWS\System32\gdi32full.dll
0x00007ffc48240000 - 0x00007ffc482df000 	C:\WINDOWS\System32\msvcp_win.dll
0x00007ffc480f0000 - 0x00007ffc481e8000 	C:\WINDOWS\System32\ucrtbase.dll
0x00007ffc38610000 - 0x00007ffc38879000 	C:\WINDOWS\WinSxS\amd64_microsoft.windows.common-controls_6595b64144ccf1df_6.0.17134.765_none_fb42a1a930655896\COMCTL32.dll
0x00007ffc498f0000 - 0x00007ffc49c12000 	C:\WINDOWS\System32\combase.dll
0x00007ffc48070000 - 0x00007ffc480ea000 	C:\WINDOWS\System32\bcryptPrimitives.dll
0x00007ffc414d0000 - 0x00007ffc414da000 	C:\WINDOWS\SYSTEM32\VERSION.dll
0x00007ffc49c20000 - 0x00007ffc49c4d000 	C:\WINDOWS\System32\IMM32.DLL
0x00007ffc233d0000 - 0x00007ffc234bf000 	C:\DEV\java\jdk\jdk10\bin\msvcr120.dll
0x00007ffc23640000 - 0x00007ffc236e6000 	C:\DEV\java\jdk\jdk10\bin\msvcp120.dll
0x0000000058c40000 - 0x00000000596b0000 	C:\DEV\java\jdk\jdk10\bin\server\jvm.dll
0x00007ffc4b4f0000 - 0x00007ffc4b4f8000 	C:\WINDOWS\System32\PSAPI.DLL
0x00007ffc318d0000 - 0x00007ffc318d9000 	C:\WINDOWS\SYSTEM32\WSOCK32.dll
0x00007ffc49120000 - 0x00007ffc4918c000 	C:\WINDOWS\System32\WS2_32.dll
0x00007ffc45b40000 - 0x00007ffc45b63000 	C:\WINDOWS\SYSTEM32\WINMM.dll
0x00007ffc45b10000 - 0x00007ffc45b3a000 	C:\WINDOWS\SYSTEM32\WINMMBASE.dll
0x00007ffc481f0000 - 0x00007ffc48239000 	C:\WINDOWS\System32\cfgmgr32.dll
0x00007ffc45ad0000 - 0x00007ffc45adf000 	C:\DEV\java\jdk\jdk10\bin\verify.dll
0x00007ffc375f0000 - 0x00007ffc377b9000 	C:\WINDOWS\SYSTEM32\DBGHELP.DLL
0x00007ffc375c0000 - 0x00007ffc375e9000 	C:\WINDOWS\SYSTEM32\dbgcore.DLL
0x00007ffc45aa0000 - 0x00007ffc45ac7000 	C:\DEV\java\jdk\jdk10\bin\java.dll
0x00007ffc45a80000 - 0x00007ffc45a96000 	C:\DEV\java\jdk\jdk10\bin\zip.dll
0x00007ffc45a70000 - 0x00007ffc45a7a000 	C:\DEV\java\jdk\jdk10\bin\jimage.dll
0x00007ffc49de0000 - 0x00007ffc4b220000 	C:\WINDOWS\System32\SHELL32.dll
0x00007ffc49620000 - 0x00007ffc496c9000 	C:\WINDOWS\System32\shcore.dll
0x00007ffc47960000 - 0x00007ffc4806d000 	C:\WINDOWS\System32\windows.storage.dll
0x00007ffc4b500000 - 0x00007ffc4b551000 	C:\WINDOWS\System32\shlwapi.dll
0x00007ffc478d0000 - 0x00007ffc478e1000 	C:\WINDOWS\System32\kernel.appcore.dll
0x00007ffc478b0000 - 0x00007ffc478cf000 	C:\WINDOWS\System32\profapi.dll
0x00007ffc47910000 - 0x00007ffc4795c000 	C:\WINDOWS\System32\powrprof.dll
0x00007ffc478a0000 - 0x00007ffc478aa000 	C:\WINDOWS\System32\FLTLIB.DLL
0x00007ffc45a50000 - 0x00007ffc45a6a000 	C:\dev\Java\jdk\jdk10\bin\net.dll
0x00007ffc3ecc0000 - 0x00007ffc3ed9d000 	C:\WINDOWS\SYSTEM32\WINHTTP.dll
0x00007ffc470c0000 - 0x00007ffc47126000 	C:\WINDOWS\system32\mswsock.dll
0x00007ffc45a00000 - 0x00007ffc45a11000 	C:\dev\Java\jdk\jdk10\bin\nio.dll
0x0000021fa2d50000 - 0x0000021fa2d53000 	C:\dev\Java\jdk\jdk10\bin\api-ms-win-core-console-l1-1-0.dll
0x0000021fa2d60000 - 0x0000021fa2d63000 	C:\dev\Java\jdk\jdk10\bin\api-ms-win-core-datetime-l1-1-0.dll
0x0000021fa3000000 - 0x0000021fa3003000 	C:\dev\Java\jdk\jdk10\bin\api-ms-win-core-debug-l1-1-0.dll
0x0000021fa3010000 - 0x0000021fa3013000 	C:\dev\Java\jdk\jdk10\bin\api-ms-win-core-errorhandling-l1-1-0.dll
0x0000021fa3020000 - 0x0000021fa3024000 	C:\dev\Java\jdk\jdk10\bin\api-ms-win-core-file-l1-1-0.dll
0x0000021fa4de0000 - 0x0000021fa4de3000 	C:\dev\Java\jdk\jdk10\bin\api-ms-win-core-file-l1-2-0.dll
0x0000021fa4df0000 - 0x0000021fa4df3000 	C:\dev\Java\jdk\jdk10\bin\api-ms-win-core-file-l2-1-0.dll
0x0000021fa4e00000 - 0x0000021fa4e03000 	C:\dev\Java\jdk\jdk10\bin\api-ms-win-core-handle-l1-1-0.dll
0x0000021fa4e10000 - 0x0000021fa4e13000 	C:\dev\Java\jdk\jdk10\bin\api-ms-win-core-heap-l1-1-0.dll
0x0000021fa4e20000 - 0x0000021fa4e23000 	C:\dev\Java\jdk\jdk10\bin\api-ms-win-core-interlocked-l1-1-0.dll
0x0000021fa4e30000 - 0x0000021fa4e33000 	C:\dev\Java\jdk\jdk10\bin\api-ms-win-core-libraryloader-l1-1-0.dll
0x0000021fa4e40000 - 0x0000021fa4e43000 	C:\dev\Java\jdk\jdk10\bin\api-ms-win-core-localization-l1-2-0.dll
0x0000021fd10c0000 - 0x0000021fd10c3000 	C:\dev\Java\jdk\jdk10\bin\api-ms-win-core-memory-l1-1-0.dll
0x0000021fd10d0000 - 0x0000021fd10d3000 	C:\dev\Java\jdk\jdk10\bin\api-ms-win-core-namedpipe-l1-1-0.dll
0x0000021fd10e0000 - 0x0000021fd10e3000 	C:\dev\Java\jdk\jdk10\bin\api-ms-win-core-processenvironment-l1-1-0.dll
0x0000021fd10f0000 - 0x0000021fd10f3000 	C:\dev\Java\jdk\jdk10\bin\api-ms-win-core-processthreads-l1-1-0.dll
0x0000021fd1100000 - 0x0000021fd1103000 	C:\dev\Java\jdk\jdk10\bin\api-ms-win-core-processthreads-l1-1-1.dll
0x0000021fd1110000 - 0x0000021fd1113000 	C:\dev\Java\jdk\jdk10\bin\api-ms-win-core-profile-l1-1-0.dll
0x0000021fd1120000 - 0x0000021fd1123000 	C:\dev\Java\jdk\jdk10\bin\api-ms-win-core-rtlsupport-l1-1-0.dll
0x0000021fd1130000 - 0x0000021fd1133000 	C:\dev\Java\jdk\jdk10\bin\api-ms-win-core-string-l1-1-0.dll
0x0000021fd1140000 - 0x0000021fd1143000 	C:\dev\Java\jdk\jdk10\bin\api-ms-win-core-synch-l1-1-0.dll
0x0000021fd1150000 - 0x0000021fd1153000 	C:\dev\Java\jdk\jdk10\bin\api-ms-win-core-synch-l1-2-0.dll
0x0000021fd1160000 - 0x0000021fd1163000 	C:\dev\Java\jdk\jdk10\bin\api-ms-win-core-sysinfo-l1-1-0.dll
0x0000021fd1170000 - 0x0000021fd1173000 	C:\dev\Java\jdk\jdk10\bin\api-ms-win-core-timezone-l1-1-0.dll
0x0000021fd1180000 - 0x0000021fd1183000 	C:\dev\Java\jdk\jdk10\bin\api-ms-win-core-util-l1-1-0.dll
0x0000021fd1190000 - 0x0000021fd1193000 	C:\dev\Java\jdk\jdk10\bin\api-ms-win-crt-conio-l1-1-0.dll
0x0000021fd11a0000 - 0x0000021fd11a4000 	C:\dev\Java\jdk\jdk10\bin\api-ms-win-crt-convert-l1-1-0.dll
0x0000021fd11b0000 - 0x0000021fd11b3000 	C:\dev\Java\jdk\jdk10\bin\api-ms-win-crt-environment-l1-1-0.dll
0x0000021fd11c0000 - 0x0000021fd11c3000 	C:\dev\Java\jdk\jdk10\bin\api-ms-win-crt-filesystem-l1-1-0.dll
0x0000021fd11d0000 - 0x0000021fd11d3000 	C:\dev\Java\jdk\jdk10\bin\api-ms-win-crt-heap-l1-1-0.dll
0x0000021fd11e0000 - 0x0000021fd11e3000 	C:\dev\Java\jdk\jdk10\bin\api-ms-win-crt-locale-l1-1-0.dll
0x0000021fd11f0000 - 0x0000021fd11f5000 	C:\dev\Java\jdk\jdk10\bin\api-ms-win-crt-math-l1-1-0.dll
0x0000021fd1200000 - 0x0000021fd1205000 	C:\dev\Java\jdk\jdk10\bin\api-ms-win-crt-multibyte-l1-1-0.dll
0x0000021fd1210000 - 0x0000021fd1220000 	C:\dev\Java\jdk\jdk10\bin\api-ms-win-crt-private-l1-1-0.dll
0x0000021fd1220000 - 0x0000021fd1223000 	C:\dev\Java\jdk\jdk10\bin\api-ms-win-crt-process-l1-1-0.dll
0x0000021fd1230000 - 0x0000021fd1234000 	C:\dev\Java\jdk\jdk10\bin\api-ms-win-crt-runtime-l1-1-0.dll
0x0000021fd1240000 - 0x0000021fd1244000 	C:\dev\Java\jdk\jdk10\bin\api-ms-win-crt-stdio-l1-1-0.dll
0x0000021fd1250000 - 0x0000021fd1254000 	C:\dev\Java\jdk\jdk10\bin\api-ms-win-crt-string-l1-1-0.dll
0x0000021fd1260000 - 0x0000021fd1263000 	C:\dev\Java\jdk\jdk10\bin\api-ms-win-crt-time-l1-1-0.dll
0x0000021fd1270000 - 0x0000021fd1273000 	C:\dev\Java\jdk\jdk10\bin\api-ms-win-crt-utility-l1-1-0.dll
0x00007ffc212b0000 - 0x00007ffc213a6000 	C:\dev\Java\jdk\jdk10\bin\ucrtbase.dll
0x00007ffc30350000 - 0x00007ffc30366000 	C:\dev\Java\jdk\jdk10\bin\vcruntime140.dll
0x00007ffc22dc0000 - 0x00007ffc22e5c000 	C:\dev\Java\jdk\jdk10\bin\msvcp140.dll
0x00007ffc2b550000 - 0x00007ffc2b5a1000 	C:\dev\Java\jdk\jdk10\bin\concrt140.dll
0x00007ffc24b10000 - 0x00007ffc24b33000 	C:\dev\Java\jdk\jdk10\bin\prism_d3d.dll
0x00007ffc2c890000 - 0x00007ffc2ca27000 	C:\WINDOWS\system32\d3d9.dll
0x00007ffc46040000 - 0x00007ffc46069000 	C:\WINDOWS\SYSTEM32\dwmapi.dll
0x00007ffc45de0000 - 0x00007ffc45e78000 	C:\WINDOWS\system32\uxtheme.dll
0x00007ffc41500000 - 0x00007ffc41664000 	C:\WINDOWS\SYSTEM32\aticfx64.dll
0x00007ffc334b0000 - 0x00007ffc334d1000 	C:\WINDOWS\SYSTEM32\atiu9p64.dll
0x00007ffc23f80000 - 0x00007ffc247d9000 	C:\WINDOWS\SYSTEM32\atiumd64.dll
0x0000000057940000 - 0x00000000581c8000 	C:\WINDOWS\SYSTEM32\atiumd6a.dll
0x00007ffc23870000 - 0x00007ffc238ba000 	C:\dev\Java\jdk\jdk10\bin\glass.dll
0x00007ffc49cf0000 - 0x00007ffc49ddd000 	C:\WINDOWS\System32\COMDLG32.dll
0x00007ffc496d0000 - 0x00007ffc49821000 	C:\WINDOWS\System32\ole32.dll
0x00007ffc48a20000 - 0x00007ffc48ae2000 	C:\WINDOWS\System32\OLEAUT32.dll
0x00007ffc494a0000 - 0x00007ffc49613000 	C:\WINDOWS\System32\MSCTF.dll
0x00007ffc22960000 - 0x00007ffc22979000 	C:\Program Files (x86)\Smadav\SmadHook64.dll
0x00007ffc2efa0000 - 0x00007ffc2efb4000 	C:\dev\Java\jdk\jdk10\bin\javafx_font.dll
0x00007ffc20a30000 - 0x00007ffc20bcb000 	C:\dev\Java\jdk\jdk10\bin\awt.dll
0x00007ffc445c0000 - 0x00007ffc44b87000 	C:\WINDOWS\SYSTEM32\d2d1.dll
0x00007ffc45c30000 - 0x00007ffc45cbb000 	C:\WINDOWS\SYSTEM32\apphelp.dll
0x00007ffc226e0000 - 0x00007ffc22745000 	C:\dev\Java\jdk\jdk10\bin\fontmanager.dll
0x00007ffc3fe20000 - 0x00007ffc4013c000 	C:\WINDOWS\SYSTEM32\dwrite.dll
0x00007ffc24ae0000 - 0x00007ffc24b03000 	C:\dev\Java\jdk\jdk10\bin\javafx_iio.dll
0x00007ffc440b0000 - 0x00007ffc440b9000 	C:\dev\Java\jdk\jdk10\bin\management.dll
0x00007ffc41740000 - 0x00007ffc4174a000 	C:\dev\Java\jdk\jdk10\bin\management_ext.dll

dbghelp: loaded successfully - version: 4.0.5 - missing functions: none
symbol engine: initialized successfully - sym options: 0x614 - pdb path: .;C:\DEV\java\jdk\jdk10\bin;C:\WINDOWS\SYSTEM32;C:\WINDOWS\WinSxS\amd64_microsoft.windows.common-controls_6595b64144ccf1df_6.0.17134.765_none_fb42a1a930655896;C:\DEV\java\jdk\jdk10\bin\server;C:\Program Files (x86)\Smadav

VM Arguments:
jvm_args: -Dfile.encoding=UTF-8 
java_command: projet.MainProjet
java_class_path (initial): C:\Users\Ce\Desktop\Java_Framework\projet\bin;C:\Users\Ce\Desktop\Java_Framework\Framework-3iL\bin;C:\Users\Ce\Desktop\Java_Framework\~libraries\JDBC Drivers\ojdbc8.jar;C:\Users\Ce\Desktop\Java_Framework\~libraries\mapstruct-1.3\mapstruct-1.3.0.Final.jar
Launcher Type: SUN_STANDARD

Logging:
Log output configuration:
#0: stdout all=warning uptime,level,tags
#1: stderr all=off uptime,level,tags

Environment Variables:
PATH=C:/dev/java/jdk/jdk10/bin/server;C:/dev/java/jdk/jdk10/bin;C:\oraclexe\app\oracle\product\11.2.0\server\bin;C:\Program Files (x86)\Common Files\Oracle\Java\javapath;C:\ProgramData\Oracle\Java\javapath;C:\WINDOWS\system32;C:\WINDOWS;C:\WINDOWS\System32\Wbem;C:\WINDOWS\System32\WindowsPowerShell\v1.0\;C:\WINDOWS\System32\OpenSSH\;C:\Program Files\dotnet\;C:\Program Files\Microsoft SQL Server\130\Tools\Binn\;C:\Program Files\nodejs\;C:\Program Files\MATLAB\R2019a\bin;C:\Users\Ce\AppData\Local\Microsoft\WindowsApps;C:\Users\Ce\AppData\Roaming\npm;C:\dev\Java\eclipse-4.10-java;
USERNAME=Ce
OS=Windows_NT
PROCESSOR_IDENTIFIER=AMD64 Family 21 Model 19 Stepping 1, AuthenticAMD



---------------  S Y S T E M  ---------------

OS: Windows 10 , 64 bit Build 17134 (10.0.17134.753)

CPU:total 4 (initial active 4) (4 cores per cpu, 1 threads per core) family 21 model 19 stepping 1, cmov, cx8, fxsr, mmx, sse, sse2, sse3, ssse3, sse4.1, sse4.2, popcnt, avx, aes, clmul, mmxext, 3dnowpref, lzcnt, sse4a, tsc, tscinvbit, tscinv, bmi1, fma

Memory: 4k page, physical 5472624k(1316300k free), swap 5996912k(3952k free)

vm_info: Java HotSpot(TM) 64-Bit Server VM (10.0.2+13) for windows-amd64 JRE (10.0.2+13), built on Jun 28 2018 01:57:56 by "mach5one" with MS VC++ 12.0 (VS2013)

END.
