#
# There is insufficient memory for the Java Runtime Environment to continue.
# Native memory allocation (malloc) failed to allocate 1048576 bytes for AllocateHeap
# Possible reasons:
#   The system is out of physical RAM or swap space
#   The process is running with CompressedOops enabled, and the Java Heap may be blocking the growth of the native heap
# Possible solutions:
#   Reduce memory load on the system
#   Increase physical memory or swap space
#   Check if swap backing store is full
#   Decrease Java heap size (-Xmx/-Xms)
#   Decrease number of Java threads
#   Decrease Java thread stack sizes (-Xss)
#   Set larger code cache with -XX:ReservedCodeCacheSize=
#   JVM is running with Unscaled Compressed Oops mode in which the Java heap is
#     placed in the first 4GB address space. The Java Heap base address is the
#     maximum limit for the native heap growth. Please use -XX:HeapBaseMinAddress
#     to set the Java Heap base and to place the Java Heap above 4GB virtual address.
# This output file may be truncated or incomplete.
#
#  Out of Memory Error (memory/allocation.inline.hpp:63), pid=9148, tid=4744
#
# JRE version: Java(TM) SE Runtime Environment (10.0.2+13) (build 10.0.2+13)
# Java VM: Java HotSpot(TM) 64-Bit Server VM (10.0.2+13, mixed mode, tiered, compressed oops, g1 gc, windows-amd64)
# No core dump will be written. Minidumps are not enabled by default on client versions of Windows
#

---------------  S U M M A R Y ------------

Command Line: -Dfile.encoding=UTF-8 projet.MainProjet

Host: AMD A10-5745M APU with Radeon(tm) HD Graphics  , 4 cores, 5G,  Windows 10 , 64 bit Build 17134 (10.0.17134.753)
Time: Sun Jun 09 01:09:02 2019 Paris, Madrid (heure d?été) elapsed time: 2 seconds (0d 0h 0m 2s)

---------------  T H R E A D  ---------------

Current thread (0x000001ff7b623800):  VMThread "VM Thread" [stack: 0x0000008a20700000,0x0000008a20800000] [id=4744]

Stack: [0x0000008a20700000,0x0000008a20800000]
[error occurred during error reporting (printing stack bounds), id 0xe0000001]

Native frames: (J=compiled Java code, j=interpreted, Vv=VM code, C=native code)
V  [jvm.dll+0x5a01a9]
V  [jvm.dll+0x6bcf31]
V  [jvm.dll+0x6be126]
V  [jvm.dll+0x6be715]
V  [jvm.dll+0x6be6cb]
V  [jvm.dll+0x59f993]
V  [jvm.dll+0x59fda8]
C  [ntdll.dll+0x9f7dd]
C  [ntdll.dll+0xd856]
C  [ntdll.dll+0x9e70e]
C  0x000001ff667e0ead

VM_Operation (0x0000008a218f7cf0): CollectForMetadataAllocation, mode: safepoint, requested by thread 0x000001ff7d14e000


---------------  P R O C E S S  ---------------

Threads class SMR info:
_java_thread_list=0x000001ff7c34ea90, length=17, elements={
0x000001ff5b44d800, 0x000001ff7b62f800, 0x000001ff7b639000, 0x000001ff7b686800,
0x000001ff7b68a800, 0x000001ff7b68d800, 0x000001ff7b818800, 0x000001ff7b6ca000,
0x000001ff7b821000, 0x000001ff7b938800, 0x000001ff7b947000, 0x000001ff7bc78000,
0x000001ff7bcdf000, 0x000001ff7bfaa000, 0x000001ff7d14e000, 0x000001ff7bee1800,
0x000001ff7c00e000
}

Java Threads: ( => current thread )
  0x000001ff5b44d800 JavaThread "main" [_thread_blocked, id=9496, stack(0x0000008a1fb00000,0x0000008a1fc00000)]
  0x000001ff7b62f800 JavaThread "Reference Handler" daemon [_thread_blocked, id=6616, stack(0x0000008a20800000,0x0000008a20900000)]
  0x000001ff7b639000 JavaThread "Finalizer" daemon [_thread_blocked, id=10844, stack(0x0000008a20900000,0x0000008a20a00000)]
  0x000001ff7b686800 JavaThread "Signal Dispatcher" daemon [_thread_blocked, id=8008, stack(0x0000008a20a00000,0x0000008a20b00000)]
  0x000001ff7b68a800 JavaThread "Attach Listener" daemon [_thread_blocked, id=11256, stack(0x0000008a20b00000,0x0000008a20c00000)]
  0x000001ff7b68d800 JavaThread "C2 CompilerThread0" daemon [_thread_blocked, id=4080, stack(0x0000008a20c00000,0x0000008a20d00000)]
  0x000001ff7b818800 JavaThread "C2 CompilerThread1" daemon [_thread_blocked, id=5048, stack(0x0000008a20d00000,0x0000008a20e00000)]
  0x000001ff7b6ca000 JavaThread "C1 CompilerThread2" daemon [_thread_blocked, id=10776, stack(0x0000008a20e00000,0x0000008a20f00000)]
  0x000001ff7b821000 JavaThread "Sweeper thread" daemon [_thread_blocked, id=6656, stack(0x0000008a20f00000,0x0000008a21000000)]
  0x000001ff7b938800 JavaThread "Service Thread" daemon [_thread_blocked, id=10864, stack(0x0000008a21000000,0x0000008a21100000)]
  0x000001ff7b947000 JavaThread "Common-Cleaner" daemon [_thread_blocked, id=7460, stack(0x0000008a21100000,0x0000008a21200000)]
  0x000001ff7bc78000 JavaThread "JavaFX-Launcher" [_thread_blocked, id=1596, stack(0x0000008a21300000,0x0000008a21400000)]
  0x000001ff7bcdf000 JavaThread "QuantumRenderer-0" daemon [_thread_blocked, id=5452, stack(0x0000008a21400000,0x0000008a21500000)]
  0x000001ff7bfaa000 JavaThread "InvokeLaterDispatcher" daemon [_thread_blocked, id=11996, stack(0x0000008a21700000,0x0000008a21800000)]
  0x000001ff7d14e000 JavaThread "JavaFX Application Thread" [_thread_blocked, id=10724, stack(0x0000008a21800000,0x0000008a21900000)]
  0x000001ff7bee1800 JavaThread "Thread-2" daemon [_thread_blocked, id=12492, stack(0x0000008a21f00000,0x0000008a22000000)]
  0x000001ff7c00e000 JavaThread "Java2D Disposer" daemon [_thread_blocked, id=10452, stack(0x0000008a22000000,0x0000008a22100000)]

Other Threads:
=>0x000001ff7b623800 VMThread "VM Thread" [stack: 0x0000008a20700000,0x0000008a20800000] [id=4744]
  0x000001ff7b947800 WatcherThread [stack: 0x0000008a21200000,0x0000008a21300000] [id=2908]
  0x000001ff5b465800 GCTaskThread "GC Thread#0" [stack: 0x0000008a1fc00000,0x0000008a1fd00000] [id=9524]
  0x000001ff5b467000 GCTaskThread "GC Thread#1" [stack: 0x0000008a1fd00000,0x0000008a1fe00000] [id=9248]
  0x000001ff5b469800 GCTaskThread "GC Thread#2" [stack: 0x0000008a1fe00000,0x0000008a1ff00000] [id=6780]
  0x000001ff5b46c000 GCTaskThread "GC Thread#3" [stack: 0x0000008a1ff00000,0x0000008a20000000] [id=8264]
  0x000001ff5b4b5000 ConcurrentGCThread "G1 Main Marker" [stack: 0x0000008a20000000,0x0000008a20100000] [id=12820]
  0x000001ff5b4ba800 ConcurrentGCThread "G1 Conc#0" [stack: 0x0000008a20100000,0x0000008a20200000] [id=2224]
  0x000001ff5b510000 ConcurrentGCThread "G1 Refine#0" [stack: 0x0000008a20200000,0x0000008a20300000] [id=11800]
  0x000001ff5b511000 ConcurrentGCThread "G1 Refine#1" [stack: 0x0000008a20300000,0x0000008a20400000] [id=9780]
  0x000001ff5b516800 ConcurrentGCThread "G1 Refine#2" [stack: 0x0000008a20400000,0x0000008a20500000] [id=5480]
  0x000001ff5b517800 ConcurrentGCThread "G1 Refine#3" [stack: 0x0000008a20500000,0x0000008a20600000] [id=12908]
  0x000001ff5b51b000 ConcurrentGCThread "G1 Young RemSet Sampling" [stack: 0x0000008a20600000,0x0000008a20700000] [id=5284]

Threads with active compile tasks:

VM state:at safepoint (normal execution)

VM Mutex/Monitor currently owned by a thread:  ([mutex/lock_event])
[0x000001ff5b44b6c0] Threads_lock - owner thread: 0x000001ff7b623800
[0x000001ff5b44b750] Heap_lock - owner thread: 0x000001ff7d14e000

Heap address: 0x00000000ac600000, size: 1338 MB, Compressed Oops mode: 32-bit
Narrow klass base: 0x0000000000000000, Narrow klass shift: 3
Compressed class space size: 1073741824 Address: 0x0000000100000000

Heap:
 garbage-first heap   total 86016K, used 3045K [0x00000000ac600000, 0x0000000100000000)
  region size 1024K, 2 young (2048K), 2 survivors (2048K)
 Metaspace       used 13237K, capacity 13592K, committed 13696K, reserved 1069056K
  class space    used 1433K, capacity 1621K, committed 1664K, reserved 1048576K
Heap Regions: E=young(eden), S=young(survivor), O=old, HS=humongous(starts), HC=humongous(continues), CS=collection set, F=free, A=archive, TS=gc time stamp, AC=allocation context, TAMS=top-at-mark-start (previous, next)
|   0|0x00000000ac600000, 0x00000000ac6f9400, 0x00000000ac700000| 97%| O|  |TS  1|AC  0|TAMS 0x00000000ac600000, 0x00000000ac6f9400|
|   1|0x00000000ac700000, 0x00000000ac700000, 0x00000000ac800000|  0%| F|  |TS  0|AC  0|TAMS 0x00000000ac700000, 0x00000000ac700000|
|   2|0x00000000ac800000, 0x00000000ac800000, 0x00000000ac900000|  0%| F|  |TS  0|AC  0|TAMS 0x00000000ac800000, 0x00000000ac800000|
|   3|0x00000000ac900000, 0x00000000ac900000, 0x00000000aca00000|  0%| F|  |TS  0|AC  0|TAMS 0x00000000ac900000, 0x00000000ac900000|
|   4|0x00000000aca00000, 0x00000000aca00000, 0x00000000acb00000|  0%| F|  |TS  0|AC  0|TAMS 0x00000000aca00000, 0x00000000aca00000|
|   5|0x00000000acb00000, 0x00000000acb00000, 0x00000000acc00000|  0%| F|  |TS  0|AC  0|TAMS 0x00000000acb00000, 0x00000000acb00000|
|   6|0x00000000acc00000, 0x00000000acc00000, 0x00000000acd00000|  0%| F|  |TS  0|AC  0|TAMS 0x00000000acc00000, 0x00000000acc00000|
|   7|0x00000000acd00000, 0x00000000acd00000, 0x00000000ace00000|  0%| F|  |TS  0|AC  0|TAMS 0x00000000acd00000, 0x00000000acd00000|
|   8|0x00000000ace00000, 0x00000000ace00000, 0x00000000acf00000|  0%| F|  |TS  0|AC  0|TAMS 0x00000000ace00000, 0x00000000ace00000|
|   9|0x00000000acf00000, 0x00000000acf00000, 0x00000000ad000000|  0%| F|  |TS  0|AC  0|TAMS 0x00000000acf00000, 0x00000000acf00000|
|  10|0x00000000ad000000, 0x00000000ad000000, 0x00000000ad100000|  0%| F|  |TS  0|AC  0|TAMS 0x00000000ad000000, 0x00000000ad000000|
|  11|0x00000000ad100000, 0x00000000ad100000, 0x00000000ad200000|  0%| F|  |TS  0|AC  0|TAMS 0x00000000ad100000, 0x00000000ad100000|
|  12|0x00000000ad200000, 0x00000000ad200000, 0x00000000ad300000|  0%| F|  |TS  0|AC  0|TAMS 0x00000000ad200000, 0x00000000ad200000|
|  13|0x00000000ad300000, 0x00000000ad300000, 0x00000000ad400000|  0%| F|  |TS  0|AC  0|TAMS 0x00000000ad300000, 0x00000000ad300000|
|  14|0x00000000ad400000, 0x00000000ad400000, 0x00000000ad500000|  0%| F|  |TS  0|AC  0|TAMS 0x00000000ad400000, 0x00000000ad400000|
|  15|0x00000000ad500000, 0x00000000ad500000, 0x00000000ad600000|  0%| F|  |TS  0|AC  0|TAMS 0x00000000ad500000, 0x00000000ad500000|
|  16|0x00000000ad600000, 0x00000000ad600000, 0x00000000ad700000|  0%| F|  |TS  0|AC  0|TAMS 0x00000000ad600000, 0x00000000ad600000|
|  17|0x00000000ad700000, 0x00000000ad700000, 0x00000000ad800000|  0%| F|  |TS  0|AC  0|TAMS 0x00000000ad700000, 0x00000000ad700000|
|  18|0x00000000ad800000, 0x00000000ad800000, 0x00000000ad900000|  0%| F|  |TS  0|AC  0|TAMS 0x00000000ad800000, 0x00000000ad800000|
|  19|0x00000000ad900000, 0x00000000ad900000, 0x00000000ada00000|  0%| F|  |TS  0|AC  0|TAMS 0x00000000ad900000, 0x00000000ad900000|
|  20|0x00000000ada00000, 0x00000000ada00000, 0x00000000adb00000|  0%| F|  |TS  0|AC  0|TAMS 0x00000000ada00000, 0x00000000ada00000|
|  21|0x00000000adb00000, 0x00000000adb00000, 0x00000000adc00000|  0%| F|  |TS  0|AC  0|TAMS 0x00000000adb00000, 0x00000000adb00000|
|  22|0x00000000adc00000, 0x00000000adc00000, 0x00000000add00000|  0%| F|  |TS  0|AC  0|TAMS 0x00000000adc00000, 0x00000000adc00000|
|  23|0x00000000add00000, 0x00000000add00000, 0x00000000ade00000|  0%| F|  |TS  0|AC  0|TAMS 0x00000000add00000, 0x00000000add00000|
|  24|0x00000000ade00000, 0x00000000ade00000, 0x00000000adf00000|  0%| F|  |TS  0|AC  0|TAMS 0x00000000ade00000, 0x00000000ade00000|
|  25|0x00000000adf00000, 0x00000000adf00000, 0x00000000ae000000|  0%| F|  |TS  0|AC  0|TAMS 0x00000000adf00000, 0x00000000adf00000|
|  26|0x00000000ae000000, 0x00000000ae000000, 0x00000000ae100000|  0%| F|  |TS  0|AC  0|TAMS 0x00000000ae000000, 0x00000000ae000000|
|  27|0x00000000ae100000, 0x00000000ae100000, 0x00000000ae200000|  0%| F|  |TS  0|AC  0|TAMS 0x00000000ae100000, 0x00000000ae100000|
|  28|0x00000000ae200000, 0x00000000ae200000, 0x00000000ae300000|  0%| F|  |TS  0|AC  0|TAMS 0x00000000ae200000, 0x00000000ae200000|
|  29|0x00000000ae300000, 0x00000000ae300000, 0x00000000ae400000|  0%| F|  |TS  0|AC  0|TAMS 0x00000000ae300000, 0x00000000ae300000|
|  30|0x00000000ae400000, 0x00000000ae400000, 0x00000000ae500000|  0%| F|  |TS  0|AC  0|TAMS 0x00000000ae400000, 0x00000000ae400000|
|  31|0x00000000ae500000, 0x00000000ae500000, 0x00000000ae600000|  0%| F|  |TS  0|AC  0|TAMS 0x00000000ae500000, 0x00000000ae500000|
|  32|0x00000000ae600000, 0x00000000ae600000, 0x00000000ae700000|  0%| F|  |TS  0|AC  0|TAMS 0x00000000ae600000, 0x00000000ae600000|
|  33|0x00000000ae700000, 0x00000000ae700000, 0x00000000ae800000|  0%| F|  |TS  0|AC  0|TAMS 0x00000000ae700000, 0x00000000ae700000|
|  34|0x00000000ae800000, 0x00000000ae800000, 0x00000000ae900000|  0%| F|  |TS  0|AC  0|TAMS 0x00000000ae800000, 0x00000000ae800000|
|  35|0x00000000ae900000, 0x00000000ae900000, 0x00000000aea00000|  0%| F|  |TS  0|AC  0|TAMS 0x00000000ae900000, 0x00000000ae900000|
|  36|0x00000000aea00000, 0x00000000aea00000, 0x00000000aeb00000|  0%| F|  |TS  0|AC  0|TAMS 0x00000000aea00000, 0x00000000aea00000|
|  37|0x00000000aeb00000, 0x00000000aeb00000, 0x00000000aec00000|  0%| F|  |TS  0|AC  0|TAMS 0x00000000aeb00000, 0x00000000aeb00000|
|  38|0x00000000aec00000, 0x00000000aec00000, 0x00000000aed00000|  0%| F|  |TS  0|AC  0|TAMS 0x00000000aec00000, 0x00000000aec00000|
|  39|0x00000000aed00000, 0x00000000aed00000, 0x00000000aee00000|  0%| F|  |TS  0|AC  0|TAMS 0x00000000aed00000, 0x00000000aed00000|
|  40|0x00000000aee00000, 0x00000000aee00000, 0x00000000aef00000|  0%| F|  |TS  0|AC  0|TAMS 0x00000000aee00000, 0x00000000aee00000|
|  41|0x00000000aef00000, 0x00000000aef00000, 0x00000000af000000|  0%| F|  |TS  0|AC  0|TAMS 0x00000000aef00000, 0x00000000aef00000|
|  42|0x00000000af000000, 0x00000000af000000, 0x00000000af100000|  0%| F|  |TS  0|AC  0|TAMS 0x00000000af000000, 0x00000000af000000|
|  43|0x00000000af100000, 0x00000000af100000, 0x00000000af200000|  0%| F|  |TS  0|AC  0|TAMS 0x00000000af100000, 0x00000000af100000|
|  44|0x00000000af200000, 0x00000000af200000, 0x00000000af300000|  0%| F|  |TS  0|AC  0|TAMS 0x00000000af200000, 0x00000000af200000|
|  45|0x00000000af300000, 0x00000000af300000, 0x00000000af400000|  0%| F|  |TS  0|AC  0|TAMS 0x00000000af300000, 0x00000000af300000|
|  46|0x00000000af400000, 0x00000000af400000, 0x00000000af500000|  0%| F|  |TS  0|AC  0|TAMS 0x00000000af400000, 0x00000000af400000|
|  47|0x00000000af500000, 0x00000000af500000, 0x00000000af600000|  0%| F|  |TS  0|AC  0|TAMS 0x00000000af500000, 0x00000000af500000|
|  48|0x00000000af600000, 0x00000000af600000, 0x00000000af700000|  0%| F|  |TS  0|AC  0|TAMS 0x00000000af600000, 0x00000000af600000|
|  49|0x00000000af700000, 0x00000000af700000, 0x00000000af800000|  0%| F|  |TS  0|AC  0|TAMS 0x00000000af700000, 0x00000000af700000|
|  50|0x00000000af800000, 0x00000000af800000, 0x00000000af900000|  0%| F|  |TS  0|AC  0|TAMS 0x00000000af800000, 0x00000000af800000|
|  51|0x00000000af900000, 0x00000000af900000, 0x00000000afa00000|  0%| F|  |TS  0|AC  0|TAMS 0x00000000af900000, 0x00000000af900000|
|  52|0x00000000afa00000, 0x00000000afa00000, 0x00000000afb00000|  0%| F|  |TS  0|AC  0|TAMS 0x00000000afa00000, 0x00000000afa00000|
|  53|0x00000000afb00000, 0x00000000afb00000, 0x00000000afc00000|  0%| F|  |TS  0|AC  0|TAMS 0x00000000afb00000, 0x00000000afb00000|
|  54|0x00000000afc00000, 0x00000000afc00000, 0x00000000afd00000|  0%| F|  |TS  0|AC  0|TAMS 0x00000000afc00000, 0x00000000afc00000|
|  55|0x00000000afd00000, 0x00000000afd00000, 0x00000000afe00000|  0%| F|  |TS  0|AC  0|TAMS 0x00000000afd00000, 0x00000000afd00000|
|  56|0x00000000afe00000, 0x00000000afe00000, 0x00000000aff00000|  0%| F|  |TS  0|AC  0|TAMS 0x00000000afe00000, 0x00000000afe00000|
|  57|0x00000000aff00000, 0x00000000aff00000, 0x00000000b0000000|  0%| F|  |TS  0|AC  0|TAMS 0x00000000aff00000, 0x00000000aff00000|
|  58|0x00000000b0000000, 0x00000000b0000000, 0x00000000b0100000|  0%| F|  |TS  0|AC  0|TAMS 0x00000000b0000000, 0x00000000b0000000|
|  59|0x00000000b0100000, 0x00000000b0100000, 0x00000000b0200000|  0%| F|  |TS  0|AC  0|TAMS 0x00000000b0100000, 0x00000000b0100000|
|  60|0x00000000b0200000, 0x00000000b0200000, 0x00000000b0300000|  0%| F|  |TS  0|AC  0|TAMS 0x00000000b0200000, 0x00000000b0200000|
|  61|0x00000000b0300000, 0x00000000b0300000, 0x00000000b0400000|  0%| F|  |TS  0|AC  0|TAMS 0x00000000b0300000, 0x00000000b0300000|
|  62|0x00000000b0400000, 0x00000000b0400000, 0x00000000b0500000|  0%| F|  |TS  0|AC  0|TAMS 0x00000000b0400000, 0x00000000b0400000|
|  63|0x00000000b0500000, 0x00000000b0500000, 0x00000000b0600000|  0%| F|  |TS  0|AC  0|TAMS 0x00000000b0500000, 0x00000000b0500000|
|  64|0x00000000b0600000, 0x00000000b0600000, 0x00000000b0700000|  0%| F|  |TS  0|AC  0|TAMS 0x00000000b0600000, 0x00000000b0600000|
|  65|0x00000000b0700000, 0x00000000b0700000, 0x00000000b0800000|  0%| F|  |TS  0|AC  0|TAMS 0x00000000b0700000, 0x00000000b0700000|
|  66|0x00000000b0800000, 0x00000000b0800000, 0x00000000b0900000|  0%| F|  |TS  0|AC  0|TAMS 0x00000000b0800000, 0x00000000b0800000|
|  67|0x00000000b0900000, 0x00000000b0900000, 0x00000000b0a00000|  0%| F|  |TS  0|AC  0|TAMS 0x00000000b0900000, 0x00000000b0900000|
|  68|0x00000000b0a00000, 0x00000000b0a00000, 0x00000000b0b00000|  0%| F|  |TS  0|AC  0|TAMS 0x00000000b0a00000, 0x00000000b0a00000|
|  69|0x00000000b0b00000, 0x00000000b0b00000, 0x00000000b0c00000|  0%| F|  |TS  0|AC  0|TAMS 0x00000000b0b00000, 0x00000000b0b00000|
|  70|0x00000000b0c00000, 0x00000000b0c00000, 0x00000000b0d00000|  0%| F|  |TS  0|AC  0|TAMS 0x00000000b0c00000, 0x00000000b0c00000|
|  71|0x00000000b0d00000, 0x00000000b0e00000, 0x00000000b0e00000|100%| S|CS|TS  1|AC  0|TAMS 0x00000000b0d00000, 0x00000000b0d00000|
|  72|0x00000000b0e00000, 0x00000000b0f00000, 0x00000000b0f00000|100%| S|CS|TS  1|AC  0|TAMS 0x00000000b0e00000, 0x00000000b0e00000|
|  73|0x00000000b0f00000, 0x00000000b0f00000, 0x00000000b1000000|  0%| F|  |TS  1|AC  0|TAMS 0x00000000b0f00000, 0x00000000b0f00000|
|  74|0x00000000b1000000, 0x00000000b1000000, 0x00000000b1100000|  0%| F|  |TS  1|AC  0|TAMS 0x00000000b1000000, 0x00000000b1000000|
|  75|0x00000000b1100000, 0x00000000b1100000, 0x00000000b1200000|  0%| F|  |TS  1|AC  0|TAMS 0x00000000b1100000, 0x00000000b1100000|
|  76|0x00000000b1200000, 0x00000000b1200000, 0x00000000b1300000|  0%| F|  |TS  1|AC  0|TAMS 0x00000000b1200000, 0x00000000b1200000|
|  77|0x00000000b1300000, 0x00000000b1300000, 0x00000000b1400000|  0%| F|  |TS  1|AC  0|TAMS 0x00000000b1300000, 0x00000000b1300000|
|  78|0x00000000b1400000, 0x00000000b1400000, 0x00000000b1500000|  0%| F|  |TS  1|AC  0|TAMS 0x00000000b1400000, 0x00000000b1400000|
|  79|0x00000000b1500000, 0x00000000b1500000, 0x00000000b1600000|  0%| F|  |TS  1|AC  0|TAMS 0x00000000b1500000, 0x00000000b1500000|
|  80|0x00000000b1600000, 0x00000000b1600000, 0x00000000b1700000|  0%| F|  |TS  1|AC  0|TAMS 0x00000000b1600000, 0x00000000b1600000|
|  81|0x00000000b1700000, 0x00000000b1700000, 0x00000000b1800000|  0%| F|  |TS  1|AC  0|TAMS 0x00000000b1700000, 0x00000000b1700000|
|  82|0x00000000b1800000, 0x00000000b1800000, 0x00000000b1900000|  0%| F|  |TS  1|AC  0|TAMS 0x00000000b1800000, 0x00000000b1800000|
|  83|0x00000000b1900000, 0x00000000b1900000, 0x00000000b1a00000|  0%| F|  |TS  1|AC  0|TAMS 0x00000000b1900000, 0x00000000b1900000|

Card table byte_map: [0x000001ff75a80000,0x000001ff75d20000] byte_map_base: 0x000001ff7551d000

Marking Bits (Prev, Next): (CMBitMap*) 0x000001ff5b4b4510, (CMBitMap*) 0x000001ff5b4b4548
 Prev Bits: [0x000001ff75fc0000, 0x000001ff774a8000)
 Next Bits: [0x000001ff774b0000, 0x000001ff78998000)

Polling page: 0x000001ff59310000

CodeHeap 'non-profiled nmethods': size=120064Kb used=313Kb max_used=313Kb free=119750Kb
 bounds [0x000001ff6e2a0000, 0x000001ff6e510000, 0x000001ff757e0000]
CodeHeap 'profiled nmethods': size=120000Kb used=1420Kb max_used=1420Kb free=118579Kb
 bounds [0x000001ff66d70000, 0x000001ff66fe0000, 0x000001ff6e2a0000]
CodeHeap 'non-nmethods': size=5696Kb used=1193Kb max_used=1193Kb free=4502Kb
 bounds [0x000001ff667e0000, 0x000001ff66a50000, 0x000001ff66d70000]
 total_blobs=1584 nmethods=855 adapters=468
 compilation: enabled

Compilation events (10 events):
Event: 2.562 Thread 0x000001ff7b6ca000  850       3       java.lang.invoke.LambdaFormBuffer::endEdit (308 bytes)
Event: 2.564 Thread 0x000001ff7b6ca000 nmethod 850 0x000001ff66ecfb10 code [0x000001ff66ecfda0, 0x000001ff66ed0b60]
Event: 2.564 Thread 0x000001ff7b6ca000  851       3       java.lang.invoke.LambdaFormBuffer::indexOf (25 bytes)
Event: 2.564 Thread 0x000001ff7b6ca000 nmethod 851 0x000001ff66ed0f10 code [0x000001ff66ed10c0, 0x000001ff66ed12f8]
Event: 2.564 Thread 0x000001ff7b6ca000  852       3       jdk.internal.org.objectweb.asm.ClassWriter::<init> (117 bytes)
Event: 2.566 Thread 0x000001ff7b6ca000 nmethod 852 0x000001ff66ed1410 code [0x000001ff66ed16a0, 0x000001ff66ed2330]
Event: 2.590 Thread 0x000001ff7b6ca000  853       3       java.util.concurrent.ConcurrentHashMap$Node::<init> (14 bytes)
Event: 2.590 Thread 0x000001ff7b6ca000 nmethod 853 0x000001ff66ed2610 code [0x000001ff66ed27e0, 0x000001ff66ed2b18]
Event: 2.597 Thread 0x000001ff7b6ca000  855       3       java.lang.invoke.MethodHandles$Lookup::<init> (15 bytes)
Event: 2.597 Thread 0x000001ff7b6ca000 nmethod 855 0x000001ff66ed2c10 code [0x000001ff66ed2dc0, 0x000001ff66ed2fd8]

GC Heap History (2 events):
Event: 2.628 GC heap before
{Heap before GC invocations=0 (full 0):
 garbage-first heap   total 86016K, used 10240K [0x00000000ac600000, 0x0000000100000000)
  region size 1024K, 11 young (11264K), 0 survivors (0K)
 Metaspace       used 13237K, capacity 13592K, committed 13696K, reserved 1067008K
  class space    used 1433K, capacity 1621K, committed 1664K, reserved 1048576K
}
Event: 2.642 GC heap after
{Heap after GC invocations=1 (full 0):
 garbage-first heap   total 86016K, used 3045K [0x00000000ac600000, 0x0000000100000000)
  region size 1024K, 2 young (2048K), 2 survivors (2048K)
 Metaspace       used 13237K, capacity 13592K, committed 13696K, reserved 1067008K
  class space    used 1433K, capacity 1621K, committed 1664K, reserved 1048576K
}

Deoptimization events (3 events):
Event: 0.691 Thread 0x000001ff5b44d800 Uncommon trap: reason=unstable_if action=reinterpret pc=0x000001ff6e2a33fc method=java.lang.String.hashCode()I @ 14 c2
Event: 1.300 Thread 0x000001ff5b44d800 Uncommon trap: reason=unstable_if action=reinterpret pc=0x000001ff6e2b9ea4 method=java.lang.StringLatin1.replace([BCC)Ljava/lang/String; @ 19 c2
Event: 2.545 Thread 0x000001ff7d14e000 Uncommon trap: reason=unstable_if action=reinterpret pc=0x000001ff6e2c61fc method=java.lang.StringLatin1.indexOf([BI[BII)I @ 91 c2

Classes redefined (0 events):
No events

Internal exceptions (10 events):
Event: 2.341 Thread 0x000001ff7d14e000 Exception <a 'java/lang/NoSuchMethodError'{0x00000000b1164ec8}: java.lang.invoke.DirectMethodHandle$Holder.invokeSpecial(Ljava/lang/Object;Ljava/lang/Object;Ljava/lang/Object;Ljava/lang/Object;Ljava/lang/Object;)V> (0x00000000b1164ec8) thrown at [t:/works
Event: 2.494 Thread 0x000001ff7d14e000 Exception <a 'java/lang/NoSuchMethodError'{0x00000000b107e658}: java.lang.invoke.DirectMethodHandle$Holder.invokeStatic(Ljava/lang/Object;Ljava/lang/Object;Ljava/lang/Object;Ljava/lang/Object;Ljava/lang/Object;Ljava/lang/Object;Ljava/lang/Object;Ljava/lan
Event: 2.499 Thread 0x000001ff7d14e000 Exception <a 'java/lang/NoSuchMethodError'{0x00000000b108e118}: java.lang.invoke.DirectMethodHandle$Holder.invokeStatic(Ljava/lang/Object;Ljava/lang/Object;Ljava/lang/Object;Ljava/lang/Object;Ljava/lang/Object;Ljava/lang/Object;Ljava/lang/Object;Ljava/lan
Event: 2.505 Thread 0x000001ff7d14e000 Exception <a 'java/lang/NoSuchMethodError'{0x00000000b109e148}: java.lang.invoke.DirectMethodHandle$Holder.invokeSpecial(Ljava/lang/Object;Ljava/lang/Object;IILjava/lang/Object;Ljava/lang/Object;Ljava/lang/Object;)Ljava/lang/Object;> (0x00000000b109e148) 
Event: 2.506 Thread 0x000001ff7d14e000 Exception <a 'java/lang/NoSuchMethodError'{0x00000000b10a1b00}: java.lang.invoke.DelegatingMethodHandle$Holder.reinvoke_L(Ljava/lang/Object;IILjava/lang/Object;Ljava/lang/Object;Ljava/lang/Object;)Ljava/lang/Object;> (0x00000000b10a1b00) thrown at [t:/wor
Event: 2.507 Thread 0x000001ff7d14e000 Exception <a 'java/lang/NoSuchMethodError'{0x00000000b10a62c0}: java.lang.invoke.DirectMethodHandle$Holder.invokeStatic(Ljava/lang/Object;Ljava/lang/Object;Ljava/lang/Object;Ljava/lang/Object;I)Ljava/lang/Object;> (0x00000000b10a62c0) thrown at [t:/worksp
Event: 2.515 Thread 0x000001ff7d14e000 Exception <a 'java/lang/NoSuchMethodError'{0x00000000b10bbd40}: method resolution failed> (0x00000000b10bbd40) thrown at [t:/workspace/open/src/hotspot/share/prims/methodHandles.cpp, line 1226]
Event: 2.523 Thread 0x000001ff7d14e000 Exception <a 'java/lang/NoSuchMethodError'{0x00000000b10d2500}: method resolution failed> (0x00000000b10d2500) thrown at [t:/workspace/open/src/hotspot/share/prims/methodHandles.cpp, line 1226]
Event: 2.528 Thread 0x000001ff7d14e000 Exception <a 'java/lang/NoSuchMethodError'{0x00000000b10ea978}: method resolution failed> (0x00000000b10ea978) thrown at [t:/workspace/open/src/hotspot/share/prims/methodHandles.cpp, line 1226]
Event: 2.531 Thread 0x000001ff7d14e000 Exception <a 'java/lang/NoSuchMethodError'{0x00000000b0f05070}: method resolution failed> (0x00000000b0f05070) thrown at [t:/workspace/open/src/hotspot/share/prims/methodHandles.cpp, line 1226]

Events (10 events):
Event: 2.591 loading class java/security/GeneralSecurityException
Event: 2.591 loading class java/security/GeneralSecurityException done
Event: 2.591 loading class java/security/NoSuchAlgorithmException done
Event: 2.594 loading class javafx/scene/layout/Region
Event: 2.594 loading class javafx/scene/layout/Region done
Event: 2.596 loading class com/sun/javafx/css/CascadingStyle
Event: 2.596 loading class com/sun/javafx/css/CascadingStyle done
Event: 2.597 loading class com/sun/javafx/css/CascadingStyle
Event: 2.597 loading class com/sun/javafx/css/CascadingStyle done
Event: 2.628 Executing VM operation: CollectForMetadataAllocation


Dynamic libraries:
0x00007ff61f180000 - 0x00007ff61f1be000 	C:\DEV\java\jdk\jdk10\bin\javaw.exe
0x00007ff9bfdc0000 - 0x00007ff9bffa1000 	C:\WINDOWS\SYSTEM32\ntdll.dll
0x00007ff9bf0e0000 - 0x00007ff9bf191000 	C:\WINDOWS\System32\KERNEL32.DLL
0x00007ff9bcce0000 - 0x00007ff9bcf53000 	C:\WINDOWS\System32\KERNELBASE.dll
0x00007ff9bd8e0000 - 0x00007ff9bd981000 	C:\WINDOWS\System32\ADVAPI32.dll
0x00007ff9beec0000 - 0x00007ff9bef5e000 	C:\WINDOWS\System32\msvcrt.dll
0x00007ff9bf280000 - 0x00007ff9bf2db000 	C:\WINDOWS\System32\sechost.dll
0x00007ff9bf310000 - 0x00007ff9bf434000 	C:\WINDOWS\System32\RPCRT4.dll
0x00007ff9bfc00000 - 0x00007ff9bfd90000 	C:\WINDOWS\System32\USER32.dll
0x00007ff9bd230000 - 0x00007ff9bd250000 	C:\WINDOWS\System32\win32u.dll
0x00007ff9bf2e0000 - 0x00007ff9bf308000 	C:\WINDOWS\System32\GDI32.dll
0x00007ff9bd090000 - 0x00007ff9bd222000 	C:\WINDOWS\System32\gdi32full.dll
0x00007ff9bcb90000 - 0x00007ff9bcc2f000 	C:\WINDOWS\System32\msvcp_win.dll
0x00007ff9bc190000 - 0x00007ff9bc288000 	C:\WINDOWS\System32\ucrtbase.dll
0x00007ff9aae60000 - 0x00007ff9ab0c9000 	C:\WINDOWS\WinSxS\amd64_microsoft.windows.common-controls_6595b64144ccf1df_6.0.17134.765_none_fb42a1a930655896\COMCTL32.dll
0x00007ff9bf600000 - 0x00007ff9bf922000 	C:\WINDOWS\System32\combase.dll
0x00007ff9bd010000 - 0x00007ff9bd08a000 	C:\WINDOWS\System32\bcryptPrimitives.dll
0x00007ff9b5c40000 - 0x00007ff9b5c4a000 	C:\WINDOWS\SYSTEM32\VERSION.dll
0x00007ff9bfbc0000 - 0x00007ff9bfbed000 	C:\WINDOWS\System32\IMM32.DLL
0x00007ff998890000 - 0x00007ff99897f000 	C:\DEV\java\jdk\jdk10\bin\msvcr120.dll
0x00007ff9987e0000 - 0x00007ff998886000 	C:\DEV\java\jdk\jdk10\bin\msvcp120.dll
0x00000000714c0000 - 0x0000000071f30000 	C:\DEV\java\jdk\jdk10\bin\server\jvm.dll
0x00007ff9bfbf0000 - 0x00007ff9bfbf8000 	C:\WINDOWS\System32\PSAPI.DLL
0x00007ff998980000 - 0x00007ff998989000 	C:\WINDOWS\SYSTEM32\WSOCK32.dll
0x00007ff9bf1a0000 - 0x00007ff9bf20c000 	C:\WINDOWS\System32\WS2_32.dll
0x00007ff9b8ff0000 - 0x00007ff9b9013000 	C:\WINDOWS\SYSTEM32\WINMM.dll
0x00007ff9b8fc0000 - 0x00007ff9b8fea000 	C:\WINDOWS\SYSTEM32\WINMMBASE.dll
0x00007ff9bcfc0000 - 0x00007ff9bd009000 	C:\WINDOWS\System32\cfgmgr32.dll
0x00007ff992ea0000 - 0x00007ff992eaf000 	C:\DEV\java\jdk\jdk10\bin\verify.dll
0x00007ff9abfb0000 - 0x00007ff9ac179000 	C:\WINDOWS\SYSTEM32\DBGHELP.DLL
0x00007ff9abd10000 - 0x00007ff9abd39000 	C:\WINDOWS\SYSTEM32\dbgcore.DLL
0x00007ff990960000 - 0x00007ff990987000 	C:\DEV\java\jdk\jdk10\bin\java.dll
0x00007ff992e80000 - 0x00007ff992e96000 	C:\DEV\java\jdk\jdk10\bin\zip.dll
0x00007ff990950000 - 0x00007ff99095a000 	C:\DEV\java\jdk\jdk10\bin\jimage.dll
0x00007ff9bda60000 - 0x00007ff9beea0000 	C:\WINDOWS\System32\SHELL32.dll
0x00007ff9bd340000 - 0x00007ff9bd3e9000 	C:\WINDOWS\System32\shcore.dll
0x00007ff9bc480000 - 0x00007ff9bcb8d000 	C:\WINDOWS\System32\windows.storage.dll
0x00007ff9bf5a0000 - 0x00007ff9bf5f1000 	C:\WINDOWS\System32\shlwapi.dll
0x00007ff9bc160000 - 0x00007ff9bc171000 	C:\WINDOWS\System32\kernel.appcore.dll
0x00007ff9bc0d0000 - 0x00007ff9bc0ef000 	C:\WINDOWS\System32\profapi.dll
0x00007ff9bc0f0000 - 0x00007ff9bc13c000 	C:\WINDOWS\System32\powrprof.dll
0x00007ff9bc180000 - 0x00007ff9bc18a000 	C:\WINDOWS\System32\FLTLIB.DLL
0x00007ff98fed0000 - 0x00007ff98feea000 	C:\dev\Java\jdk\jdk10\bin\net.dll
0x00007ff9b5f90000 - 0x00007ff9b606d000 	C:\WINDOWS\SYSTEM32\WINHTTP.dll
0x00007ff9bb8f0000 - 0x00007ff9bb956000 	C:\WINDOWS\system32\mswsock.dll
0x00007ff98feb0000 - 0x00007ff98fec1000 	C:\dev\Java\jdk\jdk10\bin\nio.dll
0x000001ff59470000 - 0x000001ff59473000 	C:\dev\Java\jdk\jdk10\bin\api-ms-win-core-console-l1-1-0.dll
0x000001ff5b3c0000 - 0x000001ff5b3c3000 	C:\dev\Java\jdk\jdk10\bin\api-ms-win-core-datetime-l1-1-0.dll
0x000001ff5b3d0000 - 0x000001ff5b3d3000 	C:\dev\Java\jdk\jdk10\bin\api-ms-win-core-debug-l1-1-0.dll
0x000001ff5b3e0000 - 0x000001ff5b3e3000 	C:\dev\Java\jdk\jdk10\bin\api-ms-win-core-errorhandling-l1-1-0.dll
0x000001ff5b3f0000 - 0x000001ff5b3f4000 	C:\dev\Java\jdk\jdk10\bin\api-ms-win-core-file-l1-1-0.dll
0x000001ff5b400000 - 0x000001ff5b403000 	C:\dev\Java\jdk\jdk10\bin\api-ms-win-core-file-l1-2-0.dll
0x000001ff5b410000 - 0x000001ff5b413000 	C:\dev\Java\jdk\jdk10\bin\api-ms-win-core-file-l2-1-0.dll
0x000001ff5b420000 - 0x000001ff5b423000 	C:\dev\Java\jdk\jdk10\bin\api-ms-win-core-handle-l1-1-0.dll
0x000001ff7c3f0000 - 0x000001ff7c3f3000 	C:\dev\Java\jdk\jdk10\bin\api-ms-win-core-heap-l1-1-0.dll
0x000001ff7c400000 - 0x000001ff7c403000 	C:\dev\Java\jdk\jdk10\bin\api-ms-win-core-interlocked-l1-1-0.dll
0x000001ff7c410000 - 0x000001ff7c413000 	C:\dev\Java\jdk\jdk10\bin\api-ms-win-core-libraryloader-l1-1-0.dll
0x000001ff7c420000 - 0x000001ff7c423000 	C:\dev\Java\jdk\jdk10\bin\api-ms-win-core-localization-l1-2-0.dll
0x000001ff7c430000 - 0x000001ff7c433000 	C:\dev\Java\jdk\jdk10\bin\api-ms-win-core-memory-l1-1-0.dll
0x000001ff7c440000 - 0x000001ff7c443000 	C:\dev\Java\jdk\jdk10\bin\api-ms-win-core-namedpipe-l1-1-0.dll
0x000001ff7c450000 - 0x000001ff7c453000 	C:\dev\Java\jdk\jdk10\bin\api-ms-win-core-processenvironment-l1-1-0.dll
0x000001ff7c460000 - 0x000001ff7c463000 	C:\dev\Java\jdk\jdk10\bin\api-ms-win-core-processthreads-l1-1-0.dll
0x000001ff7c470000 - 0x000001ff7c473000 	C:\dev\Java\jdk\jdk10\bin\api-ms-win-core-processthreads-l1-1-1.dll
0x000001ff7c480000 - 0x000001ff7c483000 	C:\dev\Java\jdk\jdk10\bin\api-ms-win-core-profile-l1-1-0.dll
0x000001ff7c490000 - 0x000001ff7c493000 	C:\dev\Java\jdk\jdk10\bin\api-ms-win-core-rtlsupport-l1-1-0.dll
0x000001ff7c4a0000 - 0x000001ff7c4a3000 	C:\dev\Java\jdk\jdk10\bin\api-ms-win-core-string-l1-1-0.dll
0x000001ff7c4b0000 - 0x000001ff7c4b3000 	C:\dev\Java\jdk\jdk10\bin\api-ms-win-core-synch-l1-1-0.dll
0x000001ff7c4c0000 - 0x000001ff7c4c3000 	C:\dev\Java\jdk\jdk10\bin\api-ms-win-core-synch-l1-2-0.dll
0x000001ff7c4d0000 - 0x000001ff7c4d3000 	C:\dev\Java\jdk\jdk10\bin\api-ms-win-core-sysinfo-l1-1-0.dll
0x000001ff7c4e0000 - 0x000001ff7c4e3000 	C:\dev\Java\jdk\jdk10\bin\api-ms-win-core-timezone-l1-1-0.dll
0x000001ff7c4f0000 - 0x000001ff7c4f3000 	C:\dev\Java\jdk\jdk10\bin\api-ms-win-core-util-l1-1-0.dll
0x000001ff7c500000 - 0x000001ff7c503000 	C:\dev\Java\jdk\jdk10\bin\api-ms-win-crt-conio-l1-1-0.dll
0x000001ff7c510000 - 0x000001ff7c514000 	C:\dev\Java\jdk\jdk10\bin\api-ms-win-crt-convert-l1-1-0.dll
0x000001ff7c520000 - 0x000001ff7c523000 	C:\dev\Java\jdk\jdk10\bin\api-ms-win-crt-environment-l1-1-0.dll
0x000001ff7c530000 - 0x000001ff7c533000 	C:\dev\Java\jdk\jdk10\bin\api-ms-win-crt-filesystem-l1-1-0.dll
0x000001ff7c540000 - 0x000001ff7c543000 	C:\dev\Java\jdk\jdk10\bin\api-ms-win-crt-heap-l1-1-0.dll
0x000001ff7c550000 - 0x000001ff7c553000 	C:\dev\Java\jdk\jdk10\bin\api-ms-win-crt-locale-l1-1-0.dll
0x000001ff7c560000 - 0x000001ff7c565000 	C:\dev\Java\jdk\jdk10\bin\api-ms-win-crt-math-l1-1-0.dll
0x000001ff7c570000 - 0x000001ff7c575000 	C:\dev\Java\jdk\jdk10\bin\api-ms-win-crt-multibyte-l1-1-0.dll
0x000001ff7c580000 - 0x000001ff7c590000 	C:\dev\Java\jdk\jdk10\bin\api-ms-win-crt-private-l1-1-0.dll
0x000001ff7c590000 - 0x000001ff7c593000 	C:\dev\Java\jdk\jdk10\bin\api-ms-win-crt-process-l1-1-0.dll
0x000001ff7c5a0000 - 0x000001ff7c5a4000 	C:\dev\Java\jdk\jdk10\bin\api-ms-win-crt-runtime-l1-1-0.dll
0x000001ff7c5b0000 - 0x000001ff7c5b4000 	C:\dev\Java\jdk\jdk10\bin\api-ms-win-crt-stdio-l1-1-0.dll
0x000001ff7c5c0000 - 0x000001ff7c5c4000 	C:\dev\Java\jdk\jdk10\bin\api-ms-win-crt-string-l1-1-0.dll
0x000001ff7c5d0000 - 0x000001ff7c5d3000 	C:\dev\Java\jdk\jdk10\bin\api-ms-win-crt-time-l1-1-0.dll
0x000001ff7c5e0000 - 0x000001ff7c5e3000 	C:\dev\Java\jdk\jdk10\bin\api-ms-win-crt-utility-l1-1-0.dll
0x00007ff9986e0000 - 0x00007ff9987d6000 	C:\dev\Java\jdk\jdk10\bin\ucrtbase.dll
0x00007ff9afc80000 - 0x00007ff9afc96000 	C:\dev\Java\jdk\jdk10\bin\vcruntime140.dll
0x00007ff999220000 - 0x00007ff9992bc000 	C:\dev\Java\jdk\jdk10\bin\msvcp140.dll
0x00007ff99a9b0000 - 0x00007ff99aa01000 	C:\dev\Java\jdk\jdk10\bin\concrt140.dll
0x00007ff9afc00000 - 0x00007ff9afc23000 	C:\dev\Java\jdk\jdk10\bin\prism_d3d.dll
0x00007ff994760000 - 0x00007ff9948f7000 	C:\WINDOWS\system32\d3d9.dll
0x00007ff9ba870000 - 0x00007ff9ba899000 	C:\WINDOWS\SYSTEM32\dwmapi.dll
0x00007ff9ba6f0000 - 0x00007ff9ba788000 	C:\WINDOWS\system32\uxtheme.dll
0x00007ff9b5c50000 - 0x00007ff9b5db4000 	C:\WINDOWS\SYSTEM32\aticfx64.dll
0x00007ff9aba90000 - 0x00007ff9abab1000 	C:\WINDOWS\SYSTEM32\atiu9p64.dll
0x00007ff97da30000 - 0x00007ff97e289000 	C:\WINDOWS\SYSTEM32\atiumd64.dll
0x00000000701c0000 - 0x0000000070a48000 	C:\WINDOWS\SYSTEM32\atiumd6a.dll
0x00007ff998ef0000 - 0x00007ff998f3a000 	C:\dev\Java\jdk\jdk10\bin\glass.dll
0x00007ff9bd250000 - 0x00007ff9bd33d000 	C:\WINDOWS\System32\COMDLG32.dll
0x00007ff9bf440000 - 0x00007ff9bf591000 	C:\WINDOWS\System32\ole32.dll
0x00007ff9bd990000 - 0x00007ff9bda52000 	C:\WINDOWS\System32\OLEAUT32.dll
0x00007ff9bef60000 - 0x00007ff9bf0d3000 	C:\WINDOWS\System32\MSCTF.dll
0x00007ff99aa50000 - 0x00007ff99aa69000 	C:\Program Files (x86)\Smadav\SmadHook64.dll
0x00007ff9ae580000 - 0x00007ff9ae594000 	C:\dev\Java\jdk\jdk10\bin\javafx_font.dll
0x00007ff998020000 - 0x00007ff9981bb000 	C:\dev\Java\jdk\jdk10\bin\awt.dll
0x00007ff9b9870000 - 0x00007ff9b9e37000 	C:\WINDOWS\SYSTEM32\d2d1.dll
0x00007ff9ba520000 - 0x00007ff9ba5ab000 	C:\WINDOWS\SYSTEM32\apphelp.dll
0x00007ff998600000 - 0x00007ff998665000 	C:\dev\Java\jdk\jdk10\bin\fontmanager.dll
0x00007ff9b48b0000 - 0x00007ff9b4bcc000 	C:\WINDOWS\SYSTEM32\dwrite.dll

dbghelp: loaded successfully - version: 4.0.5 - missing functions: none
symbol engine: initialized successfully - sym options: 0x614 - pdb path: .;C:\DEV\java\jdk\jdk10\bin;C:\WINDOWS\SYSTEM32;C:\WINDOWS\WinSxS\amd64_microsoft.windows.common-controls_6595b64144ccf1df_6.0.17134.765_none_fb42a1a930655896;C:\DEV\java\jdk\jdk10\bin\server;C:\Program Files (x86)\Smadav

VM Arguments:
jvm_args: -Dfile.encoding=UTF-8 
java_command: projet.MainProjet
java_class_path (initial): C:\Users\Ce\Desktop\Java_Framework\projet\bin;C:\Users\Ce\Desktop\Java_Framework\Framework-3iL\bin;C:\Users\Ce\Desktop\Java_Framework\~libraries\JDBC Drivers\ojdbc8.jar;C:\Users\Ce\Desktop\Java_Framework\~libraries\mapstruct-1.3\mapstruct-1.3.0.Final.jar
Launcher Type: SUN_STANDARD

Logging:
Log output configuration:
#0: stdout all=warning uptime,level,tags
#1: stderr all=off uptime,level,tags

Environment Variables:
PATH=C:/dev/java/jdk/jdk10/bin/server;C:/dev/java/jdk/jdk10/bin;C:\oraclexe\app\oracle\product\11.2.0\server\bin;C:\Program Files (x86)\Common Files\Oracle\Java\javapath;C:\ProgramData\Oracle\Java\javapath;C:\WINDOWS\system32;C:\WINDOWS;C:\WINDOWS\System32\Wbem;C:\WINDOWS\System32\WindowsPowerShell\v1.0\;C:\WINDOWS\System32\OpenSSH\;C:\Program Files\dotnet\;C:\Program Files\Microsoft SQL Server\130\Tools\Binn\;C:\Program Files\nodejs\;C:\Program Files\MATLAB\R2019a\bin;C:\Users\Ce\AppData\Local\Microsoft\WindowsApps;C:\Users\Ce\AppData\Roaming\npm;C:\dev\Java\eclipse-4.10-java;
USERNAME=Ce
OS=Windows_NT
PROCESSOR_IDENTIFIER=AMD64 Family 21 Model 19 Stepping 1, AuthenticAMD



---------------  S Y S T E M  ---------------

OS: Windows 10 , 64 bit Build 17134 (10.0.17134.753)

CPU:total 4 (initial active 4) (4 cores per cpu, 1 threads per core) family 21 model 19 stepping 1, cmov, cx8, fxsr, mmx, sse, sse2, sse3, ssse3, sse4.1, sse4.2, popcnt, avx, aes, clmul, mmxext, 3dnowpref, lzcnt, sse4a, tsc, tscinvbit, tscinv, bmi1, fma

Memory: 4k page, physical 5472624k(1335560k free), swap 5996912k(12548k free)

vm_info: Java HotSpot(TM) 64-Bit Server VM (10.0.2+13) for windows-amd64 JRE (10.0.2+13), built on Jun 28 2018 01:57:56 by "mach5one" with MS VC++ 12.0 (VS2013)

END.
