#
# There is insufficient memory for the Java Runtime Environment to continue.
# Native memory allocation (malloc) failed to allocate 1281136 bytes for Chunk::new
# Possible reasons:
#   The system is out of physical RAM or swap space
#   The process is running with CompressedOops enabled, and the Java Heap may be blocking the growth of the native heap
# Possible solutions:
#   Reduce memory load on the system
#   Increase physical memory or swap space
#   Check if swap backing store is full
#   Decrease Java heap size (-Xmx/-Xms)
#   Decrease number of Java threads
#   Decrease Java thread stack sizes (-Xss)
#   Set larger code cache with -XX:ReservedCodeCacheSize=
#   JVM is running with Unscaled Compressed Oops mode in which the Java heap is
#     placed in the first 4GB address space. The Java Heap base address is the
#     maximum limit for the native heap growth. Please use -XX:HeapBaseMinAddress
#     to set the Java Heap base and to place the Java Heap above 4GB virtual address.
# This output file may be truncated or incomplete.
#
#  Out of Memory Error (t:/workspace/open/src/hotspot/share/memory/arena.cpp:198), pid=5192, tid=3800
#
# JRE version: Java(TM) SE Runtime Environment (10.0.2+13) (build 10.0.2+13)
# Java VM: Java HotSpot(TM) 64-Bit Server VM (10.0.2+13, mixed mode, tiered, compressed oops, g1 gc, windows-amd64)
# No core dump will be written. Minidumps are not enabled by default on client versions of Windows
#

---------------  S U M M A R Y ------------

Command Line: -Dfile.encoding=UTF-8 projet.MainProjet

Host: AMD A10-5745M APU with Radeon(tm) HD Graphics  , 4 cores, 5G,  Windows 10 , 64 bit Build 17134 (10.0.17134.753)
Time: Sun Jun 09 01:09:02 2019 Paris, Madrid (heure d?été) elapsed time: 8 seconds (0d 0h 0m 8s)

---------------  T H R E A D  ---------------

Current thread (0x000001cdff461800):  JavaThread "C2 CompilerThread1" daemon [_thread_in_native, id=3800, stack(0x000000cbb9500000,0x000000cbb9600000)]


Current CompileTask:
C2:   8783 2901       4       javafx.scene.CssStyleHelper::resolveLookups (463 bytes)

Stack: [0x000000cbb9500000,0x000000cbb9600000]
Native frames: (J=compiled Java code, j=interpreted, Vv=VM code, C=native code)
V  [jvm.dll+0x5a01a9]
V  [jvm.dll+0x6bcf31]
V  [jvm.dll+0x6be126]
V  [jvm.dll+0x6be7b3]
V  [jvm.dll+0x234978]
V  [jvm.dll+0xbb69c]
V  [jvm.dll+0xbbbac]
V  [jvm.dll+0x34be98]
V  [jvm.dll+0x3110aa]
V  [jvm.dll+0x31063a]
V  [jvm.dll+0x1ffe91]
V  [jvm.dll+0x1ff116]
V  [jvm.dll+0x17c94b]
V  [jvm.dll+0x20c8dd]
V  [jvm.dll+0x20b6a6]
V  [jvm.dll+0x68b7ff]
V  [jvm.dll+0x59f4b0]
C  [msvcr120.dll+0x24f7f]
C  [msvcr120.dll+0x25126]
C  [KERNEL32.DLL+0x14034]
C  [ntdll.dll+0x73691]


---------------  P R O C E S S  ---------------

Threads class SMR info:
_java_thread_list=0x000001cd95736aa0, length=22, elements={
0x000001cde2f05800, 0x000001cdff3fa800, 0x000001cdff404000, 0x000001cdff451800,
0x000001cdff454000, 0x000001cdff45f000, 0x000001cdff461800, 0x000001cdff465800,
0x000001cdff46e800, 0x000001cd8369b800, 0x000001cd8369c000, 0x000001cd8369f000,
0x000001cd8369d000, 0x000001cd836a1800, 0x000001cd8369a800, 0x000001cd8369d800,
0x000001cd8369e800, 0x000001cd836a0000, 0x000001cd836a1000, 0x000001cd90b9b800,
0x000001cd90b9e000, 0x000001cd90ba3000
}

Java Threads: ( => current thread )
  0x000001cde2f05800 JavaThread "main" [_thread_blocked, id=8140, stack(0x000000cbb8300000,0x000000cbb8400000)]
  0x000001cdff3fa800 JavaThread "Reference Handler" daemon [_thread_blocked, id=11512, stack(0x000000cbb9000000,0x000000cbb9100000)]
  0x000001cdff404000 JavaThread "Finalizer" daemon [_thread_blocked, id=12560, stack(0x000000cbb9100000,0x000000cbb9200000)]
  0x000001cdff451800 JavaThread "Signal Dispatcher" daemon [_thread_blocked, id=11032, stack(0x000000cbb9200000,0x000000cbb9300000)]
  0x000001cdff454000 JavaThread "Attach Listener" daemon [_thread_blocked, id=6104, stack(0x000000cbb9300000,0x000000cbb9400000)]
  0x000001cdff45f000 JavaThread "C2 CompilerThread0" daemon [_thread_blocked, id=9688, stack(0x000000cbb9400000,0x000000cbb9500000)]
=>0x000001cdff461800 JavaThread "C2 CompilerThread1" daemon [_thread_in_native, id=3800, stack(0x000000cbb9500000,0x000000cbb9600000)]
  0x000001cdff465800 JavaThread "C1 CompilerThread2" daemon [_thread_blocked, id=13100, stack(0x000000cbb9600000,0x000000cbb9700000)]
  0x000001cdff46e800 JavaThread "Sweeper thread" daemon [_thread_blocked, id=11424, stack(0x000000cbb9700000,0x000000cbb9800000)]
  0x000001cd8369b800 JavaThread "Service Thread" daemon [_thread_blocked, id=12084, stack(0x000000cbb9800000,0x000000cbb9900000)]
  0x000001cd8369c000 JavaThread "Common-Cleaner" daemon [_thread_blocked, id=12576, stack(0x000000cbb9900000,0x000000cbb9a00000)]
  0x000001cd8369f000 JavaThread "JavaFX-Launcher" [_thread_blocked, id=2216, stack(0x000000cbb9b00000,0x000000cbb9c00000)]
  0x000001cd8369d000 JavaThread "QuantumRenderer-0" daemon [_thread_blocked, id=6204, stack(0x000000cbb9c00000,0x000000cbb9d00000)]
  0x000001cd836a1800 JavaThread "InvokeLaterDispatcher" daemon [_thread_blocked, id=6560, stack(0x000000cbb9d00000,0x000000cbb9e00000)]
  0x000001cd8369a800 JavaThread "JavaFX Application Thread" [_thread_in_native, id=5276, stack(0x000000cbb9e00000,0x000000cbb9f00000)]
  0x000001cd8369d800 JavaThread "Thread-2" daemon [_thread_in_native, id=9964, stack(0x000000cbba600000,0x000000cbba700000)]
  0x000001cd8369e800 JavaThread "Java2D Disposer" daemon [_thread_blocked, id=13128, stack(0x000000cbba700000,0x000000cbba800000)]
  0x000001cd836a0000 JavaThread "Timer-0" daemon [_thread_blocked, id=8916, stack(0x000000cbba800000,0x000000cbba900000)]
  0x000001cd836a1000 JavaThread "oracle.jdbc.driver.BlockSource.ThreadedCachingBlockSource.BlockReleaser" daemon [_thread_blocked, id=736, stack(0x000000cbba900000,0x000000cbbaa00000)]
  0x000001cd90b9b800 JavaThread "InterruptTimer" daemon [_thread_blocked, id=11188, stack(0x000000cbbaa00000,0x000000cbbab00000)]
  0x000001cd90b9e000 JavaThread "Prism Font Disposer" daemon [_thread_blocked, id=9408, stack(0x000000cbbac00000,0x000000cbbad00000)]
  0x000001cd90ba3000 JavaThread "Cleaner-0" daemon [_thread_blocked, id=13232, stack(0x000000cbbad00000,0x000000cbbae00000)]

Other Threads:
  0x000001cdff3f6000 VMThread "VM Thread" [stack: 0x000000cbb8f00000,0x000000cbb9000000] [id=10128]
  0x000001cd836af800 WatcherThread [stack: 0x000000cbb9a00000,0x000000cbb9b00000] [id=11304]
  0x000001cde2f1d000 GCTaskThread "GC Thread#0" [stack: 0x000000cbb8400000,0x000000cbb8500000] [id=2828]
  0x000001cde2f1e800 GCTaskThread "GC Thread#1" [stack: 0x000000cbb8500000,0x000000cbb8600000] [id=9860]
  0x000001cde2f22800 GCTaskThread "GC Thread#2" [stack: 0x000000cbb8600000,0x000000cbb8700000] [id=996]
  0x000001cde2f2a000 GCTaskThread "GC Thread#3" [stack: 0x000000cbb8700000,0x000000cbb8800000] [id=2352]
  0x000001cde2f7a000 ConcurrentGCThread "G1 Main Marker" [stack: 0x000000cbb8800000,0x000000cbb8900000] [id=7932]
  0x000001cde2f25000 ConcurrentGCThread "G1 Conc#0" [stack: 0x000000cbb8900000,0x000000cbb8a00000] [id=7816]
  0x000001cde2fcb800 ConcurrentGCThread "G1 Refine#0" [stack: 0x000000cbb8a00000,0x000000cbb8b00000] [id=1728]
  0x000001cde2fd0800 ConcurrentGCThread "G1 Refine#1" [stack: 0x000000cbb8b00000,0x000000cbb8c00000] [id=12404]
  0x000001cde2fd9800 ConcurrentGCThread "G1 Refine#2" [stack: 0x000000cbb8c00000,0x000000cbb8d00000] [id=13280]
  0x000001cde2f26800 ConcurrentGCThread "G1 Refine#3" [stack: 0x000000cbb8d00000,0x000000cbb8e00000] [id=9980]
  0x000001cde2fdd800 ConcurrentGCThread "G1 Young RemSet Sampling" [stack: 0x000000cbb8e00000,0x000000cbb8f00000] [id=8400]

Threads with active compile tasks:
C2 CompilerThread12901       4       javafx.scene.CssStyleHelper::resolveLookups (463 bytes)

VM state:not at safepoint (normal execution)

VM Mutex/Monitor currently owned by a thread: None

Heap address: 0x00000000ac600000, size: 1338 MB, Compressed Oops mode: 32-bit
Narrow klass base: 0x0000000000000000, Narrow klass shift: 3
Compressed class space size: 1073741824 Address: 0x0000000100000000

Heap:
 garbage-first heap   total 103424K, used 20585K [0x00000000ac600000, 0x0000000100000000)
  region size 1024K, 4 young (4096K), 1 survivors (1024K)
 Metaspace       used 35502K, capacity 36511K, committed 36944K, reserved 1081344K
  class space    used 4509K, capacity 4968K, committed 5068K, reserved 1048576K
Heap Regions: E=young(eden), S=young(survivor), O=old, HS=humongous(starts), HC=humongous(continues), CS=collection set, F=free, A=archive, TS=gc time stamp, AC=allocation context, TAMS=top-at-mark-start (previous, next)
|   0|0x00000000ac600000, 0x00000000ac700000, 0x00000000ac700000|100%|HS|  |TS  0|AC  0|TAMS 0x00000000ac700000, 0x00000000ac700000|
|   1|0x00000000ac700000, 0x00000000ac800000, 0x00000000ac800000|100%|HC|  |TS  0|AC  0|TAMS 0x00000000ac800000, 0x00000000ac800000|
|   2|0x00000000ac800000, 0x00000000ac900000, 0x00000000ac900000|100%| O|  |TS  0|AC  0|TAMS 0x00000000ac900000, 0x00000000ac900000|
|   3|0x00000000ac900000, 0x00000000aca00000, 0x00000000aca00000|100%| O|  |TS  0|AC  0|TAMS 0x00000000aca00000, 0x00000000aca00000|
|   4|0x00000000aca00000, 0x00000000acb00000, 0x00000000acb00000|100%| O|  |TS  0|AC  0|TAMS 0x00000000acb00000, 0x00000000acb00000|
|   5|0x00000000acb00000, 0x00000000acc00000, 0x00000000acc00000|100%|HS|  |TS  0|AC  0|TAMS 0x00000000acc00000, 0x00000000acc00000|
|   6|0x00000000acc00000, 0x00000000acd00000, 0x00000000acd00000|100%|HC|  |TS  0|AC  0|TAMS 0x00000000acd00000, 0x00000000acd00000|
|   7|0x00000000acd00000, 0x00000000ace00000, 0x00000000ace00000|100%| O|  |TS  0|AC  0|TAMS 0x00000000ace00000, 0x00000000ace00000|
|   8|0x00000000ace00000, 0x00000000acf00000, 0x00000000acf00000|100%| O|  |TS  0|AC  0|TAMS 0x00000000acf00000, 0x00000000acf00000|
|   9|0x00000000acf00000, 0x00000000ad000000, 0x00000000ad000000|100%| O|  |TS  0|AC  0|TAMS 0x00000000ad000000, 0x00000000ad000000|
|  10|0x00000000ad000000, 0x00000000ad100000, 0x00000000ad100000|100%| O|  |TS  0|AC  0|TAMS 0x00000000ad100000, 0x00000000ad100000|
|  11|0x00000000ad100000, 0x00000000ad200000, 0x00000000ad200000|100%| O|  |TS  0|AC  0|TAMS 0x00000000ad200000, 0x00000000ad200000|
|  12|0x00000000ad200000, 0x00000000ad300000, 0x00000000ad300000|100%| O|  |TS  0|AC  0|TAMS 0x00000000ad300000, 0x00000000ad300000|
|  13|0x00000000ad300000, 0x00000000ad400000, 0x00000000ad400000|100%| O|  |TS  0|AC  0|TAMS 0x00000000ad400000, 0x00000000ad400000|
|  14|0x00000000ad400000, 0x00000000ad500000, 0x00000000ad500000|100%| O|  |TS  0|AC  0|TAMS 0x00000000ad500000, 0x00000000ad500000|
|  15|0x00000000ad500000, 0x00000000ad55a400, 0x00000000ad600000| 35%| O|  |TS  0|AC  0|TAMS 0x00000000ad55a400, 0x00000000ad55a400|
|  16|0x00000000ad600000, 0x00000000ad700000, 0x00000000ad700000|100%|HS|  |TS  0|AC  0|TAMS 0x00000000ad600000, 0x00000000ad600000|
|  17|0x00000000ad700000, 0x00000000ad800000, 0x00000000ad800000|100%|HC|  |TS  0|AC  0|TAMS 0x00000000ad700000, 0x00000000ad700000|
|  18|0x00000000ad800000, 0x00000000ad800000, 0x00000000ad900000|  0%| F|  |TS  0|AC  0|TAMS 0x00000000ad800000, 0x00000000ad800000|
|  19|0x00000000ad900000, 0x00000000ad900000, 0x00000000ada00000|  0%| F|  |TS  0|AC  0|TAMS 0x00000000ad900000, 0x00000000ad900000|
|  20|0x00000000ada00000, 0x00000000ada00000, 0x00000000adb00000|  0%| F|  |TS  0|AC  0|TAMS 0x00000000ada00000, 0x00000000ada00000|
|  21|0x00000000adb00000, 0x00000000adb00000, 0x00000000adc00000|  0%| F|  |TS  0|AC  0|TAMS 0x00000000adb00000, 0x00000000adb00000|
|  22|0x00000000adc00000, 0x00000000adc00000, 0x00000000add00000|  0%| F|  |TS  0|AC  0|TAMS 0x00000000adc00000, 0x00000000adc00000|
|  23|0x00000000add00000, 0x00000000add00000, 0x00000000ade00000|  0%| F|  |TS  0|AC  0|TAMS 0x00000000add00000, 0x00000000add00000|
|  24|0x00000000ade00000, 0x00000000ade00000, 0x00000000adf00000|  0%| F|  |TS  0|AC  0|TAMS 0x00000000ade00000, 0x00000000ade00000|
|  25|0x00000000adf00000, 0x00000000adf00000, 0x00000000ae000000|  0%| F|  |TS  0|AC  0|TAMS 0x00000000adf00000, 0x00000000adf00000|
|  26|0x00000000ae000000, 0x00000000ae000000, 0x00000000ae100000|  0%| F|  |TS  0|AC  0|TAMS 0x00000000ae000000, 0x00000000ae000000|
|  27|0x00000000ae100000, 0x00000000ae100000, 0x00000000ae200000|  0%| F|  |TS  0|AC  0|TAMS 0x00000000ae100000, 0x00000000ae100000|
|  28|0x00000000ae200000, 0x00000000ae200000, 0x00000000ae300000|  0%| F|  |TS  0|AC  0|TAMS 0x00000000ae200000, 0x00000000ae200000|
|  29|0x00000000ae300000, 0x00000000ae300000, 0x00000000ae400000|  0%| F|  |TS  0|AC  0|TAMS 0x00000000ae300000, 0x00000000ae300000|
|  30|0x00000000ae400000, 0x00000000ae400000, 0x00000000ae500000|  0%| F|  |TS  0|AC  0|TAMS 0x00000000ae400000, 0x00000000ae400000|
|  31|0x00000000ae500000, 0x00000000ae500000, 0x00000000ae600000|  0%| F|  |TS  0|AC  0|TAMS 0x00000000ae500000, 0x00000000ae500000|
|  32|0x00000000ae600000, 0x00000000ae600000, 0x00000000ae700000|  0%| F|  |TS  0|AC  0|TAMS 0x00000000ae600000, 0x00000000ae600000|
|  33|0x00000000ae700000, 0x00000000ae700000, 0x00000000ae800000|  0%| F|  |TS  0|AC  0|TAMS 0x00000000ae700000, 0x00000000ae700000|
|  34|0x00000000ae800000, 0x00000000ae800000, 0x00000000ae900000|  0%| F|  |TS  0|AC  0|TAMS 0x00000000ae800000, 0x00000000ae800000|
|  35|0x00000000ae900000, 0x00000000ae900000, 0x00000000aea00000|  0%| F|  |TS  0|AC  0|TAMS 0x00000000ae900000, 0x00000000ae900000|
|  36|0x00000000aea00000, 0x00000000aea00000, 0x00000000aeb00000|  0%| F|  |TS  0|AC  0|TAMS 0x00000000aea00000, 0x00000000aea00000|
|  37|0x00000000aeb00000, 0x00000000aeb00000, 0x00000000aec00000|  0%| F|  |TS  0|AC  0|TAMS 0x00000000aeb00000, 0x00000000aeb00000|
|  38|0x00000000aec00000, 0x00000000aec00000, 0x00000000aed00000|  0%| F|  |TS  0|AC  0|TAMS 0x00000000aec00000, 0x00000000aec00000|
|  39|0x00000000aed00000, 0x00000000aed00000, 0x00000000aee00000|  0%| F|  |TS  0|AC  0|TAMS 0x00000000aed00000, 0x00000000aed00000|
|  40|0x00000000aee00000, 0x00000000aee00000, 0x00000000aef00000|  0%| F|  |TS  0|AC  0|TAMS 0x00000000aee00000, 0x00000000aee00000|
|  41|0x00000000aef00000, 0x00000000aef00000, 0x00000000af000000|  0%| F|  |TS  0|AC  0|TAMS 0x00000000aef00000, 0x00000000aef00000|
|  42|0x00000000af000000, 0x00000000af000000, 0x00000000af100000|  0%| F|  |TS  0|AC  0|TAMS 0x00000000af000000, 0x00000000af000000|
|  43|0x00000000af100000, 0x00000000af100000, 0x00000000af200000|  0%| F|  |TS  0|AC  0|TAMS 0x00000000af100000, 0x00000000af100000|
|  44|0x00000000af200000, 0x00000000af200000, 0x00000000af300000|  0%| F|  |TS  0|AC  0|TAMS 0x00000000af200000, 0x00000000af200000|
|  45|0x00000000af300000, 0x00000000af300000, 0x00000000af400000|  0%| F|  |TS  0|AC  0|TAMS 0x00000000af300000, 0x00000000af300000|
|  46|0x00000000af400000, 0x00000000af400000, 0x00000000af500000|  0%| F|  |TS  0|AC  0|TAMS 0x00000000af400000, 0x00000000af400000|
|  47|0x00000000af500000, 0x00000000af500000, 0x00000000af600000|  0%| F|  |TS  0|AC  0|TAMS 0x00000000af500000, 0x00000000af500000|
|  48|0x00000000af600000, 0x00000000af600000, 0x00000000af700000|  0%| F|  |TS  0|AC  0|TAMS 0x00000000af600000, 0x00000000af600000|
|  49|0x00000000af700000, 0x00000000af700000, 0x00000000af800000|  0%| F|  |TS  0|AC  0|TAMS 0x00000000af700000, 0x00000000af700000|
|  50|0x00000000af800000, 0x00000000af800000, 0x00000000af900000|  0%| F|  |TS  0|AC  0|TAMS 0x00000000af800000, 0x00000000af800000|
|  51|0x00000000af900000, 0x00000000af900000, 0x00000000afa00000|  0%| F|  |TS  0|AC  0|TAMS 0x00000000af900000, 0x00000000af900000|
|  52|0x00000000afa00000, 0x00000000afa00000, 0x00000000afb00000|  0%| F|  |TS  0|AC  0|TAMS 0x00000000afa00000, 0x00000000afa00000|
|  53|0x00000000afb00000, 0x00000000afb00000, 0x00000000afc00000|  0%| F|  |TS  0|AC  0|TAMS 0x00000000afb00000, 0x00000000afb00000|
|  54|0x00000000afc00000, 0x00000000afc00000, 0x00000000afd00000|  0%| F|  |TS  0|AC  0|TAMS 0x00000000afc00000, 0x00000000afc00000|
|  55|0x00000000afd00000, 0x00000000afd00000, 0x00000000afe00000|  0%| F|  |TS  0|AC  0|TAMS 0x00000000afd00000, 0x00000000afd00000|
|  56|0x00000000afe00000, 0x00000000afe00000, 0x00000000aff00000|  0%| F|  |TS  0|AC  0|TAMS 0x00000000afe00000, 0x00000000afe00000|
|  57|0x00000000aff00000, 0x00000000aff00000, 0x00000000b0000000|  0%| F|  |TS  0|AC  0|TAMS 0x00000000aff00000, 0x00000000aff00000|
|  58|0x00000000b0000000, 0x00000000b0000000, 0x00000000b0100000|  0%| F|  |TS  0|AC  0|TAMS 0x00000000b0000000, 0x00000000b0000000|
|  59|0x00000000b0100000, 0x00000000b0100000, 0x00000000b0200000|  0%| F|  |TS  0|AC  0|TAMS 0x00000000b0100000, 0x00000000b0100000|
|  60|0x00000000b0200000, 0x00000000b0200000, 0x00000000b0300000|  0%| F|  |TS  0|AC  0|TAMS 0x00000000b0200000, 0x00000000b0200000|
|  61|0x00000000b0300000, 0x00000000b0300000, 0x00000000b0400000|  0%| F|  |TS  0|AC  0|TAMS 0x00000000b0300000, 0x00000000b0300000|
|  62|0x00000000b0400000, 0x00000000b0400000, 0x00000000b0500000|  0%| F|  |TS  0|AC  0|TAMS 0x00000000b0400000, 0x00000000b0400000|
|  63|0x00000000b0500000, 0x00000000b0500000, 0x00000000b0600000|  0%| F|  |TS  0|AC  0|TAMS 0x00000000b0500000, 0x00000000b0500000|
|  64|0x00000000b0600000, 0x00000000b0600000, 0x00000000b0700000|  0%| F|  |TS  0|AC  0|TAMS 0x00000000b0600000, 0x00000000b0600000|
|  65|0x00000000b0700000, 0x00000000b0700000, 0x00000000b0800000|  0%| F|  |TS  0|AC  0|TAMS 0x00000000b0700000, 0x00000000b0700000|
|  66|0x00000000b0800000, 0x00000000b0800000, 0x00000000b0900000|  0%| F|  |TS  0|AC  0|TAMS 0x00000000b0800000, 0x00000000b0800000|
|  67|0x00000000b0900000, 0x00000000b0900000, 0x00000000b0a00000|  0%| F|  |TS  0|AC  0|TAMS 0x00000000b0900000, 0x00000000b0900000|
|  68|0x00000000b0a00000, 0x00000000b0a00000, 0x00000000b0b00000|  0%| F|  |TS  0|AC  0|TAMS 0x00000000b0a00000, 0x00000000b0a00000|
|  69|0x00000000b0b00000, 0x00000000b0b00000, 0x00000000b0c00000|  0%| F|  |TS  0|AC  0|TAMS 0x00000000b0b00000, 0x00000000b0b00000|
|  70|0x00000000b0c00000, 0x00000000b0c00000, 0x00000000b0d00000|  0%| F|  |TS  0|AC  0|TAMS 0x00000000b0c00000, 0x00000000b0c00000|
|  71|0x00000000b0d00000, 0x00000000b0d00000, 0x00000000b0e00000|  0%| F|  |TS  0|AC  0|TAMS 0x00000000b0d00000, 0x00000000b0d00000|
|  72|0x00000000b0e00000, 0x00000000b0e00000, 0x00000000b0f00000|  0%| F|  |TS  0|AC  0|TAMS 0x00000000b0e00000, 0x00000000b0e00000|
|  73|0x00000000b0f00000, 0x00000000b0f00000, 0x00000000b1000000|  0%| F|  |TS  0|AC  0|TAMS 0x00000000b0f00000, 0x00000000b0f00000|
|  74|0x00000000b1000000, 0x00000000b1000000, 0x00000000b1100000|  0%| F|  |TS  0|AC  0|TAMS 0x00000000b1000000, 0x00000000b1000000|
|  75|0x00000000b1100000, 0x00000000b1100000, 0x00000000b1200000|  0%| F|  |TS  0|AC  0|TAMS 0x00000000b1100000, 0x00000000b1100000|
|  76|0x00000000b1200000, 0x00000000b1200000, 0x00000000b1300000|  0%| F|  |TS  0|AC  0|TAMS 0x00000000b1200000, 0x00000000b1200000|
|  77|0x00000000b1300000, 0x00000000b1300000, 0x00000000b1400000|  0%| F|  |TS  0|AC  0|TAMS 0x00000000b1300000, 0x00000000b1300000|
|  78|0x00000000b1400000, 0x00000000b14c00a8, 0x00000000b1500000| 75%| S|CS|TS  0|AC  0|TAMS 0x00000000b1400000, 0x00000000b1400000|
|  79|0x00000000b1500000, 0x00000000b1500000, 0x00000000b1600000|  0%| F|  |TS  0|AC  0|TAMS 0x00000000b1500000, 0x00000000b1500000|
|  80|0x00000000b1600000, 0x00000000b1600000, 0x00000000b1700000|  0%| F|  |TS  0|AC  0|TAMS 0x00000000b1600000, 0x00000000b1600000|
|  81|0x00000000b1700000, 0x00000000b1700000, 0x00000000b1800000|  0%| F|  |TS  0|AC  0|TAMS 0x00000000b1700000, 0x00000000b1700000|
|  82|0x00000000b1800000, 0x00000000b1800000, 0x00000000b1900000|  0%| F|  |TS  0|AC  0|TAMS 0x00000000b1800000, 0x00000000b1800000|
|  83|0x00000000b1900000, 0x00000000b1900000, 0x00000000b1a00000|  0%| F|  |TS  0|AC  0|TAMS 0x00000000b1900000, 0x00000000b1900000|
|  84|0x00000000b1a00000, 0x00000000b1a00000, 0x00000000b1b00000|  0%| F|  |TS  0|AC  0|TAMS 0x00000000b1a00000, 0x00000000b1a00000|
|  85|0x00000000b1b00000, 0x00000000b1b00000, 0x00000000b1c00000|  0%| F|  |TS  0|AC  0|TAMS 0x00000000b1b00000, 0x00000000b1b00000|
|  86|0x00000000b1c00000, 0x00000000b1c00000, 0x00000000b1d00000|  0%| F|  |TS  0|AC  0|TAMS 0x00000000b1c00000, 0x00000000b1c00000|
|  87|0x00000000b1d00000, 0x00000000b1d00000, 0x00000000b1e00000|  0%| F|  |TS  0|AC  0|TAMS 0x00000000b1d00000, 0x00000000b1d00000|
|  88|0x00000000b1e00000, 0x00000000b1e00000, 0x00000000b1f00000|  0%| F|  |TS  0|AC  0|TAMS 0x00000000b1e00000, 0x00000000b1e00000|
|  89|0x00000000b1f00000, 0x00000000b1f00000, 0x00000000b2000000|  0%| F|  |TS  0|AC  0|TAMS 0x00000000b1f00000, 0x00000000b1f00000|
|  90|0x00000000b2000000, 0x00000000b2000000, 0x00000000b2100000|  0%| F|  |TS  0|AC  0|TAMS 0x00000000b2000000, 0x00000000b2000000|
|  91|0x00000000b2100000, 0x00000000b2100000, 0x00000000b2200000|  0%| F|  |TS  0|AC  0|TAMS 0x00000000b2100000, 0x00000000b2100000|
|  92|0x00000000b2200000, 0x00000000b2200000, 0x00000000b2300000|  0%| F|  |TS  0|AC  0|TAMS 0x00000000b2200000, 0x00000000b2200000|
|  93|0x00000000b2300000, 0x00000000b2300000, 0x00000000b2400000|  0%| F|  |TS  0|AC  0|TAMS 0x00000000b2300000, 0x00000000b2300000|
|  94|0x00000000b2400000, 0x00000000b2400000, 0x00000000b2500000|  0%| F|  |TS  0|AC  0|TAMS 0x00000000b2400000, 0x00000000b2400000|
|  95|0x00000000b2500000, 0x00000000b2500000, 0x00000000b2600000|  0%| F|  |TS  0|AC  0|TAMS 0x00000000b2500000, 0x00000000b2500000|
|  96|0x00000000b2600000, 0x00000000b2600000, 0x00000000b2700000|  0%| F|  |TS  0|AC  0|TAMS 0x00000000b2600000, 0x00000000b2600000|
|  97|0x00000000b2700000, 0x00000000b2700000, 0x00000000b2800000|  0%| F|  |TS  0|AC  0|TAMS 0x00000000b2700000, 0x00000000b2700000|
|  98|0x00000000b2800000, 0x00000000b2880800, 0x00000000b2900000| 50%| E|  |TS  0|AC  0|TAMS 0x00000000b2800000, 0x00000000b2800000|
|  99|0x00000000b2900000, 0x00000000b2a00000, 0x00000000b2a00000|100%| E|CS|TS  0|AC  0|TAMS 0x00000000b2900000, 0x00000000b2900000|
| 100|0x00000000b2a00000, 0x00000000b2b00000, 0x00000000b2b00000|100%| E|CS|TS  0|AC  0|TAMS 0x00000000b2a00000, 0x00000000b2a00000|

Card table byte_map: [0x000001cdfd530000,0x000001cdfd7d0000] byte_map_base: 0x000001cdfcfcd000

Marking Bits (Prev, Next): (CMBitMap*) 0x000001cde2f796f0, (CMBitMap*) 0x000001cde2f79728
 Prev Bits: [0x000001cdfda70000, 0x000001cdfef58000)
 Next Bits: [0x000001cd80000000, 0x000001cd814e8000)

Polling page: 0x000001cde0ec0000

CodeHeap 'non-profiled nmethods': size=120064Kb used=1387Kb max_used=1387Kb free=118676Kb
 bounds [0x000001cdf5d50000, 0x000001cdf5fc0000, 0x000001cdfd290000]
CodeHeap 'profiled nmethods': size=120000Kb used=5707Kb max_used=5707Kb free=114292Kb
 bounds [0x000001cdee820000, 0x000001cdeedc0000, 0x000001cdf5d50000]
CodeHeap 'non-nmethods': size=5696Kb used=1412Kb max_used=1433Kb free=4284Kb
 bounds [0x000001cdee290000, 0x000001cdee500000, 0x000001cdee820000]
 total_blobs=4436 nmethods=2961 adapters=786
 compilation: enabled

Compilation events (10 events):
Event: 8.675 Thread 0x000001cdff465800 nmethod 2957 0x000001cdeedaf110 code [0x000001cdeedaf2e0, 0x000001cdeedaf570]
Event: 8.675 Thread 0x000001cdff465800 2958       3       com.sun.javafx.geom.transform.Identity::inverseTransform (20 bytes)
Event: 8.676 Thread 0x000001cdff465800 nmethod 2958 0x000001cdeedaf690 code [0x000001cdeedaf880, 0x000001cdeedafc78]
Event: 8.684 Thread 0x000001cdff45f000 nmethod 2904 0x000001cdf5ea9690 code [0x000001cdf5ea98c0, 0x000001cdf5eaa168]
Event: 8.698 Thread 0x000001cdff465800 2959       3       java.util.EventObject::<init> (24 bytes)
Event: 8.699 Thread 0x000001cdff465800 nmethod 2959 0x000001cdeedafe90 code [0x000001cdeedb0060, 0x000001cdeedb0390]
Event: 8.739 Thread 0x000001cdff465800 2960       3       com.sun.glass.ui.Application::GetApplication (4 bytes)
Event: 8.739 Thread 0x000001cdff465800 nmethod 2960 0x000001cdeedb0490 code [0x000001cdeedb0640, 0x000001cdeedb0798]
Event: 8.763 Thread 0x000001cdff465800 2961       3       javafx.scene.Scene$TargetWrapper::getEventTarget (19 bytes)
Event: 8.763 Thread 0x000001cdff465800 nmethod 2961 0x000001cdeedb0810 code [0x000001cdeedb09c0, 0x000001cdeedb0b78]

GC Heap History (10 events):
Event: 2.312 GC heap before
{Heap before GC invocations=0 (full 0):
 garbage-first heap   total 86016K, used 16384K [0x00000000ac600000, 0x0000000100000000)
  region size 1024K, 14 young (14336K), 0 survivors (0K)
 Metaspace       used 15851K, capacity 16226K, committed 16384K, reserved 1062912K
  class space    used 1774K, capacity 1946K, committed 2048K, reserved 1048576K
}
Event: 2.331 GC heap after
{Heap after GC invocations=1 (full 0):
 garbage-first heap   total 86016K, used 6282K [0x00000000ac600000, 0x0000000100000000)
  region size 1024K, 2 young (2048K), 2 survivors (2048K)
 Metaspace       used 15851K, capacity 16226K, committed 16384K, reserved 1062912K
  class space    used 1774K, capacity 1946K, committed 2048K, reserved 1048576K
}
Event: 2.981 GC heap before
{Heap before GC invocations=1 (full 0):
 garbage-first heap   total 86016K, used 17546K [0x00000000ac600000, 0x0000000100000000)
  region size 1024K, 11 young (11264K), 2 survivors (2048K)
 Metaspace       used 18102K, capacity 18599K, committed 18816K, reserved 1064960K
  class space    used 2157K, capacity 2395K, committed 2432K, reserved 1048576K
}
Event: 2.997 GC heap after
{Heap after GC invocations=2 (full 0):
 garbage-first heap   total 86016K, used 11264K [0x00000000ac600000, 0x0000000100000000)
  region size 1024K, 2 young (2048K), 2 survivors (2048K)
 Metaspace       used 18102K, capacity 18599K, committed 18816K, reserved 1064960K
  class space    used 2157K, capacity 2395K, committed 2432K, reserved 1048576K
}
Event: 3.367 GC heap before
{Heap before GC invocations=2 (full 0):
 garbage-first heap   total 86016K, used 15360K [0x00000000ac600000, 0x0000000100000000)
  region size 1024K, 7 young (7168K), 2 survivors (2048K)
 Metaspace       used 20559K, capacity 21126K, committed 21296K, reserved 1069056K
  class space    used 2410K, capacity 2665K, committed 2688K, reserved 1048576K
}
Event: 3.376 GC heap after
{Heap after GC invocations=3 (full 0):
 garbage-first heap   total 86016K, used 13107K [0x00000000ac600000, 0x0000000100000000)
  region size 1024K, 2 young (2048K), 2 survivors (2048K)
 Metaspace       used 20559K, capacity 21126K, committed 21296K, reserved 1069056K
  class space    used 2410K, capacity 2665K, committed 2688K, reserved 1048576K
}
Event: 6.602 GC heap before
{Heap before GC invocations=4 (full 0):
 garbage-first heap   total 86016K, used 37683K [0x00000000ac600000, 0x0000000100000000)
  region size 1024K, 26 young (26624K), 2 survivors (2048K)
 Metaspace       used 33054K, capacity 33891K, committed 34380K, reserved 1079296K
  class space    used 4156K, capacity 4581K, committed 4684K, reserved 1048576K
}
Event: 6.623 GC heap after
{Heap after GC invocations=5 (full 0):
 garbage-first heap   total 86016K, used 15901K [0x00000000ac600000, 0x0000000100000000)
  region size 1024K, 4 young (4096K), 4 survivors (4096K)
 Metaspace       used 33054K, capacity 33891K, committed 34380K, reserved 1079296K
  class space    used 4156K, capacity 4581K, committed 4684K, reserved 1048576K
}
Event: 7.266 GC heap before
{Heap before GC invocations=5 (full 0):
 garbage-first heap   total 86016K, used 19997K [0x00000000ac600000, 0x0000000100000000)
  region size 1024K, 9 young (9216K), 4 survivors (4096K)
 Metaspace       used 34705K, capacity 35670K, committed 36048K, reserved 1081344K
  class space    used 4437K, capacity 4921K, committed 4940K, reserved 1048576K
}
Event: 7.286 GC heap after
{Heap after GC invocations=6 (full 0):
 garbage-first heap   total 103424K, used 16489K [0x00000000ac600000, 0x0000000100000000)
  region size 1024K, 1 young (1024K), 1 survivors (1024K)
 Metaspace       used 34705K, capacity 35670K, committed 36048K, reserved 1081344K
  class space    used 4437K, capacity 4921K, committed 4940K, reserved 1048576K
}

Deoptimization events (10 events):
Event: 5.187 Thread 0x000001cd8369a800 Uncommon trap: reason=unstable_if action=reinterpret pc=0x000001cdf5e0ddd8 method=java.util.concurrent.ConcurrentHashMap.putVal(Ljava/lang/Object;Ljava/lang/Object;Z)Ljava/lang/Object; @ 231 c2
Event: 5.268 Thread 0x000001cd8369a800 Uncommon trap: reason=unstable_if action=reinterpret pc=0x000001cdf5ddc390 method=java.util.HashMap.hash(Ljava/lang/Object;)I @ 1 c2
Event: 5.269 Thread 0x000001cd8369a800 Uncommon trap: reason=unstable_if action=reinterpret pc=0x000001cdf5dc0fac method=java.util.HashMap.hash(Ljava/lang/Object;)I @ 1 c2
Event: 5.486 Thread 0x000001cd8369a800 Uncommon trap: reason=unstable_if action=reinterpret pc=0x000001cdf5dc0b30 method=java.util.HashMap.hash(Ljava/lang/Object;)I @ 1 c2
Event: 5.654 Thread 0x000001cd8369a800 Uncommon trap: reason=class_check action=maybe_recompile pc=0x000001cdf5d65acc method=java.lang.String.equals(Ljava/lang/Object;)Z @ 8 c2
Event: 5.655 Thread 0x000001cd8369a800 Uncommon trap: reason=class_check action=maybe_recompile pc=0x000001cdf5d65acc method=java.lang.String.equals(Ljava/lang/Object;)Z @ 8 c2
Event: 5.655 Thread 0x000001cd8369a800 Uncommon trap: reason=class_check action=maybe_recompile pc=0x000001cdf5d65acc method=java.lang.String.equals(Ljava/lang/Object;)Z @ 8 c2
Event: 5.657 Thread 0x000001cd8369a800 Uncommon trap: reason=class_check action=maybe_recompile pc=0x000001cdf5d65acc method=java.lang.String.equals(Ljava/lang/Object;)Z @ 8 c2
Event: 6.107 Thread 0x000001cd8369a800 Uncommon trap: reason=unstable_if action=reinterpret pc=0x000001cdf5e25474 method=java.lang.ClassLoader.checkName(Ljava/lang/String;)Z @ 20 c2
Event: 6.598 Thread 0x000001cd8369a800 Uncommon trap: reason=unstable_if action=reinterpret pc=0x000001cdf5e2e9bc method=java.net.URL.<init>(Ljava/net/URL;Ljava/lang/String;Ljava/net/URLStreamHandler;)V @ 347 c2

Classes redefined (0 events):
No events

Internal exceptions (10 events):
Event: 5.436 Thread 0x000001cd8369a800 Exception <a 'java/io/FileNotFoundException'{0x00000000b0501b40}> (0x00000000b0501b40) thrown at [t:/workspace/open/src/hotspot/share/prims/jni.cpp, line 611]
Event: 5.486 Thread 0x000001cd8369a800 Implicit null exception at 0x000001cdf5dc0975 to 0x000001cdf5dc0b1e
Event: 5.583 Thread 0x000001cd8369a800 Exception <a 'java/lang/NoSuchMethodError'{0x00000000b05dc8d0}: method resolution failed> (0x00000000b05dc8d0) thrown at [t:/workspace/open/src/hotspot/share/prims/methodHandles.cpp, line 1226]
Event: 5.689 Thread 0x000001cd8369a800 Exception <a 'java/lang/IncompatibleClassChangeError'{0x00000000b047ad78}: Found class java.lang.Object, but interface was expected> (0x00000000b047ad78) thrown at [t:/workspace/open/src/hotspot/share/interpreter/linkResolver.cpp, line 807]
Event: 6.039 Thread 0x000001cd8369a800 Exception <a 'java/lang/NoSuchMethodError'{0x00000000b02203c8}: java.lang.Object.lambda$andThen$0(Ljava/util/function/Consumer;Ljava/lang/Object;)V> (0x00000000b02203c8) thrown at [t:/workspace/open/src/hotspot/share/interpreter/linkResolver.cpp, line 741
Event: 6.107 Thread 0x000001cd8369a800 Exception <a 'java/lang/ClassNotFoundException'{0x00000000b0238778}: com/sun/javafx/scene/control/skin/resources/controls> (0x00000000b0238778) thrown at [t:/workspace/open/src/hotspot/share/prims/jni.cpp, line 632]
Event: 6.253 Thread 0x000001cd8369a800 Exception <a 'java/lang/ClassNotFoundException'{0x00000000b02467d8}: com/sun/javafx/scene/control/skin/resources/controls_fr> (0x00000000b02467d8) thrown at [t:/workspace/open/src/hotspot/share/prims/jni.cpp, line 632]
Event: 6.255 Thread 0x000001cd8369a800 Exception <a 'java/lang/ClassNotFoundException'{0x00000000b0254b48}: com/sun/javafx/scene/control/skin/resources/controls_fr_FR> (0x00000000b0254b48) thrown at [t:/workspace/open/src/hotspot/share/prims/jni.cpp, line 632]
Event: 6.760 Thread 0x000001cd8369a800 Exception <a 'java/lang/NoSuchMethodError'{0x00000000b1867e50}: java.lang.invoke.DirectMethodHandle$Holder.invokeSpecial(Ljava/lang/Object;Ljava/lang/Object;Ljava/lang/Object;Ljava/lang/Object;Ljava/lang/Object;Ljava/lang/Object;)V> (0x00000000b1867e50) t
Event: 7.252 Thread 0x000001cd8369d000 Exception <a 'java/lang/NoSuchMethodError'{0x00000000b1503da0}: java.lang.invoke.DirectMethodHandle$Holder.invokeStaticInit(Ljava/lang/Object;Ljava/lang/Object;)I> (0x00000000b1503da0) thrown at [t:/workspace/open/src/hotspot/share/interpreter/linkResolve

Events (10 events):
Event: 8.041 loading class javafx/event/Event
Event: 8.041 loading class javafx/event/Event done
Event: 8.041 loading class javafx/event/Event
Event: 8.041 loading class javafx/event/Event done
Event: 8.041 loading class javafx/scene/Node
Event: 8.041 loading class javafx/scene/Node done
Event: 8.220 loading class javafx/util/Pair
Event: 8.220 loading class javafx/util/Pair done
Event: 8.220 loading class javafx/util/Pair
Event: 8.220 loading class javafx/util/Pair done


Dynamic libraries:
0x00007ff61f180000 - 0x00007ff61f1be000 	C:\DEV\java\jdk\jdk10\bin\javaw.exe
0x00007ff9bfdc0000 - 0x00007ff9bffa1000 	C:\WINDOWS\SYSTEM32\ntdll.dll
0x00007ff9bf0e0000 - 0x00007ff9bf191000 	C:\WINDOWS\System32\KERNEL32.DLL
0x00007ff9bcce0000 - 0x00007ff9bcf53000 	C:\WINDOWS\System32\KERNELBASE.dll
0x00007ff9bd8e0000 - 0x00007ff9bd981000 	C:\WINDOWS\System32\ADVAPI32.dll
0x00007ff9beec0000 - 0x00007ff9bef5e000 	C:\WINDOWS\System32\msvcrt.dll
0x00007ff9bf280000 - 0x00007ff9bf2db000 	C:\WINDOWS\System32\sechost.dll
0x00007ff9bf310000 - 0x00007ff9bf434000 	C:\WINDOWS\System32\RPCRT4.dll
0x00007ff9bfc00000 - 0x00007ff9bfd90000 	C:\WINDOWS\System32\USER32.dll
0x00007ff9bd230000 - 0x00007ff9bd250000 	C:\WINDOWS\System32\win32u.dll
0x00007ff9bf2e0000 - 0x00007ff9bf308000 	C:\WINDOWS\System32\GDI32.dll
0x00007ff9bd090000 - 0x00007ff9bd222000 	C:\WINDOWS\System32\gdi32full.dll
0x00007ff9bcb90000 - 0x00007ff9bcc2f000 	C:\WINDOWS\System32\msvcp_win.dll
0x00007ff9bc190000 - 0x00007ff9bc288000 	C:\WINDOWS\System32\ucrtbase.dll
0x00007ff9aae60000 - 0x00007ff9ab0c9000 	C:\WINDOWS\WinSxS\amd64_microsoft.windows.common-controls_6595b64144ccf1df_6.0.17134.765_none_fb42a1a930655896\COMCTL32.dll
0x00007ff9bf600000 - 0x00007ff9bf922000 	C:\WINDOWS\System32\combase.dll
0x00007ff9b5c40000 - 0x00007ff9b5c4a000 	C:\WINDOWS\SYSTEM32\VERSION.dll
0x00007ff9bd010000 - 0x00007ff9bd08a000 	C:\WINDOWS\System32\bcryptPrimitives.dll
0x00007ff9bfbc0000 - 0x00007ff9bfbed000 	C:\WINDOWS\System32\IMM32.DLL
0x00007ff998890000 - 0x00007ff99897f000 	C:\DEV\java\jdk\jdk10\bin\msvcr120.dll
0x00007ff9987e0000 - 0x00007ff998886000 	C:\DEV\java\jdk\jdk10\bin\msvcp120.dll
0x00000000714c0000 - 0x0000000071f30000 	C:\DEV\java\jdk\jdk10\bin\server\jvm.dll
0x00007ff9bfbf0000 - 0x00007ff9bfbf8000 	C:\WINDOWS\System32\PSAPI.DLL
0x00007ff998980000 - 0x00007ff998989000 	C:\WINDOWS\SYSTEM32\WSOCK32.dll
0x00007ff9bf1a0000 - 0x00007ff9bf20c000 	C:\WINDOWS\System32\WS2_32.dll
0x00007ff9b8ff0000 - 0x00007ff9b9013000 	C:\WINDOWS\SYSTEM32\WINMM.dll
0x00007ff9b8fc0000 - 0x00007ff9b8fea000 	C:\WINDOWS\SYSTEM32\WINMMBASE.dll
0x00007ff9bcfc0000 - 0x00007ff9bd009000 	C:\WINDOWS\System32\cfgmgr32.dll
0x00007ff992ea0000 - 0x00007ff992eaf000 	C:\DEV\java\jdk\jdk10\bin\verify.dll
0x00007ff9abfb0000 - 0x00007ff9ac179000 	C:\WINDOWS\SYSTEM32\DBGHELP.DLL
0x00007ff9abd10000 - 0x00007ff9abd39000 	C:\WINDOWS\SYSTEM32\dbgcore.DLL
0x00007ff990960000 - 0x00007ff990987000 	C:\DEV\java\jdk\jdk10\bin\java.dll
0x00007ff992e80000 - 0x00007ff992e96000 	C:\DEV\java\jdk\jdk10\bin\zip.dll
0x00007ff990950000 - 0x00007ff99095a000 	C:\DEV\java\jdk\jdk10\bin\jimage.dll
0x00007ff9bda60000 - 0x00007ff9beea0000 	C:\WINDOWS\System32\SHELL32.dll
0x00007ff9bd340000 - 0x00007ff9bd3e9000 	C:\WINDOWS\System32\shcore.dll
0x00007ff9bc480000 - 0x00007ff9bcb8d000 	C:\WINDOWS\System32\windows.storage.dll
0x00007ff9bf5a0000 - 0x00007ff9bf5f1000 	C:\WINDOWS\System32\shlwapi.dll
0x00007ff9bc160000 - 0x00007ff9bc171000 	C:\WINDOWS\System32\kernel.appcore.dll
0x00007ff9bc0d0000 - 0x00007ff9bc0ef000 	C:\WINDOWS\System32\profapi.dll
0x00007ff9bc0f0000 - 0x00007ff9bc13c000 	C:\WINDOWS\System32\powrprof.dll
0x00007ff9bc180000 - 0x00007ff9bc18a000 	C:\WINDOWS\System32\FLTLIB.DLL
0x00007ff98fed0000 - 0x00007ff98feea000 	C:\dev\Java\jdk\jdk10\bin\net.dll
0x00007ff9b5f90000 - 0x00007ff9b606d000 	C:\WINDOWS\SYSTEM32\WINHTTP.dll
0x00007ff9bb8f0000 - 0x00007ff9bb956000 	C:\WINDOWS\system32\mswsock.dll
0x00007ff98feb0000 - 0x00007ff98fec1000 	C:\dev\Java\jdk\jdk10\bin\nio.dll
0x000001cde0f20000 - 0x000001cde0f23000 	C:\dev\Java\jdk\jdk10\bin\api-ms-win-core-console-l1-1-0.dll
0x000001cde2e80000 - 0x000001cde2e83000 	C:\dev\Java\jdk\jdk10\bin\api-ms-win-core-datetime-l1-1-0.dll
0x000001cde2e90000 - 0x000001cde2e93000 	C:\dev\Java\jdk\jdk10\bin\api-ms-win-core-debug-l1-1-0.dll
0x000001cde2ea0000 - 0x000001cde2ea3000 	C:\dev\Java\jdk\jdk10\bin\api-ms-win-core-errorhandling-l1-1-0.dll
0x000001cde2eb0000 - 0x000001cde2eb4000 	C:\dev\Java\jdk\jdk10\bin\api-ms-win-core-file-l1-1-0.dll
0x000001cde2ec0000 - 0x000001cde2ec3000 	C:\dev\Java\jdk\jdk10\bin\api-ms-win-core-file-l1-2-0.dll
0x000001cde2ed0000 - 0x000001cde2ed3000 	C:\dev\Java\jdk\jdk10\bin\api-ms-win-core-file-l2-1-0.dll
0x000001cdffdb0000 - 0x000001cdffdb3000 	C:\dev\Java\jdk\jdk10\bin\api-ms-win-core-handle-l1-1-0.dll
0x000001cdffdc0000 - 0x000001cdffdc3000 	C:\dev\Java\jdk\jdk10\bin\api-ms-win-core-heap-l1-1-0.dll
0x000001cdffdd0000 - 0x000001cdffdd3000 	C:\dev\Java\jdk\jdk10\bin\api-ms-win-core-interlocked-l1-1-0.dll
0x000001cdffde0000 - 0x000001cdffde3000 	C:\dev\Java\jdk\jdk10\bin\api-ms-win-core-libraryloader-l1-1-0.dll
0x000001cdffdf0000 - 0x000001cdffdf3000 	C:\dev\Java\jdk\jdk10\bin\api-ms-win-core-localization-l1-2-0.dll
0x000001cdffe00000 - 0x000001cdffe03000 	C:\dev\Java\jdk\jdk10\bin\api-ms-win-core-memory-l1-1-0.dll
0x000001cdffe10000 - 0x000001cdffe13000 	C:\dev\Java\jdk\jdk10\bin\api-ms-win-core-namedpipe-l1-1-0.dll
0x000001cdffe20000 - 0x000001cdffe23000 	C:\dev\Java\jdk\jdk10\bin\api-ms-win-core-processenvironment-l1-1-0.dll
0x000001cdffe30000 - 0x000001cdffe33000 	C:\dev\Java\jdk\jdk10\bin\api-ms-win-core-processthreads-l1-1-0.dll
0x000001cdffe40000 - 0x000001cdffe43000 	C:\dev\Java\jdk\jdk10\bin\api-ms-win-core-processthreads-l1-1-1.dll
0x000001cdffe50000 - 0x000001cdffe53000 	C:\dev\Java\jdk\jdk10\bin\api-ms-win-core-profile-l1-1-0.dll
0x000001cdffe60000 - 0x000001cdffe63000 	C:\dev\Java\jdk\jdk10\bin\api-ms-win-core-rtlsupport-l1-1-0.dll
0x000001cdffe70000 - 0x000001cdffe73000 	C:\dev\Java\jdk\jdk10\bin\api-ms-win-core-string-l1-1-0.dll
0x000001cdffe80000 - 0x000001cdffe83000 	C:\dev\Java\jdk\jdk10\bin\api-ms-win-core-synch-l1-1-0.dll
0x000001cdffe90000 - 0x000001cdffe93000 	C:\dev\Java\jdk\jdk10\bin\api-ms-win-core-synch-l1-2-0.dll
0x000001cdffea0000 - 0x000001cdffea3000 	C:\dev\Java\jdk\jdk10\bin\api-ms-win-core-sysinfo-l1-1-0.dll
0x000001cdffeb0000 - 0x000001cdffeb3000 	C:\dev\Java\jdk\jdk10\bin\api-ms-win-core-timezone-l1-1-0.dll
0x000001cdffec0000 - 0x000001cdffec3000 	C:\dev\Java\jdk\jdk10\bin\api-ms-win-core-util-l1-1-0.dll
0x000001cdffed0000 - 0x000001cdffed3000 	C:\dev\Java\jdk\jdk10\bin\api-ms-win-crt-conio-l1-1-0.dll
0x000001cdffee0000 - 0x000001cdffee4000 	C:\dev\Java\jdk\jdk10\bin\api-ms-win-crt-convert-l1-1-0.dll
0x000001cdffef0000 - 0x000001cdffef3000 	C:\dev\Java\jdk\jdk10\bin\api-ms-win-crt-environment-l1-1-0.dll
0x000001cdfff00000 - 0x000001cdfff03000 	C:\dev\Java\jdk\jdk10\bin\api-ms-win-crt-filesystem-l1-1-0.dll
0x000001cdfff10000 - 0x000001cdfff13000 	C:\dev\Java\jdk\jdk10\bin\api-ms-win-crt-heap-l1-1-0.dll
0x000001cdfff20000 - 0x000001cdfff23000 	C:\dev\Java\jdk\jdk10\bin\api-ms-win-crt-locale-l1-1-0.dll
0x000001cdfff30000 - 0x000001cdfff35000 	C:\dev\Java\jdk\jdk10\bin\api-ms-win-crt-math-l1-1-0.dll
0x000001cdfff40000 - 0x000001cdfff45000 	C:\dev\Java\jdk\jdk10\bin\api-ms-win-crt-multibyte-l1-1-0.dll
0x000001cdfff50000 - 0x000001cdfff60000 	C:\dev\Java\jdk\jdk10\bin\api-ms-win-crt-private-l1-1-0.dll
0x000001cdfff60000 - 0x000001cdfff63000 	C:\dev\Java\jdk\jdk10\bin\api-ms-win-crt-process-l1-1-0.dll
0x000001cdfff70000 - 0x000001cdfff74000 	C:\dev\Java\jdk\jdk10\bin\api-ms-win-crt-runtime-l1-1-0.dll
0x000001cdfff80000 - 0x000001cdfff84000 	C:\dev\Java\jdk\jdk10\bin\api-ms-win-crt-stdio-l1-1-0.dll
0x000001cdfff90000 - 0x000001cdfff94000 	C:\dev\Java\jdk\jdk10\bin\api-ms-win-crt-string-l1-1-0.dll
0x000001cdfffa0000 - 0x000001cdfffa3000 	C:\dev\Java\jdk\jdk10\bin\api-ms-win-crt-time-l1-1-0.dll
0x000001cdfffb0000 - 0x000001cdfffb3000 	C:\dev\Java\jdk\jdk10\bin\api-ms-win-crt-utility-l1-1-0.dll
0x00007ff9986e0000 - 0x00007ff9987d6000 	C:\dev\Java\jdk\jdk10\bin\ucrtbase.dll
0x00007ff9afc80000 - 0x00007ff9afc96000 	C:\dev\Java\jdk\jdk10\bin\vcruntime140.dll
0x00007ff999220000 - 0x00007ff9992bc000 	C:\dev\Java\jdk\jdk10\bin\msvcp140.dll
0x00007ff99a9b0000 - 0x00007ff99aa01000 	C:\dev\Java\jdk\jdk10\bin\concrt140.dll
0x00007ff9afc00000 - 0x00007ff9afc23000 	C:\dev\Java\jdk\jdk10\bin\prism_d3d.dll
0x00007ff994760000 - 0x00007ff9948f7000 	C:\WINDOWS\system32\d3d9.dll
0x00007ff9ba870000 - 0x00007ff9ba899000 	C:\WINDOWS\SYSTEM32\dwmapi.dll
0x00007ff9ba6f0000 - 0x00007ff9ba788000 	C:\WINDOWS\system32\uxtheme.dll
0x00007ff9b5c50000 - 0x00007ff9b5db4000 	C:\WINDOWS\SYSTEM32\aticfx64.dll
0x00007ff9aba90000 - 0x00007ff9abab1000 	C:\WINDOWS\SYSTEM32\atiu9p64.dll
0x00007ff97da30000 - 0x00007ff97e289000 	C:\WINDOWS\SYSTEM32\atiumd64.dll
0x00000000701c0000 - 0x0000000070a48000 	C:\WINDOWS\SYSTEM32\atiumd6a.dll
0x00007ff998ef0000 - 0x00007ff998f3a000 	C:\dev\Java\jdk\jdk10\bin\glass.dll
0x00007ff9bd250000 - 0x00007ff9bd33d000 	C:\WINDOWS\System32\COMDLG32.dll
0x00007ff9bf440000 - 0x00007ff9bf591000 	C:\WINDOWS\System32\ole32.dll
0x00007ff9bd990000 - 0x00007ff9bda52000 	C:\WINDOWS\System32\OLEAUT32.dll
0x00007ff9bef60000 - 0x00007ff9bf0d3000 	C:\WINDOWS\System32\MSCTF.dll
0x00007ff99aa50000 - 0x00007ff99aa69000 	C:\Program Files (x86)\Smadav\SmadHook64.dll
0x00007ff9ae580000 - 0x00007ff9ae594000 	C:\dev\Java\jdk\jdk10\bin\javafx_font.dll
0x00007ff998020000 - 0x00007ff9981bb000 	C:\dev\Java\jdk\jdk10\bin\awt.dll
0x00007ff9b9870000 - 0x00007ff9b9e37000 	C:\WINDOWS\SYSTEM32\d2d1.dll
0x00007ff9ba520000 - 0x00007ff9ba5ab000 	C:\WINDOWS\SYSTEM32\apphelp.dll
0x00007ff998600000 - 0x00007ff998665000 	C:\dev\Java\jdk\jdk10\bin\fontmanager.dll
0x00007ff9b48b0000 - 0x00007ff9b4bcc000 	C:\WINDOWS\SYSTEM32\dwrite.dll
0x00007ff9ac4c0000 - 0x00007ff9ac4e3000 	C:\dev\Java\jdk\jdk10\bin\javafx_iio.dll
0x00007ff9b66b0000 - 0x00007ff9b66b9000 	C:\dev\Java\jdk\jdk10\bin\management.dll
0x00007ff9b0ca0000 - 0x00007ff9b0caa000 	C:\dev\Java\jdk\jdk10\bin\management_ext.dll
0x00007ff9bb6c0000 - 0x00007ff9bb77e000 	C:\WINDOWS\SYSTEM32\DNSAPI.dll
0x00007ff9bf210000 - 0x00007ff9bf218000 	C:\WINDOWS\System32\NSI.dll
0x00007ff9bb670000 - 0x00007ff9bb6a8000 	C:\WINDOWS\SYSTEM32\IPHLPAPI.DLL
0x00007ff9af410000 - 0x00007ff9af41a000 	C:\Windows\System32\rasadhlp.dll
0x00007ff9afa50000 - 0x00007ff9afac2000 	C:\WINDOWS\System32\fwpuclnt.dll
0x00007ff9bbbd0000 - 0x00007ff9bbbf5000 	C:\WINDOWS\SYSTEM32\bcrypt.dll
0x00007ff98b820000 - 0x00007ff98b836000 	C:\WINDOWS\system32\napinsp.dll
0x00007ff98b800000 - 0x00007ff98b81a000 	C:\WINDOWS\system32\pnrpnsp.dll
0x00007ff9b2cf0000 - 0x00007ff9b2d09000 	C:\WINDOWS\system32\NLAapi.dll
0x00007ff98ccc0000 - 0x00007ff98ccce000 	C:\WINDOWS\System32\winrnr.dll
0x00007ff9b0810000 - 0x00007ff9b0825000 	C:\WINDOWS\System32\wshbth.dll
0x00007ff9bbab0000 - 0x00007ff9bbac7000 	C:\WINDOWS\SYSTEM32\CRYPTSP.dll
0x00007ff9bb4d0000 - 0x00007ff9bb503000 	C:\WINDOWS\system32\rsaenh.dll
0x00007ff9bbfd0000 - 0x00007ff9bbff8000 	C:\WINDOWS\SYSTEM32\USERENV.dll
0x00007ff9bbaa0000 - 0x00007ff9bbaab000 	C:\WINDOWS\SYSTEM32\CRYPTBASE.dll

dbghelp: loaded successfully - version: 4.0.5 - missing functions: none
symbol engine: initialized successfully - sym options: 0x614 - pdb path: .;C:\DEV\java\jdk\jdk10\bin;C:\WINDOWS\SYSTEM32;C:\WINDOWS\WinSxS\amd64_microsoft.windows.common-controls_6595b64144ccf1df_6.0.17134.765_none_fb42a1a930655896;C:\DEV\java\jdk\jdk10\bin\server;C:\Program Files (x86)\Smadav;C:\Program Files\Common Files\Microsoft Shared\Ink

VM Arguments:
jvm_args: -Dfile.encoding=UTF-8 
java_command: projet.MainProjet
java_class_path (initial): C:\Users\Ce\Desktop\Java_Framework\projet\bin;C:\Users\Ce\Desktop\Java_Framework\Framework-3iL\bin;C:\Users\Ce\Desktop\Java_Framework\~libraries\JDBC Drivers\ojdbc8.jar;C:\Users\Ce\Desktop\Java_Framework\~libraries\mapstruct-1.3\mapstruct-1.3.0.Final.jar
Launcher Type: SUN_STANDARD

Logging:
Log output configuration:
#0: stdout all=warning uptime,level,tags
#1: stderr all=off uptime,level,tags

Environment Variables:
PATH=C:/dev/java/jdk/jdk10/bin/server;C:/dev/java/jdk/jdk10/bin;C:\oraclexe\app\oracle\product\11.2.0\server\bin;C:\Program Files (x86)\Common Files\Oracle\Java\javapath;C:\ProgramData\Oracle\Java\javapath;C:\WINDOWS\system32;C:\WINDOWS;C:\WINDOWS\System32\Wbem;C:\WINDOWS\System32\WindowsPowerShell\v1.0\;C:\WINDOWS\System32\OpenSSH\;C:\Program Files\dotnet\;C:\Program Files\Microsoft SQL Server\130\Tools\Binn\;C:\Program Files\nodejs\;C:\Program Files\MATLAB\R2019a\bin;C:\Users\Ce\AppData\Local\Microsoft\WindowsApps;C:\Users\Ce\AppData\Roaming\npm;C:\dev\Java\eclipse-4.10-java;
USERNAME=Ce
OS=Windows_NT
PROCESSOR_IDENTIFIER=AMD64 Family 21 Model 19 Stepping 1, AuthenticAMD



---------------  S Y S T E M  ---------------

OS: Windows 10 , 64 bit Build 17134 (10.0.17134.753)

CPU:total 4 (initial active 4) (4 cores per cpu, 1 threads per core) family 21 model 19 stepping 1, cmov, cx8, fxsr, mmx, sse, sse2, sse3, ssse3, sse4.1, sse4.2, popcnt, avx, aes, clmul, mmxext, 3dnowpref, lzcnt, sse4a, tsc, tscinvbit, tscinv, bmi1, fma

Memory: 4k page, physical 5472624k(1337604k free), swap 5996912k(3044k free)

vm_info: Java HotSpot(TM) 64-Bit Server VM (10.0.2+13) for windows-amd64 JRE (10.0.2+13), built on Jun 28 2018 01:57:56 by "mach5one" with MS VC++ 12.0 (VS2013)

END.
