#
# There is insufficient memory for the Java Runtime Environment to continue.
# Native memory allocation (mmap) failed to map 17825792 bytes for Failed to commit area from 0x00000000b1a00000 to 0x00000000b2b00000 of length 17825792.
# Possible reasons:
#   The system is out of physical RAM or swap space
#   The process is running with CompressedOops enabled, and the Java Heap may be blocking the growth of the native heap
# Possible solutions:
#   Reduce memory load on the system
#   Increase physical memory or swap space
#   Check if swap backing store is full
#   Decrease Java heap size (-Xmx/-Xms)
#   Decrease number of Java threads
#   Decrease Java thread stack sizes (-Xss)
#   Set larger code cache with -XX:ReservedCodeCacheSize=
#   JVM is running with Unscaled Compressed Oops mode in which the Java heap is
#     placed in the first 4GB address space. The Java Heap base address is the
#     maximum limit for the native heap growth. Please use -XX:HeapBaseMinAddress
#     to set the Java Heap base and to place the Java Heap above 4GB virtual address.
# This output file may be truncated or incomplete.
#
#  Out of Memory Error (t:/workspace/open/src/hotspot/os/windows/os_windows.cpp:3221), pid=11056, tid=11972
#
# JRE version: Java(TM) SE Runtime Environment (10.0.2+13) (build 10.0.2+13)
# Java VM: Java HotSpot(TM) 64-Bit Server VM (10.0.2+13, mixed mode, tiered, compressed oops, g1 gc, windows-amd64)
# No core dump will be written. Minidumps are not enabled by default on client versions of Windows
#

---------------  S U M M A R Y ------------

Command Line: -Dfile.encoding=UTF-8 projet.MainProjet

Host: AMD A10-5745M APU with Radeon(tm) HD Graphics  , 4 cores, 5G,  Windows 10 , 64 bit Build 17134 (10.0.17134.753)
Time: Sun Jun 09 11:04:43 2019 Paris, Madrid (heure d?été) elapsed time: 4 seconds (0d 0h 0m 4s)

---------------  T H R E A D  ---------------

Current thread (0x00000161e9e69000):  VMThread "VM Thread" [stack: 0x000000588d400000,0x000000588d500000] [id=11972]

Stack: [0x000000588d400000,0x000000588d500000]
[error occurred during error reporting (printing stack bounds), id 0xe0000002]

Native frames: (J=compiled Java code, j=interpreted, Vv=VM code, C=native code)
V  [jvm.dll+0x5a01a9]
V  [jvm.dll+0x6bcf31]
V  [jvm.dll+0x6be126]
V  [jvm.dll+0x6be715]
V  [jvm.dll+0x6be6cb]
V  [jvm.dll+0x59f993]
V  [jvm.dll+0x59fda8]
C  [ntdll.dll+0x9f7dd]
C  [ntdll.dll+0xd856]
C  [ntdll.dll+0x9e70e]
C  0x00000161d4890ead

VM_Operation (0x000000588e1f9be0): CollectForMetadataAllocation, mode: safepoint, requested by thread 0x00000161f57b0000


---------------  P R O C E S S  ---------------

Threads class SMR info:
_java_thread_list=0x00000161f5bedf70, length=21, elements={
0x00000161c7ced800, 0x00000161e9e6c800, 0x00000161e9e7d800, 0x00000161e9eca800,
0x00000161e9ed2000, 0x00000161e9ed9000, 0x00000161e9ed9800, 0x00000161e9eeb000,
0x00000161e9eec000, 0x00000161ea1f5800, 0x00000161ea1fa000, 0x00000161f577d000,
0x00000161f57b0000, 0x00000161f5ea7000, 0x00000161f6cb8000, 0x00000161f5afe000,
0x00000161f5937800, 0x00000161fc6e5000, 0x00000161f7576800, 0x00000161fc9c0000,
0x00000161f5a40800
}

Java Threads: ( => current thread )
  0x00000161c7ced800 JavaThread "main" [_thread_blocked, id=1764, stack(0x000000588c800000,0x000000588c900000)]
  0x00000161e9e6c800 JavaThread "Reference Handler" daemon [_thread_blocked, id=812, stack(0x000000588d500000,0x000000588d600000)]
  0x00000161e9e7d800 JavaThread "Finalizer" daemon [_thread_blocked, id=2224, stack(0x000000588d600000,0x000000588d700000)]
  0x00000161e9eca800 JavaThread "Signal Dispatcher" daemon [_thread_blocked, id=3432, stack(0x000000588d700000,0x000000588d800000)]
  0x00000161e9ed2000 JavaThread "Attach Listener" daemon [_thread_blocked, id=11004, stack(0x000000588d800000,0x000000588d900000)]
  0x00000161e9ed9000 JavaThread "C2 CompilerThread0" daemon [_thread_blocked, id=11644, stack(0x000000588d900000,0x000000588da00000)]
  0x00000161e9ed9800 JavaThread "C2 CompilerThread1" daemon [_thread_blocked, id=9704, stack(0x000000588da00000,0x000000588db00000)]
  0x00000161e9eeb000 JavaThread "C1 CompilerThread2" daemon [_thread_blocked, id=12624, stack(0x000000588db00000,0x000000588dc00000)]
  0x00000161e9eec000 JavaThread "Sweeper thread" daemon [_thread_blocked, id=9344, stack(0x000000588dc00000,0x000000588dd00000)]
  0x00000161ea1f5800 JavaThread "Service Thread" daemon [_thread_blocked, id=12032, stack(0x000000588dd00000,0x000000588de00000)]
  0x00000161ea1fa000 JavaThread "Common-Cleaner" daemon [_thread_blocked, id=5200, stack(0x000000588de00000,0x000000588df00000)]
  0x00000161f577d000 JavaThread "JavaFX-Launcher" [_thread_blocked, id=8292, stack(0x000000588e000000,0x000000588e100000)]
  0x00000161f57b0000 JavaThread "QuantumRenderer-0" daemon [_thread_blocked, id=6304, stack(0x000000588e100000,0x000000588e200000)]
  0x00000161f5ea7000 JavaThread "InvokeLaterDispatcher" daemon [_thread_blocked, id=10108, stack(0x000000588e300000,0x000000588e400000)]
  0x00000161f6cb8000 JavaThread "JavaFX Application Thread" [_thread_blocked, id=11076, stack(0x000000588e400000,0x000000588e500000)]
  0x00000161f5afe000 JavaThread "Thread-2" daemon [_thread_blocked, id=2988, stack(0x000000588eb00000,0x000000588ec00000)]
  0x00000161f5937800 JavaThread "Java2D Disposer" daemon [_thread_blocked, id=13272, stack(0x000000588ec00000,0x000000588ed00000)]
  0x00000161fc6e5000 JavaThread "Timer-0" daemon [_thread_blocked, id=6652, stack(0x000000588ed00000,0x000000588ee00000)]
  0x00000161f7576800 JavaThread "oracle.jdbc.driver.BlockSource.ThreadedCachingBlockSource.BlockReleaser" daemon [_thread_blocked, id=6236, stack(0x000000588ee00000,0x000000588ef00000)]
  0x00000161fc9c0000 JavaThread "InterruptTimer" daemon [_thread_blocked, id=12836, stack(0x000000588ef00000,0x000000588f000000)]
  0x00000161f5a40800 JavaThread "Prism Font Disposer" daemon [_thread_blocked, id=8840, stack(0x000000588f100000,0x000000588f200000)]

Other Threads:
=>0x00000161e9e69000 VMThread "VM Thread" [stack: 0x000000588d400000,0x000000588d500000] [id=11972]
  0x00000161ea1fa800 WatcherThread [stack: 0x000000588df00000,0x000000588e000000] [id=7760]
  0x00000161c7d05000 GCTaskThread "GC Thread#0" [stack: 0x000000588c900000,0x000000588ca00000] [id=10028]
  0x00000161c7d06800 GCTaskThread "GC Thread#1" [stack: 0x000000588ca00000,0x000000588cb00000] [id=8736]
  0x00000161c7d10000 GCTaskThread "GC Thread#2" [stack: 0x000000588cb00000,0x000000588cc00000] [id=1352]
  0x00000161c7d0f000 GCTaskThread "GC Thread#3" [stack: 0x000000588cc00000,0x000000588cd00000] [id=12460]
  0x00000161c7d61000 ConcurrentGCThread "G1 Main Marker" [stack: 0x000000588cd00000,0x000000588ce00000] [id=4980]
  0x00000161c7d64000 ConcurrentGCThread "G1 Conc#0" [stack: 0x000000588ce00000,0x000000588cf00000] [id=8244]
  0x00000161c7db7000 ConcurrentGCThread "G1 Refine#0" [stack: 0x000000588cf00000,0x000000588d000000] [id=9340]
  0x00000161c7dba000 ConcurrentGCThread "G1 Refine#1" [stack: 0x000000588d000000,0x000000588d100000] [id=10900]
  0x00000161c7dba800 ConcurrentGCThread "G1 Refine#2" [stack: 0x000000588d100000,0x000000588d200000] [id=728]
  0x00000161c7dbb800 ConcurrentGCThread "G1 Refine#3" [stack: 0x000000588d200000,0x000000588d300000] [id=11876]
  0x00000161c7dbe800 ConcurrentGCThread "G1 Young RemSet Sampling" [stack: 0x000000588d300000,0x000000588d400000] [id=6704]

Threads with active compile tasks:
C2 CompilerThread12547 %     4       com.sun.javafx.iio.common.SmoothMinifier::putSourceScanline @ 286 (781 bytes)

VM state:at safepoint (normal execution)

VM Mutex/Monitor currently owned by a thread:  ([mutex/lock_event])
[0x00000161c7ceaa50] Threads_lock - owner thread: 0x00000161e9e69000
[0x00000161c7ceb6b0] Heap_lock - owner thread: 0x00000161f57b0000

Heap address: 0x00000000ac600000, size: 1338 MB, Compressed Oops mode: 32-bit
Narrow klass base: 0x0000000000000000, Narrow klass shift: 3
Compressed class space size: 1073741824 Address: 0x0000000100000000

Heap:
 garbage-first heap   total 103424K, used 16199K [0x00000000ac600000, 0x0000000100000000)
  region size 1024K, 2 young (2048K), 2 survivors (2048K)
 Metaspace       used 34644K, capacity 35581K, committed 36048K, reserved 1081344K
  class space    used 4431K, capacity 4891K, committed 4940K, reserved 1048576K
Heap Regions: E=young(eden), S=young(survivor), O=old, HS=humongous(starts), HC=humongous(continues), CS=collection set, F=free, A=archive, TS=gc time stamp, AC=allocation context, TAMS=top-at-mark-start (previous, next)
|   0|0x00000000ac600000, 0x00000000ac700000, 0x00000000ac700000|100%|HS|  |TS  0|AC  0|TAMS 0x00000000ac700000, 0x00000000ac700000|
|   1|0x00000000ac700000, 0x00000000ac800000, 0x00000000ac800000|100%|HC|  |TS  0|AC  0|TAMS 0x00000000ac800000, 0x00000000ac800000|
|   2|0x00000000ac800000, 0x00000000ac900000, 0x00000000ac900000|100%| O|  |TS  0|AC  0|TAMS 0x00000000ac900000, 0x00000000ac900000|
|   3|0x00000000ac900000, 0x00000000aca00000, 0x00000000aca00000|100%| O|  |TS  0|AC  0|TAMS 0x00000000aca00000, 0x00000000aca00000|
|   4|0x00000000aca00000, 0x00000000acb00000, 0x00000000acb00000|100%| O|  |TS  0|AC  0|TAMS 0x00000000acb00000, 0x00000000acb00000|
|   5|0x00000000acb00000, 0x00000000acc00000, 0x00000000acc00000|100%|HS|  |TS  0|AC  0|TAMS 0x00000000acc00000, 0x00000000acc00000|
|   6|0x00000000acc00000, 0x00000000acd00000, 0x00000000acd00000|100%|HC|  |TS  0|AC  0|TAMS 0x00000000acd00000, 0x00000000acd00000|
|   7|0x00000000acd00000, 0x00000000ace00000, 0x00000000ace00000|100%| O|  |TS  0|AC  0|TAMS 0x00000000ace00000, 0x00000000ace00000|
|   8|0x00000000ace00000, 0x00000000acf00000, 0x00000000acf00000|100%| O|  |TS  0|AC  0|TAMS 0x00000000acf00000, 0x00000000acf00000|
|   9|0x00000000acf00000, 0x00000000ad000000, 0x00000000ad000000|100%| O|  |TS  0|AC  0|TAMS 0x00000000ad000000, 0x00000000ad000000|
|  10|0x00000000ad000000, 0x00000000ad100000, 0x00000000ad100000|100%| O|  |TS  2|AC  0|TAMS 0x00000000ad0a8200, 0x00000000ad100000|
|  11|0x00000000ad100000, 0x00000000ad200000, 0x00000000ad200000|100%| O|  |TS  2|AC  0|TAMS 0x00000000ad100000, 0x00000000ad200000|
|  12|0x00000000ad200000, 0x00000000ad300000, 0x00000000ad300000|100%| O|  |TS  2|AC  0|TAMS 0x00000000ad200000, 0x00000000ad300000|
|  13|0x00000000ad300000, 0x00000000ad400000, 0x00000000ad400000|100%| O|  |TS  2|AC  0|TAMS 0x00000000ad300000, 0x00000000ad400000|
|  14|0x00000000ad400000, 0x00000000ad4ac200, 0x00000000ad500000| 67%| O|  |TS  2|AC  0|TAMS 0x00000000ad400000, 0x00000000ad4ac200|
|  15|0x00000000ad500000, 0x00000000ad500000, 0x00000000ad600000|  0%| F|  |TS  0|AC  0|TAMS 0x00000000ad500000, 0x00000000ad500000|
|  16|0x00000000ad600000, 0x00000000ad600000, 0x00000000ad700000|  0%| F|  |TS  0|AC  0|TAMS 0x00000000ad600000, 0x00000000ad600000|
|  17|0x00000000ad700000, 0x00000000ad700000, 0x00000000ad800000|  0%| F|  |TS  0|AC  0|TAMS 0x00000000ad700000, 0x00000000ad700000|
|  18|0x00000000ad800000, 0x00000000ad800000, 0x00000000ad900000|  0%| F|  |TS  0|AC  0|TAMS 0x00000000ad800000, 0x00000000ad800000|
|  19|0x00000000ad900000, 0x00000000ad900000, 0x00000000ada00000|  0%| F|  |TS  0|AC  0|TAMS 0x00000000ad900000, 0x00000000ad900000|
|  20|0x00000000ada00000, 0x00000000ada00000, 0x00000000adb00000|  0%| F|  |TS  0|AC  0|TAMS 0x00000000ada00000, 0x00000000ada00000|
|  21|0x00000000adb00000, 0x00000000adb00000, 0x00000000adc00000|  0%| F|  |TS  0|AC  0|TAMS 0x00000000adb00000, 0x00000000adb00000|
|  22|0x00000000adc00000, 0x00000000adc00000, 0x00000000add00000|  0%| F|  |TS  0|AC  0|TAMS 0x00000000adc00000, 0x00000000adc00000|
|  23|0x00000000add00000, 0x00000000add00000, 0x00000000ade00000|  0%| F|  |TS  0|AC  0|TAMS 0x00000000add00000, 0x00000000add00000|
|  24|0x00000000ade00000, 0x00000000ade00000, 0x00000000adf00000|  0%| F|  |TS  0|AC  0|TAMS 0x00000000ade00000, 0x00000000ade00000|
|  25|0x00000000adf00000, 0x00000000adf00000, 0x00000000ae000000|  0%| F|  |TS  0|AC  0|TAMS 0x00000000adf00000, 0x00000000adf00000|
|  26|0x00000000ae000000, 0x00000000ae000000, 0x00000000ae100000|  0%| F|  |TS  0|AC  0|TAMS 0x00000000ae000000, 0x00000000ae000000|
|  27|0x00000000ae100000, 0x00000000ae100000, 0x00000000ae200000|  0%| F|  |TS  0|AC  0|TAMS 0x00000000ae100000, 0x00000000ae100000|
|  28|0x00000000ae200000, 0x00000000ae200000, 0x00000000ae300000|  0%| F|  |TS  0|AC  0|TAMS 0x00000000ae200000, 0x00000000ae200000|
|  29|0x00000000ae300000, 0x00000000ae300000, 0x00000000ae400000|  0%| F|  |TS  0|AC  0|TAMS 0x00000000ae300000, 0x00000000ae300000|
|  30|0x00000000ae400000, 0x00000000ae400000, 0x00000000ae500000|  0%| F|  |TS  0|AC  0|TAMS 0x00000000ae400000, 0x00000000ae400000|
|  31|0x00000000ae500000, 0x00000000ae500000, 0x00000000ae600000|  0%| F|  |TS  0|AC  0|TAMS 0x00000000ae500000, 0x00000000ae500000|
|  32|0x00000000ae600000, 0x00000000ae600000, 0x00000000ae700000|  0%| F|  |TS  0|AC  0|TAMS 0x00000000ae600000, 0x00000000ae600000|
|  33|0x00000000ae700000, 0x00000000ae700000, 0x00000000ae800000|  0%| F|  |TS  0|AC  0|TAMS 0x00000000ae700000, 0x00000000ae700000|
|  34|0x00000000ae800000, 0x00000000ae800000, 0x00000000ae900000|  0%| F|  |TS  0|AC  0|TAMS 0x00000000ae800000, 0x00000000ae800000|
|  35|0x00000000ae900000, 0x00000000ae900000, 0x00000000aea00000|  0%| F|  |TS  0|AC  0|TAMS 0x00000000ae900000, 0x00000000ae900000|
|  36|0x00000000aea00000, 0x00000000aea00000, 0x00000000aeb00000|  0%| F|  |TS  0|AC  0|TAMS 0x00000000aea00000, 0x00000000aea00000|
|  37|0x00000000aeb00000, 0x00000000aeb00000, 0x00000000aec00000|  0%| F|  |TS  0|AC  0|TAMS 0x00000000aeb00000, 0x00000000aeb00000|
|  38|0x00000000aec00000, 0x00000000aec00000, 0x00000000aed00000|  0%| F|  |TS  0|AC  0|TAMS 0x00000000aec00000, 0x00000000aec00000|
|  39|0x00000000aed00000, 0x00000000aed00000, 0x00000000aee00000|  0%| F|  |TS  0|AC  0|TAMS 0x00000000aed00000, 0x00000000aed00000|
|  40|0x00000000aee00000, 0x00000000aee00000, 0x00000000aef00000|  0%| F|  |TS  0|AC  0|TAMS 0x00000000aee00000, 0x00000000aee00000|
|  41|0x00000000aef00000, 0x00000000aef00000, 0x00000000af000000|  0%| F|  |TS  0|AC  0|TAMS 0x00000000aef00000, 0x00000000aef00000|
|  42|0x00000000af000000, 0x00000000af000000, 0x00000000af100000|  0%| F|  |TS  0|AC  0|TAMS 0x00000000af000000, 0x00000000af000000|
|  43|0x00000000af100000, 0x00000000af100000, 0x00000000af200000|  0%| F|  |TS  0|AC  0|TAMS 0x00000000af100000, 0x00000000af100000|
|  44|0x00000000af200000, 0x00000000af200000, 0x00000000af300000|  0%| F|  |TS  0|AC  0|TAMS 0x00000000af200000, 0x00000000af200000|
|  45|0x00000000af300000, 0x00000000af300000, 0x00000000af400000|  0%| F|  |TS  0|AC  0|TAMS 0x00000000af300000, 0x00000000af300000|
|  46|0x00000000af400000, 0x00000000af400000, 0x00000000af500000|  0%| F|  |TS  0|AC  0|TAMS 0x00000000af400000, 0x00000000af400000|
|  47|0x00000000af500000, 0x00000000af500000, 0x00000000af600000|  0%| F|  |TS  0|AC  0|TAMS 0x00000000af500000, 0x00000000af500000|
|  48|0x00000000af600000, 0x00000000af600000, 0x00000000af700000|  0%| F|  |TS  0|AC  0|TAMS 0x00000000af600000, 0x00000000af600000|
|  49|0x00000000af700000, 0x00000000af700000, 0x00000000af800000|  0%| F|  |TS  0|AC  0|TAMS 0x00000000af700000, 0x00000000af700000|
|  50|0x00000000af800000, 0x00000000af800000, 0x00000000af900000|  0%| F|  |TS  0|AC  0|TAMS 0x00000000af800000, 0x00000000af800000|
|  51|0x00000000af900000, 0x00000000af900000, 0x00000000afa00000|  0%| F|  |TS  0|AC  0|TAMS 0x00000000af900000, 0x00000000af900000|
|  52|0x00000000afa00000, 0x00000000afa00000, 0x00000000afb00000|  0%| F|  |TS  0|AC  0|TAMS 0x00000000afa00000, 0x00000000afa00000|
|  53|0x00000000afb00000, 0x00000000afb00000, 0x00000000afc00000|  0%| F|  |TS  0|AC  0|TAMS 0x00000000afb00000, 0x00000000afb00000|
|  54|0x00000000afc00000, 0x00000000afc00000, 0x00000000afd00000|  0%| F|  |TS  0|AC  0|TAMS 0x00000000afc00000, 0x00000000afc00000|
|  55|0x00000000afd00000, 0x00000000afd00000, 0x00000000afe00000|  0%| F|  |TS  2|AC  0|TAMS 0x00000000afd00000, 0x00000000afd00000|
|  56|0x00000000afe00000, 0x00000000afe00000, 0x00000000aff00000|  0%| F|  |TS  2|AC  0|TAMS 0x00000000afe00000, 0x00000000afe00000|
|  57|0x00000000aff00000, 0x00000000aff00000, 0x00000000b0000000|  0%| F|  |TS  2|AC  0|TAMS 0x00000000aff00000, 0x00000000aff00000|
|  58|0x00000000b0000000, 0x00000000b0000000, 0x00000000b0100000|  0%| F|  |TS  2|AC  0|TAMS 0x00000000b0000000, 0x00000000b0000000|
|  59|0x00000000b0100000, 0x00000000b0100000, 0x00000000b0200000|  0%| F|  |TS  1|AC  0|TAMS 0x00000000b0100000, 0x00000000b0100000|
|  60|0x00000000b0200000, 0x00000000b0200000, 0x00000000b0300000|  0%| F|  |TS  1|AC  0|TAMS 0x00000000b0200000, 0x00000000b0200000|
|  61|0x00000000b0300000, 0x00000000b0300000, 0x00000000b0400000|  0%| F|  |TS  1|AC  0|TAMS 0x00000000b0300000, 0x00000000b0300000|
|  62|0x00000000b0400000, 0x00000000b0400000, 0x00000000b0500000|  0%| F|  |TS  1|AC  0|TAMS 0x00000000b0400000, 0x00000000b0400000|
|  63|0x00000000b0500000, 0x00000000b0500000, 0x00000000b0600000|  0%| F|  |TS  1|AC  0|TAMS 0x00000000b0500000, 0x00000000b0500000|
|  64|0x00000000b0600000, 0x00000000b0600000, 0x00000000b0700000|  0%| F|  |TS  1|AC  0|TAMS 0x00000000b0600000, 0x00000000b0600000|
|  65|0x00000000b0700000, 0x00000000b0700000, 0x00000000b0800000|  0%| F|  |TS  1|AC  0|TAMS 0x00000000b0700000, 0x00000000b0700000|
|  66|0x00000000b0800000, 0x00000000b0800000, 0x00000000b0900000|  0%| F|  |TS  1|AC  0|TAMS 0x00000000b0800000, 0x00000000b0800000|
|  67|0x00000000b0900000, 0x00000000b0900000, 0x00000000b0a00000|  0%| F|  |TS  1|AC  0|TAMS 0x00000000b0900000, 0x00000000b0900000|
|  68|0x00000000b0a00000, 0x00000000b0a00000, 0x00000000b0b00000|  0%| F|  |TS  1|AC  0|TAMS 0x00000000b0a00000, 0x00000000b0a00000|
|  69|0x00000000b0b00000, 0x00000000b0b00000, 0x00000000b0c00000|  0%| F|  |TS  1|AC  0|TAMS 0x00000000b0b00000, 0x00000000b0b00000|
|  70|0x00000000b0c00000, 0x00000000b0c00000, 0x00000000b0d00000|  0%| F|  |TS  1|AC  0|TAMS 0x00000000b0c00000, 0x00000000b0c00000|
|  71|0x00000000b0d00000, 0x00000000b0d00000, 0x00000000b0e00000|  0%| F|  |TS  1|AC  0|TAMS 0x00000000b0d00000, 0x00000000b0d00000|
|  72|0x00000000b0e00000, 0x00000000b0e00000, 0x00000000b0f00000|  0%| F|  |TS  1|AC  0|TAMS 0x00000000b0e00000, 0x00000000b0e00000|
|  73|0x00000000b0f00000, 0x00000000b0f00000, 0x00000000b1000000|  0%| F|  |TS  1|AC  0|TAMS 0x00000000b0f00000, 0x00000000b0f00000|
|  74|0x00000000b1000000, 0x00000000b1000000, 0x00000000b1100000|  0%| F|  |TS  1|AC  0|TAMS 0x00000000b1000000, 0x00000000b1000000|
|  75|0x00000000b1100000, 0x00000000b1100000, 0x00000000b1200000|  0%| F|  |TS  1|AC  0|TAMS 0x00000000b1100000, 0x00000000b1100000|
|  76|0x00000000b1200000, 0x00000000b1225c78, 0x00000000b1300000| 14%| S|CS|TS  2|AC  0|TAMS 0x00000000b1200000, 0x00000000b1200000|
|  77|0x00000000b1300000, 0x00000000b1400000, 0x00000000b1400000|100%| S|CS|TS  2|AC  0|TAMS 0x00000000b1300000, 0x00000000b1300000|
|  78|0x00000000b1400000, 0x00000000b1400000, 0x00000000b1500000|  0%| F|  |TS  2|AC  0|TAMS 0x00000000b1400000, 0x00000000b1400000|
|  79|0x00000000b1500000, 0x00000000b1500000, 0x00000000b1600000|  0%| F|  |TS  2|AC  0|TAMS 0x00000000b1500000, 0x00000000b1500000|
|  80|0x00000000b1600000, 0x00000000b1600000, 0x00000000b1700000|  0%| F|  |TS  2|AC  0|TAMS 0x00000000b1600000, 0x00000000b1600000|
|  81|0x00000000b1700000, 0x00000000b1700000, 0x00000000b1800000|  0%| F|  |TS  2|AC  0|TAMS 0x00000000b1700000, 0x00000000b1700000|
|  82|0x00000000b1800000, 0x00000000b1800000, 0x00000000b1900000|  0%| F|  |TS  2|AC  0|TAMS 0x00000000b1800000, 0x00000000b1800000|
|  83|0x00000000b1900000, 0x00000000b1900000, 0x00000000b1a00000|  0%| F|  |TS  2|AC  0|TAMS 0x00000000b1900000, 0x00000000b1900000|

Card table byte_map: [0x00000161e4150000,0x00000161e43f0000] byte_map_base: 0x00000161e3bed000

Marking Bits (Prev, Next): (CMBitMap*) 0x00000161c7d60098, (CMBitMap*) 0x00000161c7d60060
 Prev Bits: [0x00000161e5b80000, 0x00000161e7068000)
 Next Bits: [0x00000161e4690000, 0x00000161e5b78000)

Polling page: 0x00000161c7cb0000

CodeHeap 'non-profiled nmethods': size=120064Kb used=1129Kb max_used=1129Kb free=118934Kb
 bounds [0x00000161dc350000, 0x00000161dc5c0000, 0x00000161e3890000]
CodeHeap 'profiled nmethods': size=120000Kb used=5226Kb max_used=5226Kb free=114773Kb
 bounds [0x00000161d4e20000, 0x00000161d5340000, 0x00000161dc350000]
CodeHeap 'non-nmethods': size=5696Kb used=1378Kb max_used=1413Kb free=4317Kb
 bounds [0x00000161d4890000, 0x00000161d4b00000, 0x00000161d4e20000]
 total_blobs=3976 nmethods=2618 adapters=735
 compilation: enabled

Compilation events (10 events):
Event: 4.887 Thread 0x00000161e9eeb000 nmethod 2620 0x00000161d5339d90 code [0x00000161d5339f60, 0x00000161d533a290]
Event: 4.887 Thread 0x00000161e9eeb000 2621       1       com.sun.javafx.sg.prism.NGNode::hasVisuals (2 bytes)
Event: 4.887 Thread 0x00000161e9eeb000 nmethod 2621 0x00000161dc469690 code [0x00000161dc469840, 0x00000161dc469958]
Event: 4.888 Thread 0x00000161e9eeb000 2622       1       java.util.concurrent.locks.AbstractOwnableSynchronizer::getExclusiveOwnerThread (5 bytes)
Event: 4.888 Thread 0x00000161e9eeb000 nmethod 2622 0x00000161dc469a10 code [0x00000161dc469bc0, 0x00000161dc469cd8]
Event: 4.888 Thread 0x00000161e9ed9000 nmethod 2486 0x00000161dc469d90 code [0x00000161dc469f40, 0x00000161dc46a0d8]
Event: 4.888 Thread 0x00000161e9eeb000 2623       1       java.util.concurrent.locks.AbstractOwnableSynchronizer::setExclusiveOwnerThread (6 bytes)
Event: 4.888 Thread 0x00000161e9eeb000 nmethod 2623 0x00000161dc46a290 code [0x00000161dc46a440, 0x00000161dc46a598]
Event: 4.889 Thread 0x00000161e9eeb000 2624       3       java.util.concurrent.ConcurrentHashMap::sumCount (48 bytes)
Event: 4.890 Thread 0x00000161e9eeb000 nmethod 2624 0x00000161d533a410 code [0x00000161d533a5e0, 0x00000161d533a898]

GC Heap History (9 events):
Event: 1.752 GC heap before
{Heap before GC invocations=0 (full 0):
 garbage-first heap   total 86016K, used 16384K [0x00000000ac600000, 0x0000000100000000)
  region size 1024K, 14 young (14336K), 0 survivors (0K)
 Metaspace       used 15905K, capacity 16340K, committed 16640K, reserved 1064960K
  class space    used 1780K, capacity 1985K, committed 2048K, reserved 1048576K
}
Event: 1.768 GC heap after
{Heap after GC invocations=1 (full 0):
 garbage-first heap   total 86016K, used 6244K [0x00000000ac600000, 0x0000000100000000)
  region size 1024K, 2 young (2048K), 2 survivors (2048K)
 Metaspace       used 15905K, capacity 16340K, committed 16640K, reserved 1064960K
  class space    used 1780K, capacity 1985K, committed 2048K, reserved 1048576K
}
Event: 2.155 GC heap before
{Heap before GC invocations=1 (full 0):
 garbage-first heap   total 86016K, used 15460K [0x00000000ac600000, 0x0000000100000000)
  region size 1024K, 9 young (9216K), 2 survivors (2048K)
 Metaspace       used 17663K, capacity 18150K, committed 18432K, reserved 1064960K
  class space    used 2052K, capacity 2291K, committed 2304K, reserved 1048576K
}
Event: 2.168 GC heap after
{Heap after GC invocations=2 (full 0):
 garbage-first heap   total 86016K, used 10803K [0x00000000ac600000, 0x0000000100000000)
  region size 1024K, 2 young (2048K), 2 survivors (2048K)
 Metaspace       used 17663K, capacity 18150K, committed 18432K, reserved 1064960K
  class space    used 2052K, capacity 2291K, committed 2304K, reserved 1048576K
}
Event: 2.576 GC heap before
{Heap before GC invocations=2 (full 0):
 garbage-first heap   total 86016K, used 15923K [0x00000000ac600000, 0x0000000100000000)
  region size 1024K, 8 young (8192K), 2 survivors (2048K)
 Metaspace       used 20584K, capacity 21127K, committed 21296K, reserved 1069056K
  class space    used 2410K, capacity 2665K, committed 2688K, reserved 1048576K
}
Event: 2.585 GC heap after
{Heap after GC invocations=3 (full 0):
 garbage-first heap   total 86016K, used 12644K [0x00000000ac600000, 0x0000000100000000)
  region size 1024K, 2 young (2048K), 2 survivors (2048K)
 Metaspace       used 20584K, capacity 21127K, committed 21296K, reserved 1069056K
  class space    used 2410K, capacity 2665K, committed 2688K, reserved 1048576K
}
Event: 4.531 GC heap before
{Heap before GC invocations=4 (full 0):
 garbage-first heap   total 86016K, used 36196K [0x00000000ac600000, 0x0000000100000000)
  region size 1024K, 25 young (25600K), 2 survivors (2048K)
 Metaspace       used 32760K, capacity 33656K, committed 34252K, reserved 1079296K
  class space    used 4125K, capacity 4545K, committed 4556K, reserved 1048576K
}
Event: 4.546 GC heap after
{Heap after GC invocations=5 (full 0):
 garbage-first heap   total 86016K, used 15085K [0x00000000ac600000, 0x0000000100000000)
  region size 1024K, 4 young (4096K), 4 survivors (4096K)
 Metaspace       used 32760K, capacity 33656K, committed 34252K, reserved 1079296K
  class space    used 4125K, capacity 4545K, committed 4556K, reserved 1048576K
}
Event: 4.899 GC heap before
{Heap before GC invocations=5 (full 0):
 garbage-first heap   total 86016K, used 20205K [0x00000000ac600000, 0x0000000100000000)
  region size 1024K, 10 young (10240K), 4 survivors (4096K)
 Metaspace       used 34644K, capacity 35581K, committed 36048K, reserved 1081344K
  class space    used 4431K, capacity 4891K, committed 4940K, reserved 1048576K
}

Deoptimization events (10 events):
Event: 4.006 Thread 0x00000161f6cb8000 Uncommon trap: reason=unstable_if action=reinterpret pc=0x00000161dc39832c method=java.util.HashMap.hash(Ljava/lang/Object;)I @ 1 c2
Event: 4.145 Thread 0x00000161f6cb8000 Uncommon trap: reason=unstable_if action=reinterpret pc=0x00000161dc3bd9b0 method=java.util.HashMap.hash(Ljava/lang/Object;)I @ 1 c2
Event: 4.171 Thread 0x00000161f6cb8000 Uncommon trap: reason=unstable_if action=reinterpret pc=0x00000161dc40f534 method=java.util.Properties$LineReader.readLine()I @ 494 c2
Event: 4.275 Thread 0x00000161f6cb8000 Uncommon trap: reason=class_check action=maybe_recompile pc=0x00000161dc366ccc method=java.lang.String.equals(Ljava/lang/Object;)Z @ 8 c2
Event: 4.275 Thread 0x00000161f6cb8000 Uncommon trap: reason=class_check action=maybe_recompile pc=0x00000161dc366ccc method=java.lang.String.equals(Ljava/lang/Object;)Z @ 8 c2
Event: 4.275 Thread 0x00000161f6cb8000 Uncommon trap: reason=class_check action=maybe_recompile pc=0x00000161dc366ccc method=java.lang.String.equals(Ljava/lang/Object;)Z @ 8 c2
Event: 4.277 Thread 0x00000161f6cb8000 Uncommon trap: reason=class_check action=maybe_recompile pc=0x00000161dc366ccc method=java.lang.String.equals(Ljava/lang/Object;)Z @ 8 c2
Event: 4.427 Thread 0x00000161f6cb8000 Uncommon trap: reason=unstable_if action=reinterpret pc=0x00000161dc423ff4 method=java.lang.ClassLoader.checkName(Ljava/lang/String;)Z @ 20 c2
Event: 4.627 Thread 0x00000161f6cb8000 Uncommon trap: reason=unstable_if action=reinterpret pc=0x00000161dc42e0bc method=java.net.URL.<init>(Ljava/net/URL;Ljava/lang/String;Ljava/net/URLStreamHandler;)V @ 347 c2
Event: 4.847 Thread 0x00000161f6cb8000 Uncommon trap: reason=unstable_if action=reinterpret pc=0x00000161dc44c724 method=javafx.css.SimpleSelector.stateMatches(Ljavafx/css/Styleable;Ljava/util/Set;)Z @ 1 c2

Classes redefined (0 events):
No events

Internal exceptions (10 events):
Event: 4.145 Thread 0x00000161f6cb8000 Implicit null exception at 0x00000161dc3bd7f5 to 0x00000161dc3bd99e
Event: 4.210 Thread 0x00000161f6cb8000 Exception <a 'java/lang/NoSuchMethodError'{0x00000000b05df498}: method resolution failed> (0x00000000b05df498) thrown at [t:/workspace/open/src/hotspot/share/prims/methodHandles.cpp, line 1226]
Event: 4.302 Thread 0x00000161f6cb8000 Exception <a 'java/lang/IncompatibleClassChangeError'{0x00000000b047d920}: Found class java.lang.Object, but interface was expected> (0x00000000b047d920) thrown at [t:/workspace/open/src/hotspot/share/interpreter/linkResolver.cpp, line 807]
Event: 4.417 Thread 0x00000161f6cb8000 Exception <a 'java/lang/NoSuchMethodError'{0x00000000b0222a48}: java.lang.Object.lambda$andThen$0(Ljava/util/function/Consumer;Ljava/lang/Object;)V> (0x00000000b0222a48) thrown at [t:/workspace/open/src/hotspot/share/interpreter/linkResolver.cpp, line 741
Event: 4.428 Thread 0x00000161f6cb8000 Exception <a 'java/lang/ClassNotFoundException'{0x00000000b023adf8}: com/sun/javafx/scene/control/skin/resources/controls> (0x00000000b023adf8) thrown at [t:/workspace/open/src/hotspot/share/prims/jni.cpp, line 632]
Event: 4.430 Thread 0x00000161f6cb8000 Exception <a 'java/lang/ClassNotFoundException'{0x00000000b0248e58}: com/sun/javafx/scene/control/skin/resources/controls_fr> (0x00000000b0248e58) thrown at [t:/workspace/open/src/hotspot/share/prims/jni.cpp, line 632]
Event: 4.432 Thread 0x00000161f6cb8000 Exception <a 'java/lang/ClassNotFoundException'{0x00000000b02571c8}: com/sun/javafx/scene/control/skin/resources/controls_fr_FR> (0x00000000b02571c8) thrown at [t:/workspace/open/src/hotspot/share/prims/jni.cpp, line 632]
Event: 4.704 Thread 0x00000161f6cb8000 Exception <a 'java/lang/NoSuchMethodError'{0x00000000b17649b8}: java.lang.invoke.DirectMethodHandle$Holder.invokeSpecial(Ljava/lang/Object;Ljava/lang/Object;Ljava/lang/Object;Ljava/lang/Object;Ljava/lang/Object;Ljava/lang/Object;)V> (0x00000000b17649b8) t
Event: 4.847 Thread 0x00000161f6cb8000 Implicit null exception at 0x00000161dc44be48 to 0x00000161dc44c6fa
Event: 4.892 Thread 0x00000161f57b0000 Exception <a 'java/lang/NoSuchMethodError'{0x00000000b1403da0}: java.lang.invoke.DirectMethodHandle$Holder.invokeStaticInit(Ljava/lang/Object;Ljava/lang/Object;)I> (0x00000000b1403da0) thrown at [t:/workspace/open/src/hotspot/share/interpreter/linkResolve

Events (10 events):
Event: 4.894 loading class com/sun/prism/impl/BaseResourcePool$Predicate done
Event: 4.894 loading class com/sun/prism/impl/ManagedResource
Event: 4.894 loading class com/sun/prism/impl/ManagedResource done
Event: 4.894 loading class com/sun/prism/impl/BaseResourcePool$Predicate
Event: 4.894 loading class com/sun/prism/impl/BaseResourcePool$Predicate done
Event: 4.894 loading class com/sun/prism/impl/ManagedResource
Event: 4.894 loading class com/sun/prism/impl/ManagedResource done
Event: 4.894 loading class com/sun/prism/impl/BaseResourcePool$Predicate
Event: 4.894 loading class com/sun/prism/impl/BaseResourcePool$Predicate done
Event: 4.899 Executing VM operation: CollectForMetadataAllocation


Dynamic libraries:
0x00007ff767af0000 - 0x00007ff767b2e000 	C:\DEV\java\jdk\jdk10\bin\javaw.exe
0x00007ff9bfdc0000 - 0x00007ff9bffa1000 	C:\WINDOWS\SYSTEM32\ntdll.dll
0x00007ff9bf0e0000 - 0x00007ff9bf191000 	C:\WINDOWS\System32\KERNEL32.DLL
0x00007ff9bcce0000 - 0x00007ff9bcf53000 	C:\WINDOWS\System32\KERNELBASE.dll
0x00007ff9bd8e0000 - 0x00007ff9bd981000 	C:\WINDOWS\System32\ADVAPI32.dll
0x00007ff9beec0000 - 0x00007ff9bef5e000 	C:\WINDOWS\System32\msvcrt.dll
0x00007ff9bf280000 - 0x00007ff9bf2db000 	C:\WINDOWS\System32\sechost.dll
0x00007ff9bf310000 - 0x00007ff9bf434000 	C:\WINDOWS\System32\RPCRT4.dll
0x00007ff9bfc00000 - 0x00007ff9bfd90000 	C:\WINDOWS\System32\USER32.dll
0x00007ff9bd230000 - 0x00007ff9bd250000 	C:\WINDOWS\System32\win32u.dll
0x00007ff9bf2e0000 - 0x00007ff9bf308000 	C:\WINDOWS\System32\GDI32.dll
0x00007ff9bd090000 - 0x00007ff9bd222000 	C:\WINDOWS\System32\gdi32full.dll
0x00007ff9bcb90000 - 0x00007ff9bcc2f000 	C:\WINDOWS\System32\msvcp_win.dll
0x00007ff9bc190000 - 0x00007ff9bc288000 	C:\WINDOWS\System32\ucrtbase.dll
0x00007ff9b5c40000 - 0x00007ff9b5c4a000 	C:\WINDOWS\SYSTEM32\VERSION.dll
0x00007ff9aae60000 - 0x00007ff9ab0c9000 	C:\WINDOWS\WinSxS\amd64_microsoft.windows.common-controls_6595b64144ccf1df_6.0.17134.765_none_fb42a1a930655896\COMCTL32.dll
0x00007ff9bf600000 - 0x00007ff9bf922000 	C:\WINDOWS\System32\combase.dll
0x00007ff9bd010000 - 0x00007ff9bd08a000 	C:\WINDOWS\System32\bcryptPrimitives.dll
0x00007ff9bfbc0000 - 0x00007ff9bfbed000 	C:\WINDOWS\System32\IMM32.DLL
0x00007ff9a7bc0000 - 0x00007ff9a7caf000 	C:\DEV\java\jdk\jdk10\bin\msvcr120.dll
0x00007ff9a7b10000 - 0x00007ff9a7bb6000 	C:\DEV\java\jdk\jdk10\bin\msvcp120.dll
0x00000000714c0000 - 0x0000000071f30000 	C:\DEV\java\jdk\jdk10\bin\server\jvm.dll
0x00007ff9bfbf0000 - 0x00007ff9bfbf8000 	C:\WINDOWS\System32\PSAPI.DLL
0x00007ff9b8ff0000 - 0x00007ff9b9013000 	C:\WINDOWS\SYSTEM32\WINMM.dll
0x00007ff998980000 - 0x00007ff998989000 	C:\WINDOWS\SYSTEM32\WSOCK32.dll
0x00007ff9bf1a0000 - 0x00007ff9bf20c000 	C:\WINDOWS\System32\WS2_32.dll
0x00007ff9b8fc0000 - 0x00007ff9b8fea000 	C:\WINDOWS\SYSTEM32\WINMMBASE.dll
0x00007ff9bcfc0000 - 0x00007ff9bd009000 	C:\WINDOWS\System32\cfgmgr32.dll
0x00007ff992ea0000 - 0x00007ff992eaf000 	C:\DEV\java\jdk\jdk10\bin\verify.dll
0x00007ff9abfb0000 - 0x00007ff9ac179000 	C:\WINDOWS\SYSTEM32\DBGHELP.DLL
0x00007ff9abd10000 - 0x00007ff9abd39000 	C:\WINDOWS\SYSTEM32\dbgcore.DLL
0x00007ff990960000 - 0x00007ff990987000 	C:\DEV\java\jdk\jdk10\bin\java.dll
0x00007ff992e80000 - 0x00007ff992e96000 	C:\DEV\java\jdk\jdk10\bin\zip.dll
0x00007ff990950000 - 0x00007ff99095a000 	C:\DEV\java\jdk\jdk10\bin\jimage.dll
0x00007ff9bda60000 - 0x00007ff9beea0000 	C:\WINDOWS\System32\SHELL32.dll
0x00007ff9bd340000 - 0x00007ff9bd3e9000 	C:\WINDOWS\System32\shcore.dll
0x00007ff9bc480000 - 0x00007ff9bcb8d000 	C:\WINDOWS\System32\windows.storage.dll
0x00007ff9bf5a0000 - 0x00007ff9bf5f1000 	C:\WINDOWS\System32\shlwapi.dll
0x00007ff9bc160000 - 0x00007ff9bc171000 	C:\WINDOWS\System32\kernel.appcore.dll
0x00007ff9bc0d0000 - 0x00007ff9bc0ef000 	C:\WINDOWS\System32\profapi.dll
0x00007ff9bc0f0000 - 0x00007ff9bc13c000 	C:\WINDOWS\System32\powrprof.dll
0x00007ff9bc180000 - 0x00007ff9bc18a000 	C:\WINDOWS\System32\FLTLIB.DLL
0x00007ff98fed0000 - 0x00007ff98feea000 	C:\dev\Java\jdk\jdk10\bin\net.dll
0x00007ff9b5f90000 - 0x00007ff9b606d000 	C:\WINDOWS\SYSTEM32\WINHTTP.dll
0x00007ff9bb8f0000 - 0x00007ff9bb956000 	C:\WINDOWS\system32\mswsock.dll
0x00007ff98feb0000 - 0x00007ff98fec1000 	C:\dev\Java\jdk\jdk10\bin\nio.dll
0x00000161c7e10000 - 0x00000161c7e13000 	C:\dev\Java\jdk\jdk10\bin\api-ms-win-core-console-l1-1-0.dll
0x00000161c7e20000 - 0x00000161c7e23000 	C:\dev\Java\jdk\jdk10\bin\api-ms-win-core-datetime-l1-1-0.dll
0x00000161f5ee0000 - 0x00000161f5ee3000 	C:\dev\Java\jdk\jdk10\bin\api-ms-win-core-debug-l1-1-0.dll
0x00000161f5ef0000 - 0x00000161f5ef3000 	C:\dev\Java\jdk\jdk10\bin\api-ms-win-core-errorhandling-l1-1-0.dll
0x00000161f5f00000 - 0x00000161f5f04000 	C:\dev\Java\jdk\jdk10\bin\api-ms-win-core-file-l1-1-0.dll
0x00000161f5f10000 - 0x00000161f5f13000 	C:\dev\Java\jdk\jdk10\bin\api-ms-win-core-file-l1-2-0.dll
0x00000161f5f20000 - 0x00000161f5f23000 	C:\dev\Java\jdk\jdk10\bin\api-ms-win-core-file-l2-1-0.dll
0x00000161f5f30000 - 0x00000161f5f33000 	C:\dev\Java\jdk\jdk10\bin\api-ms-win-core-handle-l1-1-0.dll
0x00000161f5f40000 - 0x00000161f5f43000 	C:\dev\Java\jdk\jdk10\bin\api-ms-win-core-heap-l1-1-0.dll
0x00000161f5f50000 - 0x00000161f5f53000 	C:\dev\Java\jdk\jdk10\bin\api-ms-win-core-interlocked-l1-1-0.dll
0x00000161f5f60000 - 0x00000161f5f63000 	C:\dev\Java\jdk\jdk10\bin\api-ms-win-core-libraryloader-l1-1-0.dll
0x00000161f5f70000 - 0x00000161f5f73000 	C:\dev\Java\jdk\jdk10\bin\api-ms-win-core-localization-l1-2-0.dll
0x00000161f5f80000 - 0x00000161f5f83000 	C:\dev\Java\jdk\jdk10\bin\api-ms-win-core-memory-l1-1-0.dll
0x00000161f5f90000 - 0x00000161f5f93000 	C:\dev\Java\jdk\jdk10\bin\api-ms-win-core-namedpipe-l1-1-0.dll
0x00000161f5fa0000 - 0x00000161f5fa3000 	C:\dev\Java\jdk\jdk10\bin\api-ms-win-core-processenvironment-l1-1-0.dll
0x00000161f5fb0000 - 0x00000161f5fb3000 	C:\dev\Java\jdk\jdk10\bin\api-ms-win-core-processthreads-l1-1-0.dll
0x00000161f5fc0000 - 0x00000161f5fc3000 	C:\dev\Java\jdk\jdk10\bin\api-ms-win-core-processthreads-l1-1-1.dll
0x00000161f5fd0000 - 0x00000161f5fd3000 	C:\dev\Java\jdk\jdk10\bin\api-ms-win-core-profile-l1-1-0.dll
0x00000161f5fe0000 - 0x00000161f5fe3000 	C:\dev\Java\jdk\jdk10\bin\api-ms-win-core-rtlsupport-l1-1-0.dll
0x00000161f5ff0000 - 0x00000161f5ff3000 	C:\dev\Java\jdk\jdk10\bin\api-ms-win-core-string-l1-1-0.dll
0x00000161f6000000 - 0x00000161f6003000 	C:\dev\Java\jdk\jdk10\bin\api-ms-win-core-synch-l1-1-0.dll
0x00000161f6010000 - 0x00000161f6013000 	C:\dev\Java\jdk\jdk10\bin\api-ms-win-core-synch-l1-2-0.dll
0x00000161f6020000 - 0x00000161f6023000 	C:\dev\Java\jdk\jdk10\bin\api-ms-win-core-sysinfo-l1-1-0.dll
0x00000161f6030000 - 0x00000161f6033000 	C:\dev\Java\jdk\jdk10\bin\api-ms-win-core-timezone-l1-1-0.dll
0x00000161f6040000 - 0x00000161f6043000 	C:\dev\Java\jdk\jdk10\bin\api-ms-win-core-util-l1-1-0.dll
0x00000161f6050000 - 0x00000161f6053000 	C:\dev\Java\jdk\jdk10\bin\api-ms-win-crt-conio-l1-1-0.dll
0x00000161f6060000 - 0x00000161f6064000 	C:\dev\Java\jdk\jdk10\bin\api-ms-win-crt-convert-l1-1-0.dll
0x00000161f6070000 - 0x00000161f6073000 	C:\dev\Java\jdk\jdk10\bin\api-ms-win-crt-environment-l1-1-0.dll
0x00000161f6080000 - 0x00000161f6083000 	C:\dev\Java\jdk\jdk10\bin\api-ms-win-crt-filesystem-l1-1-0.dll
0x00000161f6090000 - 0x00000161f6093000 	C:\dev\Java\jdk\jdk10\bin\api-ms-win-crt-heap-l1-1-0.dll
0x00000161f60a0000 - 0x00000161f60a3000 	C:\dev\Java\jdk\jdk10\bin\api-ms-win-crt-locale-l1-1-0.dll
0x00000161f60b0000 - 0x00000161f60b5000 	C:\dev\Java\jdk\jdk10\bin\api-ms-win-crt-math-l1-1-0.dll
0x00000161f60c0000 - 0x00000161f60c5000 	C:\dev\Java\jdk\jdk10\bin\api-ms-win-crt-multibyte-l1-1-0.dll
0x00000161f60d0000 - 0x00000161f60e0000 	C:\dev\Java\jdk\jdk10\bin\api-ms-win-crt-private-l1-1-0.dll
0x00000161f60e0000 - 0x00000161f60e3000 	C:\dev\Java\jdk\jdk10\bin\api-ms-win-crt-process-l1-1-0.dll
0x00000161f60f0000 - 0x00000161f60f4000 	C:\dev\Java\jdk\jdk10\bin\api-ms-win-crt-runtime-l1-1-0.dll
0x00000161f6100000 - 0x00000161f6104000 	C:\dev\Java\jdk\jdk10\bin\api-ms-win-crt-stdio-l1-1-0.dll
0x00000161f6110000 - 0x00000161f6114000 	C:\dev\Java\jdk\jdk10\bin\api-ms-win-crt-string-l1-1-0.dll
0x00000161f6120000 - 0x00000161f6123000 	C:\dev\Java\jdk\jdk10\bin\api-ms-win-crt-time-l1-1-0.dll
0x00000161f6130000 - 0x00000161f6133000 	C:\dev\Java\jdk\jdk10\bin\api-ms-win-crt-utility-l1-1-0.dll
0x00007ff9a7a10000 - 0x00007ff9a7b06000 	C:\dev\Java\jdk\jdk10\bin\ucrtbase.dll
0x00007ff9ac550000 - 0x00007ff9ac566000 	C:\dev\Java\jdk\jdk10\bin\vcruntime140.dll
0x00007ff9a7970000 - 0x00007ff9a7a0c000 	C:\dev\Java\jdk\jdk10\bin\msvcp140.dll
0x00007ff9a7910000 - 0x00007ff9a7961000 	C:\dev\Java\jdk\jdk10\bin\concrt140.dll
0x00007ff9ac4c0000 - 0x00007ff9ac4e3000 	C:\dev\Java\jdk\jdk10\bin\prism_d3d.dll
0x00007ff994760000 - 0x00007ff9948f7000 	C:\WINDOWS\system32\d3d9.dll
0x00007ff9ba870000 - 0x00007ff9ba899000 	C:\WINDOWS\SYSTEM32\dwmapi.dll
0x00007ff9ba6f0000 - 0x00007ff9ba788000 	C:\WINDOWS\system32\uxtheme.dll
0x00007ff9b5c50000 - 0x00007ff9b5db4000 	C:\WINDOWS\SYSTEM32\aticfx64.dll
0x00007ff9aba90000 - 0x00007ff9abab1000 	C:\WINDOWS\SYSTEM32\atiu9p64.dll
0x00007ff97da30000 - 0x00007ff97e289000 	C:\WINDOWS\SYSTEM32\atiumd64.dll
0x00000000701c0000 - 0x0000000070a48000 	C:\WINDOWS\SYSTEM32\atiumd6a.dll
0x00007ff9a78c0000 - 0x00007ff9a790a000 	C:\dev\Java\jdk\jdk10\bin\glass.dll
0x00007ff9bd250000 - 0x00007ff9bd33d000 	C:\WINDOWS\System32\COMDLG32.dll
0x00007ff9bf440000 - 0x00007ff9bf591000 	C:\WINDOWS\System32\ole32.dll
0x00007ff9bd990000 - 0x00007ff9bda52000 	C:\WINDOWS\System32\OLEAUT32.dll
0x00007ff9bef60000 - 0x00007ff9bf0d3000 	C:\WINDOWS\System32\MSCTF.dll
0x00007ff99aa50000 - 0x00007ff99aa69000 	C:\Program Files (x86)\Smadav\SmadHook64.dll
0x00007ff9a7600000 - 0x00007ff9a7614000 	C:\dev\Java\jdk\jdk10\bin\javafx_font.dll
0x00007ff9a7460000 - 0x00007ff9a75fb000 	C:\dev\Java\jdk\jdk10\bin\awt.dll
0x00007ff9b9870000 - 0x00007ff9b9e37000 	C:\WINDOWS\SYSTEM32\d2d1.dll
0x00007ff9ba520000 - 0x00007ff9ba5ab000 	C:\WINDOWS\SYSTEM32\apphelp.dll
0x00007ff9a73f0000 - 0x00007ff9a7455000 	C:\dev\Java\jdk\jdk10\bin\fontmanager.dll
0x00007ff9b48b0000 - 0x00007ff9b4bcc000 	C:\WINDOWS\SYSTEM32\dwrite.dll
0x00007ff9a73c0000 - 0x00007ff9a73e3000 	C:\dev\Java\jdk\jdk10\bin\javafx_iio.dll
0x00007ff9afc00000 - 0x00007ff9afc09000 	C:\dev\Java\jdk\jdk10\bin\management.dll
0x00007ff9ae0f0000 - 0x00007ff9ae0fa000 	C:\dev\Java\jdk\jdk10\bin\management_ext.dll
0x00007ff9bb6c0000 - 0x00007ff9bb77e000 	C:\WINDOWS\SYSTEM32\DNSAPI.dll
0x00007ff9bf210000 - 0x00007ff9bf218000 	C:\WINDOWS\System32\NSI.dll
0x00007ff9bb670000 - 0x00007ff9bb6a8000 	C:\WINDOWS\SYSTEM32\IPHLPAPI.DLL
0x00007ff9af410000 - 0x00007ff9af41a000 	C:\Windows\System32\rasadhlp.dll
0x00007ff9afa50000 - 0x00007ff9afac2000 	C:\WINDOWS\System32\fwpuclnt.dll
0x00007ff9bbbd0000 - 0x00007ff9bbbf5000 	C:\WINDOWS\SYSTEM32\bcrypt.dll
0x00007ff98b820000 - 0x00007ff98b836000 	C:\WINDOWS\system32\napinsp.dll
0x00007ff98b800000 - 0x00007ff98b81a000 	C:\WINDOWS\system32\pnrpnsp.dll
0x00007ff9b2cf0000 - 0x00007ff9b2d09000 	C:\WINDOWS\system32\NLAapi.dll
0x00007ff98ccc0000 - 0x00007ff98ccce000 	C:\WINDOWS\System32\winrnr.dll
0x00007ff9b0810000 - 0x00007ff9b0825000 	C:\WINDOWS\System32\wshbth.dll
0x00007ff9bbab0000 - 0x00007ff9bbac7000 	C:\WINDOWS\SYSTEM32\CRYPTSP.dll
0x00007ff9bb4d0000 - 0x00007ff9bb503000 	C:\WINDOWS\system32\rsaenh.dll
0x00007ff9bbfd0000 - 0x00007ff9bbff8000 	C:\WINDOWS\SYSTEM32\USERENV.dll
0x00007ff9bbaa0000 - 0x00007ff9bbaab000 	C:\WINDOWS\SYSTEM32\CRYPTBASE.dll

dbghelp: loaded successfully - version: 4.0.5 - missing functions: none
symbol engine: initialized successfully - sym options: 0x614 - pdb path: .;C:\DEV\java\jdk\jdk10\bin;C:\WINDOWS\SYSTEM32;C:\WINDOWS\WinSxS\amd64_microsoft.windows.common-controls_6595b64144ccf1df_6.0.17134.765_none_fb42a1a930655896;C:\DEV\java\jdk\jdk10\bin\server;C:\Program Files (x86)\Smadav;C:\Program Files\Common Files\Microsoft Shared\Ink

VM Arguments:
jvm_args: -Dfile.encoding=UTF-8 
java_command: projet.MainProjet
java_class_path (initial): C:\Users\Ce\Desktop\Java_Framework\projet\bin;C:\Users\Ce\Desktop\Java_Framework\Framework-3iL\bin;C:\Users\Ce\Desktop\Java_Framework\~libraries\JDBC Drivers\ojdbc8.jar;C:\Users\Ce\Desktop\Java_Framework\~libraries\mapstruct-1.3\mapstruct-1.3.0.Final.jar
Launcher Type: SUN_STANDARD

Logging:
Log output configuration:
#0: stdout all=warning uptime,level,tags
#1: stderr all=off uptime,level,tags

Environment Variables:
PATH=C:/dev/java/jdk/jdk10/bin/server;C:/dev/java/jdk/jdk10/bin;C:\oraclexe\app\oracle\product\11.2.0\server\bin;C:\Program Files (x86)\Common Files\Oracle\Java\javapath;C:\ProgramData\Oracle\Java\javapath;C:\WINDOWS\system32;C:\WINDOWS;C:\WINDOWS\System32\Wbem;C:\WINDOWS\System32\WindowsPowerShell\v1.0\;C:\WINDOWS\System32\OpenSSH\;C:\Program Files\dotnet\;C:\Program Files\Microsoft SQL Server\130\Tools\Binn\;C:\Program Files\nodejs\;C:\Program Files\MATLAB\R2019a\bin;C:\Users\Ce\AppData\Local\Microsoft\WindowsApps;C:\Users\Ce\AppData\Roaming\npm;C:\dev\Java\eclipse-4.10-java;
USERNAME=Ce
OS=Windows_NT
PROCESSOR_IDENTIFIER=AMD64 Family 21 Model 19 Stepping 1, AuthenticAMD



---------------  S Y S T E M  ---------------

OS: Windows 10 , 64 bit Build 17134 (10.0.17134.753)

CPU:total 4 (initial active 4) (4 cores per cpu, 1 threads per core) family 21 model 19 stepping 1, cmov, cx8, fxsr, mmx, sse, sse2, sse3, ssse3, sse4.1, sse4.2, popcnt, avx, aes, clmul, mmxext, 3dnowpref, lzcnt, sse4a, tsc, tscinvbit, tscinv, bmi1, fma

Memory: 4k page, physical 5472624k(1169552k free), swap 5996912k(11644k free)

vm_info: Java HotSpot(TM) 64-Bit Server VM (10.0.2+13) for windows-amd64 JRE (10.0.2+13), built on Jun 28 2018 01:57:56 by "mach5one" with MS VC++ 12.0 (VS2013)

END.
