#
# There is insufficient memory for the Java Runtime Environment to continue.
# Native memory allocation (malloc) failed to allocate 65552 bytes for Chunk::new
# Possible reasons:
#   The system is out of physical RAM or swap space
#   The process is running with CompressedOops enabled, and the Java Heap may be blocking the growth of the native heap
# Possible solutions:
#   Reduce memory load on the system
#   Increase physical memory or swap space
#   Check if swap backing store is full
#   Decrease Java heap size (-Xmx/-Xms)
#   Decrease number of Java threads
#   Decrease Java thread stack sizes (-Xss)
#   Set larger code cache with -XX:ReservedCodeCacheSize=
#   JVM is running with Unscaled Compressed Oops mode in which the Java heap is
#     placed in the first 4GB address space. The Java Heap base address is the
#     maximum limit for the native heap growth. Please use -XX:HeapBaseMinAddress
#     to set the Java Heap base and to place the Java Heap above 4GB virtual address.
# This output file may be truncated or incomplete.
#
#  Out of Memory Error (t:/workspace/open/src/hotspot/share/memory/arena.cpp:198), pid=424, tid=10028
#
# JRE version: Java(TM) SE Runtime Environment (10.0.2+13) (build 10.0.2+13)
# Java VM: Java HotSpot(TM) 64-Bit Server VM (10.0.2+13, mixed mode, tiered, compressed oops, g1 gc, windows-amd64)
# No core dump will be written. Minidumps are not enabled by default on client versions of Windows
#

---------------  S U M M A R Y ------------

Command Line: -Dfile.encoding=UTF-8 projet.MainProjet

Host: AMD A10-5745M APU with Radeon(tm) HD Graphics  , 4 cores, 5G,  Windows 10 , 64 bit Build 17134 (10.0.17134.753)
Time: Sat Jun 08 15:33:04 2019 Paris, Madrid (heure d?été) elapsed time: 13 seconds (0d 0h 0m 13s)

---------------  T H R E A D  ---------------

Current thread (0x000001cd30bb0000):  JavaThread "C2 CompilerThread0" daemon [_thread_in_native, id=10028, stack(0x00000051ca000000,0x00000051ca100000)]


Current CompileTask:
C2:  13661 2796       4       java.lang.Class::getMethodsRecursive (99 bytes)

Stack: [0x00000051ca000000,0x00000051ca100000]
Native frames: (J=compiled Java code, j=interpreted, Vv=VM code, C=native code)
V  [jvm.dll+0x5a01a9]
V  [jvm.dll+0x6bcf31]
V  [jvm.dll+0x6be126]
V  [jvm.dll+0x6be7b3]
V  [jvm.dll+0x234978]
V  [jvm.dll+0xbb69c]
V  [jvm.dll+0xbbbac]
V  [jvm.dll+0xbb7a8]
V  [jvm.dll+0x581de0]
V  [jvm.dll+0x4bf64a]
V  [jvm.dll+0x201949]
V  [jvm.dll+0x1ff0a1]
V  [jvm.dll+0x17c94b]
V  [jvm.dll+0x20c8dd]
V  [jvm.dll+0x20b6a6]
V  [jvm.dll+0x68b7ff]
V  [jvm.dll+0x59f4b0]
C  [msvcr120.dll+0x24f7f]
C  [msvcr120.dll+0x25126]
C  [KERNEL32.DLL+0x14034]
C  [ntdll.dll+0x73691]


---------------  P R O C E S S  ---------------

Threads class SMR info:
_java_thread_list=0x000001cd3c821720, length=22, elements={
0x000001cd1095e000, 0x000001cd30b43800, 0x000001cd30b4c800, 0x000001cd30b9a800,
0x000001cd30b9f000, 0x000001cd30bb0000, 0x000001cd30bd2800, 0x000001cd30bd6800,
0x000001cd30bd7800, 0x000001cd30ec6800, 0x000001cd30ed1000, 0x000001cd3c461000,
0x000001cd3c5ca800, 0x000001cd3c8ab000, 0x000001cd3c4c0800, 0x000001cd3c4aa800,
0x000001cd3c658800, 0x000001cd3e59e800, 0x000001cd3ca0b800, 0x000001cd3e46d800,
0x000001cd3dc0f000, 0x000001cd3dc0d000
}

Java Threads: ( => current thread )
  0x000001cd1095e000 JavaThread "main" [_thread_blocked, id=14016, stack(0x00000051c8f00000,0x00000051c9000000)]
  0x000001cd30b43800 JavaThread "Reference Handler" daemon [_thread_blocked, id=14280, stack(0x00000051c9c00000,0x00000051c9d00000)]
  0x000001cd30b4c800 JavaThread "Finalizer" daemon [_thread_blocked, id=732, stack(0x00000051c9d00000,0x00000051c9e00000)]
  0x000001cd30b9a800 JavaThread "Signal Dispatcher" daemon [_thread_blocked, id=10564, stack(0x00000051c9e00000,0x00000051c9f00000)]
  0x000001cd30b9f000 JavaThread "Attach Listener" daemon [_thread_blocked, id=1324, stack(0x00000051c9f00000,0x00000051ca000000)]
=>0x000001cd30bb0000 JavaThread "C2 CompilerThread0" daemon [_thread_in_native, id=10028, stack(0x00000051ca000000,0x00000051ca100000)]
  0x000001cd30bd2800 JavaThread "C2 CompilerThread1" daemon [_thread_blocked, id=13996, stack(0x00000051ca100000,0x00000051ca200000)]
  0x000001cd30bd6800 JavaThread "C1 CompilerThread2" daemon [_thread_blocked, id=11960, stack(0x00000051ca200000,0x00000051ca300000)]
  0x000001cd30bd7800 JavaThread "Sweeper thread" daemon [_thread_blocked, id=12436, stack(0x00000051ca300000,0x00000051ca400000)]
  0x000001cd30ec6800 JavaThread "Service Thread" daemon [_thread_blocked, id=12496, stack(0x00000051ca400000,0x00000051ca500000)]
  0x000001cd30ed1000 JavaThread "Common-Cleaner" daemon [_thread_blocked, id=5320, stack(0x00000051ca500000,0x00000051ca600000)]
  0x000001cd3c461000 JavaThread "JavaFX-Launcher" [_thread_blocked, id=12464, stack(0x00000051ca700000,0x00000051ca800000)]
  0x000001cd3c5ca800 JavaThread "QuantumRenderer-0" daemon [_thread_blocked, id=9400, stack(0x00000051ca800000,0x00000051ca900000)]
  0x000001cd3c8ab000 JavaThread "InvokeLaterDispatcher" daemon [_thread_blocked, id=1768, stack(0x00000051caa00000,0x00000051cab00000)]
  0x000001cd3c4c0800 JavaThread "JavaFX Application Thread" [_thread_in_native, id=6296, stack(0x00000051cab00000,0x00000051cac00000)]
  0x000001cd3c4aa800 JavaThread "Thread-2" daemon [_thread_in_native, id=6448, stack(0x00000051cb200000,0x00000051cb300000)]
  0x000001cd3c658800 JavaThread "Java2D Disposer" daemon [_thread_blocked, id=12380, stack(0x00000051cb300000,0x00000051cb400000)]
  0x000001cd3e59e800 JavaThread "Timer-0" daemon [_thread_blocked, id=4904, stack(0x00000051cb400000,0x00000051cb500000)]
  0x000001cd3ca0b800 JavaThread "oracle.jdbc.driver.BlockSource.ThreadedCachingBlockSource.BlockReleaser" daemon [_thread_blocked, id=6432, stack(0x00000051cb500000,0x00000051cb600000)]
  0x000001cd3e46d800 JavaThread "InterruptTimer" daemon [_thread_blocked, id=2636, stack(0x00000051cb600000,0x00000051cb700000)]
  0x000001cd3dc0f000 JavaThread "Prism Font Disposer" daemon [_thread_blocked, id=13788, stack(0x00000051cb800000,0x00000051cb900000)]
  0x000001cd3dc0d000 JavaThread "Cleaner-0" daemon [_thread_blocked, id=7176, stack(0x00000051cb900000,0x00000051cba00000)]

Other Threads:
  0x000001cd30b38000 VMThread "VM Thread" [stack: 0x00000051c9b00000,0x00000051c9c00000] [id=320]
  0x000001cd30ed1800 WatcherThread [stack: 0x00000051ca600000,0x00000051ca700000] [id=4792]
  0x000001cd10976000 GCTaskThread "GC Thread#0" [stack: 0x00000051c9000000,0x00000051c9100000] [id=6896]
  0x000001cd10977800 GCTaskThread "GC Thread#1" [stack: 0x00000051c9100000,0x00000051c9200000] [id=8044]
  0x000001cd1097b000 GCTaskThread "GC Thread#2" [stack: 0x00000051c9200000,0x00000051c9300000] [id=12788]
  0x000001cd10981000 GCTaskThread "GC Thread#3" [stack: 0x00000051c9300000,0x00000051c9400000] [id=284]
  0x000001cd109cc800 ConcurrentGCThread "G1 Main Marker" [stack: 0x00000051c9400000,0x00000051c9500000] [id=6580]
  0x000001cd109d4800 ConcurrentGCThread "G1 Conc#0" [stack: 0x00000051c9500000,0x00000051c9600000] [id=7528]
  0x000001cd10a26000 ConcurrentGCThread "G1 Refine#0" [stack: 0x00000051c9600000,0x00000051c9700000] [id=6592]
  0x000001cd10a27000 ConcurrentGCThread "G1 Refine#1" [stack: 0x00000051c9700000,0x00000051c9800000] [id=11440]
  0x000001cd10a28000 ConcurrentGCThread "G1 Refine#2" [stack: 0x00000051c9800000,0x00000051c9900000] [id=5744]
  0x000001cd10a2a000 ConcurrentGCThread "G1 Refine#3" [stack: 0x00000051c9900000,0x00000051c9a00000] [id=11500]
  0x000001cd10a2d000 ConcurrentGCThread "G1 Young RemSet Sampling" [stack: 0x00000051c9a00000,0x00000051c9b00000] [id=7544]

Threads with active compile tasks:
C2 CompilerThread02796       4       java.lang.Class::getMethodsRecursive (99 bytes)

VM state:not at safepoint (normal execution)

VM Mutex/Monitor currently owned by a thread: None

Heap address: 0x00000000ac600000, size: 1338 MB, Compressed Oops mode: 32-bit
Narrow klass base: 0x0000000000000000, Narrow klass shift: 3
Compressed class space size: 1073741824 Address: 0x0000000100000000

Heap:
 garbage-first heap   total 103424K, used 19870K [0x00000000ac600000, 0x0000000100000000)
  region size 1024K, 5 young (5120K), 2 survivors (2048K)
 Metaspace       used 35446K, capacity 36482K, committed 37120K, reserved 1081344K
  class space    used 4513K, capacity 5001K, committed 5120K, reserved 1048576K
Heap Regions: E=young(eden), S=young(survivor), O=old, HS=humongous(starts), HC=humongous(continues), CS=collection set, F=free, A=archive, TS=gc time stamp, AC=allocation context, TAMS=top-at-mark-start (previous, next)
|   0|0x00000000ac600000, 0x00000000ac700000, 0x00000000ac700000|100%|HS|  |TS  0|AC  0|TAMS 0x00000000ac700000, 0x00000000ac700000|
|   1|0x00000000ac700000, 0x00000000ac800000, 0x00000000ac800000|100%|HC|  |TS  0|AC  0|TAMS 0x00000000ac800000, 0x00000000ac800000|
|   2|0x00000000ac800000, 0x00000000ac900000, 0x00000000ac900000|100%| O|  |TS  0|AC  0|TAMS 0x00000000ac900000, 0x00000000ac900000|
|   3|0x00000000ac900000, 0x00000000aca00000, 0x00000000aca00000|100%| O|  |TS  0|AC  0|TAMS 0x00000000aca00000, 0x00000000aca00000|
|   4|0x00000000aca00000, 0x00000000acb00000, 0x00000000acb00000|100%|HS|  |TS  0|AC  0|TAMS 0x00000000acb00000, 0x00000000acb00000|
|   5|0x00000000acb00000, 0x00000000acc00000, 0x00000000acc00000|100%|HC|  |TS  0|AC  0|TAMS 0x00000000acc00000, 0x00000000acc00000|
|   6|0x00000000acc00000, 0x00000000acd00000, 0x00000000acd00000|100%| O|  |TS  0|AC  0|TAMS 0x00000000acd00000, 0x00000000acd00000|
|   7|0x00000000acd00000, 0x00000000ace00000, 0x00000000ace00000|100%| O|  |TS  0|AC  0|TAMS 0x00000000ace00000, 0x00000000ace00000|
|   8|0x00000000ace00000, 0x00000000acf00000, 0x00000000acf00000|100%| O|  |TS  0|AC  0|TAMS 0x00000000acf00000, 0x00000000acf00000|
|   9|0x00000000acf00000, 0x00000000ad000000, 0x00000000ad000000|100%| O|  |TS  0|AC  0|TAMS 0x00000000ad000000, 0x00000000ad000000|
|  10|0x00000000ad000000, 0x00000000ad100000, 0x00000000ad100000|100%| O|  |TS  0|AC  0|TAMS 0x00000000ad100000, 0x00000000ad100000|
|  11|0x00000000ad100000, 0x00000000ad200000, 0x00000000ad200000|100%| O|  |TS  0|AC  0|TAMS 0x00000000ad200000, 0x00000000ad200000|
|  12|0x00000000ad200000, 0x00000000ad300000, 0x00000000ad300000|100%| O|  |TS  0|AC  0|TAMS 0x00000000ad300000, 0x00000000ad300000|
|  13|0x00000000ad300000, 0x00000000ad400000, 0x00000000ad400000|100%| O|  |TS  0|AC  0|TAMS 0x00000000ad400000, 0x00000000ad400000|
|  14|0x00000000ad400000, 0x00000000ad42e400, 0x00000000ad500000| 18%| O|  |TS  0|AC  0|TAMS 0x00000000ad42e400, 0x00000000ad42e400|
|  15|0x00000000ad500000, 0x00000000ad600000, 0x00000000ad600000|100%|HS|  |TS  0|AC  0|TAMS 0x00000000ad500000, 0x00000000ad500000|
|  16|0x00000000ad600000, 0x00000000ad700000, 0x00000000ad700000|100%|HC|  |TS  0|AC  0|TAMS 0x00000000ad600000, 0x00000000ad600000|
|  17|0x00000000ad700000, 0x00000000ad700000, 0x00000000ad800000|  0%| F|  |TS  0|AC  0|TAMS 0x00000000ad700000, 0x00000000ad700000|
|  18|0x00000000ad800000, 0x00000000ad800000, 0x00000000ad900000|  0%| F|  |TS  0|AC  0|TAMS 0x00000000ad800000, 0x00000000ad800000|
|  19|0x00000000ad900000, 0x00000000ad900000, 0x00000000ada00000|  0%| F|  |TS  0|AC  0|TAMS 0x00000000ad900000, 0x00000000ad900000|
|  20|0x00000000ada00000, 0x00000000ada00000, 0x00000000adb00000|  0%| F|  |TS  0|AC  0|TAMS 0x00000000ada00000, 0x00000000ada00000|
|  21|0x00000000adb00000, 0x00000000adb00000, 0x00000000adc00000|  0%| F|  |TS  0|AC  0|TAMS 0x00000000adb00000, 0x00000000adb00000|
|  22|0x00000000adc00000, 0x00000000adc00000, 0x00000000add00000|  0%| F|  |TS  0|AC  0|TAMS 0x00000000adc00000, 0x00000000adc00000|
|  23|0x00000000add00000, 0x00000000add00000, 0x00000000ade00000|  0%| F|  |TS  0|AC  0|TAMS 0x00000000add00000, 0x00000000add00000|
|  24|0x00000000ade00000, 0x00000000ade00000, 0x00000000adf00000|  0%| F|  |TS  0|AC  0|TAMS 0x00000000ade00000, 0x00000000ade00000|
|  25|0x00000000adf00000, 0x00000000adf00000, 0x00000000ae000000|  0%| F|  |TS  0|AC  0|TAMS 0x00000000adf00000, 0x00000000adf00000|
|  26|0x00000000ae000000, 0x00000000ae000000, 0x00000000ae100000|  0%| F|  |TS  0|AC  0|TAMS 0x00000000ae000000, 0x00000000ae000000|
|  27|0x00000000ae100000, 0x00000000ae100000, 0x00000000ae200000|  0%| F|  |TS  0|AC  0|TAMS 0x00000000ae100000, 0x00000000ae100000|
|  28|0x00000000ae200000, 0x00000000ae200000, 0x00000000ae300000|  0%| F|  |TS  0|AC  0|TAMS 0x00000000ae200000, 0x00000000ae200000|
|  29|0x00000000ae300000, 0x00000000ae300000, 0x00000000ae400000|  0%| F|  |TS  0|AC  0|TAMS 0x00000000ae300000, 0x00000000ae300000|
|  30|0x00000000ae400000, 0x00000000ae400000, 0x00000000ae500000|  0%| F|  |TS  0|AC  0|TAMS 0x00000000ae400000, 0x00000000ae400000|
|  31|0x00000000ae500000, 0x00000000ae500000, 0x00000000ae600000|  0%| F|  |TS  0|AC  0|TAMS 0x00000000ae500000, 0x00000000ae500000|
|  32|0x00000000ae600000, 0x00000000ae600000, 0x00000000ae700000|  0%| F|  |TS  0|AC  0|TAMS 0x00000000ae600000, 0x00000000ae600000|
|  33|0x00000000ae700000, 0x00000000ae700000, 0x00000000ae800000|  0%| F|  |TS  0|AC  0|TAMS 0x00000000ae700000, 0x00000000ae700000|
|  34|0x00000000ae800000, 0x00000000ae800000, 0x00000000ae900000|  0%| F|  |TS  0|AC  0|TAMS 0x00000000ae800000, 0x00000000ae800000|
|  35|0x00000000ae900000, 0x00000000ae900000, 0x00000000aea00000|  0%| F|  |TS  0|AC  0|TAMS 0x00000000ae900000, 0x00000000ae900000|
|  36|0x00000000aea00000, 0x00000000aea00000, 0x00000000aeb00000|  0%| F|  |TS  0|AC  0|TAMS 0x00000000aea00000, 0x00000000aea00000|
|  37|0x00000000aeb00000, 0x00000000aeb00000, 0x00000000aec00000|  0%| F|  |TS  0|AC  0|TAMS 0x00000000aeb00000, 0x00000000aeb00000|
|  38|0x00000000aec00000, 0x00000000aec00000, 0x00000000aed00000|  0%| F|  |TS  0|AC  0|TAMS 0x00000000aec00000, 0x00000000aec00000|
|  39|0x00000000aed00000, 0x00000000aed00000, 0x00000000aee00000|  0%| F|  |TS  0|AC  0|TAMS 0x00000000aed00000, 0x00000000aed00000|
|  40|0x00000000aee00000, 0x00000000aee00000, 0x00000000aef00000|  0%| F|  |TS  0|AC  0|TAMS 0x00000000aee00000, 0x00000000aee00000|
|  41|0x00000000aef00000, 0x00000000aef00000, 0x00000000af000000|  0%| F|  |TS  0|AC  0|TAMS 0x00000000aef00000, 0x00000000aef00000|
|  42|0x00000000af000000, 0x00000000af000000, 0x00000000af100000|  0%| F|  |TS  0|AC  0|TAMS 0x00000000af000000, 0x00000000af000000|
|  43|0x00000000af100000, 0x00000000af100000, 0x00000000af200000|  0%| F|  |TS  0|AC  0|TAMS 0x00000000af100000, 0x00000000af100000|
|  44|0x00000000af200000, 0x00000000af200000, 0x00000000af300000|  0%| F|  |TS  0|AC  0|TAMS 0x00000000af200000, 0x00000000af200000|
|  45|0x00000000af300000, 0x00000000af300000, 0x00000000af400000|  0%| F|  |TS  0|AC  0|TAMS 0x00000000af300000, 0x00000000af300000|
|  46|0x00000000af400000, 0x00000000af400000, 0x00000000af500000|  0%| F|  |TS  0|AC  0|TAMS 0x00000000af400000, 0x00000000af400000|
|  47|0x00000000af500000, 0x00000000af500000, 0x00000000af600000|  0%| F|  |TS  0|AC  0|TAMS 0x00000000af500000, 0x00000000af500000|
|  48|0x00000000af600000, 0x00000000af600000, 0x00000000af700000|  0%| F|  |TS  0|AC  0|TAMS 0x00000000af600000, 0x00000000af600000|
|  49|0x00000000af700000, 0x00000000af700000, 0x00000000af800000|  0%| F|  |TS  0|AC  0|TAMS 0x00000000af700000, 0x00000000af700000|
|  50|0x00000000af800000, 0x00000000af800000, 0x00000000af900000|  0%| F|  |TS  0|AC  0|TAMS 0x00000000af800000, 0x00000000af800000|
|  51|0x00000000af900000, 0x00000000af900000, 0x00000000afa00000|  0%| F|  |TS  0|AC  0|TAMS 0x00000000af900000, 0x00000000af900000|
|  52|0x00000000afa00000, 0x00000000afa00000, 0x00000000afb00000|  0%| F|  |TS  0|AC  0|TAMS 0x00000000afa00000, 0x00000000afa00000|
|  53|0x00000000afb00000, 0x00000000afb00000, 0x00000000afc00000|  0%| F|  |TS  0|AC  0|TAMS 0x00000000afb00000, 0x00000000afb00000|
|  54|0x00000000afc00000, 0x00000000afc00000, 0x00000000afd00000|  0%| F|  |TS  0|AC  0|TAMS 0x00000000afc00000, 0x00000000afc00000|
|  55|0x00000000afd00000, 0x00000000afd00000, 0x00000000afe00000|  0%| F|  |TS  0|AC  0|TAMS 0x00000000afd00000, 0x00000000afd00000|
|  56|0x00000000afe00000, 0x00000000afe00000, 0x00000000aff00000|  0%| F|  |TS  0|AC  0|TAMS 0x00000000afe00000, 0x00000000afe00000|
|  57|0x00000000aff00000, 0x00000000aff00000, 0x00000000b0000000|  0%| F|  |TS  0|AC  0|TAMS 0x00000000aff00000, 0x00000000aff00000|
|  58|0x00000000b0000000, 0x00000000b0000000, 0x00000000b0100000|  0%| F|  |TS  0|AC  0|TAMS 0x00000000b0000000, 0x00000000b0000000|
|  59|0x00000000b0100000, 0x00000000b0100000, 0x00000000b0200000|  0%| F|  |TS  0|AC  0|TAMS 0x00000000b0100000, 0x00000000b0100000|
|  60|0x00000000b0200000, 0x00000000b0200000, 0x00000000b0300000|  0%| F|  |TS  0|AC  0|TAMS 0x00000000b0200000, 0x00000000b0200000|
|  61|0x00000000b0300000, 0x00000000b0300000, 0x00000000b0400000|  0%| F|  |TS  0|AC  0|TAMS 0x00000000b0300000, 0x00000000b0300000|
|  62|0x00000000b0400000, 0x00000000b0400000, 0x00000000b0500000|  0%| F|  |TS  0|AC  0|TAMS 0x00000000b0400000, 0x00000000b0400000|
|  63|0x00000000b0500000, 0x00000000b0500000, 0x00000000b0600000|  0%| F|  |TS  0|AC  0|TAMS 0x00000000b0500000, 0x00000000b0500000|
|  64|0x00000000b0600000, 0x00000000b0600000, 0x00000000b0700000|  0%| F|  |TS  0|AC  0|TAMS 0x00000000b0600000, 0x00000000b0600000|
|  65|0x00000000b0700000, 0x00000000b0700000, 0x00000000b0800000|  0%| F|  |TS  0|AC  0|TAMS 0x00000000b0700000, 0x00000000b0700000|
|  66|0x00000000b0800000, 0x00000000b0800000, 0x00000000b0900000|  0%| F|  |TS  0|AC  0|TAMS 0x00000000b0800000, 0x00000000b0800000|
|  67|0x00000000b0900000, 0x00000000b0900000, 0x00000000b0a00000|  0%| F|  |TS  0|AC  0|TAMS 0x00000000b0900000, 0x00000000b0900000|
|  68|0x00000000b0a00000, 0x00000000b0a00000, 0x00000000b0b00000|  0%| F|  |TS  0|AC  0|TAMS 0x00000000b0a00000, 0x00000000b0a00000|
|  69|0x00000000b0b00000, 0x00000000b0b00000, 0x00000000b0c00000|  0%| F|  |TS  0|AC  0|TAMS 0x00000000b0b00000, 0x00000000b0b00000|
|  70|0x00000000b0c00000, 0x00000000b0c00000, 0x00000000b0d00000|  0%| F|  |TS  0|AC  0|TAMS 0x00000000b0c00000, 0x00000000b0c00000|
|  71|0x00000000b0d00000, 0x00000000b0d00000, 0x00000000b0e00000|  0%| F|  |TS  0|AC  0|TAMS 0x00000000b0d00000, 0x00000000b0d00000|
|  72|0x00000000b0e00000, 0x00000000b0e00000, 0x00000000b0f00000|  0%| F|  |TS  0|AC  0|TAMS 0x00000000b0e00000, 0x00000000b0e00000|
|  73|0x00000000b0f00000, 0x00000000b0f00000, 0x00000000b1000000|  0%| F|  |TS  0|AC  0|TAMS 0x00000000b0f00000, 0x00000000b0f00000|
|  74|0x00000000b1000000, 0x00000000b1000000, 0x00000000b1100000|  0%| F|  |TS  0|AC  0|TAMS 0x00000000b1000000, 0x00000000b1000000|
|  75|0x00000000b1100000, 0x00000000b1100000, 0x00000000b1200000|  0%| F|  |TS  0|AC  0|TAMS 0x00000000b1100000, 0x00000000b1100000|
|  76|0x00000000b1200000, 0x00000000b1239440, 0x00000000b1300000| 22%| S|CS|TS  0|AC  0|TAMS 0x00000000b1200000, 0x00000000b1200000|
|  77|0x00000000b1300000, 0x00000000b1400000, 0x00000000b1400000|100%| S|CS|TS  0|AC  0|TAMS 0x00000000b1300000, 0x00000000b1300000|
|  78|0x00000000b1400000, 0x00000000b1400000, 0x00000000b1500000|  0%| F|  |TS  0|AC  0|TAMS 0x00000000b1400000, 0x00000000b1400000|
|  79|0x00000000b1500000, 0x00000000b1500000, 0x00000000b1600000|  0%| F|  |TS  0|AC  0|TAMS 0x00000000b1500000, 0x00000000b1500000|
|  80|0x00000000b1600000, 0x00000000b1600000, 0x00000000b1700000|  0%| F|  |TS  0|AC  0|TAMS 0x00000000b1600000, 0x00000000b1600000|
|  81|0x00000000b1700000, 0x00000000b1700000, 0x00000000b1800000|  0%| F|  |TS  0|AC  0|TAMS 0x00000000b1700000, 0x00000000b1700000|
|  82|0x00000000b1800000, 0x00000000b1800000, 0x00000000b1900000|  0%| F|  |TS  0|AC  0|TAMS 0x00000000b1800000, 0x00000000b1800000|
|  83|0x00000000b1900000, 0x00000000b1900000, 0x00000000b1a00000|  0%| F|  |TS  0|AC  0|TAMS 0x00000000b1900000, 0x00000000b1900000|
|  84|0x00000000b1a00000, 0x00000000b1a00000, 0x00000000b1b00000|  0%| F|  |TS  0|AC  0|TAMS 0x00000000b1a00000, 0x00000000b1a00000|
|  85|0x00000000b1b00000, 0x00000000b1b00000, 0x00000000b1c00000|  0%| F|  |TS  0|AC  0|TAMS 0x00000000b1b00000, 0x00000000b1b00000|
|  86|0x00000000b1c00000, 0x00000000b1c00000, 0x00000000b1d00000|  0%| F|  |TS  0|AC  0|TAMS 0x00000000b1c00000, 0x00000000b1c00000|
|  87|0x00000000b1d00000, 0x00000000b1d00000, 0x00000000b1e00000|  0%| F|  |TS  0|AC  0|TAMS 0x00000000b1d00000, 0x00000000b1d00000|
|  88|0x00000000b1e00000, 0x00000000b1e00000, 0x00000000b1f00000|  0%| F|  |TS  0|AC  0|TAMS 0x00000000b1e00000, 0x00000000b1e00000|
|  89|0x00000000b1f00000, 0x00000000b1f00000, 0x00000000b2000000|  0%| F|  |TS  0|AC  0|TAMS 0x00000000b1f00000, 0x00000000b1f00000|
|  90|0x00000000b2000000, 0x00000000b2000000, 0x00000000b2100000|  0%| F|  |TS  0|AC  0|TAMS 0x00000000b2000000, 0x00000000b2000000|
|  91|0x00000000b2100000, 0x00000000b2100000, 0x00000000b2200000|  0%| F|  |TS  0|AC  0|TAMS 0x00000000b2100000, 0x00000000b2100000|
|  92|0x00000000b2200000, 0x00000000b2200000, 0x00000000b2300000|  0%| F|  |TS  0|AC  0|TAMS 0x00000000b2200000, 0x00000000b2200000|
|  93|0x00000000b2300000, 0x00000000b2300000, 0x00000000b2400000|  0%| F|  |TS  0|AC  0|TAMS 0x00000000b2300000, 0x00000000b2300000|
|  94|0x00000000b2400000, 0x00000000b2400000, 0x00000000b2500000|  0%| F|  |TS  0|AC  0|TAMS 0x00000000b2400000, 0x00000000b2400000|
|  95|0x00000000b2500000, 0x00000000b2500000, 0x00000000b2600000|  0%| F|  |TS  0|AC  0|TAMS 0x00000000b2500000, 0x00000000b2500000|
|  96|0x00000000b2600000, 0x00000000b2600000, 0x00000000b2700000|  0%| F|  |TS  0|AC  0|TAMS 0x00000000b2600000, 0x00000000b2600000|
|  97|0x00000000b2700000, 0x00000000b2700000, 0x00000000b2800000|  0%| F|  |TS  0|AC  0|TAMS 0x00000000b2700000, 0x00000000b2700000|
|  98|0x00000000b2800000, 0x00000000b2900000, 0x00000000b2900000|100%| E|  |TS  0|AC  0|TAMS 0x00000000b2800000, 0x00000000b2800000|
|  99|0x00000000b2900000, 0x00000000b2a00000, 0x00000000b2a00000|100%| E|CS|TS  0|AC  0|TAMS 0x00000000b2900000, 0x00000000b2900000|
| 100|0x00000000b2a00000, 0x00000000b2b00000, 0x00000000b2b00000|100%| E|CS|TS  0|AC  0|TAMS 0x00000000b2a00000, 0x00000000b2a00000|

Card table byte_map: [0x000001cd2af90000,0x000001cd2b230000] byte_map_base: 0x000001cd2aa2d000

Marking Bits (Prev, Next): (CMBitMap*) 0x000001cd109caeb0, (CMBitMap*) 0x000001cd109caee8
 Prev Bits: [0x000001cd2b4d0000, 0x000001cd2c9b8000)
 Next Bits: [0x000001cd2c9c0000, 0x000001cd2dea8000)

Polling page: 0x000001cd0e720000

CodeHeap 'non-profiled nmethods': size=120064Kb used=1257Kb max_used=1257Kb free=118806Kb
 bounds [0x000001cd237b0000, 0x000001cd23a20000, 0x000001cd2acf0000]
CodeHeap 'profiled nmethods': size=120000Kb used=5528Kb max_used=5528Kb free=114471Kb
 bounds [0x000001cd1c280000, 0x000001cd1c7f0000, 0x000001cd237b0000]
CodeHeap 'non-nmethods': size=5696Kb used=1405Kb max_used=1420Kb free=4290Kb
 bounds [0x000001cd1bcf0000, 0x000001cd1bf60000, 0x000001cd1c280000]
 total_blobs=4236 nmethods=2809 adapters=782
 compilation: enabled

Compilation events (10 events):
Event: 13.632 Thread 0x000001cd30bd6800 2811       1       com.sun.prism.impl.BaseGraphics::setDepthTest (6 bytes)
Event: 13.632 Thread 0x000001cd30bd6800 nmethod 2811 0x000001cd238e9790 code [0x000001cd238e9940, 0x000001cd238e9a58]
Event: 13.634 Thread 0x000001cd30bd6800 2812       1       com.sun.prism.impl.ps.BaseShaderContext$State::access$100 (5 bytes)
Event: 13.634 Thread 0x000001cd30bd6800 nmethod 2812 0x000001cd238e9b10 code [0x000001cd238e9cc0, 0x000001cd238e9db8]
Event: 13.635 Thread 0x000001cd30bd6800 2813       1       com.sun.javafx.sg.prism.NGNode::getClipNode (5 bytes)
Event: 13.635 Thread 0x000001cd30bd6800 nmethod 2813 0x000001cd238e9e90 code [0x000001cd238ea040, 0x000001cd238ea158]
Event: 13.635 Thread 0x000001cd30bd6800 2814       1       com.sun.javafx.geom.transform.AffineBase::getMyx (5 bytes)
Event: 13.635 Thread 0x000001cd30bd6800 nmethod 2814 0x000001cd238ea210 code [0x000001cd238ea3c0, 0x000001cd238ea4d8]
Event: 13.635 Thread 0x000001cd30bd6800 2815       3       com.sun.prism.impl.BaseTexture::assertLocked (8 bytes)
Event: 13.636 Thread 0x000001cd30bd6800 nmethod 2815 0x000001cd1c7e5b90 code [0x000001cd1c7e5d60, 0x000001cd1c7e6030]

GC Heap History (10 events):
Event: 1.476 GC heap before
{Heap before GC invocations=0 (full 0):
 garbage-first heap   total 86016K, used 16384K [0x00000000ac600000, 0x0000000100000000)
  region size 1024K, 14 young (14336K), 0 survivors (0K)
 Metaspace       used 15877K, capacity 16276K, committed 16640K, reserved 1064960K
  class space    used 1781K, capacity 1985K, committed 2048K, reserved 1048576K
}
Event: 1.490 GC heap after
{Heap after GC invocations=1 (full 0):
 garbage-first heap   total 86016K, used 5915K [0x00000000ac600000, 0x0000000100000000)
  region size 1024K, 2 young (2048K), 2 survivors (2048K)
 Metaspace       used 15877K, capacity 16276K, committed 16640K, reserved 1064960K
  class space    used 1781K, capacity 1985K, committed 2048K, reserved 1048576K
}
Event: 1.735 GC heap before
{Heap before GC invocations=1 (full 0):
 garbage-first heap   total 86016K, used 13083K [0x00000000ac600000, 0x0000000100000000)
  region size 1024K, 7 young (7168K), 2 survivors (2048K)
 Metaspace       used 17293K, capacity 17710K, committed 17920K, reserved 1064960K
  class space    used 1999K, capacity 2207K, committed 2304K, reserved 1048576K
}
Event: 1.746 GC heap after
{Heap after GC invocations=2 (full 0):
 garbage-first heap   total 86016K, used 10095K [0x00000000ac600000, 0x0000000100000000)
  region size 1024K, 1 young (1024K), 1 survivors (1024K)
 Metaspace       used 17293K, capacity 17710K, committed 17920K, reserved 1064960K
  class space    used 1999K, capacity 2207K, committed 2304K, reserved 1048576K
}
Event: 2.314 GC heap before
{Heap before GC invocations=2 (full 0):
 garbage-first heap   total 86016K, used 17263K [0x00000000ac600000, 0x0000000100000000)
  region size 1024K, 9 young (9216K), 1 survivors (1024K)
 Metaspace       used 20621K, capacity 21124K, committed 21248K, reserved 1067008K
  class space    used 2525K, capacity 2792K, committed 2816K, reserved 1048576K
}
Event: 2.323 GC heap after
{Heap after GC invocations=3 (full 0):
 garbage-first heap   total 86016K, used 11880K [0x00000000ac600000, 0x0000000100000000)
  region size 1024K, 2 young (2048K), 2 survivors (2048K)
 Metaspace       used 20621K, capacity 21124K, committed 21248K, reserved 1067008K
  class space    used 2525K, capacity 2792K, committed 2816K, reserved 1048576K
}
Event: 4.155 GC heap before
{Heap before GC invocations=4 (full 0):
 garbage-first heap   total 86016K, used 33384K [0x00000000ac600000, 0x0000000100000000)
  region size 1024K, 23 young (23552K), 2 survivors (2048K)
 Metaspace       used 31711K, capacity 32447K, committed 33024K, reserved 1077248K
  class space    used 3896K, capacity 4248K, committed 4352K, reserved 1048576K
}
Event: 4.170 GC heap after
{Heap after GC invocations=5 (full 0):
 garbage-first heap   total 86016K, used 14414K [0x00000000ac600000, 0x0000000100000000)
  region size 1024K, 3 young (3072K), 3 survivors (3072K)
 Metaspace       used 31711K, capacity 32447K, committed 33024K, reserved 1077248K
  class space    used 3896K, capacity 4248K, committed 4352K, reserved 1048576K
}
Event: 4.590 GC heap before
{Heap before GC invocations=5 (full 0):
 garbage-first heap   total 86016K, used 19534K [0x00000000ac600000, 0x0000000100000000)
  region size 1024K, 9 young (9216K), 3 survivors (3072K)
 Metaspace       used 34292K, capacity 35327K, committed 35840K, reserved 1081344K
  class space    used 4391K, capacity 4848K, committed 4864K, reserved 1048576K
}
Event: 4.602 GC heap after
{Heap after GC invocations=6 (full 0):
 garbage-first heap   total 103424K, used 15774K [0x00000000ac600000, 0x0000000100000000)
  region size 1024K, 2 young (2048K), 2 survivors (2048K)
 Metaspace       used 34292K, capacity 35327K, committed 35840K, reserved 1081344K
  class space    used 4391K, capacity 4848K, committed 4864K, reserved 1048576K
}

Deoptimization events (10 events):
Event: 3.584 Thread 0x000001cd3c4c0800 Uncommon trap: reason=unstable_if action=reinterpret pc=0x000001cd23829efc method=java.util.Arrays.equals([Ljava/lang/Object;[Ljava/lang/Object;)Z @ 23 c2
Event: 3.790 Thread 0x000001cd3c4c0800 Uncommon trap: reason=unstable_if action=reinterpret pc=0x000001cd2386b090 method=java.util.HashMap.hash(Ljava/lang/Object;)I @ 1 c2
Event: 3.791 Thread 0x000001cd3c4c0800 Uncommon trap: reason=unstable_if action=reinterpret pc=0x000001cd2382832c method=java.util.HashMap.hash(Ljava/lang/Object;)I @ 1 c2
Event: 3.932 Thread 0x000001cd3c4c0800 Uncommon trap: reason=unstable_if action=reinterpret pc=0x000001cd2381e2b0 method=java.util.HashMap.hash(Ljava/lang/Object;)I @ 1 c2
Event: 4.068 Thread 0x000001cd3c4c0800 Uncommon trap: reason=class_check action=maybe_recompile pc=0x000001cd237c674c method=java.lang.String.equals(Ljava/lang/Object;)Z @ 8 c2
Event: 4.068 Thread 0x000001cd3c4c0800 Uncommon trap: reason=class_check action=maybe_recompile pc=0x000001cd237c674c method=java.lang.String.equals(Ljava/lang/Object;)Z @ 8 c2
Event: 4.068 Thread 0x000001cd3c4c0800 Uncommon trap: reason=class_check action=maybe_recompile pc=0x000001cd237c674c method=java.lang.String.equals(Ljava/lang/Object;)Z @ 8 c2
Event: 4.072 Thread 0x000001cd3c4c0800 Uncommon trap: reason=class_check action=maybe_recompile pc=0x000001cd237c674c method=java.lang.String.equals(Ljava/lang/Object;)Z @ 8 c2
Event: 4.240 Thread 0x000001cd3c4c0800 Uncommon trap: reason=unstable_if action=reinterpret pc=0x000001cd23884974 method=java.lang.ClassLoader.checkName(Ljava/lang/String;)Z @ 20 c2
Event: 4.420 Thread 0x000001cd3c4c0800 Uncommon trap: reason=unstable_if action=reinterpret pc=0x000001cd2388f22c method=java.net.URL.<init>(Ljava/net/URL;Ljava/lang/String;Ljava/net/URLStreamHandler;)V @ 347 c2

Classes redefined (0 events):
No events

Internal exceptions (10 events):
Event: 4.230 Thread 0x000001cd3c4c0800 Exception <a 'java/lang/NoSuchMethodError'{0x00000000b19d3fa8}: java.lang.Object.lambda$andThen$0(Ljava/util/function/Consumer;Ljava/lang/Object;)V> (0x00000000b19d3fa8) thrown at [t:/workspace/open/src/hotspot/share/interpreter/linkResolver.cpp, line 741
Event: 4.240 Thread 0x000001cd3c4c0800 Exception <a 'java/lang/ClassNotFoundException'{0x00000000b19ec3f8}: com/sun/javafx/scene/control/skin/resources/controls> (0x00000000b19ec3f8) thrown at [t:/workspace/open/src/hotspot/share/prims/jni.cpp, line 632]
Event: 4.242 Thread 0x000001cd3c4c0800 Exception <a 'java/lang/ClassNotFoundException'{0x00000000b19fa458}: com/sun/javafx/scene/control/skin/resources/controls_fr> (0x00000000b19fa458) thrown at [t:/workspace/open/src/hotspot/share/prims/jni.cpp, line 632]
Event: 4.243 Thread 0x000001cd3c4c0800 Exception <a 'java/lang/ClassNotFoundException'{0x00000000b18099e8}: com/sun/javafx/scene/control/skin/resources/controls_fr_FR> (0x00000000b18099e8) thrown at [t:/workspace/open/src/hotspot/share/prims/jni.cpp, line 632]
Event: 4.491 Thread 0x000001cd3c4c0800 Exception <a 'java/lang/NoSuchMethodError'{0x00000000b15f8d48}: java.lang.invoke.DirectMethodHandle$Holder.invokeSpecial(Ljava/lang/Object;Ljava/lang/Object;Ljava/lang/Object;Ljava/lang/Object;Ljava/lang/Object;Ljava/lang/Object;)V> (0x00000000b15f8d48) t
Event: 4.721 Thread 0x000001cd3c5ca800 Exception <a 'java/lang/NoSuchMethodError'{0x00000000b294be20}: java.lang.invoke.DirectMethodHandle$Holder.invokeStaticInit(Ljava/lang/Object;Ljava/lang/Object;)I> (0x00000000b294be20) thrown at [t:/workspace/open/src/hotspot/share/interpreter/linkResolve
Event: 4.826 Thread 0x000001cd3c5ca800 Exception <a 'java/lang/NullPointerException'{0x00000000b2891a50}> (0x00000000b2891a50) thrown at [t:/workspace/open/src/hotspot/share/interpreter/linkResolver.cpp, line 1412]
Event: 7.130 Thread 0x000001cd3c5ca800 Exception <a 'java/lang/NullPointerException'{0x00000000b28a19a0}> (0x00000000b28a19a0) thrown at [t:/workspace/open/src/hotspot/share/interpreter/linkResolver.cpp, line 1412]
Event: 7.138 Thread 0x000001cd3c5ca800 Exception <a 'java/lang/NullPointerException'{0x00000000b28ad530}> (0x00000000b28ad530) thrown at [t:/workspace/open/src/hotspot/share/interpreter/linkResolver.cpp, line 1412]
Event: 7.142 Thread 0x000001cd3c5ca800 Exception <a 'java/lang/NullPointerException'{0x00000000b28b9008}> (0x00000000b28b9008) thrown at [t:/workspace/open/src/hotspot/share/interpreter/linkResolver.cpp, line 1412]

Events (10 events):
Event: 6.002 loading class java/util/EnumMap$ValueIterator
Event: 6.002 loading class java/util/EnumMap$EnumMapIterator
Event: 6.003 loading class java/util/EnumMap$EnumMapIterator done
Event: 6.003 loading class java/util/EnumMap$ValueIterator done
Event: 6.004 loading class javafx/event/Event
Event: 6.004 loading class javafx/event/Event done
Event: 6.004 loading class javafx/event/Event
Event: 6.004 loading class javafx/event/Event done
Event: 6.004 loading class javafx/scene/Node
Event: 6.004 loading class javafx/scene/Node done


Dynamic libraries:
0x00007ff6cebe0000 - 0x00007ff6cec1e000 	C:\DEV\java\jdk\jdk10\bin\javaw.exe
0x00007ffcf6480000 - 0x00007ffcf6661000 	C:\WINDOWS\SYSTEM32\ntdll.dll
0x00007ffcf5500000 - 0x00007ffcf55b1000 	C:\WINDOWS\System32\KERNEL32.DLL
0x00007ffcf2a40000 - 0x00007ffcf2cb3000 	C:\WINDOWS\System32\KERNELBASE.dll
0x00007ffcf5f10000 - 0x00007ffcf5fb1000 	C:\WINDOWS\System32\ADVAPI32.dll
0x00007ffcf3f20000 - 0x00007ffcf3fbe000 	C:\WINDOWS\System32\msvcrt.dll
0x00007ffcf5740000 - 0x00007ffcf579b000 	C:\WINDOWS\System32\sechost.dll
0x00007ffcf5920000 - 0x00007ffcf5a44000 	C:\WINDOWS\System32\RPCRT4.dll
0x00007ffcf5d80000 - 0x00007ffcf5f10000 	C:\WINDOWS\System32\USER32.dll
0x00007ffcf35c0000 - 0x00007ffcf35e0000 	C:\WINDOWS\System32\win32u.dll
0x00007ffcf57b0000 - 0x00007ffcf57d8000 	C:\WINDOWS\System32\GDI32.dll
0x00007ffcf28a0000 - 0x00007ffcf2a32000 	C:\WINDOWS\System32\gdi32full.dll
0x00007ffcf35e0000 - 0x00007ffcf367f000 	C:\WINDOWS\System32\msvcp_win.dll
0x00007ffcf36e0000 - 0x00007ffcf37d8000 	C:\WINDOWS\System32\ucrtbase.dll
0x00007ffce16d0000 - 0x00007ffce1939000 	C:\WINDOWS\WinSxS\amd64_microsoft.windows.common-controls_6595b64144ccf1df_6.0.17134.765_none_fb42a1a930655896\COMCTL32.dll
0x00007ffcf5a50000 - 0x00007ffcf5d72000 	C:\WINDOWS\System32\combase.dll
0x00007ffce79b0000 - 0x00007ffce79ba000 	C:\WINDOWS\SYSTEM32\VERSION.dll
0x00007ffcf3890000 - 0x00007ffcf390a000 	C:\WINDOWS\System32\bcryptPrimitives.dll
0x00007ffcf5400000 - 0x00007ffcf542d000 	C:\WINDOWS\System32\IMM32.DLL
0x00007ffcd4c60000 - 0x00007ffcd4d4f000 	C:\DEV\java\jdk\jdk10\bin\msvcr120.dll
0x00007ffcdf700000 - 0x00007ffcdf7a6000 	C:\DEV\java\jdk\jdk10\bin\msvcp120.dll
0x0000000054e20000 - 0x0000000055890000 	C:\DEV\java\jdk\jdk10\bin\server\jvm.dll
0x00007ffcf5810000 - 0x00007ffcf5818000 	C:\WINDOWS\System32\PSAPI.DLL
0x00007ffcf03d0000 - 0x00007ffcf03f3000 	C:\WINDOWS\SYSTEM32\WINMM.dll
0x00007ffce79c0000 - 0x00007ffce79c9000 	C:\WINDOWS\SYSTEM32\WSOCK32.dll
0x00007ffcf03a0000 - 0x00007ffcf03ca000 	C:\WINDOWS\SYSTEM32\WINMMBASE.dll
0x00007ffcf3dc0000 - 0x00007ffcf3e2c000 	C:\WINDOWS\System32\WS2_32.dll
0x00007ffcf2850000 - 0x00007ffcf2899000 	C:\WINDOWS\System32\cfgmgr32.dll
0x00007ffce5d80000 - 0x00007ffce5d8f000 	C:\DEV\java\jdk\jdk10\bin\verify.dll
0x00007ffcde280000 - 0x00007ffcde449000 	C:\WINDOWS\SYSTEM32\DBGHELP.DLL
0x00007ffcde1a0000 - 0x00007ffcde1c9000 	C:\WINDOWS\SYSTEM32\dbgcore.DLL
0x00007ffcdd560000 - 0x00007ffcdd587000 	C:\DEV\java\jdk\jdk10\bin\java.dll
0x00007ffce5cb0000 - 0x00007ffce5cc6000 	C:\DEV\java\jdk\jdk10\bin\zip.dll
0x00007ffce4120000 - 0x00007ffce412a000 	C:\DEV\java\jdk\jdk10\bin\jimage.dll
0x00007ffcf3fc0000 - 0x00007ffcf5400000 	C:\WINDOWS\System32\SHELL32.dll
0x00007ffcf5fc0000 - 0x00007ffcf6069000 	C:\WINDOWS\System32\shcore.dll
0x00007ffcf2cc0000 - 0x00007ffcf33cd000 	C:\WINDOWS\System32\windows.storage.dll
0x00007ffcf63f0000 - 0x00007ffcf6441000 	C:\WINDOWS\System32\shlwapi.dll
0x00007ffcf27d0000 - 0x00007ffcf27e1000 	C:\WINDOWS\System32\kernel.appcore.dll
0x00007ffcf2790000 - 0x00007ffcf27af000 	C:\WINDOWS\System32\profapi.dll
0x00007ffcf2800000 - 0x00007ffcf284c000 	C:\WINDOWS\System32\powrprof.dll
0x00007ffcf27f0000 - 0x00007ffcf27fa000 	C:\WINDOWS\System32\FLTLIB.DLL
0x00007ffce3c60000 - 0x00007ffce3c7a000 	C:\dev\Java\jdk\jdk10\bin\net.dll
0x00007ffcee540000 - 0x00007ffcee61d000 	C:\WINDOWS\SYSTEM32\WINHTTP.dll
0x00007ffcf1fb0000 - 0x00007ffcf2016000 	C:\WINDOWS\system32\mswsock.dll
0x00007ffce3b60000 - 0x00007ffce3b71000 	C:\dev\Java\jdk\jdk10\bin\nio.dll
0x000001cd0e780000 - 0x000001cd0e783000 	C:\dev\Java\jdk\jdk10\bin\api-ms-win-core-console-l1-1-0.dll
0x000001cd0e790000 - 0x000001cd0e793000 	C:\dev\Java\jdk\jdk10\bin\api-ms-win-core-datetime-l1-1-0.dll
0x000001cd0e7a0000 - 0x000001cd0e7a3000 	C:\dev\Java\jdk\jdk10\bin\api-ms-win-core-debug-l1-1-0.dll
0x000001cd0e910000 - 0x000001cd0e913000 	C:\dev\Java\jdk\jdk10\bin\api-ms-win-core-errorhandling-l1-1-0.dll
0x000001cd0e920000 - 0x000001cd0e924000 	C:\dev\Java\jdk\jdk10\bin\api-ms-win-core-file-l1-1-0.dll
0x000001cd0e930000 - 0x000001cd0e933000 	C:\dev\Java\jdk\jdk10\bin\api-ms-win-core-file-l1-2-0.dll
0x000001cd0e940000 - 0x000001cd0e943000 	C:\dev\Java\jdk\jdk10\bin\api-ms-win-core-file-l2-1-0.dll
0x000001cd0e950000 - 0x000001cd0e953000 	C:\dev\Java\jdk\jdk10\bin\api-ms-win-core-handle-l1-1-0.dll
0x000001cd0e960000 - 0x000001cd0e963000 	C:\dev\Java\jdk\jdk10\bin\api-ms-win-core-heap-l1-1-0.dll
0x000001cd0e970000 - 0x000001cd0e973000 	C:\dev\Java\jdk\jdk10\bin\api-ms-win-core-interlocked-l1-1-0.dll
0x000001cd0e980000 - 0x000001cd0e983000 	C:\dev\Java\jdk\jdk10\bin\api-ms-win-core-libraryloader-l1-1-0.dll
0x000001cd10870000 - 0x000001cd10873000 	C:\dev\Java\jdk\jdk10\bin\api-ms-win-core-localization-l1-2-0.dll
0x000001cd10880000 - 0x000001cd10883000 	C:\dev\Java\jdk\jdk10\bin\api-ms-win-core-memory-l1-1-0.dll
0x000001cd10890000 - 0x000001cd10893000 	C:\dev\Java\jdk\jdk10\bin\api-ms-win-core-namedpipe-l1-1-0.dll
0x000001cd108a0000 - 0x000001cd108a3000 	C:\dev\Java\jdk\jdk10\bin\api-ms-win-core-processenvironment-l1-1-0.dll
0x000001cd108b0000 - 0x000001cd108b3000 	C:\dev\Java\jdk\jdk10\bin\api-ms-win-core-processthreads-l1-1-0.dll
0x000001cd108c0000 - 0x000001cd108c3000 	C:\dev\Java\jdk\jdk10\bin\api-ms-win-core-processthreads-l1-1-1.dll
0x000001cd108d0000 - 0x000001cd108d3000 	C:\dev\Java\jdk\jdk10\bin\api-ms-win-core-profile-l1-1-0.dll
0x000001cd108e0000 - 0x000001cd108e3000 	C:\dev\Java\jdk\jdk10\bin\api-ms-win-core-rtlsupport-l1-1-0.dll
0x000001cd108f0000 - 0x000001cd108f3000 	C:\dev\Java\jdk\jdk10\bin\api-ms-win-core-string-l1-1-0.dll
0x000001cd10900000 - 0x000001cd10903000 	C:\dev\Java\jdk\jdk10\bin\api-ms-win-core-synch-l1-1-0.dll
0x000001cd10910000 - 0x000001cd10913000 	C:\dev\Java\jdk\jdk10\bin\api-ms-win-core-synch-l1-2-0.dll
0x000001cd10920000 - 0x000001cd10923000 	C:\dev\Java\jdk\jdk10\bin\api-ms-win-core-sysinfo-l1-1-0.dll
0x000001cd10930000 - 0x000001cd10933000 	C:\dev\Java\jdk\jdk10\bin\api-ms-win-core-timezone-l1-1-0.dll
0x000001cd3cbb0000 - 0x000001cd3cbb3000 	C:\dev\Java\jdk\jdk10\bin\api-ms-win-core-util-l1-1-0.dll
0x000001cd3cbc0000 - 0x000001cd3cbc3000 	C:\dev\Java\jdk\jdk10\bin\api-ms-win-crt-conio-l1-1-0.dll
0x000001cd3cbd0000 - 0x000001cd3cbd4000 	C:\dev\Java\jdk\jdk10\bin\api-ms-win-crt-convert-l1-1-0.dll
0x000001cd3cbe0000 - 0x000001cd3cbe3000 	C:\dev\Java\jdk\jdk10\bin\api-ms-win-crt-environment-l1-1-0.dll
0x000001cd3cbf0000 - 0x000001cd3cbf3000 	C:\dev\Java\jdk\jdk10\bin\api-ms-win-crt-filesystem-l1-1-0.dll
0x000001cd3cc00000 - 0x000001cd3cc03000 	C:\dev\Java\jdk\jdk10\bin\api-ms-win-crt-heap-l1-1-0.dll
0x000001cd3cc10000 - 0x000001cd3cc13000 	C:\dev\Java\jdk\jdk10\bin\api-ms-win-crt-locale-l1-1-0.dll
0x000001cd3cc20000 - 0x000001cd3cc25000 	C:\dev\Java\jdk\jdk10\bin\api-ms-win-crt-math-l1-1-0.dll
0x000001cd3cc30000 - 0x000001cd3cc35000 	C:\dev\Java\jdk\jdk10\bin\api-ms-win-crt-multibyte-l1-1-0.dll
0x000001cd3cc40000 - 0x000001cd3cc50000 	C:\dev\Java\jdk\jdk10\bin\api-ms-win-crt-private-l1-1-0.dll
0x000001cd3cc50000 - 0x000001cd3cc53000 	C:\dev\Java\jdk\jdk10\bin\api-ms-win-crt-process-l1-1-0.dll
0x000001cd3cc60000 - 0x000001cd3cc64000 	C:\dev\Java\jdk\jdk10\bin\api-ms-win-crt-runtime-l1-1-0.dll
0x000001cd3cc70000 - 0x000001cd3cc74000 	C:\dev\Java\jdk\jdk10\bin\api-ms-win-crt-stdio-l1-1-0.dll
0x000001cd3cc80000 - 0x000001cd3cc84000 	C:\dev\Java\jdk\jdk10\bin\api-ms-win-crt-string-l1-1-0.dll
0x000001cd3cc90000 - 0x000001cd3cc93000 	C:\dev\Java\jdk\jdk10\bin\api-ms-win-crt-time-l1-1-0.dll
0x000001cd3cca0000 - 0x000001cd3cca3000 	C:\dev\Java\jdk\jdk10\bin\api-ms-win-crt-utility-l1-1-0.dll
0x00007ffcd3e00000 - 0x00007ffcd3ef6000 	C:\dev\Java\jdk\jdk10\bin\ucrtbase.dll
0x00007ffcec3d0000 - 0x00007ffcec3e6000 	C:\dev\Java\jdk\jdk10\bin\vcruntime140.dll
0x00007ffcdd130000 - 0x00007ffcdd1cc000 	C:\dev\Java\jdk\jdk10\bin\msvcp140.dll
0x00007ffce7a50000 - 0x00007ffce7aa1000 	C:\dev\Java\jdk\jdk10\bin\concrt140.dll
0x00007ffcec280000 - 0x00007ffcec2a3000 	C:\dev\Java\jdk\jdk10\bin\prism_d3d.dll
0x00007ffcc92f0000 - 0x00007ffcc9487000 	C:\WINDOWS\system32\d3d9.dll
0x00007ffcf10f0000 - 0x00007ffcf1119000 	C:\WINDOWS\SYSTEM32\dwmapi.dll
0x00007ffcf0db0000 - 0x00007ffcf0e48000 	C:\WINDOWS\system32\uxtheme.dll
0x00007ffcebce0000 - 0x00007ffcebe44000 	C:\WINDOWS\SYSTEM32\aticfx64.dll
0x00007ffcec010000 - 0x00007ffcec031000 	C:\WINDOWS\SYSTEM32\atiu9p64.dll
0x00007ffccc830000 - 0x00007ffccd089000 	C:\WINDOWS\SYSTEM32\atiumd64.dll
0x0000000055bb0000 - 0x0000000056438000 	C:\WINDOWS\SYSTEM32\atiumd6a.dll
0x00007ffce4140000 - 0x00007ffce418a000 	C:\dev\Java\jdk\jdk10\bin\glass.dll
0x00007ffcf3e30000 - 0x00007ffcf3f1d000 	C:\WINDOWS\System32\COMDLG32.dll
0x00007ffcf6290000 - 0x00007ffcf63e1000 	C:\WINDOWS\System32\ole32.dll
0x00007ffcf5430000 - 0x00007ffcf54f2000 	C:\WINDOWS\System32\OLEAUT32.dll
0x00007ffcf55c0000 - 0x00007ffcf5733000 	C:\WINDOWS\System32\MSCTF.dll
0x00007ffcead20000 - 0x00007ffcead39000 	C:\Program Files (x86)\Smadav\SmadHook64.dll
0x00007ffce8f20000 - 0x00007ffce8f34000 	C:\dev\Java\jdk\jdk10\bin\javafx_font.dll
0x00007ffccfe20000 - 0x00007ffccffbb000 	C:\dev\Java\jdk\jdk10\bin\awt.dll
0x00007ffcefac0000 - 0x00007ffcf0087000 	C:\WINDOWS\SYSTEM32\d2d1.dll
0x00007ffcf0bf0000 - 0x00007ffcf0c7b000 	C:\WINDOWS\SYSTEM32\apphelp.dll
0x00007ffce3c90000 - 0x00007ffce3cf5000 	C:\dev\Java\jdk\jdk10\bin\fontmanager.dll
0x00007ffce8530000 - 0x00007ffce884c000 	C:\WINDOWS\SYSTEM32\dwrite.dll
0x00007ffce68d0000 - 0x00007ffce68f3000 	C:\dev\Java\jdk\jdk10\bin\javafx_iio.dll
0x00007ffcf0b00000 - 0x00007ffcf0b09000 	C:\dev\Java\jdk\jdk10\bin\management.dll
0x00007ffcef180000 - 0x00007ffcef18a000 	C:\dev\Java\jdk\jdk10\bin\management_ext.dll
0x00007ffcf1d80000 - 0x00007ffcf1e3e000 	C:\WINDOWS\SYSTEM32\DNSAPI.dll
0x00007ffcf5800000 - 0x00007ffcf5808000 	C:\WINDOWS\System32\NSI.dll
0x00007ffcf1d30000 - 0x00007ffcf1d68000 	C:\WINDOWS\SYSTEM32\IPHLPAPI.DLL
0x00007ffce58b0000 - 0x00007ffce58ba000 	C:\Windows\System32\rasadhlp.dll
0x00007ffce7c40000 - 0x00007ffce7cb2000 	C:\WINDOWS\System32\fwpuclnt.dll
0x00007ffcf2290000 - 0x00007ffcf22b5000 	C:\WINDOWS\SYSTEM32\bcrypt.dll
0x00007ffcec450000 - 0x00007ffcec466000 	C:\WINDOWS\system32\napinsp.dll
0x00007ffce7cc0000 - 0x00007ffce7cda000 	C:\WINDOWS\system32\pnrpnsp.dll
0x00007ffcee0e0000 - 0x00007ffcee0f9000 	C:\WINDOWS\system32\NLAapi.dll
0x00007ffcec700000 - 0x00007ffcec70e000 	C:\WINDOWS\System32\winrnr.dll
0x00007ffceaeb0000 - 0x00007ffceaec5000 	C:\WINDOWS\System32\wshbth.dll
0x00007ffcf2170000 - 0x00007ffcf2187000 	C:\WINDOWS\SYSTEM32\CRYPTSP.dll
0x00007ffcf1b90000 - 0x00007ffcf1bc3000 	C:\WINDOWS\system32\rsaenh.dll
0x00007ffcf26c0000 - 0x00007ffcf26e8000 	C:\WINDOWS\SYSTEM32\USERENV.dll
0x00007ffcf2160000 - 0x00007ffcf216b000 	C:\WINDOWS\SYSTEM32\CRYPTBASE.dll

dbghelp: loaded successfully - version: 4.0.5 - missing functions: none
symbol engine: initialized successfully - sym options: 0x614 - pdb path: .;C:\DEV\java\jdk\jdk10\bin;C:\WINDOWS\SYSTEM32;C:\WINDOWS\WinSxS\amd64_microsoft.windows.common-controls_6595b64144ccf1df_6.0.17134.765_none_fb42a1a930655896;C:\DEV\java\jdk\jdk10\bin\server;C:\Program Files (x86)\Smadav;C:\Program Files\Common Files\Microsoft Shared\Ink

VM Arguments:
jvm_args: -Dfile.encoding=UTF-8 
java_command: projet.MainProjet
java_class_path (initial): C:\Users\Ce\Desktop\Java_Framework\projet\bin;C:\Users\Ce\Desktop\Java_Framework\Framework-3iL\bin;C:\Users\Ce\Desktop\Java_Framework\~libraries\JDBC Drivers\ojdbc8.jar;C:\Users\Ce\Desktop\Java_Framework\~libraries\mapstruct-1.3\mapstruct-1.3.0.Final.jar
Launcher Type: SUN_STANDARD

Logging:
Log output configuration:
#0: stdout all=warning uptime,level,tags
#1: stderr all=off uptime,level,tags

Environment Variables:
PATH=C:/dev/java/jdk/jdk10/bin/server;C:/dev/java/jdk/jdk10/bin;C:\oraclexe\app\oracle\product\11.2.0\server\bin;C:\Program Files (x86)\Common Files\Oracle\Java\javapath;C:\ProgramData\Oracle\Java\javapath;C:\WINDOWS\system32;C:\WINDOWS;C:\WINDOWS\System32\Wbem;C:\WINDOWS\System32\WindowsPowerShell\v1.0\;C:\WINDOWS\System32\OpenSSH\;C:\Program Files\dotnet\;C:\Program Files\Microsoft SQL Server\130\Tools\Binn\;C:\Program Files\nodejs\;C:\Program Files\MATLAB\R2019a\bin;C:\Users\Ce\AppData\Local\Microsoft\WindowsApps;C:\Users\Ce\AppData\Roaming\npm;C:\dev\Java\eclipse-4.10-java;
USERNAME=Ce
OS=Windows_NT
PROCESSOR_IDENTIFIER=AMD64 Family 21 Model 19 Stepping 1, AuthenticAMD



---------------  S Y S T E M  ---------------

OS: Windows 10 , 64 bit Build 17134 (10.0.17134.753)

CPU:total 4 (initial active 4) (4 cores per cpu, 1 threads per core) family 21 model 19 stepping 1, cmov, cx8, fxsr, mmx, sse, sse2, sse3, ssse3, sse4.1, sse4.2, popcnt, avx, aes, clmul, mmxext, 3dnowpref, lzcnt, sse4a, tsc, tscinvbit, tscinv, bmi1, fma

Memory: 4k page, physical 5472624k(1160896k free), swap 5996912k(6516k free)

vm_info: Java HotSpot(TM) 64-Bit Server VM (10.0.2+13) for windows-amd64 JRE (10.0.2+13), built on Jun 28 2018 01:57:56 by "mach5one" with MS VC++ 12.0 (VS2013)

END.
