#
# There is insufficient memory for the Java Runtime Environment to continue.
# Native memory allocation (malloc) failed to allocate 800896 bytes for Chunk::new
# Possible reasons:
#   The system is out of physical RAM or swap space
#   The process is running with CompressedOops enabled, and the Java Heap may be blocking the growth of the native heap
# Possible solutions:
#   Reduce memory load on the system
#   Increase physical memory or swap space
#   Check if swap backing store is full
#   Decrease Java heap size (-Xmx/-Xms)
#   Decrease number of Java threads
#   Decrease Java thread stack sizes (-Xss)
#   Set larger code cache with -XX:ReservedCodeCacheSize=
#   JVM is running with Unscaled Compressed Oops mode in which the Java heap is
#     placed in the first 4GB address space. The Java Heap base address is the
#     maximum limit for the native heap growth. Please use -XX:HeapBaseMinAddress
#     to set the Java Heap base and to place the Java Heap above 4GB virtual address.
# This output file may be truncated or incomplete.
#
#  Out of Memory Error (t:/workspace/open/src/hotspot/share/memory/arena.cpp:198), pid=2024, tid=1928
#
# JRE version: Java(TM) SE Runtime Environment (10.0.2+13) (build 10.0.2+13)
# Java VM: Java HotSpot(TM) 64-Bit Server VM (10.0.2+13, mixed mode, tiered, compressed oops, g1 gc, windows-amd64)
# No core dump will be written. Minidumps are not enabled by default on client versions of Windows
#

---------------  S U M M A R Y ------------

Command Line: -Dfile.encoding=UTF-8 projet.MainProjet

Host: AMD A10-5745M APU with Radeon(tm) HD Graphics  , 4 cores, 5G,  Windows 10 , 64 bit Build 17134 (10.0.17134.753)
Time: Sun Jun 09 11:39:45 2019 Paris, Madrid (heure d?été) elapsed time: 4 seconds (0d 0h 0m 4s)

---------------  T H R E A D  ---------------

Current thread (0x0000021050368800):  JavaThread "C2 CompilerThread1" daemon [_thread_in_native, id=1928, stack(0x00000050a0e00000,0x00000050a0f00000)]


Current CompileTask:
C2:   4295 2165       4       java.lang.invoke.MemberName::getMethodOrFieldType (72 bytes)

Stack: [0x00000050a0e00000,0x00000050a0f00000]
Native frames: (J=compiled Java code, j=interpreted, Vv=VM code, C=native code)
V  [jvm.dll+0x5a01a9]
V  [jvm.dll+0x6bcf31]
V  [jvm.dll+0x6be126]
V  [jvm.dll+0x6be7b3]
V  [jvm.dll+0x234978]
V  [jvm.dll+0xbb69c]
V  [jvm.dll+0xbbbac]
V  [jvm.dll+0x2a68e4]
V  [jvm.dll+0x4bf92a]
V  [jvm.dll+0x201949]
V  [jvm.dll+0x1ff0a1]
V  [jvm.dll+0x17c94b]
V  [jvm.dll+0x20c8dd]
V  [jvm.dll+0x20b6a6]
V  [jvm.dll+0x68b7ff]
V  [jvm.dll+0x59f4b0]
C  [msvcr120.dll+0x24f7f]
C  [msvcr120.dll+0x25126]
C  [KERNEL32.DLL+0x14034]
C  [ntdll.dll+0x73691]


---------------  P R O C E S S  ---------------

Threads class SMR info:
_java_thread_list=0x000002106192e700, length=21, elements={
0x000002102e1af800, 0x00000210502f1800, 0x0000021050302800, 0x0000021050356800,
0x000002105035d000, 0x0000021050360000, 0x0000021050368800, 0x0000021050374000,
0x0000021050375000, 0x0000021050691000, 0x0000021050695800, 0x0000021050694000,
0x000002105bc2c800, 0x000002105c076800, 0x000002105be6f000, 0x000002105d63c800,
0x000002105bece000, 0x000002106155f800, 0x000002105da57000, 0x0000021062be3800,
0x0000021061dd3800
}

Java Threads: ( => current thread )
  0x000002102e1af800 JavaThread "main" [_thread_blocked, id=2828, stack(0x000000509fc00000,0x000000509fd00000)]
  0x00000210502f1800 JavaThread "Reference Handler" daemon [_thread_blocked, id=9308, stack(0x00000050a0900000,0x00000050a0a00000)]
  0x0000021050302800 JavaThread "Finalizer" daemon [_thread_blocked, id=10988, stack(0x00000050a0a00000,0x00000050a0b00000)]
  0x0000021050356800 JavaThread "Signal Dispatcher" daemon [_thread_blocked, id=2884, stack(0x00000050a0b00000,0x00000050a0c00000)]
  0x000002105035d000 JavaThread "Attach Listener" daemon [_thread_blocked, id=4324, stack(0x00000050a0c00000,0x00000050a0d00000)]
  0x0000021050360000 JavaThread "C2 CompilerThread0" daemon [_thread_in_native, id=8436, stack(0x00000050a0d00000,0x00000050a0e00000)]
=>0x0000021050368800 JavaThread "C2 CompilerThread1" daemon [_thread_in_native, id=1928, stack(0x00000050a0e00000,0x00000050a0f00000)]
  0x0000021050374000 JavaThread "C1 CompilerThread2" daemon [_thread_blocked, id=7792, stack(0x00000050a0f00000,0x00000050a1000000)]
  0x0000021050375000 JavaThread "Sweeper thread" daemon [_thread_blocked, id=12108, stack(0x00000050a1000000,0x00000050a1100000)]
  0x0000021050691000 JavaThread "Service Thread" daemon [_thread_blocked, id=10728, stack(0x00000050a1100000,0x00000050a1200000)]
  0x0000021050695800 JavaThread "Common-Cleaner" daemon [_thread_blocked, id=6412, stack(0x00000050a1200000,0x00000050a1300000)]
  0x0000021050694000 JavaThread "JavaFX-Launcher" [_thread_blocked, id=7768, stack(0x00000050a1400000,0x00000050a1500000)]
  0x000002105bc2c800 JavaThread "QuantumRenderer-0" daemon [_thread_blocked, id=2844, stack(0x00000050a1500000,0x00000050a1600000)]
  0x000002105c076800 JavaThread "InvokeLaterDispatcher" daemon [_thread_blocked, id=12324, stack(0x00000050a1700000,0x00000050a1800000)]
  0x000002105be6f000 JavaThread "JavaFX Application Thread" [_thread_in_Java, id=13308, stack(0x00000050a1800000,0x00000050a1900000)]
  0x000002105d63c800 JavaThread "Thread-2" daemon [_thread_in_native, id=4632, stack(0x00000050a1f00000,0x00000050a2000000)]
  0x000002105bece000 JavaThread "Java2D Disposer" daemon [_thread_blocked, id=13124, stack(0x00000050a2000000,0x00000050a2100000)]
  0x000002106155f800 JavaThread "Timer-0" daemon [_thread_blocked, id=6468, stack(0x00000050a2100000,0x00000050a2200000)]
  0x000002105da57000 JavaThread "oracle.jdbc.driver.BlockSource.ThreadedCachingBlockSource.BlockReleaser" daemon [_thread_blocked, id=12268, stack(0x00000050a2200000,0x00000050a2300000)]
  0x0000021062be3800 JavaThread "InterruptTimer" daemon [_thread_blocked, id=212, stack(0x00000050a2300000,0x00000050a2400000)]
  0x0000021061dd3800 JavaThread "Prism Font Disposer" daemon [_thread_blocked, id=9816, stack(0x00000050a2500000,0x00000050a2600000)]

Other Threads:
  0x00000210502ee000 VMThread "VM Thread" [stack: 0x00000050a0800000,0x00000050a0900000] [id=10312]
  0x0000021050696000 WatcherThread [stack: 0x00000050a1300000,0x00000050a1400000] [id=10420]
  0x000002102e1c7000 GCTaskThread "GC Thread#0" [stack: 0x000000509fd00000,0x000000509fe00000] [id=9060]
  0x000002102e1c8800 GCTaskThread "GC Thread#1" [stack: 0x000000509fe00000,0x000000509ff00000] [id=12560]
  0x000002102e1cc800 GCTaskThread "GC Thread#2" [stack: 0x000000509ff00000,0x00000050a0000000] [id=11996]
  0x000002102e1d1800 GCTaskThread "GC Thread#3" [stack: 0x00000050a0000000,0x00000050a0100000] [id=7376]
  0x000002102e22a800 ConcurrentGCThread "G1 Main Marker" [stack: 0x00000050a0100000,0x00000050a0200000] [id=10756]
  0x000002102e1d5800 ConcurrentGCThread "G1 Conc#0" [stack: 0x00000050a0200000,0x00000050a0300000] [id=4584]
  0x000002102e27c000 ConcurrentGCThread "G1 Refine#0" [stack: 0x00000050a0300000,0x00000050a0400000] [id=10144]
  0x000002102e27f000 ConcurrentGCThread "G1 Refine#1" [stack: 0x00000050a0400000,0x00000050a0500000] [id=7928]
  0x000002102e27f800 ConcurrentGCThread "G1 Refine#2" [stack: 0x00000050a0500000,0x00000050a0600000] [id=1452]
  0x000002102e280800 ConcurrentGCThread "G1 Refine#3" [stack: 0x00000050a0600000,0x00000050a0700000] [id=7940]
  0x000002102e284800 ConcurrentGCThread "G1 Young RemSet Sampling" [stack: 0x00000050a0700000,0x00000050a0800000] [id=7920]

Threads with active compile tasks:
C2 CompilerThread02197 %     4       java.util.Properties$LineReader::readLine @ 21 (585 bytes)
C2 CompilerThread12165       4       java.lang.invoke.MemberName::getMethodOrFieldType (72 bytes)
C1 CompilerThread22225       3       javafx.beans.property.ObjectPropertyBase::fireValueChangedEvent (8 bytes)

VM state:not at safepoint (normal execution)

VM Mutex/Monitor currently owned by a thread: None

Heap address: 0x00000000ac600000, size: 1338 MB, Compressed Oops mode: 32-bit
Narrow klass base: 0x0000000000000000, Narrow klass shift: 3
Compressed class space size: 1073741824 Address: 0x0000000100000000

Heap:
 garbage-first heap   total 86016K, used 33916K [0x00000000ac600000, 0x0000000100000000)
  region size 1024K, 25 young (25600K), 3 survivors (3072K)
 Metaspace       used 32505K, capacity 33277K, committed 33740K, reserved 1079296K
  class space    used 4058K, capacity 4440K, committed 4556K, reserved 1048576K
Heap Regions: E=young(eden), S=young(survivor), O=old, HS=humongous(starts), HC=humongous(continues), CS=collection set, F=free, A=archive, TS=gc time stamp, AC=allocation context, TAMS=top-at-mark-start (previous, next)
|   0|0x00000000ac600000, 0x00000000ac700000, 0x00000000ac700000|100%|HS|  |TS  0|AC  0|TAMS 0x00000000ac700000, 0x00000000ac700000|
|   1|0x00000000ac700000, 0x00000000ac800000, 0x00000000ac800000|100%|HC|  |TS  0|AC  0|TAMS 0x00000000ac800000, 0x00000000ac800000|
|   2|0x00000000ac800000, 0x00000000ac900000, 0x00000000ac900000|100%| O|  |TS  0|AC  0|TAMS 0x00000000ac900000, 0x00000000ac900000|
|   3|0x00000000ac900000, 0x00000000aca00000, 0x00000000aca00000|100%| O|  |TS  0|AC  0|TAMS 0x00000000aca00000, 0x00000000aca00000|
|   4|0x00000000aca00000, 0x00000000acb00000, 0x00000000acb00000|100%|HS|  |TS  0|AC  0|TAMS 0x00000000acb00000, 0x00000000acb00000|
|   5|0x00000000acb00000, 0x00000000acc00000, 0x00000000acc00000|100%|HC|  |TS  0|AC  0|TAMS 0x00000000acc00000, 0x00000000acc00000|
|   6|0x00000000acc00000, 0x00000000acd00000, 0x00000000acd00000|100%| O|  |TS  0|AC  0|TAMS 0x00000000acd00000, 0x00000000acd00000|
|   7|0x00000000acd00000, 0x00000000ace00000, 0x00000000ace00000|100%| O|  |TS  0|AC  0|TAMS 0x00000000ace00000, 0x00000000ace00000|
|   8|0x00000000ace00000, 0x00000000acf00000, 0x00000000acf00000|100%| O|  |TS  0|AC  0|TAMS 0x00000000acf00000, 0x00000000acf00000|
|   9|0x00000000acf00000, 0x00000000acf1f000, 0x00000000ad000000| 12%| O|  |TS  0|AC  0|TAMS 0x00000000acf1f000, 0x00000000acf1f000|
|  10|0x00000000ad000000, 0x00000000ad000000, 0x00000000ad100000|  0%| F|  |TS  0|AC  0|TAMS 0x00000000ad000000, 0x00000000ad000000|
|  11|0x00000000ad100000, 0x00000000ad100000, 0x00000000ad200000|  0%| F|  |TS  0|AC  0|TAMS 0x00000000ad100000, 0x00000000ad100000|
|  12|0x00000000ad200000, 0x00000000ad200000, 0x00000000ad300000|  0%| F|  |TS  0|AC  0|TAMS 0x00000000ad200000, 0x00000000ad200000|
|  13|0x00000000ad300000, 0x00000000ad300000, 0x00000000ad400000|  0%| F|  |TS  0|AC  0|TAMS 0x00000000ad300000, 0x00000000ad300000|
|  14|0x00000000ad400000, 0x00000000ad400000, 0x00000000ad500000|  0%| F|  |TS  0|AC  0|TAMS 0x00000000ad400000, 0x00000000ad400000|
|  15|0x00000000ad500000, 0x00000000ad500000, 0x00000000ad600000|  0%| F|  |TS  0|AC  0|TAMS 0x00000000ad500000, 0x00000000ad500000|
|  16|0x00000000ad600000, 0x00000000ad600000, 0x00000000ad700000|  0%| F|  |TS  0|AC  0|TAMS 0x00000000ad600000, 0x00000000ad600000|
|  17|0x00000000ad700000, 0x00000000ad700000, 0x00000000ad800000|  0%| F|  |TS  0|AC  0|TAMS 0x00000000ad700000, 0x00000000ad700000|
|  18|0x00000000ad800000, 0x00000000ad800000, 0x00000000ad900000|  0%| F|  |TS  0|AC  0|TAMS 0x00000000ad800000, 0x00000000ad800000|
|  19|0x00000000ad900000, 0x00000000ad900000, 0x00000000ada00000|  0%| F|  |TS  0|AC  0|TAMS 0x00000000ad900000, 0x00000000ad900000|
|  20|0x00000000ada00000, 0x00000000ada00000, 0x00000000adb00000|  0%| F|  |TS  0|AC  0|TAMS 0x00000000ada00000, 0x00000000ada00000|
|  21|0x00000000adb00000, 0x00000000adb00000, 0x00000000adc00000|  0%| F|  |TS  0|AC  0|TAMS 0x00000000adb00000, 0x00000000adb00000|
|  22|0x00000000adc00000, 0x00000000adc00000, 0x00000000add00000|  0%| F|  |TS  0|AC  0|TAMS 0x00000000adc00000, 0x00000000adc00000|
|  23|0x00000000add00000, 0x00000000add00000, 0x00000000ade00000|  0%| F|  |TS  0|AC  0|TAMS 0x00000000add00000, 0x00000000add00000|
|  24|0x00000000ade00000, 0x00000000ade00000, 0x00000000adf00000|  0%| F|  |TS  0|AC  0|TAMS 0x00000000ade00000, 0x00000000ade00000|
|  25|0x00000000adf00000, 0x00000000adf00000, 0x00000000ae000000|  0%| F|  |TS  0|AC  0|TAMS 0x00000000adf00000, 0x00000000adf00000|
|  26|0x00000000ae000000, 0x00000000ae000000, 0x00000000ae100000|  0%| F|  |TS  0|AC  0|TAMS 0x00000000ae000000, 0x00000000ae000000|
|  27|0x00000000ae100000, 0x00000000ae100000, 0x00000000ae200000|  0%| F|  |TS  0|AC  0|TAMS 0x00000000ae100000, 0x00000000ae100000|
|  28|0x00000000ae200000, 0x00000000ae200000, 0x00000000ae300000|  0%| F|  |TS  0|AC  0|TAMS 0x00000000ae200000, 0x00000000ae200000|
|  29|0x00000000ae300000, 0x00000000ae300000, 0x00000000ae400000|  0%| F|  |TS  0|AC  0|TAMS 0x00000000ae300000, 0x00000000ae300000|
|  30|0x00000000ae400000, 0x00000000ae400000, 0x00000000ae500000|  0%| F|  |TS  0|AC  0|TAMS 0x00000000ae400000, 0x00000000ae400000|
|  31|0x00000000ae500000, 0x00000000ae500000, 0x00000000ae600000|  0%| F|  |TS  0|AC  0|TAMS 0x00000000ae500000, 0x00000000ae500000|
|  32|0x00000000ae600000, 0x00000000ae600000, 0x00000000ae700000|  0%| F|  |TS  0|AC  0|TAMS 0x00000000ae600000, 0x00000000ae600000|
|  33|0x00000000ae700000, 0x00000000ae700000, 0x00000000ae800000|  0%| F|  |TS  0|AC  0|TAMS 0x00000000ae700000, 0x00000000ae700000|
|  34|0x00000000ae800000, 0x00000000ae800000, 0x00000000ae900000|  0%| F|  |TS  0|AC  0|TAMS 0x00000000ae800000, 0x00000000ae800000|
|  35|0x00000000ae900000, 0x00000000ae900000, 0x00000000aea00000|  0%| F|  |TS  0|AC  0|TAMS 0x00000000ae900000, 0x00000000ae900000|
|  36|0x00000000aea00000, 0x00000000aea00000, 0x00000000aeb00000|  0%| F|  |TS  0|AC  0|TAMS 0x00000000aea00000, 0x00000000aea00000|
|  37|0x00000000aeb00000, 0x00000000aeb00000, 0x00000000aec00000|  0%| F|  |TS  0|AC  0|TAMS 0x00000000aeb00000, 0x00000000aeb00000|
|  38|0x00000000aec00000, 0x00000000aec00000, 0x00000000aed00000|  0%| F|  |TS  0|AC  0|TAMS 0x00000000aec00000, 0x00000000aec00000|
|  39|0x00000000aed00000, 0x00000000aed00000, 0x00000000aee00000|  0%| F|  |TS  0|AC  0|TAMS 0x00000000aed00000, 0x00000000aed00000|
|  40|0x00000000aee00000, 0x00000000aee00000, 0x00000000aef00000|  0%| F|  |TS  0|AC  0|TAMS 0x00000000aee00000, 0x00000000aee00000|
|  41|0x00000000aef00000, 0x00000000aef00000, 0x00000000af000000|  0%| F|  |TS  0|AC  0|TAMS 0x00000000aef00000, 0x00000000aef00000|
|  42|0x00000000af000000, 0x00000000af000000, 0x00000000af100000|  0%| F|  |TS  0|AC  0|TAMS 0x00000000af000000, 0x00000000af000000|
|  43|0x00000000af100000, 0x00000000af100000, 0x00000000af200000|  0%| F|  |TS  0|AC  0|TAMS 0x00000000af100000, 0x00000000af100000|
|  44|0x00000000af200000, 0x00000000af200000, 0x00000000af300000|  0%| F|  |TS  0|AC  0|TAMS 0x00000000af200000, 0x00000000af200000|
|  45|0x00000000af300000, 0x00000000af300000, 0x00000000af400000|  0%| F|  |TS  0|AC  0|TAMS 0x00000000af300000, 0x00000000af300000|
|  46|0x00000000af400000, 0x00000000af400000, 0x00000000af500000|  0%| F|  |TS  0|AC  0|TAMS 0x00000000af400000, 0x00000000af400000|
|  47|0x00000000af500000, 0x00000000af500000, 0x00000000af600000|  0%| F|  |TS  0|AC  0|TAMS 0x00000000af500000, 0x00000000af500000|
|  48|0x00000000af600000, 0x00000000af600000, 0x00000000af700000|  0%| F|  |TS  0|AC  0|TAMS 0x00000000af600000, 0x00000000af600000|
|  49|0x00000000af700000, 0x00000000af700000, 0x00000000af800000|  0%| F|  |TS  0|AC  0|TAMS 0x00000000af700000, 0x00000000af700000|
|  50|0x00000000af800000, 0x00000000af800000, 0x00000000af900000|  0%| F|  |TS  0|AC  0|TAMS 0x00000000af800000, 0x00000000af800000|
|  51|0x00000000af900000, 0x00000000af900000, 0x00000000afa00000|  0%| F|  |TS  0|AC  0|TAMS 0x00000000af900000, 0x00000000af900000|
|  52|0x00000000afa00000, 0x00000000afa00000, 0x00000000afb00000|  0%| F|  |TS  0|AC  0|TAMS 0x00000000afa00000, 0x00000000afa00000|
|  53|0x00000000afb00000, 0x00000000afb00000, 0x00000000afc00000|  0%| F|  |TS  0|AC  0|TAMS 0x00000000afb00000, 0x00000000afb00000|
|  54|0x00000000afc00000, 0x00000000afc00000, 0x00000000afd00000|  0%| F|  |TS  0|AC  0|TAMS 0x00000000afc00000, 0x00000000afc00000|
|  55|0x00000000afd00000, 0x00000000afd00000, 0x00000000afe00000|  0%| F|  |TS  0|AC  0|TAMS 0x00000000afd00000, 0x00000000afd00000|
|  56|0x00000000afe00000, 0x00000000afe00000, 0x00000000aff00000|  0%| F|  |TS  0|AC  0|TAMS 0x00000000afe00000, 0x00000000afe00000|
|  57|0x00000000aff00000, 0x00000000aff00000, 0x00000000b0000000|  0%| F|  |TS  0|AC  0|TAMS 0x00000000aff00000, 0x00000000aff00000|
|  58|0x00000000b0000000, 0x00000000b006fd30, 0x00000000b0100000| 43%| E|  |TS  0|AC  0|TAMS 0x00000000b0000000, 0x00000000b0000000|
|  59|0x00000000b0100000, 0x00000000b0200000, 0x00000000b0200000|100%| E|CS|TS  0|AC  0|TAMS 0x00000000b0100000, 0x00000000b0100000|
|  60|0x00000000b0200000, 0x00000000b0300000, 0x00000000b0300000|100%| E|CS|TS  0|AC  0|TAMS 0x00000000b0200000, 0x00000000b0200000|
|  61|0x00000000b0300000, 0x00000000b0400000, 0x00000000b0400000|100%| E|CS|TS  0|AC  0|TAMS 0x00000000b0300000, 0x00000000b0300000|
|  62|0x00000000b0400000, 0x00000000b0500000, 0x00000000b0500000|100%| E|CS|TS  0|AC  0|TAMS 0x00000000b0400000, 0x00000000b0400000|
|  63|0x00000000b0500000, 0x00000000b0600000, 0x00000000b0600000|100%| E|CS|TS  0|AC  0|TAMS 0x00000000b0500000, 0x00000000b0500000|
|  64|0x00000000b0600000, 0x00000000b0700000, 0x00000000b0700000|100%| E|CS|TS  0|AC  0|TAMS 0x00000000b0600000, 0x00000000b0600000|
|  65|0x00000000b0700000, 0x00000000b0800000, 0x00000000b0800000|100%| E|CS|TS  0|AC  0|TAMS 0x00000000b0700000, 0x00000000b0700000|
|  66|0x00000000b0800000, 0x00000000b0900000, 0x00000000b0900000|100%| E|CS|TS  0|AC  0|TAMS 0x00000000b0800000, 0x00000000b0800000|
|  67|0x00000000b0900000, 0x00000000b0a00000, 0x00000000b0a00000|100%| E|CS|TS  0|AC  0|TAMS 0x00000000b0900000, 0x00000000b0900000|
|  68|0x00000000b0a00000, 0x00000000b0b00000, 0x00000000b0b00000|100%| E|CS|TS  0|AC  0|TAMS 0x00000000b0a00000, 0x00000000b0a00000|
|  69|0x00000000b0b00000, 0x00000000b0c00000, 0x00000000b0c00000|100%| S|CS|TS  0|AC  0|TAMS 0x00000000b0b00000, 0x00000000b0b00000|
|  70|0x00000000b0c00000, 0x00000000b0d00000, 0x00000000b0d00000|100%| S|CS|TS  0|AC  0|TAMS 0x00000000b0c00000, 0x00000000b0c00000|
|  71|0x00000000b0d00000, 0x00000000b0e00000, 0x00000000b0e00000|100%| S|CS|TS  0|AC  0|TAMS 0x00000000b0d00000, 0x00000000b0d00000|
|  72|0x00000000b0e00000, 0x00000000b0f00000, 0x00000000b0f00000|100%| E|CS|TS  0|AC  0|TAMS 0x00000000b0e00000, 0x00000000b0e00000|
|  73|0x00000000b0f00000, 0x00000000b1000000, 0x00000000b1000000|100%| E|CS|TS  0|AC  0|TAMS 0x00000000b0f00000, 0x00000000b0f00000|
|  74|0x00000000b1000000, 0x00000000b1100000, 0x00000000b1100000|100%| E|CS|TS  0|AC  0|TAMS 0x00000000b1000000, 0x00000000b1000000|
|  75|0x00000000b1100000, 0x00000000b1200000, 0x00000000b1200000|100%| E|CS|TS  0|AC  0|TAMS 0x00000000b1100000, 0x00000000b1100000|
|  76|0x00000000b1200000, 0x00000000b1300000, 0x00000000b1300000|100%| E|CS|TS  0|AC  0|TAMS 0x00000000b1200000, 0x00000000b1200000|
|  77|0x00000000b1300000, 0x00000000b1400000, 0x00000000b1400000|100%| E|CS|TS  0|AC  0|TAMS 0x00000000b1300000, 0x00000000b1300000|
|  78|0x00000000b1400000, 0x00000000b1500000, 0x00000000b1500000|100%| E|CS|TS  0|AC  0|TAMS 0x00000000b1400000, 0x00000000b1400000|
|  79|0x00000000b1500000, 0x00000000b1600000, 0x00000000b1600000|100%| E|CS|TS  0|AC  0|TAMS 0x00000000b1500000, 0x00000000b1500000|
|  80|0x00000000b1600000, 0x00000000b1700000, 0x00000000b1700000|100%| E|CS|TS  0|AC  0|TAMS 0x00000000b1600000, 0x00000000b1600000|
|  81|0x00000000b1700000, 0x00000000b1800000, 0x00000000b1800000|100%| E|CS|TS  0|AC  0|TAMS 0x00000000b1700000, 0x00000000b1700000|
|  82|0x00000000b1800000, 0x00000000b1900000, 0x00000000b1900000|100%| E|CS|TS  0|AC  0|TAMS 0x00000000b1800000, 0x00000000b1800000|
|  83|0x00000000b1900000, 0x00000000b1a00000, 0x00000000b1a00000|100%| E|CS|TS  0|AC  0|TAMS 0x00000000b1900000, 0x00000000b1900000|

Card table byte_map: [0x000002104a630000,0x000002104a8d0000] byte_map_base: 0x000002104a0cd000

Marking Bits (Prev, Next): (CMBitMap*) 0x000002102e229ba8, (CMBitMap*) 0x000002102e229b70
 Prev Bits: [0x000002104c060000, 0x000002104d548000)
 Next Bits: [0x000002104ab70000, 0x000002104c058000)

Polling page: 0x000002102e000000

CodeHeap 'non-profiled nmethods': size=120064Kb used=1011Kb max_used=1011Kb free=119052Kb
 bounds [0x0000021042820000, 0x0000021042a90000, 0x0000021049d60000]
CodeHeap 'profiled nmethods': size=120000Kb used=4453Kb max_used=4453Kb free=115546Kb
 bounds [0x000002103b2f0000, 0x000002103b750000, 0x0000021042820000]
CodeHeap 'non-nmethods': size=5696Kb used=1363Kb max_used=1365Kb free=4332Kb
 bounds [0x000002103ad60000, 0x000002103afd0000, 0x000002103b2f0000]
 total_blobs=3513 nmethods=2220 adapters=710
 compilation: enabled

Compilation events (10 events):
Event: 4.277 Thread 0x0000021050360000 nmethod 2195 0x000002104291b990 code [0x000002104291bb60, 0x000002104291be38]
Event: 4.277 Thread 0x0000021050360000 2197 %     4       java.util.Properties$LineReader::readLine @ 21 (585 bytes)
Event: 4.285 Thread 0x0000021050374000 nmethod 2196 0x000002103b733e10 code [0x000002103b734840, 0x000002103b73b150]
Event: 4.285 Thread 0x0000021050374000 2191       3       java.lang.invoke.InfoFromMemberName::getName (8 bytes)
Event: 4.286 Thread 0x0000021050374000 nmethod 2191 0x000002103b73d090 code [0x000002103b73d280, 0x000002103b73d6b0]
Event: 4.286 Thread 0x0000021050374000 2192       3       java.lang.invoke.InfoFromMemberName::getMethodType (8 bytes)
Event: 4.286 Thread 0x0000021050374000 nmethod 2192 0x000002103b73d810 code [0x000002103b73d9c0, 0x000002103b73db50]
Event: 4.286 Thread 0x0000021050374000 2199       3       javafx.scene.Node::treeVisibleProperty (24 bytes)
Event: 4.287 Thread 0x0000021050374000 nmethod 2199 0x000002103b73dc10 code [0x000002103b73dde0, 0x000002103b73e1b8]
Event: 4.288 Thread 0x0000021050374000 2200   !   3       java.lang.invoke.MethodHandles$Lookup::canBeCached (143 bytes)

GC Heap History (6 events):
Event: 1.533 GC heap before
{Heap before GC invocations=0 (full 0):
 garbage-first heap   total 86016K, used 16384K [0x00000000ac600000, 0x0000000100000000)
  region size 1024K, 14 young (14336K), 0 survivors (0K)
 Metaspace       used 15881K, capacity 16340K, committed 16640K, reserved 1064960K
  class space    used 1780K, capacity 1985K, committed 2048K, reserved 1048576K
}
Event: 1.547 GC heap after
{Heap after GC invocations=1 (full 0):
 garbage-first heap   total 86016K, used 5916K [0x00000000ac600000, 0x0000000100000000)
  region size 1024K, 2 young (2048K), 2 survivors (2048K)
 Metaspace       used 15881K, capacity 16340K, committed 16640K, reserved 1064960K
  class space    used 1780K, capacity 1985K, committed 2048K, reserved 1048576K
}
Event: 1.676 GC heap before
{Heap before GC invocations=1 (full 0):
 garbage-first heap   total 86016K, used 10012K [0x00000000ac600000, 0x0000000100000000)
  region size 1024K, 4 young (4096K), 2 survivors (2048K)
 Metaspace       used 16938K, capacity 17381K, committed 17536K, reserved 1064960K
  class space    used 1961K, capacity 2159K, committed 2176K, reserved 1048576K
}
Event: 1.687 GC heap after
{Heap after GC invocations=2 (full 0):
 garbage-first heap   total 86016K, used 9076K [0x00000000ac600000, 0x0000000100000000)
  region size 1024K, 1 young (1024K), 1 survivors (1024K)
 Metaspace       used 16938K, capacity 17381K, committed 17536K, reserved 1064960K
  class space    used 1961K, capacity 2159K, committed 2176K, reserved 1048576K
}
Event: 2.356 GC heap before
{Heap before GC invocations=2 (full 0):
 garbage-first heap   total 86016K, used 19316K [0x00000000ac600000, 0x0000000100000000)
  region size 1024K, 12 young (12288K), 1 survivors (1024K)
 Metaspace       used 20582K, capacity 21126K, committed 21296K, reserved 1069056K
  class space    used 2410K, capacity 2665K, committed 2688K, reserved 1048576K
}
Event: 2.366 GC heap after
{Heap after GC invocations=3 (full 0):
 garbage-first heap   total 86016K, used 12412K [0x00000000ac600000, 0x0000000100000000)
  region size 1024K, 3 young (3072K), 3 survivors (3072K)
 Metaspace       used 20582K, capacity 21126K, committed 21296K, reserved 1069056K
  class space    used 2410K, capacity 2665K, committed 2688K, reserved 1048576K
}

Deoptimization events (10 events):
Event: 3.550 Thread 0x000002105be6f000 Uncommon trap: reason=bimorphic_or_optimized_type_check action=maybe_recompile pc=0x00000210428b91a0 method=java.util.HashMap.putVal(ILjava/lang/Object;Ljava/lang/Object;ZZ)Ljava/lang/Object; @ 203 c2
Event: 3.646 Thread 0x000002105be6f000 Uncommon trap: reason=unstable_if action=reinterpret pc=0x00000210428bb238 method=java.lang.String.<init>([CIILjava/lang/Void;)V @ 43 c2
Event: 3.667 Thread 0x000002105be6f000 Uncommon trap: reason=unstable_if action=reinterpret pc=0x000002104289f41c method=java.util.Arrays.equals([Ljava/lang/Object;[Ljava/lang/Object;)Z @ 23 c2
Event: 3.994 Thread 0x000002105be6f000 Uncommon trap: reason=unstable_if action=reinterpret pc=0x0000021042890978 method=java.util.HashMap.hash(Ljava/lang/Object;)I @ 1 c2
Event: 3.997 Thread 0x000002105be6f000 Uncommon trap: reason=unstable_if action=reinterpret pc=0x000002104287ccac method=java.util.HashMap.hash(Ljava/lang/Object;)I @ 1 c2
Event: 4.129 Thread 0x000002105be6f000 Uncommon trap: reason=class_check action=maybe_recompile pc=0x00000210428368cc method=java.lang.String.equals(Ljava/lang/Object;)Z @ 8 c2
Event: 4.129 Thread 0x000002105be6f000 Uncommon trap: reason=class_check action=maybe_recompile pc=0x00000210428368cc method=java.lang.String.equals(Ljava/lang/Object;)Z @ 8 c2
Event: 4.129 Thread 0x000002105be6f000 Uncommon trap: reason=class_check action=maybe_recompile pc=0x00000210428368cc method=java.lang.String.equals(Ljava/lang/Object;)Z @ 8 c2
Event: 4.131 Thread 0x000002105be6f000 Uncommon trap: reason=class_check action=maybe_recompile pc=0x00000210428368cc method=java.lang.String.equals(Ljava/lang/Object;)Z @ 8 c2
Event: 4.276 Thread 0x000002105be6f000 Uncommon trap: reason=unstable_if action=reinterpret pc=0x00000210428fd9f4 method=java.lang.ClassLoader.checkName(Ljava/lang/String;)Z @ 20 c2

Classes redefined (0 events):
No events

Internal exceptions (10 events):
Event: 3.791 Thread 0x000002105be6f000 Exception <a 'java/lang/NoSuchMethodError'{0x00000000b09fc570}: method resolution failed> (0x00000000b09fc570) thrown at [t:/workspace/open/src/hotspot/share/prims/methodHandles.cpp, line 1226]
Event: 3.962 Thread 0x000002105be6f000 Exception <a 'java/io/FileNotFoundException'{0x00000000b05f9b70}> (0x00000000b05f9b70) thrown at [t:/workspace/open/src/hotspot/share/prims/jni.cpp, line 611]
Event: 3.994 Thread 0x000002105be6f000 Implicit null exception at 0x0000021042890795 to 0x0000021042890966
Event: 3.997 Thread 0x000002105be6f000 Implicit null exception at 0x000002104287cc2f to 0x000002104287cc9d
Event: 4.060 Thread 0x000002105be6f000 Exception <a 'java/lang/NoSuchMethodError'{0x00000000b04d4d20}: method resolution failed> (0x00000000b04d4d20) thrown at [t:/workspace/open/src/hotspot/share/prims/methodHandles.cpp, line 1226]
Event: 4.161 Thread 0x000002105be6f000 Exception <a 'java/lang/IncompatibleClassChangeError'{0x00000000b0373428}: Found class java.lang.Object, but interface was expected> (0x00000000b0373428) thrown at [t:/workspace/open/src/hotspot/share/interpreter/linkResolver.cpp, line 807]
Event: 4.264 Thread 0x000002105be6f000 Exception <a 'java/lang/NoSuchMethodError'{0x00000000b0118798}: java.lang.Object.lambda$andThen$0(Ljava/util/function/Consumer;Ljava/lang/Object;)V> (0x00000000b0118798) thrown at [t:/workspace/open/src/hotspot/share/interpreter/linkResolver.cpp, line 741
Event: 4.276 Thread 0x000002105be6f000 Exception <a 'java/lang/ClassNotFoundException'{0x00000000b0130b48}: com/sun/javafx/scene/control/skin/resources/controls> (0x00000000b0130b48) thrown at [t:/workspace/open/src/hotspot/share/prims/jni.cpp, line 632]
Event: 4.277 Thread 0x000002105be6f000 Exception <a 'java/lang/ClassNotFoundException'{0x00000000b013eba8}: com/sun/javafx/scene/control/skin/resources/controls_fr> (0x00000000b013eba8) thrown at [t:/workspace/open/src/hotspot/share/prims/jni.cpp, line 632]
Event: 4.278 Thread 0x000002105be6f000 Exception <a 'java/lang/ClassNotFoundException'{0x00000000b014cf18}: com/sun/javafx/scene/control/skin/resources/controls_fr_FR> (0x00000000b014cf18) thrown at [t:/workspace/open/src/hotspot/share/prims/jni.cpp, line 632]

Events (10 events):
Event: 4.265 loading class javafx/scene/control/skin/ComboBoxListViewSkin done
Event: 4.276 Thread 0x000002105be6f000 Uncommon trap: trap_request=0xffffff55 fr.pc=0x00000210428fd9f4 relative=0x0000000000000134
Event: 4.276 Thread 0x000002105be6f000 DEOPT PACKING pc=0x00000210428fd9f4 sp=0x00000050a18f9500
Event: 4.276 Thread 0x000002105be6f000 DEOPT UNPACKING pc=0x000002103ad8852f sp=0x00000050a18f9498 mode 2
Event: 4.288 loading class javafx/beans/Observable
Event: 4.288 loading class javafx/beans/Observable done
Event: 4.288 loading class javafx/scene/control/skin/VirtualFlow
Event: 4.288 loading class javafx/scene/control/skin/VirtualFlow done
Event: 4.288 loading class com/sun/javafx/scene/control/VirtualScrollBar
Event: 4.288 loading class com/sun/javafx/scene/control/VirtualScrollBar done


Dynamic libraries:
0x00007ff767af0000 - 0x00007ff767b2e000 	C:\DEV\java\jdk\jdk10\bin\javaw.exe
0x00007ff9bfdc0000 - 0x00007ff9bffa1000 	C:\WINDOWS\SYSTEM32\ntdll.dll
0x00007ff9bf0e0000 - 0x00007ff9bf191000 	C:\WINDOWS\System32\KERNEL32.DLL
0x00007ff9bcce0000 - 0x00007ff9bcf53000 	C:\WINDOWS\System32\KERNELBASE.dll
0x00007ff9bd8e0000 - 0x00007ff9bd981000 	C:\WINDOWS\System32\ADVAPI32.dll
0x00007ff9beec0000 - 0x00007ff9bef5e000 	C:\WINDOWS\System32\msvcrt.dll
0x00007ff9bf280000 - 0x00007ff9bf2db000 	C:\WINDOWS\System32\sechost.dll
0x00007ff9bf310000 - 0x00007ff9bf434000 	C:\WINDOWS\System32\RPCRT4.dll
0x00007ff9bfc00000 - 0x00007ff9bfd90000 	C:\WINDOWS\System32\USER32.dll
0x00007ff9bd230000 - 0x00007ff9bd250000 	C:\WINDOWS\System32\win32u.dll
0x00007ff9bf2e0000 - 0x00007ff9bf308000 	C:\WINDOWS\System32\GDI32.dll
0x00007ff9bd090000 - 0x00007ff9bd222000 	C:\WINDOWS\System32\gdi32full.dll
0x00007ff9bcb90000 - 0x00007ff9bcc2f000 	C:\WINDOWS\System32\msvcp_win.dll
0x00007ff9bc190000 - 0x00007ff9bc288000 	C:\WINDOWS\System32\ucrtbase.dll
0x00007ff9aae60000 - 0x00007ff9ab0c9000 	C:\WINDOWS\WinSxS\amd64_microsoft.windows.common-controls_6595b64144ccf1df_6.0.17134.765_none_fb42a1a930655896\COMCTL32.dll
0x00007ff9bf600000 - 0x00007ff9bf922000 	C:\WINDOWS\System32\combase.dll
0x00007ff9b5c40000 - 0x00007ff9b5c4a000 	C:\WINDOWS\SYSTEM32\VERSION.dll
0x00007ff9bd010000 - 0x00007ff9bd08a000 	C:\WINDOWS\System32\bcryptPrimitives.dll
0x00007ff9bfbc0000 - 0x00007ff9bfbed000 	C:\WINDOWS\System32\IMM32.DLL
0x00007ff9a7bc0000 - 0x00007ff9a7caf000 	C:\DEV\java\jdk\jdk10\bin\msvcr120.dll
0x00007ff9a7b10000 - 0x00007ff9a7bb6000 	C:\DEV\java\jdk\jdk10\bin\msvcp120.dll
0x00000000714c0000 - 0x0000000071f30000 	C:\DEV\java\jdk\jdk10\bin\server\jvm.dll
0x00007ff9bfbf0000 - 0x00007ff9bfbf8000 	C:\WINDOWS\System32\PSAPI.DLL
0x00007ff9b8ff0000 - 0x00007ff9b9013000 	C:\WINDOWS\SYSTEM32\WINMM.dll
0x00007ff998980000 - 0x00007ff998989000 	C:\WINDOWS\SYSTEM32\WSOCK32.dll
0x00007ff9b8fc0000 - 0x00007ff9b8fea000 	C:\WINDOWS\SYSTEM32\winmmbase.dll
0x00007ff9bf1a0000 - 0x00007ff9bf20c000 	C:\WINDOWS\System32\ws2_32.DLL
0x00007ff9bcfc0000 - 0x00007ff9bd009000 	C:\WINDOWS\System32\cfgmgr32.dll
0x00007ff992ea0000 - 0x00007ff992eaf000 	C:\DEV\java\jdk\jdk10\bin\verify.dll
0x00007ff9abfb0000 - 0x00007ff9ac179000 	C:\WINDOWS\SYSTEM32\DBGHELP.DLL
0x00007ff9abd10000 - 0x00007ff9abd39000 	C:\WINDOWS\SYSTEM32\dbgcore.DLL
0x00007ff990960000 - 0x00007ff990987000 	C:\DEV\java\jdk\jdk10\bin\java.dll
0x00007ff992e80000 - 0x00007ff992e96000 	C:\DEV\java\jdk\jdk10\bin\zip.dll
0x00007ff990950000 - 0x00007ff99095a000 	C:\DEV\java\jdk\jdk10\bin\jimage.dll
0x00007ff9bda60000 - 0x00007ff9beea0000 	C:\WINDOWS\System32\SHELL32.dll
0x00007ff9bd340000 - 0x00007ff9bd3e9000 	C:\WINDOWS\System32\shcore.dll
0x00007ff9bc480000 - 0x00007ff9bcb8d000 	C:\WINDOWS\System32\windows.storage.dll
0x00007ff9bf5a0000 - 0x00007ff9bf5f1000 	C:\WINDOWS\System32\shlwapi.dll
0x00007ff9bc160000 - 0x00007ff9bc171000 	C:\WINDOWS\System32\kernel.appcore.dll
0x00007ff9bc0d0000 - 0x00007ff9bc0ef000 	C:\WINDOWS\System32\profapi.dll
0x00007ff9bc0f0000 - 0x00007ff9bc13c000 	C:\WINDOWS\System32\powrprof.dll
0x00007ff9bc180000 - 0x00007ff9bc18a000 	C:\WINDOWS\System32\FLTLIB.DLL
0x00007ff98fed0000 - 0x00007ff98feea000 	C:\dev\Java\jdk\jdk10\bin\net.dll
0x00007ff9b5f90000 - 0x00007ff9b606d000 	C:\WINDOWS\SYSTEM32\WINHTTP.dll
0x00007ff9bb8f0000 - 0x00007ff9bb956000 	C:\WINDOWS\system32\mswsock.dll
0x00007ff98feb0000 - 0x00007ff98fec1000 	C:\dev\Java\jdk\jdk10\bin\nio.dll
0x000002102e060000 - 0x000002102e063000 	C:\dev\Java\jdk\jdk10\bin\api-ms-win-core-console-l1-1-0.dll
0x000002102e070000 - 0x000002102e073000 	C:\dev\Java\jdk\jdk10\bin\api-ms-win-core-datetime-l1-1-0.dll
0x000002102e080000 - 0x000002102e083000 	C:\dev\Java\jdk\jdk10\bin\api-ms-win-core-debug-l1-1-0.dll
0x000002102e2f0000 - 0x000002102e2f3000 	C:\dev\Java\jdk\jdk10\bin\api-ms-win-core-errorhandling-l1-1-0.dll
0x000002105c360000 - 0x000002105c364000 	C:\dev\Java\jdk\jdk10\bin\api-ms-win-core-file-l1-1-0.dll
0x000002105c370000 - 0x000002105c373000 	C:\dev\Java\jdk\jdk10\bin\api-ms-win-core-file-l1-2-0.dll
0x000002105c380000 - 0x000002105c383000 	C:\dev\Java\jdk\jdk10\bin\api-ms-win-core-file-l2-1-0.dll
0x000002105c390000 - 0x000002105c393000 	C:\dev\Java\jdk\jdk10\bin\api-ms-win-core-handle-l1-1-0.dll
0x000002105c3a0000 - 0x000002105c3a3000 	C:\dev\Java\jdk\jdk10\bin\api-ms-win-core-heap-l1-1-0.dll
0x000002105c3b0000 - 0x000002105c3b3000 	C:\dev\Java\jdk\jdk10\bin\api-ms-win-core-interlocked-l1-1-0.dll
0x000002105c3c0000 - 0x000002105c3c3000 	C:\dev\Java\jdk\jdk10\bin\api-ms-win-core-libraryloader-l1-1-0.dll
0x000002105c3d0000 - 0x000002105c3d3000 	C:\dev\Java\jdk\jdk10\bin\api-ms-win-core-localization-l1-2-0.dll
0x000002105c3e0000 - 0x000002105c3e3000 	C:\dev\Java\jdk\jdk10\bin\api-ms-win-core-memory-l1-1-0.dll
0x000002105c3f0000 - 0x000002105c3f3000 	C:\dev\Java\jdk\jdk10\bin\api-ms-win-core-namedpipe-l1-1-0.dll
0x000002105c400000 - 0x000002105c403000 	C:\dev\Java\jdk\jdk10\bin\api-ms-win-core-processenvironment-l1-1-0.dll
0x000002105c410000 - 0x000002105c413000 	C:\dev\Java\jdk\jdk10\bin\api-ms-win-core-processthreads-l1-1-0.dll
0x000002105c420000 - 0x000002105c423000 	C:\dev\Java\jdk\jdk10\bin\api-ms-win-core-processthreads-l1-1-1.dll
0x000002105c430000 - 0x000002105c433000 	C:\dev\Java\jdk\jdk10\bin\api-ms-win-core-profile-l1-1-0.dll
0x000002105c440000 - 0x000002105c443000 	C:\dev\Java\jdk\jdk10\bin\api-ms-win-core-rtlsupport-l1-1-0.dll
0x000002105c450000 - 0x000002105c453000 	C:\dev\Java\jdk\jdk10\bin\api-ms-win-core-string-l1-1-0.dll
0x000002105c460000 - 0x000002105c463000 	C:\dev\Java\jdk\jdk10\bin\api-ms-win-core-synch-l1-1-0.dll
0x000002105c470000 - 0x000002105c473000 	C:\dev\Java\jdk\jdk10\bin\api-ms-win-core-synch-l1-2-0.dll
0x000002105c480000 - 0x000002105c483000 	C:\dev\Java\jdk\jdk10\bin\api-ms-win-core-sysinfo-l1-1-0.dll
0x000002105c490000 - 0x000002105c493000 	C:\dev\Java\jdk\jdk10\bin\api-ms-win-core-timezone-l1-1-0.dll
0x000002105c4a0000 - 0x000002105c4a3000 	C:\dev\Java\jdk\jdk10\bin\api-ms-win-core-util-l1-1-0.dll
0x000002105c4b0000 - 0x000002105c4b3000 	C:\dev\Java\jdk\jdk10\bin\api-ms-win-crt-conio-l1-1-0.dll
0x000002105c4c0000 - 0x000002105c4c4000 	C:\dev\Java\jdk\jdk10\bin\api-ms-win-crt-convert-l1-1-0.dll
0x000002105c4d0000 - 0x000002105c4d3000 	C:\dev\Java\jdk\jdk10\bin\api-ms-win-crt-environment-l1-1-0.dll
0x000002105c4e0000 - 0x000002105c4e3000 	C:\dev\Java\jdk\jdk10\bin\api-ms-win-crt-filesystem-l1-1-0.dll
0x000002105c4f0000 - 0x000002105c4f3000 	C:\dev\Java\jdk\jdk10\bin\api-ms-win-crt-heap-l1-1-0.dll
0x000002105c500000 - 0x000002105c503000 	C:\dev\Java\jdk\jdk10\bin\api-ms-win-crt-locale-l1-1-0.dll
0x000002105c510000 - 0x000002105c515000 	C:\dev\Java\jdk\jdk10\bin\api-ms-win-crt-math-l1-1-0.dll
0x000002105c520000 - 0x000002105c525000 	C:\dev\Java\jdk\jdk10\bin\api-ms-win-crt-multibyte-l1-1-0.dll
0x000002105c530000 - 0x000002105c540000 	C:\dev\Java\jdk\jdk10\bin\api-ms-win-crt-private-l1-1-0.dll
0x000002105c540000 - 0x000002105c543000 	C:\dev\Java\jdk\jdk10\bin\api-ms-win-crt-process-l1-1-0.dll
0x000002105c550000 - 0x000002105c554000 	C:\dev\Java\jdk\jdk10\bin\api-ms-win-crt-runtime-l1-1-0.dll
0x000002105c560000 - 0x000002105c564000 	C:\dev\Java\jdk\jdk10\bin\api-ms-win-crt-stdio-l1-1-0.dll
0x000002105c570000 - 0x000002105c574000 	C:\dev\Java\jdk\jdk10\bin\api-ms-win-crt-string-l1-1-0.dll
0x000002105c580000 - 0x000002105c583000 	C:\dev\Java\jdk\jdk10\bin\api-ms-win-crt-time-l1-1-0.dll
0x000002105c590000 - 0x000002105c593000 	C:\dev\Java\jdk\jdk10\bin\api-ms-win-crt-utility-l1-1-0.dll
0x00007ff9a7a10000 - 0x00007ff9a7b06000 	C:\dev\Java\jdk\jdk10\bin\ucrtbase.dll
0x00007ff9ac550000 - 0x00007ff9ac566000 	C:\dev\Java\jdk\jdk10\bin\vcruntime140.dll
0x00007ff9a7970000 - 0x00007ff9a7a0c000 	C:\dev\Java\jdk\jdk10\bin\msvcp140.dll
0x00007ff9a7910000 - 0x00007ff9a7961000 	C:\dev\Java\jdk\jdk10\bin\concrt140.dll
0x00007ff9ac4c0000 - 0x00007ff9ac4e3000 	C:\dev\Java\jdk\jdk10\bin\prism_d3d.dll
0x00007ff994760000 - 0x00007ff9948f7000 	C:\WINDOWS\system32\d3d9.dll
0x00007ff9ba870000 - 0x00007ff9ba899000 	C:\WINDOWS\SYSTEM32\dwmapi.dll
0x00007ff9ba6f0000 - 0x00007ff9ba788000 	C:\WINDOWS\system32\uxtheme.dll
0x00007ff9b5c50000 - 0x00007ff9b5db4000 	C:\WINDOWS\SYSTEM32\aticfx64.dll
0x00007ff9aba90000 - 0x00007ff9abab1000 	C:\WINDOWS\SYSTEM32\atiu9p64.dll
0x00007ff97da30000 - 0x00007ff97e289000 	C:\WINDOWS\SYSTEM32\atiumd64.dll
0x00000000701c0000 - 0x0000000070a48000 	C:\WINDOWS\SYSTEM32\atiumd6a.dll
0x00007ff9a78c0000 - 0x00007ff9a790a000 	C:\dev\Java\jdk\jdk10\bin\glass.dll
0x00007ff9bd250000 - 0x00007ff9bd33d000 	C:\WINDOWS\System32\COMDLG32.dll
0x00007ff9bf440000 - 0x00007ff9bf591000 	C:\WINDOWS\System32\ole32.dll
0x00007ff9bd990000 - 0x00007ff9bda52000 	C:\WINDOWS\System32\OLEAUT32.dll
0x00007ff9bef60000 - 0x00007ff9bf0d3000 	C:\WINDOWS\System32\MSCTF.dll
0x00007ff99aa50000 - 0x00007ff99aa69000 	C:\Program Files (x86)\Smadav\SmadHook64.dll
0x00007ff9a7880000 - 0x00007ff9a7894000 	C:\dev\Java\jdk\jdk10\bin\javafx_font.dll
0x00007ff9a7500000 - 0x00007ff9a769b000 	C:\dev\Java\jdk\jdk10\bin\awt.dll
0x00007ff9b9870000 - 0x00007ff9b9e37000 	C:\WINDOWS\SYSTEM32\d2d1.dll
0x00007ff9ba520000 - 0x00007ff9ba5ab000 	C:\WINDOWS\SYSTEM32\apphelp.dll
0x00007ff9a7810000 - 0x00007ff9a7875000 	C:\dev\Java\jdk\jdk10\bin\fontmanager.dll
0x00007ff9b48b0000 - 0x00007ff9b4bcc000 	C:\WINDOWS\SYSTEM32\dwrite.dll
0x00007ff9a77e0000 - 0x00007ff9a7803000 	C:\dev\Java\jdk\jdk10\bin\javafx_iio.dll
0x00007ff9afc00000 - 0x00007ff9afc09000 	C:\dev\Java\jdk\jdk10\bin\management.dll
0x00007ff9ae640000 - 0x00007ff9ae64a000 	C:\dev\Java\jdk\jdk10\bin\management_ext.dll
0x00007ff9bb6c0000 - 0x00007ff9bb77e000 	C:\WINDOWS\SYSTEM32\DNSAPI.dll
0x00007ff9bf210000 - 0x00007ff9bf218000 	C:\WINDOWS\System32\NSI.dll
0x00007ff9bb670000 - 0x00007ff9bb6a8000 	C:\WINDOWS\SYSTEM32\IPHLPAPI.DLL
0x00007ff9af410000 - 0x00007ff9af41a000 	C:\Windows\System32\rasadhlp.dll
0x00007ff9afa50000 - 0x00007ff9afac2000 	C:\WINDOWS\System32\fwpuclnt.dll
0x00007ff9bbbd0000 - 0x00007ff9bbbf5000 	C:\WINDOWS\SYSTEM32\bcrypt.dll
0x00007ff98b820000 - 0x00007ff98b836000 	C:\WINDOWS\system32\napinsp.dll
0x00007ff98b800000 - 0x00007ff98b81a000 	C:\WINDOWS\system32\pnrpnsp.dll
0x00007ff9b2cf0000 - 0x00007ff9b2d09000 	C:\WINDOWS\system32\NLAapi.dll
0x00007ff98ccc0000 - 0x00007ff98ccce000 	C:\WINDOWS\System32\winrnr.dll
0x00007ff9b0810000 - 0x00007ff9b0825000 	C:\WINDOWS\System32\wshbth.dll
0x00007ff9bbab0000 - 0x00007ff9bbac7000 	C:\WINDOWS\SYSTEM32\CRYPTSP.dll
0x00007ff9bb4d0000 - 0x00007ff9bb503000 	C:\WINDOWS\system32\rsaenh.dll
0x00007ff9bbfd0000 - 0x00007ff9bbff8000 	C:\WINDOWS\SYSTEM32\USERENV.dll
0x00007ff9bbaa0000 - 0x00007ff9bbaab000 	C:\WINDOWS\SYSTEM32\CRYPTBASE.dll

dbghelp: loaded successfully - version: 4.0.5 - missing functions: none
symbol engine: initialized successfully - sym options: 0x614 - pdb path: .;C:\DEV\java\jdk\jdk10\bin;C:\WINDOWS\SYSTEM32;C:\WINDOWS\WinSxS\amd64_microsoft.windows.common-controls_6595b64144ccf1df_6.0.17134.765_none_fb42a1a930655896;C:\DEV\java\jdk\jdk10\bin\server;C:\Program Files (x86)\Smadav;C:\Program Files\Common Files\Microsoft Shared\Ink

VM Arguments:
jvm_args: -Dfile.encoding=UTF-8 
java_command: projet.MainProjet
java_class_path (initial): C:\Users\Ce\Desktop\Java_Framework\projet\bin;C:\Users\Ce\Desktop\Java_Framework\Framework-3iL\bin;C:\Users\Ce\Desktop\Java_Framework\~libraries\JDBC Drivers\ojdbc8.jar;C:\Users\Ce\Desktop\Java_Framework\~libraries\mapstruct-1.3\mapstruct-1.3.0.Final.jar
Launcher Type: SUN_STANDARD

Logging:
Log output configuration:
#0: stdout all=warning uptime,level,tags
#1: stderr all=off uptime,level,tags

Environment Variables:
PATH=C:/dev/java/jdk/jdk10/bin/server;C:/dev/java/jdk/jdk10/bin;C:\oraclexe\app\oracle\product\11.2.0\server\bin;C:\Program Files (x86)\Common Files\Oracle\Java\javapath;C:\ProgramData\Oracle\Java\javapath;C:\WINDOWS\system32;C:\WINDOWS;C:\WINDOWS\System32\Wbem;C:\WINDOWS\System32\WindowsPowerShell\v1.0\;C:\WINDOWS\System32\OpenSSH\;C:\Program Files\dotnet\;C:\Program Files\Microsoft SQL Server\130\Tools\Binn\;C:\Program Files\nodejs\;C:\Program Files\MATLAB\R2019a\bin;C:\Users\Ce\AppData\Local\Microsoft\WindowsApps;C:\Users\Ce\AppData\Roaming\npm;C:\dev\Java\eclipse-4.10-java;
USERNAME=Ce
OS=Windows_NT
PROCESSOR_IDENTIFIER=AMD64 Family 21 Model 19 Stepping 1, AuthenticAMD



---------------  S Y S T E M  ---------------

OS: Windows 10 , 64 bit Build 17134 (10.0.17134.753)

CPU:total 4 (initial active 4) (4 cores per cpu, 1 threads per core) family 21 model 19 stepping 1, cmov, cx8, fxsr, mmx, sse, sse2, sse3, ssse3, sse4.1, sse4.2, popcnt, avx, aes, clmul, mmxext, 3dnowpref, lzcnt, sse4a, tsc, tscinvbit, tscinv, bmi1, fma

Memory: 4k page, physical 5472624k(1182796k free), swap 5996912k(3144k free)

vm_info: Java HotSpot(TM) 64-Bit Server VM (10.0.2+13) for windows-amd64 JRE (10.0.2+13), built on Jun 28 2018 01:57:56 by "mach5one" with MS VC++ 12.0 (VS2013)

END.
