#
# There is insufficient memory for the Java Runtime Environment to continue.
# Native memory allocation (mmap) failed to map 17825792 bytes for Failed to commit area from 0x00000000b1a00000 to 0x00000000b2b00000 of length 17825792.
# Possible reasons:
#   The system is out of physical RAM or swap space
#   The process is running with CompressedOops enabled, and the Java Heap may be blocking the growth of the native heap
# Possible solutions:
#   Reduce memory load on the system
#   Increase physical memory or swap space
#   Check if swap backing store is full
#   Decrease Java heap size (-Xmx/-Xms)
#   Decrease number of Java threads
#   Decrease Java thread stack sizes (-Xss)
#   Set larger code cache with -XX:ReservedCodeCacheSize=
#   JVM is running with Unscaled Compressed Oops mode in which the Java heap is
#     placed in the first 4GB address space. The Java Heap base address is the
#     maximum limit for the native heap growth. Please use -XX:HeapBaseMinAddress
#     to set the Java Heap base and to place the Java Heap above 4GB virtual address.
# This output file may be truncated or incomplete.
#
#  Out of Memory Error (t:/workspace/open/src/hotspot/os/windows/os_windows.cpp:3221), pid=356, tid=5216
#
# JRE version: Java(TM) SE Runtime Environment (10.0.2+13) (build 10.0.2+13)
# Java VM: Java HotSpot(TM) 64-Bit Server VM (10.0.2+13, mixed mode, tiered, compressed oops, g1 gc, windows-amd64)
# No core dump will be written. Minidumps are not enabled by default on client versions of Windows
#

---------------  S U M M A R Y ------------

Command Line: -Dfile.encoding=UTF-8 projet.MainProjet

Host: AMD A10-5745M APU with Radeon(tm) HD Graphics  , 4 cores, 5G,  Windows 10 , 64 bit Build 17134 (10.0.17134.753)
Time: Sun Jun 09 21:53:58 2019 Paris, Madrid (heure d?été) elapsed time: 7 seconds (0d 0h 0m 7s)

---------------  T H R E A D  ---------------

Current thread (0x0000026b77dc1800):  VMThread "VM Thread" [stack: 0x0000009fcb500000,0x0000009fcb600000] [id=5216]

Stack: [0x0000009fcb500000,0x0000009fcb600000]
[error occurred during error reporting (printing stack bounds), id 0xe0000002]

Native frames: (J=compiled Java code, j=interpreted, Vv=VM code, C=native code)
V  [jvm.dll+0x5a01a9]
V  [jvm.dll+0x6bcf31]
V  [jvm.dll+0x6be126]
V  [jvm.dll+0x6be715]
V  [jvm.dll+0x6be6cb]
V  [jvm.dll+0x59f993]
V  [jvm.dll+0x59fda8]
C  [ntdll.dll+0x9f7dd]
C  [ntdll.dll+0xd856]
C  [ntdll.dll+0x9e70e]
C  0x0000026b62f80ead

VM_Operation (0x0000009fcc2fc970): CollectForMetadataAllocation, mode: safepoint, requested by thread 0x0000026b78573000


---------------  P R O C E S S  ---------------

Threads class SMR info:
_java_thread_list=0x0000026b7a587b20, length=21, elements={
0x0000026b57bed800, 0x0000026b77dc6800, 0x0000026b77dd0800, 0x0000026b77e26800,
0x0000026b77e2a800, 0x0000026b77e35800, 0x0000026b77e5b800, 0x0000026b77fa0800,
0x0000026b77fe9000, 0x0000026b7814a800, 0x0000026b78099000, 0x0000026b7843e000,
0x0000026b78573000, 0x0000026b785bd000, 0x0000026b785be000, 0x0000026b79aae000,
0x0000026b7888b000, 0x0000026b0b4e1000, 0x0000026b0b5b5000, 0x0000026b79dc3800,
0x0000026b7a591800
}

Java Threads: ( => current thread )
  0x0000026b57bed800 JavaThread "main" [_thread_blocked, id=9896, stack(0x0000009fca900000,0x0000009fcaa00000)]
  0x0000026b77dc6800 JavaThread "Reference Handler" daemon [_thread_blocked, id=7208, stack(0x0000009fcb600000,0x0000009fcb700000)]
  0x0000026b77dd0800 JavaThread "Finalizer" daemon [_thread_blocked, id=8164, stack(0x0000009fcb700000,0x0000009fcb800000)]
  0x0000026b77e26800 JavaThread "Signal Dispatcher" daemon [_thread_blocked, id=1948, stack(0x0000009fcb800000,0x0000009fcb900000)]
  0x0000026b77e2a800 JavaThread "Attach Listener" daemon [_thread_blocked, id=11196, stack(0x0000009fcb900000,0x0000009fcba00000)]
  0x0000026b77e35800 JavaThread "C2 CompilerThread0" daemon [_thread_blocked, id=8044, stack(0x0000009fcba00000,0x0000009fcbb00000)]
  0x0000026b77e5b800 JavaThread "C2 CompilerThread1" daemon [_thread_blocked, id=3908, stack(0x0000009fcbb00000,0x0000009fcbc00000)]
  0x0000026b77fa0800 JavaThread "C1 CompilerThread2" daemon [_thread_blocked, id=11056, stack(0x0000009fcbc00000,0x0000009fcbd00000)]
  0x0000026b77fe9000 JavaThread "Sweeper thread" daemon [_thread_blocked, id=10028, stack(0x0000009fcbd00000,0x0000009fcbe00000)]
  0x0000026b7814a800 JavaThread "Service Thread" daemon [_thread_blocked, id=10920, stack(0x0000009fcbe00000,0x0000009fcbf00000)]
  0x0000026b78099000 JavaThread "Common-Cleaner" daemon [_thread_blocked, id=8708, stack(0x0000009fcbf00000,0x0000009fcc000000)]
  0x0000026b7843e000 JavaThread "JavaFX-Launcher" [_thread_blocked, id=4008, stack(0x0000009fcc100000,0x0000009fcc200000)]
  0x0000026b78573000 JavaThread "QuantumRenderer-0" daemon [_thread_blocked, id=3912, stack(0x0000009fcc200000,0x0000009fcc300000)]
  0x0000026b785bd000 JavaThread "InvokeLaterDispatcher" daemon [_thread_blocked, id=5384, stack(0x0000009fcc400000,0x0000009fcc500000)]
  0x0000026b785be000 JavaThread "JavaFX Application Thread" [_thread_in_native, id=9904, stack(0x0000009fcc500000,0x0000009fcc600000)]
  0x0000026b79aae000 JavaThread "Thread-2" daemon [_thread_blocked, id=1860, stack(0x0000009fccc00000,0x0000009fccd00000)]
  0x0000026b7888b000 JavaThread "Java2D Disposer" daemon [_thread_blocked, id=5200, stack(0x0000009fcce00000,0x0000009fccf00000)]
  0x0000026b0b4e1000 JavaThread "Timer-0" daemon [_thread_blocked, id=5520, stack(0x0000009fccf00000,0x0000009fcd000000)]
  0x0000026b0b5b5000 JavaThread "oracle.jdbc.driver.BlockSource.ThreadedCachingBlockSource.BlockReleaser" daemon [_thread_blocked, id=1408, stack(0x0000009fcd000000,0x0000009fcd100000)]
  0x0000026b79dc3800 JavaThread "InterruptTimer" daemon [_thread_blocked, id=8108, stack(0x0000009fcd100000,0x0000009fcd200000)]
  0x0000026b7a591800 JavaThread "Prism Font Disposer" daemon [_thread_blocked, id=7724, stack(0x0000009fcd300000,0x0000009fcd400000)]

Other Threads:
=>0x0000026b77dc1800 VMThread "VM Thread" [stack: 0x0000009fcb500000,0x0000009fcb600000] [id=5216]
  0x0000026b7809a000 WatcherThread [stack: 0x0000009fcc000000,0x0000009fcc100000] [id=6568]
  0x0000026b57c05800 GCTaskThread "GC Thread#0" [stack: 0x0000009fcaa00000,0x0000009fcab00000] [id=3124]
  0x0000026b57c07000 GCTaskThread "GC Thread#1" [stack: 0x0000009fcab00000,0x0000009fcac00000] [id=2296]
  0x0000026b57c09800 GCTaskThread "GC Thread#2" [stack: 0x0000009fcac00000,0x0000009fcad00000] [id=5156]
  0x0000026b57c0b800 GCTaskThread "GC Thread#3" [stack: 0x0000009fcad00000,0x0000009fcae00000] [id=5804]
  0x0000026b57c54000 ConcurrentGCThread "G1 Main Marker" [stack: 0x0000009fcae00000,0x0000009fcaf00000] [id=3436]
  0x0000026b57c59800 ConcurrentGCThread "G1 Conc#0" [stack: 0x0000009fcaf00000,0x0000009fcb000000] [id=10468]
  0x0000026b57caf000 ConcurrentGCThread "G1 Refine#0" [stack: 0x0000009fcb000000,0x0000009fcb100000] [id=6964]
  0x0000026b57cb2000 ConcurrentGCThread "G1 Refine#1" [stack: 0x0000009fcb100000,0x0000009fcb200000] [id=11048]
  0x0000026b57cb3800 ConcurrentGCThread "G1 Refine#2" [stack: 0x0000009fcb200000,0x0000009fcb300000] [id=864]
  0x0000026b57cb5800 ConcurrentGCThread "G1 Refine#3" [stack: 0x0000009fcb300000,0x0000009fcb400000] [id=11248]
  0x0000026b57cb9800 ConcurrentGCThread "G1 Young RemSet Sampling" [stack: 0x0000009fcb400000,0x0000009fcb500000] [id=9916]

Threads with active compile tasks:

VM state:at safepoint (normal execution)

VM Mutex/Monitor currently owned by a thread:  ([mutex/lock_event])
[0x0000026b57be9510] Threads_lock - owner thread: 0x0000026b77dc1800
[0x0000026b57be9900] Heap_lock - owner thread: 0x0000026b78573000

Heap address: 0x00000000ac600000, size: 1338 MB, Compressed Oops mode: 32-bit
Narrow klass base: 0x0000000000000000, Narrow klass shift: 3
Compressed class space size: 1073741824 Address: 0x0000000100000000

Heap:
 garbage-first heap   total 103424K, used 16457K [0x00000000ac600000, 0x0000000100000000)
  region size 1024K, 1 young (1024K), 1 survivors (1024K)
 Metaspace       used 34744K, capacity 35672K, committed 36048K, reserved 1081344K
  class space    used 4440K, capacity 4921K, committed 4940K, reserved 1048576K
Heap Regions: E=young(eden), S=young(survivor), O=old, HS=humongous(starts), HC=humongous(continues), CS=collection set, F=free, A=archive, TS=gc time stamp, AC=allocation context, TAMS=top-at-mark-start (previous, next)
|   0|0x00000000ac600000, 0x00000000ac700000, 0x00000000ac700000|100%|HS|  |TS  0|AC  0|TAMS 0x00000000ac700000, 0x00000000ac700000|
|   1|0x00000000ac700000, 0x00000000ac800000, 0x00000000ac800000|100%|HC|  |TS  0|AC  0|TAMS 0x00000000ac800000, 0x00000000ac800000|
|   2|0x00000000ac800000, 0x00000000ac900000, 0x00000000ac900000|100%| O|  |TS  0|AC  0|TAMS 0x00000000ac900000, 0x00000000ac900000|
|   3|0x00000000ac900000, 0x00000000aca00000, 0x00000000aca00000|100%| O|  |TS  0|AC  0|TAMS 0x00000000aca00000, 0x00000000aca00000|
|   4|0x00000000aca00000, 0x00000000acb00000, 0x00000000acb00000|100%| O|  |TS  0|AC  0|TAMS 0x00000000acb00000, 0x00000000acb00000|
|   5|0x00000000acb00000, 0x00000000acc00000, 0x00000000acc00000|100%|HS|  |TS  0|AC  0|TAMS 0x00000000acc00000, 0x00000000acc00000|
|   6|0x00000000acc00000, 0x00000000acd00000, 0x00000000acd00000|100%|HC|  |TS  0|AC  0|TAMS 0x00000000acd00000, 0x00000000acd00000|
|   7|0x00000000acd00000, 0x00000000ace00000, 0x00000000ace00000|100%| O|  |TS  0|AC  0|TAMS 0x00000000ace00000, 0x00000000ace00000|
|   8|0x00000000ace00000, 0x00000000acf00000, 0x00000000acf00000|100%| O|  |TS  1|AC  0|TAMS 0x00000000acef1200, 0x00000000acf00000|
|   9|0x00000000acf00000, 0x00000000ad000000, 0x00000000ad000000|100%| O|  |TS  1|AC  0|TAMS 0x00000000acf00000, 0x00000000ad000000|
|  10|0x00000000ad000000, 0x00000000ad100000, 0x00000000ad100000|100%| O|  |TS  1|AC  0|TAMS 0x00000000ad000000, 0x00000000ad100000|
|  11|0x00000000ad100000, 0x00000000ad200000, 0x00000000ad200000|100%| O|  |TS  2|AC  0|TAMS 0x00000000ad100000, 0x00000000ad200000|
|  12|0x00000000ad200000, 0x00000000ad300000, 0x00000000ad300000|100%| O|  |TS  2|AC  0|TAMS 0x00000000ad200000, 0x00000000ad300000|
|  13|0x00000000ad300000, 0x00000000ad400000, 0x00000000ad400000|100%| O|  |TS  2|AC  0|TAMS 0x00000000ad300000, 0x00000000ad400000|
|  14|0x00000000ad400000, 0x00000000ad500000, 0x00000000ad500000|100%| O|  |TS  2|AC  0|TAMS 0x00000000ad400000, 0x00000000ad500000|
|  15|0x00000000ad500000, 0x00000000ad57d400, 0x00000000ad600000| 48%| O|  |TS  2|AC  0|TAMS 0x00000000ad500000, 0x00000000ad57d400|
|  16|0x00000000ad600000, 0x00000000ad600000, 0x00000000ad700000|  0%| F|  |TS  0|AC  0|TAMS 0x00000000ad600000, 0x00000000ad600000|
|  17|0x00000000ad700000, 0x00000000ad700000, 0x00000000ad800000|  0%| F|  |TS  0|AC  0|TAMS 0x00000000ad700000, 0x00000000ad700000|
|  18|0x00000000ad800000, 0x00000000ad800000, 0x00000000ad900000|  0%| F|  |TS  0|AC  0|TAMS 0x00000000ad800000, 0x00000000ad800000|
|  19|0x00000000ad900000, 0x00000000ad900000, 0x00000000ada00000|  0%| F|  |TS  0|AC  0|TAMS 0x00000000ad900000, 0x00000000ad900000|
|  20|0x00000000ada00000, 0x00000000ada00000, 0x00000000adb00000|  0%| F|  |TS  0|AC  0|TAMS 0x00000000ada00000, 0x00000000ada00000|
|  21|0x00000000adb00000, 0x00000000adb00000, 0x00000000adc00000|  0%| F|  |TS  0|AC  0|TAMS 0x00000000adb00000, 0x00000000adb00000|
|  22|0x00000000adc00000, 0x00000000adc00000, 0x00000000add00000|  0%| F|  |TS  0|AC  0|TAMS 0x00000000adc00000, 0x00000000adc00000|
|  23|0x00000000add00000, 0x00000000add00000, 0x00000000ade00000|  0%| F|  |TS  0|AC  0|TAMS 0x00000000add00000, 0x00000000add00000|
|  24|0x00000000ade00000, 0x00000000ade00000, 0x00000000adf00000|  0%| F|  |TS  0|AC  0|TAMS 0x00000000ade00000, 0x00000000ade00000|
|  25|0x00000000adf00000, 0x00000000adf00000, 0x00000000ae000000|  0%| F|  |TS  0|AC  0|TAMS 0x00000000adf00000, 0x00000000adf00000|
|  26|0x00000000ae000000, 0x00000000ae000000, 0x00000000ae100000|  0%| F|  |TS  0|AC  0|TAMS 0x00000000ae000000, 0x00000000ae000000|
|  27|0x00000000ae100000, 0x00000000ae100000, 0x00000000ae200000|  0%| F|  |TS  0|AC  0|TAMS 0x00000000ae100000, 0x00000000ae100000|
|  28|0x00000000ae200000, 0x00000000ae200000, 0x00000000ae300000|  0%| F|  |TS  0|AC  0|TAMS 0x00000000ae200000, 0x00000000ae200000|
|  29|0x00000000ae300000, 0x00000000ae300000, 0x00000000ae400000|  0%| F|  |TS  0|AC  0|TAMS 0x00000000ae300000, 0x00000000ae300000|
|  30|0x00000000ae400000, 0x00000000ae400000, 0x00000000ae500000|  0%| F|  |TS  0|AC  0|TAMS 0x00000000ae400000, 0x00000000ae400000|
|  31|0x00000000ae500000, 0x00000000ae500000, 0x00000000ae600000|  0%| F|  |TS  0|AC  0|TAMS 0x00000000ae500000, 0x00000000ae500000|
|  32|0x00000000ae600000, 0x00000000ae600000, 0x00000000ae700000|  0%| F|  |TS  0|AC  0|TAMS 0x00000000ae600000, 0x00000000ae600000|
|  33|0x00000000ae700000, 0x00000000ae700000, 0x00000000ae800000|  0%| F|  |TS  0|AC  0|TAMS 0x00000000ae700000, 0x00000000ae700000|
|  34|0x00000000ae800000, 0x00000000ae800000, 0x00000000ae900000|  0%| F|  |TS  0|AC  0|TAMS 0x00000000ae800000, 0x00000000ae800000|
|  35|0x00000000ae900000, 0x00000000ae900000, 0x00000000aea00000|  0%| F|  |TS  0|AC  0|TAMS 0x00000000ae900000, 0x00000000ae900000|
|  36|0x00000000aea00000, 0x00000000aea00000, 0x00000000aeb00000|  0%| F|  |TS  0|AC  0|TAMS 0x00000000aea00000, 0x00000000aea00000|
|  37|0x00000000aeb00000, 0x00000000aeb00000, 0x00000000aec00000|  0%| F|  |TS  0|AC  0|TAMS 0x00000000aeb00000, 0x00000000aeb00000|
|  38|0x00000000aec00000, 0x00000000aec00000, 0x00000000aed00000|  0%| F|  |TS  0|AC  0|TAMS 0x00000000aec00000, 0x00000000aec00000|
|  39|0x00000000aed00000, 0x00000000aed00000, 0x00000000aee00000|  0%| F|  |TS  0|AC  0|TAMS 0x00000000aed00000, 0x00000000aed00000|
|  40|0x00000000aee00000, 0x00000000aee00000, 0x00000000aef00000|  0%| F|  |TS  0|AC  0|TAMS 0x00000000aee00000, 0x00000000aee00000|
|  41|0x00000000aef00000, 0x00000000aef00000, 0x00000000af000000|  0%| F|  |TS  0|AC  0|TAMS 0x00000000aef00000, 0x00000000aef00000|
|  42|0x00000000af000000, 0x00000000af000000, 0x00000000af100000|  0%| F|  |TS  0|AC  0|TAMS 0x00000000af000000, 0x00000000af000000|
|  43|0x00000000af100000, 0x00000000af100000, 0x00000000af200000|  0%| F|  |TS  0|AC  0|TAMS 0x00000000af100000, 0x00000000af100000|
|  44|0x00000000af200000, 0x00000000af200000, 0x00000000af300000|  0%| F|  |TS  0|AC  0|TAMS 0x00000000af200000, 0x00000000af200000|
|  45|0x00000000af300000, 0x00000000af300000, 0x00000000af400000|  0%| F|  |TS  0|AC  0|TAMS 0x00000000af300000, 0x00000000af300000|
|  46|0x00000000af400000, 0x00000000af400000, 0x00000000af500000|  0%| F|  |TS  0|AC  0|TAMS 0x00000000af400000, 0x00000000af400000|
|  47|0x00000000af500000, 0x00000000af500000, 0x00000000af600000|  0%| F|  |TS  0|AC  0|TAMS 0x00000000af500000, 0x00000000af500000|
|  48|0x00000000af600000, 0x00000000af600000, 0x00000000af700000|  0%| F|  |TS  0|AC  0|TAMS 0x00000000af600000, 0x00000000af600000|
|  49|0x00000000af700000, 0x00000000af700000, 0x00000000af800000|  0%| F|  |TS  2|AC  0|TAMS 0x00000000af700000, 0x00000000af700000|
|  50|0x00000000af800000, 0x00000000af800000, 0x00000000af900000|  0%| F|  |TS  2|AC  0|TAMS 0x00000000af800000, 0x00000000af800000|
|  51|0x00000000af900000, 0x00000000af900000, 0x00000000afa00000|  0%| F|  |TS  2|AC  0|TAMS 0x00000000af900000, 0x00000000af900000|
|  52|0x00000000afa00000, 0x00000000afa00000, 0x00000000afb00000|  0%| F|  |TS  2|AC  0|TAMS 0x00000000afa00000, 0x00000000afa00000|
|  53|0x00000000afb00000, 0x00000000afb00000, 0x00000000afc00000|  0%| F|  |TS  1|AC  0|TAMS 0x00000000afb00000, 0x00000000afb00000|
|  54|0x00000000afc00000, 0x00000000afc00000, 0x00000000afd00000|  0%| F|  |TS  1|AC  0|TAMS 0x00000000afc00000, 0x00000000afc00000|
|  55|0x00000000afd00000, 0x00000000afd00000, 0x00000000afe00000|  0%| F|  |TS  1|AC  0|TAMS 0x00000000afd00000, 0x00000000afd00000|
|  56|0x00000000afe00000, 0x00000000afe00000, 0x00000000aff00000|  0%| F|  |TS  1|AC  0|TAMS 0x00000000afe00000, 0x00000000afe00000|
|  57|0x00000000aff00000, 0x00000000aff00000, 0x00000000b0000000|  0%| F|  |TS  1|AC  0|TAMS 0x00000000aff00000, 0x00000000aff00000|
|  58|0x00000000b0000000, 0x00000000b0000000, 0x00000000b0100000|  0%| F|  |TS  1|AC  0|TAMS 0x00000000b0000000, 0x00000000b0000000|
|  59|0x00000000b0100000, 0x00000000b0100000, 0x00000000b0200000|  0%| F|  |TS  1|AC  0|TAMS 0x00000000b0100000, 0x00000000b0100000|
|  60|0x00000000b0200000, 0x00000000b0200000, 0x00000000b0300000|  0%| F|  |TS  1|AC  0|TAMS 0x00000000b0200000, 0x00000000b0200000|
|  61|0x00000000b0300000, 0x00000000b0300000, 0x00000000b0400000|  0%| F|  |TS  1|AC  0|TAMS 0x00000000b0300000, 0x00000000b0300000|
|  62|0x00000000b0400000, 0x00000000b0400000, 0x00000000b0500000|  0%| F|  |TS  1|AC  0|TAMS 0x00000000b0400000, 0x00000000b0400000|
|  63|0x00000000b0500000, 0x00000000b0500000, 0x00000000b0600000|  0%| F|  |TS  1|AC  0|TAMS 0x00000000b0500000, 0x00000000b0500000|
|  64|0x00000000b0600000, 0x00000000b0600000, 0x00000000b0700000|  0%| F|  |TS  1|AC  0|TAMS 0x00000000b0600000, 0x00000000b0600000|
|  65|0x00000000b0700000, 0x00000000b0700000, 0x00000000b0800000|  0%| F|  |TS  1|AC  0|TAMS 0x00000000b0700000, 0x00000000b0700000|
|  66|0x00000000b0800000, 0x00000000b0800000, 0x00000000b0900000|  0%| F|  |TS  1|AC  0|TAMS 0x00000000b0800000, 0x00000000b0800000|
|  67|0x00000000b0900000, 0x00000000b0900000, 0x00000000b0a00000|  0%| F|  |TS  1|AC  0|TAMS 0x00000000b0900000, 0x00000000b0900000|
|  68|0x00000000b0a00000, 0x00000000b0a00000, 0x00000000b0b00000|  0%| F|  |TS  1|AC  0|TAMS 0x00000000b0a00000, 0x00000000b0a00000|
|  69|0x00000000b0b00000, 0x00000000b0b00000, 0x00000000b0c00000|  0%| F|  |TS  1|AC  0|TAMS 0x00000000b0b00000, 0x00000000b0b00000|
|  70|0x00000000b0c00000, 0x00000000b0c00000, 0x00000000b0d00000|  0%| F|  |TS  1|AC  0|TAMS 0x00000000b0c00000, 0x00000000b0c00000|
|  71|0x00000000b0d00000, 0x00000000b0d00000, 0x00000000b0e00000|  0%| F|  |TS  1|AC  0|TAMS 0x00000000b0d00000, 0x00000000b0d00000|
|  72|0x00000000b0e00000, 0x00000000b0e00000, 0x00000000b0f00000|  0%| F|  |TS  1|AC  0|TAMS 0x00000000b0e00000, 0x00000000b0e00000|
|  73|0x00000000b0f00000, 0x00000000b0f00000, 0x00000000b1000000|  0%| F|  |TS  1|AC  0|TAMS 0x00000000b0f00000, 0x00000000b0f00000|
|  74|0x00000000b1000000, 0x00000000b1000000, 0x00000000b1100000|  0%| F|  |TS  1|AC  0|TAMS 0x00000000b1000000, 0x00000000b1000000|
|  75|0x00000000b1100000, 0x00000000b1100000, 0x00000000b1200000|  0%| F|  |TS  1|AC  0|TAMS 0x00000000b1100000, 0x00000000b1100000|
|  76|0x00000000b1200000, 0x00000000b1200000, 0x00000000b1300000|  0%| F|  |TS  1|AC  0|TAMS 0x00000000b1200000, 0x00000000b1200000|
|  77|0x00000000b1300000, 0x00000000b1300000, 0x00000000b1400000|  0%| F|  |TS  1|AC  0|TAMS 0x00000000b1300000, 0x00000000b1300000|
|  78|0x00000000b1400000, 0x00000000b1400000, 0x00000000b1500000|  0%| F|  |TS  1|AC  0|TAMS 0x00000000b1400000, 0x00000000b1400000|
|  79|0x00000000b1500000, 0x00000000b1500000, 0x00000000b1600000|  0%| F|  |TS  1|AC  0|TAMS 0x00000000b1500000, 0x00000000b1500000|
|  80|0x00000000b1600000, 0x00000000b1600000, 0x00000000b1700000|  0%| F|  |TS  1|AC  0|TAMS 0x00000000b1600000, 0x00000000b1600000|
|  81|0x00000000b1700000, 0x00000000b17953c0, 0x00000000b1800000| 58%| S|CS|TS  2|AC  0|TAMS 0x00000000b1700000, 0x00000000b1700000|
|  82|0x00000000b1800000, 0x00000000b1800000, 0x00000000b1900000|  0%| F|  |TS  2|AC  0|TAMS 0x00000000b1800000, 0x00000000b1800000|
|  83|0x00000000b1900000, 0x00000000b1900000, 0x00000000b1a00000|  0%| F|  |TS  2|AC  0|TAMS 0x00000000b1900000, 0x00000000b1900000|

Card table byte_map: [0x0000026b72220000,0x0000026b724c0000] byte_map_base: 0x0000026b71cbd000

Marking Bits (Prev, Next): (CMBitMap*) 0x0000026b57c530d8, (CMBitMap*) 0x0000026b57c530a0
 Prev Bits: [0x0000026b73c50000, 0x0000026b75138000)
 Next Bits: [0x0000026b72760000, 0x0000026b73c48000)

Polling page: 0x0000026b55a00000

CodeHeap 'non-profiled nmethods': size=120064Kb used=1185Kb max_used=1185Kb free=118879Kb
 bounds [0x0000026b6aa40000, 0x0000026b6acb0000, 0x0000026b71f80000]
CodeHeap 'profiled nmethods': size=120000Kb used=5327Kb max_used=5327Kb free=114673Kb
 bounds [0x0000026b63510000, 0x0000026b63a50000, 0x0000026b6aa40000]
CodeHeap 'non-nmethods': size=5696Kb used=1374Kb max_used=1405Kb free=4321Kb
 bounds [0x0000026b62f80000, 0x0000026b631f0000, 0x0000026b63510000]
 total_blobs=4028 nmethods=2659 adapters=734
 compilation: enabled

Compilation events (10 events):
Event: 7.847 Thread 0x0000026b77fa0800 2655   !   3       java.lang.ref.ReferenceQueue::remove (125 bytes)
Event: 7.849 Thread 0x0000026b77fa0800 nmethod 2655 0x0000026b63a41f10 code [0x0000026b63a42140, 0x0000026b63a429c0]
Event: 7.849 Thread 0x0000026b77fa0800 2657       3       jdk.internal.misc.InnocuousThread::eraseThreadLocals (23 bytes)
Event: 7.849 Thread 0x0000026b77fa0800 nmethod 2657 0x0000026b63a42d10 code [0x0000026b63a42ec0, 0x0000026b63a43118]
Event: 7.849 Thread 0x0000026b77fa0800 2656   !   3       jdk.internal.ref.PhantomCleanable::isListEmpty (34 bytes)
Event: 7.850 Thread 0x0000026b77fa0800 nmethod 2656 0x0000026b63a43190 code [0x0000026b63a43340, 0x0000026b63a43698]
Event: 7.859 Thread 0x0000026b77fa0800 2658       3       java.lang.invoke.MethodHandleNatives$CallSiteContext::run (5 bytes)
Event: 7.860 Thread 0x0000026b77fa0800 nmethod 2658 0x0000026b63a43790 code [0x0000026b63a43960, 0x0000026b63a43b50]
Event: 7.862 Thread 0x0000026b77fa0800 2660       1       java.util.concurrent.locks.AbstractOwnableSynchronizer::getExclusiveOwnerThread (5 bytes)
Event: 7.862 Thread 0x0000026b77fa0800 nmethod 2660 0x0000026b6ab68090 code [0x0000026b6ab68240, 0x0000026b6ab68358]

GC Heap History (9 events):
Event: 2.290 GC heap before
{Heap before GC invocations=0 (full 0):
 garbage-first heap   total 86016K, used 16384K [0x00000000ac600000, 0x0000000100000000)
  region size 1024K, 14 young (14336K), 0 survivors (0K)
 Metaspace       used 15900K, capacity 16340K, committed 16640K, reserved 1064960K
  class space    used 1779K, capacity 1985K, committed 2048K, reserved 1048576K
}
Event: 2.307 GC heap after
{Heap after GC invocations=1 (full 0):
 garbage-first heap   total 86016K, used 6552K [0x00000000ac600000, 0x0000000100000000)
  region size 1024K, 2 young (2048K), 2 survivors (2048K)
 Metaspace       used 15900K, capacity 16340K, committed 16640K, reserved 1064960K
  class space    used 1779K, capacity 1985K, committed 2048K, reserved 1048576K
}
Event: 2.466 GC heap before
{Heap before GC invocations=1 (full 0):
 garbage-first heap   total 86016K, used 10648K [0x00000000ac600000, 0x0000000100000000)
  region size 1024K, 4 young (4096K), 2 survivors (2048K)
 Metaspace       used 16950K, capacity 17381K, committed 17536K, reserved 1064960K
  class space    used 1960K, capacity 2159K, committed 2176K, reserved 1048576K
}
Event: 2.479 GC heap after
{Heap after GC invocations=2 (full 0):
 garbage-first heap   total 86016K, used 9077K [0x00000000ac600000, 0x0000000100000000)
  region size 1024K, 1 young (1024K), 1 survivors (1024K)
 Metaspace       used 16950K, capacity 17381K, committed 17536K, reserved 1064960K
  class space    used 1960K, capacity 2159K, committed 2176K, reserved 1048576K
}
Event: 3.721 GC heap before
{Heap before GC invocations=2 (full 0):
 garbage-first heap   total 86016K, used 19317K [0x00000000ac600000, 0x0000000100000000)
  region size 1024K, 12 young (12288K), 1 survivors (1024K)
 Metaspace       used 20606K, capacity 21127K, committed 21296K, reserved 1069056K
  class space    used 2410K, capacity 2665K, committed 2688K, reserved 1048576K
}
Event: 3.732 GC heap after
{Heap after GC invocations=3 (full 0):
 garbage-first heap   total 86016K, used 12228K [0x00000000ac600000, 0x0000000100000000)
  region size 1024K, 3 young (3072K), 3 survivors (3072K)
 Metaspace       used 20606K, capacity 21127K, committed 21296K, reserved 1069056K
  class space    used 2410K, capacity 2665K, committed 2688K, reserved 1048576K
}
Event: 7.818 GC heap before
{Heap before GC invocations=4 (full 0):
 garbage-first heap   total 86016K, used 40900K [0x00000000ac600000, 0x0000000100000000)
  region size 1024K, 31 young (31744K), 3 survivors (3072K)
 Metaspace       used 34621K, capacity 35562K, committed 36048K, reserved 1081344K
  class space    used 4421K, capacity 4882K, committed 4940K, reserved 1048576K
}
Event: 7.842 GC heap after
{Heap after GC invocations=5 (full 0):
 garbage-first heap   total 86016K, used 15767K [0x00000000ac600000, 0x0000000100000000)
  region size 1024K, 4 young (4096K), 4 survivors (4096K)
 Metaspace       used 34621K, capacity 35562K, committed 36048K, reserved 1081344K
  class space    used 4421K, capacity 4882K, committed 4940K, reserved 1048576K
}
Event: 7.883 GC heap before
{Heap before GC invocations=5 (full 0):
 garbage-first heap   total 86016K, used 16791K [0x00000000ac600000, 0x0000000100000000)
  region size 1024K, 6 young (6144K), 4 survivors (4096K)
 Metaspace       used 34744K, capacity 35672K, committed 36048K, reserved 1081344K
  class space    used 4440K, capacity 4921K, committed 4940K, reserved 1048576K
}

Deoptimization events (10 events):
Event: 6.302 Thread 0x0000026b785be000 Uncommon trap: reason=unstable_if action=reinterpret pc=0x0000026b6ab16690 method=java.util.HashMap.hash(Ljava/lang/Object;)I @ 1 c2
Event: 6.303 Thread 0x0000026b785be000 Uncommon trap: reason=unstable_if action=reinterpret pc=0x0000026b6aab7f2c method=java.util.HashMap.hash(Ljava/lang/Object;)I @ 1 c2
Event: 6.519 Thread 0x0000026b785be000 Uncommon trap: reason=unstable_if action=reinterpret pc=0x0000026b6aaadf30 method=java.util.HashMap.hash(Ljava/lang/Object;)I @ 1 c2
Event: 6.556 Thread 0x0000026b785be000 Uncommon trap: reason=unstable_if action=reinterpret pc=0x0000026b6ab06a04 method=java.util.Properties$LineReader.readLine()I @ 494 c2
Event: 6.702 Thread 0x0000026b785be000 Uncommon trap: reason=class_check action=maybe_recompile pc=0x0000026b6aa561cc method=java.lang.String.equals(Ljava/lang/Object;)Z @ 8 c2
Event: 6.702 Thread 0x0000026b785be000 Uncommon trap: reason=class_check action=maybe_recompile pc=0x0000026b6aa561cc method=java.lang.String.equals(Ljava/lang/Object;)Z @ 8 c2
Event: 6.702 Thread 0x0000026b785be000 Uncommon trap: reason=class_check action=maybe_recompile pc=0x0000026b6aa561cc method=java.lang.String.equals(Ljava/lang/Object;)Z @ 8 c2
Event: 6.705 Thread 0x0000026b785be000 Uncommon trap: reason=class_check action=maybe_recompile pc=0x0000026b6aa561cc method=java.lang.String.equals(Ljava/lang/Object;)Z @ 8 c2
Event: 6.913 Thread 0x0000026b785be000 Uncommon trap: reason=unstable_if action=reinterpret pc=0x0000026b6ab1b4f4 method=java.lang.ClassLoader.checkName(Ljava/lang/String;)Z @ 20 c2
Event: 7.182 Thread 0x0000026b785be000 Uncommon trap: reason=unstable_if action=reinterpret pc=0x0000026b6ab27bbc method=java.net.URL.<init>(Ljava/net/URL;Ljava/lang/String;Ljava/net/URLStreamHandler;)V @ 347 c2

Classes redefined (0 events):
No events

Internal exceptions (10 events):
Event: 6.483 Thread 0x0000026b785be000 Exception <a 'java/io/FileNotFoundException'{0x00000000b0416b60}> (0x00000000b0416b60) thrown at [t:/workspace/open/src/hotspot/share/prims/jni.cpp, line 611]
Event: 6.519 Thread 0x0000026b785be000 Implicit null exception at 0x0000026b6aaadd75 to 0x0000026b6aaadf1e
Event: 6.625 Thread 0x0000026b785be000 Exception <a 'java/lang/NoSuchMethodError'{0x00000000b04f1718}: method resolution failed> (0x00000000b04f1718) thrown at [t:/workspace/open/src/hotspot/share/prims/methodHandles.cpp, line 1226]
Event: 6.739 Thread 0x0000026b785be000 Exception <a 'java/lang/IncompatibleClassChangeError'{0x00000000b038fde8}: Found class java.lang.Object, but interface was expected> (0x00000000b038fde8) thrown at [t:/workspace/open/src/hotspot/share/interpreter/linkResolver.cpp, line 807]
Event: 6.892 Thread 0x0000026b785be000 Exception <a 'java/lang/NoSuchMethodError'{0x00000000b0135028}: java.lang.Object.lambda$andThen$0(Ljava/util/function/Consumer;Ljava/lang/Object;)V> (0x00000000b0135028) thrown at [t:/workspace/open/src/hotspot/share/interpreter/linkResolver.cpp, line 741
Event: 6.913 Thread 0x0000026b785be000 Exception <a 'java/lang/ClassNotFoundException'{0x00000000b014d3d8}: com/sun/javafx/scene/control/skin/resources/controls> (0x00000000b014d3d8) thrown at [t:/workspace/open/src/hotspot/share/prims/jni.cpp, line 632]
Event: 6.916 Thread 0x0000026b785be000 Exception <a 'java/lang/ClassNotFoundException'{0x00000000b015b438}: com/sun/javafx/scene/control/skin/resources/controls_fr> (0x00000000b015b438) thrown at [t:/workspace/open/src/hotspot/share/prims/jni.cpp, line 632]
Event: 6.918 Thread 0x0000026b785be000 Exception <a 'java/lang/ClassNotFoundException'{0x00000000b01697a8}: com/sun/javafx/scene/control/skin/resources/controls_fr_FR> (0x00000000b01697a8) thrown at [t:/workspace/open/src/hotspot/share/prims/jni.cpp, line 632]
Event: 7.300 Thread 0x0000026b785be000 Exception <a 'java/lang/NoSuchMethodError'{0x00000000afd58350}: java.lang.invoke.DirectMethodHandle$Holder.invokeSpecial(Ljava/lang/Object;Ljava/lang/Object;Ljava/lang/Object;Ljava/lang/Object;Ljava/lang/Object;Ljava/lang/Object;)V> (0x00000000afd58350) t
Event: 7.871 Thread 0x0000026b78573000 Exception <a 'java/lang/NoSuchMethodError'{0x00000000b18037e0}: java.lang.invoke.DirectMethodHandle$Holder.invokeStaticInit(Ljava/lang/Object;Ljava/lang/Object;)I> (0x00000000b18037e0) thrown at [t:/workspace/open/src/hotspot/share/interpreter/linkResolve

Events (10 events):
Event: 7.873 loading class com/sun/prism/impl/BaseResourcePool$Predicate done
Event: 7.873 loading class com/sun/prism/impl/ManagedResource
Event: 7.873 loading class com/sun/prism/impl/ManagedResource done
Event: 7.873 loading class com/sun/prism/impl/BaseResourcePool$Predicate
Event: 7.873 loading class com/sun/prism/impl/BaseResourcePool$Predicate done
Event: 7.873 loading class com/sun/prism/impl/ManagedResource
Event: 7.873 loading class com/sun/prism/impl/ManagedResource done
Event: 7.873 loading class com/sun/prism/impl/BaseResourcePool$Predicate
Event: 7.873 loading class com/sun/prism/impl/BaseResourcePool$Predicate done
Event: 7.883 Executing VM operation: CollectForMetadataAllocation


Dynamic libraries:
0x00007ff6c42a0000 - 0x00007ff6c42de000 	C:\DEV\java\jdk\jdk10\bin\javaw.exe
0x00007ff800460000 - 0x00007ff800641000 	C:\WINDOWS\SYSTEM32\ntdll.dll
0x00007ff800140000 - 0x00007ff8001f1000 	C:\WINDOWS\System32\KERNEL32.DLL
0x00007ffffc9a0000 - 0x00007ffffcc13000 	C:\WINDOWS\System32\KERNELBASE.dll
0x00007ffffd8e0000 - 0x00007ffffd981000 	C:\WINDOWS\System32\ADVAPI32.dll
0x00007ff800040000 - 0x00007ff8000de000 	C:\WINDOWS\System32\msvcrt.dll
0x00007ff8000e0000 - 0x00007ff80013b000 	C:\WINDOWS\System32\sechost.dll
0x00007ffffe630000 - 0x00007ffffe754000 	C:\WINDOWS\System32\RPCRT4.dll
0x00007ffffda30000 - 0x00007ffffdbc0000 	C:\WINDOWS\System32\USER32.dll
0x00007ffffd820000 - 0x00007ffffd840000 	C:\WINDOWS\System32\win32u.dll
0x00007ffffd9a0000 - 0x00007ffffd9c8000 	C:\WINDOWS\System32\GDI32.dll
0x00007ffffd630000 - 0x00007ffffd7c2000 	C:\WINDOWS\System32\gdi32full.dll
0x00007ffffd840000 - 0x00007ffffd8df000 	C:\WINDOWS\System32\msvcp_win.dll
0x00007ffffc8a0000 - 0x00007ffffc998000 	C:\WINDOWS\System32\ucrtbase.dll
0x00007fffeb210000 - 0x00007fffeb479000 	C:\WINDOWS\WinSxS\amd64_microsoft.windows.common-controls_6595b64144ccf1df_6.0.17134.765_none_fb42a1a930655896\COMCTL32.dll
0x00007ffffde10000 - 0x00007ffffe132000 	C:\WINDOWS\System32\combase.dll
0x00007ffffc820000 - 0x00007ffffc89a000 	C:\WINDOWS\System32\bcryptPrimitives.dll
0x00007ffff5dc0000 - 0x00007ffff5dca000 	C:\WINDOWS\SYSTEM32\VERSION.dll
0x00007ff800010000 - 0x00007ff80003d000 	C:\WINDOWS\System32\IMM32.DLL
0x00007fffde0d0000 - 0x00007fffde1bf000 	C:\DEV\java\jdk\jdk10\bin\msvcr120.dll
0x00007fffde020000 - 0x00007fffde0c6000 	C:\DEV\java\jdk\jdk10\bin\msvcp120.dll
0x00000000616b0000 - 0x0000000062120000 	C:\DEV\java\jdk\jdk10\bin\server\jvm.dll
0x00007ff800000000 - 0x00007ff800008000 	C:\WINDOWS\System32\PSAPI.DLL
0x00007fffe63a0000 - 0x00007fffe63a9000 	C:\WINDOWS\SYSTEM32\WSOCK32.dll
0x00007ffffdda0000 - 0x00007ffffde0c000 	C:\WINDOWS\System32\WS2_32.dll
0x00007ffffa590000 - 0x00007ffffa5b3000 	C:\WINDOWS\SYSTEM32\WINMM.dll
0x00007ffffa560000 - 0x00007ffffa58a000 	C:\WINDOWS\SYSTEM32\WINMMBASE.dll
0x00007ffffd7d0000 - 0x00007ffffd819000 	C:\WINDOWS\System32\cfgmgr32.dll
0x00007fffe01b0000 - 0x00007fffe01bf000 	C:\DEV\java\jdk\jdk10\bin\verify.dll
0x00007fffec5c0000 - 0x00007fffec789000 	C:\WINDOWS\SYSTEM32\DBGHELP.DLL
0x00007fffebd00000 - 0x00007fffebd29000 	C:\WINDOWS\SYSTEM32\dbgcore.DLL
0x00007fffd3f90000 - 0x00007fffd3fb7000 	C:\DEV\java\jdk\jdk10\bin\java.dll
0x00007fffd3f70000 - 0x00007fffd3f86000 	C:\DEV\java\jdk\jdk10\bin\zip.dll
0x00007fffe01a0000 - 0x00007fffe01aa000 	C:\DEV\java\jdk\jdk10\bin\jimage.dll
0x00007ffffe760000 - 0x00007fffffba0000 	C:\WINDOWS\System32\SHELL32.dll
0x00007ffffe140000 - 0x00007ffffe1e9000 	C:\WINDOWS\System32\shcore.dll
0x00007ffffcf20000 - 0x00007ffffd62d000 	C:\WINDOWS\System32\windows.storage.dll
0x00007ffffd9d0000 - 0x00007ffffda21000 	C:\WINDOWS\System32\shlwapi.dll
0x00007ffffc7f0000 - 0x00007ffffc801000 	C:\WINDOWS\System32\kernel.appcore.dll
0x00007ffffc7d0000 - 0x00007ffffc7ef000 	C:\WINDOWS\System32\profapi.dll
0x00007ffffc760000 - 0x00007ffffc7ac000 	C:\WINDOWS\System32\powrprof.dll
0x00007ffffc810000 - 0x00007ffffc81a000 	C:\WINDOWS\System32\FLTLIB.DLL
0x00007fffd3f30000 - 0x00007fffd3f4a000 	C:\dev\Java\jdk\jdk10\bin\net.dll
0x00007ffff69d0000 - 0x00007ffff6aad000 	C:\WINDOWS\SYSTEM32\WINHTTP.dll
0x00007ffffbf80000 - 0x00007ffffbfe6000 	C:\WINDOWS\system32\mswsock.dll
0x00007fffd3f10000 - 0x00007fffd3f21000 	C:\dev\Java\jdk\jdk10\bin\nio.dll
0x0000026b57b70000 - 0x0000026b57b73000 	C:\dev\Java\jdk\jdk10\bin\api-ms-win-core-console-l1-1-0.dll
0x0000026b57b80000 - 0x0000026b57b83000 	C:\dev\Java\jdk\jdk10\bin\api-ms-win-core-datetime-l1-1-0.dll
0x0000026b57b90000 - 0x0000026b57b93000 	C:\dev\Java\jdk\jdk10\bin\api-ms-win-core-debug-l1-1-0.dll
0x0000026b57ba0000 - 0x0000026b57ba3000 	C:\dev\Java\jdk\jdk10\bin\api-ms-win-core-errorhandling-l1-1-0.dll
0x0000026b57bb0000 - 0x0000026b57bb4000 	C:\dev\Java\jdk\jdk10\bin\api-ms-win-core-file-l1-1-0.dll
0x0000026b57bc0000 - 0x0000026b57bc3000 	C:\dev\Java\jdk\jdk10\bin\api-ms-win-core-file-l1-2-0.dll
0x0000026b78b90000 - 0x0000026b78b93000 	C:\dev\Java\jdk\jdk10\bin\api-ms-win-core-file-l2-1-0.dll
0x0000026b78ba0000 - 0x0000026b78ba3000 	C:\dev\Java\jdk\jdk10\bin\api-ms-win-core-handle-l1-1-0.dll
0x0000026b78bb0000 - 0x0000026b78bb3000 	C:\dev\Java\jdk\jdk10\bin\api-ms-win-core-heap-l1-1-0.dll
0x0000026b78bc0000 - 0x0000026b78bc3000 	C:\dev\Java\jdk\jdk10\bin\api-ms-win-core-interlocked-l1-1-0.dll
0x0000026b78bd0000 - 0x0000026b78bd3000 	C:\dev\Java\jdk\jdk10\bin\api-ms-win-core-libraryloader-l1-1-0.dll
0x0000026b78be0000 - 0x0000026b78be3000 	C:\dev\Java\jdk\jdk10\bin\api-ms-win-core-localization-l1-2-0.dll
0x0000026b78bf0000 - 0x0000026b78bf3000 	C:\dev\Java\jdk\jdk10\bin\api-ms-win-core-memory-l1-1-0.dll
0x0000026b78c00000 - 0x0000026b78c03000 	C:\dev\Java\jdk\jdk10\bin\api-ms-win-core-namedpipe-l1-1-0.dll
0x0000026b78c10000 - 0x0000026b78c13000 	C:\dev\Java\jdk\jdk10\bin\api-ms-win-core-processenvironment-l1-1-0.dll
0x0000026b78c20000 - 0x0000026b78c23000 	C:\dev\Java\jdk\jdk10\bin\api-ms-win-core-processthreads-l1-1-0.dll
0x0000026b78c30000 - 0x0000026b78c33000 	C:\dev\Java\jdk\jdk10\bin\api-ms-win-core-processthreads-l1-1-1.dll
0x0000026b78c40000 - 0x0000026b78c43000 	C:\dev\Java\jdk\jdk10\bin\api-ms-win-core-profile-l1-1-0.dll
0x0000026b78c50000 - 0x0000026b78c53000 	C:\dev\Java\jdk\jdk10\bin\api-ms-win-core-rtlsupport-l1-1-0.dll
0x0000026b78c60000 - 0x0000026b78c63000 	C:\dev\Java\jdk\jdk10\bin\api-ms-win-core-string-l1-1-0.dll
0x0000026b78c70000 - 0x0000026b78c73000 	C:\dev\Java\jdk\jdk10\bin\api-ms-win-core-synch-l1-1-0.dll
0x0000026b78c80000 - 0x0000026b78c83000 	C:\dev\Java\jdk\jdk10\bin\api-ms-win-core-synch-l1-2-0.dll
0x0000026b78c90000 - 0x0000026b78c93000 	C:\dev\Java\jdk\jdk10\bin\api-ms-win-core-sysinfo-l1-1-0.dll
0x0000026b78ca0000 - 0x0000026b78ca3000 	C:\dev\Java\jdk\jdk10\bin\api-ms-win-core-timezone-l1-1-0.dll
0x0000026b78cb0000 - 0x0000026b78cb3000 	C:\dev\Java\jdk\jdk10\bin\api-ms-win-core-util-l1-1-0.dll
0x0000026b78cc0000 - 0x0000026b78cc3000 	C:\dev\Java\jdk\jdk10\bin\api-ms-win-crt-conio-l1-1-0.dll
0x0000026b78cd0000 - 0x0000026b78cd4000 	C:\dev\Java\jdk\jdk10\bin\api-ms-win-crt-convert-l1-1-0.dll
0x0000026b78ce0000 - 0x0000026b78ce3000 	C:\dev\Java\jdk\jdk10\bin\api-ms-win-crt-environment-l1-1-0.dll
0x0000026b78cf0000 - 0x0000026b78cf3000 	C:\dev\Java\jdk\jdk10\bin\api-ms-win-crt-filesystem-l1-1-0.dll
0x0000026b78d00000 - 0x0000026b78d03000 	C:\dev\Java\jdk\jdk10\bin\api-ms-win-crt-heap-l1-1-0.dll
0x0000026b78d10000 - 0x0000026b78d13000 	C:\dev\Java\jdk\jdk10\bin\api-ms-win-crt-locale-l1-1-0.dll
0x0000026b78d20000 - 0x0000026b78d25000 	C:\dev\Java\jdk\jdk10\bin\api-ms-win-crt-math-l1-1-0.dll
0x0000026b78d30000 - 0x0000026b78d35000 	C:\dev\Java\jdk\jdk10\bin\api-ms-win-crt-multibyte-l1-1-0.dll
0x0000026b78d40000 - 0x0000026b78d50000 	C:\dev\Java\jdk\jdk10\bin\api-ms-win-crt-private-l1-1-0.dll
0x0000026b78d50000 - 0x0000026b78d53000 	C:\dev\Java\jdk\jdk10\bin\api-ms-win-crt-process-l1-1-0.dll
0x0000026b78d60000 - 0x0000026b78d64000 	C:\dev\Java\jdk\jdk10\bin\api-ms-win-crt-runtime-l1-1-0.dll
0x0000026b78d70000 - 0x0000026b78d74000 	C:\dev\Java\jdk\jdk10\bin\api-ms-win-crt-stdio-l1-1-0.dll
0x0000026b78d80000 - 0x0000026b78d84000 	C:\dev\Java\jdk\jdk10\bin\api-ms-win-crt-string-l1-1-0.dll
0x0000026b78d90000 - 0x0000026b78d93000 	C:\dev\Java\jdk\jdk10\bin\api-ms-win-crt-time-l1-1-0.dll
0x0000026b78da0000 - 0x0000026b78da3000 	C:\dev\Java\jdk\jdk10\bin\api-ms-win-crt-utility-l1-1-0.dll
0x00007fffddeb0000 - 0x00007fffddfa6000 	C:\dev\Java\jdk\jdk10\bin\ucrtbase.dll
0x00007ffff3cd0000 - 0x00007ffff3ce6000 	C:\dev\Java\jdk\jdk10\bin\vcruntime140.dll
0x00007fffdd930000 - 0x00007fffdd9cc000 	C:\dev\Java\jdk\jdk10\bin\msvcp140.dll
0x00007ffff3c70000 - 0x00007ffff3cc1000 	C:\dev\Java\jdk\jdk10\bin\concrt140.dll
0x00007fffef3b0000 - 0x00007fffef3d3000 	C:\dev\Java\jdk\jdk10\bin\prism_d3d.dll
0x00007fffd3d70000 - 0x00007fffd3f07000 	C:\WINDOWS\system32\d3d9.dll
0x00007ffffaf00000 - 0x00007ffffaf29000 	C:\WINDOWS\SYSTEM32\dwmapi.dll
0x00007ffffad80000 - 0x00007ffffae18000 	C:\WINDOWS\system32\uxtheme.dll
0x00007ffff5dd0000 - 0x00007ffff5f34000 	C:\WINDOWS\SYSTEM32\aticfx64.dll
0x00007fffe7570000 - 0x00007fffe7591000 	C:\WINDOWS\SYSTEM32\atiu9p64.dll
0x00007fffc9190000 - 0x00007fffc99e9000 	C:\WINDOWS\SYSTEM32\atiumd64.dll
0x0000000060e20000 - 0x00000000616a8000 	C:\WINDOWS\SYSTEM32\atiumd6a.dll
0x00007fffe6e60000 - 0x00007fffe6eaa000 	C:\dev\Java\jdk\jdk10\bin\glass.dll
0x00007ff8002e0000 - 0x00007ff8003cd000 	C:\WINDOWS\System32\COMDLG32.dll
0x00007ffffe450000 - 0x00007ffffe5a1000 	C:\WINDOWS\System32\ole32.dll
0x00007ff800200000 - 0x00007ff8002c2000 	C:\WINDOWS\System32\OLEAUT32.dll
0x00007ffffdbc0000 - 0x00007ffffdd33000 	C:\WINDOWS\System32\MSCTF.dll
0x00007fffd8350000 - 0x00007fffd8369000 	C:\Program Files (x86)\Smadav\SmadHook64.dll
0x00007ffff3c50000 - 0x00007ffff3c64000 	C:\dev\Java\jdk\jdk10\bin\javafx_font.dll
0x00007fffdc910000 - 0x00007fffdcaab000 	C:\dev\Java\jdk\jdk10\bin\awt.dll
0x00007ffff9ae0000 - 0x00007ffffa0a7000 	C:\WINDOWS\SYSTEM32\d2d1.dll
0x00007ffffabc0000 - 0x00007ffffac4b000 	C:\WINDOWS\SYSTEM32\apphelp.dll
0x00007fffdde40000 - 0x00007fffddea5000 	C:\dev\Java\jdk\jdk10\bin\fontmanager.dll
0x00007ffff7730000 - 0x00007ffff7a4c000 	C:\WINDOWS\SYSTEM32\dwrite.dll
0x00007fffe8960000 - 0x00007fffe8983000 	C:\dev\Java\jdk\jdk10\bin\javafx_iio.dll
0x00007ffffa920000 - 0x00007ffffa929000 	C:\dev\Java\jdk\jdk10\bin\management.dll
0x00007ffff5100000 - 0x00007ffff510a000 	C:\dev\Java\jdk\jdk10\bin\management_ext.dll
0x00007ffffbd40000 - 0x00007ffffbdfe000 	C:\WINDOWS\SYSTEM32\DNSAPI.dll
0x00007ff8002d0000 - 0x00007ff8002d8000 	C:\WINDOWS\System32\NSI.dll
0x00007ffffbd00000 - 0x00007ffffbd38000 	C:\WINDOWS\SYSTEM32\IPHLPAPI.DLL
0x00007fffefa00000 - 0x00007fffefa0a000 	C:\Windows\System32\rasadhlp.dll
0x00007ffff0120000 - 0x00007ffff0192000 	C:\WINDOWS\System32\fwpuclnt.dll
0x00007ffffc260000 - 0x00007ffffc285000 	C:\WINDOWS\SYSTEM32\bcrypt.dll
0x00007fffd84d0000 - 0x00007fffd84e6000 	C:\WINDOWS\system32\napinsp.dll
0x00007fffd84b0000 - 0x00007fffd84ca000 	C:\WINDOWS\system32\pnrpnsp.dll
0x00007ffff14e0000 - 0x00007ffff14f9000 	C:\WINDOWS\system32\NLAapi.dll
0x00007fffe0160000 - 0x00007fffe016e000 	C:\WINDOWS\System32\winrnr.dll
0x00007ffff1660000 - 0x00007ffff1675000 	C:\WINDOWS\System32\wshbth.dll
0x00007ffffc140000 - 0x00007ffffc157000 	C:\WINDOWS\SYSTEM32\CRYPTSP.dll
0x00007ffffbb60000 - 0x00007ffffbb93000 	C:\WINDOWS\system32\rsaenh.dll
0x00007ffffc660000 - 0x00007ffffc688000 	C:\WINDOWS\SYSTEM32\USERENV.dll
0x00007ffffc130000 - 0x00007ffffc13b000 	C:\WINDOWS\SYSTEM32\CRYPTBASE.dll

dbghelp: loaded successfully - version: 4.0.5 - missing functions: none
symbol engine: initialized successfully - sym options: 0x614 - pdb path: .;C:\DEV\java\jdk\jdk10\bin;C:\WINDOWS\SYSTEM32;C:\WINDOWS\WinSxS\amd64_microsoft.windows.common-controls_6595b64144ccf1df_6.0.17134.765_none_fb42a1a930655896;C:\DEV\java\jdk\jdk10\bin\server;C:\Program Files (x86)\Smadav;C:\Program Files\Common Files\Microsoft Shared\Ink

VM Arguments:
jvm_args: -Dfile.encoding=UTF-8 
java_command: projet.MainProjet
java_class_path (initial): C:\Users\Ce\Desktop\Java_Framework\projet\bin;C:\Users\Ce\Desktop\Java_Framework\Framework-3iL\bin;C:\Users\Ce\Desktop\Java_Framework\~libraries\JDBC Drivers\ojdbc8.jar;C:\Users\Ce\Desktop\Java_Framework\~libraries\mapstruct-1.3\mapstruct-1.3.0.Final.jar
Launcher Type: SUN_STANDARD

Logging:
Log output configuration:
#0: stdout all=warning uptime,level,tags
#1: stderr all=off uptime,level,tags

Environment Variables:
PATH=C:/dev/java/jdk/jdk10/bin/server;C:/dev/java/jdk/jdk10/bin;C:\oraclexe\app\oracle\product\11.2.0\server\bin;C:\Program Files (x86)\Common Files\Oracle\Java\javapath;C:\ProgramData\Oracle\Java\javapath;C:\WINDOWS\system32;C:\WINDOWS;C:\WINDOWS\System32\Wbem;C:\WINDOWS\System32\WindowsPowerShell\v1.0\;C:\WINDOWS\System32\OpenSSH\;C:\Program Files\dotnet\;C:\Program Files\Microsoft SQL Server\130\Tools\Binn\;C:\Program Files\nodejs\;C:\Program Files\MATLAB\R2019a\bin;C:\Users\Ce\AppData\Local\Microsoft\WindowsApps;C:\Users\Ce\AppData\Roaming\npm;C:\dev\Java\eclipse-4.10-java;
USERNAME=Ce
OS=Windows_NT
PROCESSOR_IDENTIFIER=AMD64 Family 21 Model 19 Stepping 1, AuthenticAMD



---------------  S Y S T E M  ---------------

OS: Windows 10 , 64 bit Build 17134 (10.0.17134.753)

CPU:total 4 (initial active 4) (4 cores per cpu, 1 threads per core) family 21 model 19 stepping 1, cmov, cx8, fxsr, mmx, sse, sse2, sse3, ssse3, sse4.1, sse4.2, popcnt, avx, aes, clmul, mmxext, 3dnowpref, lzcnt, sse4a, tsc, tscinvbit, tscinv, bmi1, fma

Memory: 4k page, physical 5472624k(1486056k free), swap 5996912k(4088k free)

vm_info: Java HotSpot(TM) 64-Bit Server VM (10.0.2+13) for windows-amd64 JRE (10.0.2+13), built on Jun 28 2018 01:57:56 by "mach5one" with MS VC++ 12.0 (VS2013)

END.
